Log file open, 12/04/19 14:27:19
LogWindows: Failed to load 'aqProf.dll' (GetLastError=126)
LogWindows: File 'aqProf.dll' does not exist
LogWindows: Failed to load 'VtuneApi.dll' (GetLastError=126)
LogWindows: File 'VtuneApi.dll' does not exist
LogWindows: Failed to load 'VtuneApi32e.dll' (GetLastError=126)
LogWindows: File 'VtuneApi32e.dll' does not exist
LogConsoleResponse: Display: Failed to find resolution value strings in scalability ini. Falling back to default.
LogInit: Display: Running engine for game: MonsterComing
LogPakFile: Registered encryption key '00000000000000000000000000000000': 0 pak files mounted, 0 remain pending
LogPlatformFile: Not using cached read wrapper
LogTaskGraph: Started task graph with 5 named threads and 23 total threads with 3 sets of task threads.
LogStats: Stats thread started at 0.285494
LogD3D11RHI: Loaded GFSDK_Aftermath_Lib.x64.dll
LogICUInternationalization: ICU TimeZone Detection - Raw Offset: +10:00, Platform Override: ''
LogPluginManager: Mounting plugin Paper2D
LogPluginManager: Mounting plugin AISupport
LogPluginManager: Mounting plugin LightPropagationVolume
LogPluginManager: Mounting plugin ActorLayerUtilities
LogPluginManager: Mounting plugin AnimationSharing
LogPluginManager: Mounting plugin CLionSourceCodeAccess
LogPluginManager: Mounting plugin CodeLiteSourceCodeAccess
LogPluginManager: Mounting plugin GitSourceControl
LogPluginManager: Mounting plugin KDevelopSourceCodeAccess
LogPluginManager: Mounting plugin NullSourceCodeAccess
LogPluginManager: Mounting plugin PerforceSourceControl
LogPluginManager: Mounting plugin SubversionSourceControl
LogPluginManager: Mounting plugin UObjectPlugin
LogPluginManager: Mounting plugin VisualStudioCodeSourceCodeAccess
LogPluginManager: Mounting plugin VisualStudioSourceCodeAccess
LogPluginManager: Mounting plugin XCodeSourceCodeAccess
LogPluginManager: Mounting plugin AssetManagerEditor
LogPluginManager: Mounting plugin CryptoKeys
LogPluginManager: Mounting plugin DataValidation
LogPluginManager: Mounting plugin FacialAnimation
LogPluginManager: Mounting plugin GameplayTagsEditor
LogPluginManager: Mounting plugin MacGraphicsSwitching
LogPluginManager: Mounting plugin MaterialAnalyzer
LogPluginManager: Mounting plugin MobileLauncherProfileWizard
LogPluginManager: Mounting plugin PluginBrowser
LogPluginManager: Mounting plugin SpeedTreeImporter
LogPluginManager: Mounting plugin DatasmithContent
LogPluginManager: Mounting plugin VariantManagerContent
LogPluginManager: Mounting plugin AlembicImporter
LogPluginManager: Mounting plugin AppleImageUtils
LogPluginManager: Mounting plugin AppleVision
LogPluginManager: Mounting plugin BackChannel
LogPluginManager: Mounting plugin CharacterAI
LogPluginManager: Mounting plugin GeometryCache
LogPluginManager: Mounting plugin HTML5Networking
LogPluginManager: Mounting plugin ProxyLODPlugin
LogPluginManager: Mounting plugin SkeletalReduction
LogPluginManager: Mounting plugin MagicLeap
LogPluginManager: Mounting plugin MagicLeapMedia
LogPluginManager: Mounting plugin AndroidMedia
LogPluginManager: Mounting plugin AvfMedia
LogPluginManager: Mounting plugin ImgMedia
LogPluginManager: Mounting plugin LinearTimecode
LogPluginManager: Mounting plugin MediaCompositing
LogPluginManager: Mounting plugin MediaPlayerEditor
LogPluginManager: Mounting plugin WebMMedia
LogPluginManager: Mounting plugin WmfMedia
LogPluginManager: Mounting plugin TcpMessaging
LogPluginManager: Mounting plugin UdpMessaging
LogPluginManager: Mounting plugin ActorSequence
LogPluginManager: Mounting plugin LevelSequenceEditor
LogPluginManager: Mounting plugin MatineeToLevelSequence
LogPluginManager: Mounting plugin NetcodeUnitTest
LogPluginManager: Mounting plugin NUTUnrealEngine4
LogPluginManager: Mounting plugin OnlineSubsystemGooglePlay
LogPluginManager: Mounting plugin OnlineSubsystemIOS
LogPluginManager: Mounting plugin OnlineSubsystem
LogPluginManager: Mounting plugin OnlineSubsystemNull
LogPluginManager: Mounting plugin OnlineSubsystemUtils
LogPluginManager: Mounting plugin LauncherChunkInstaller
LogPluginManager: Mounting plugin AndroidDeviceProfileSelector
LogPluginManager: Mounting plugin AndroidMoviePlayer
LogPluginManager: Mounting plugin AndroidPermission
LogPluginManager: Mounting plugin ApexDestruction
LogPluginManager: Mounting plugin AppleMoviePlayer
LogPluginManager: Mounting plugin ArchVisCharacter
LogPluginManager: Mounting plugin AudioCapture
LogPluginManager: Mounting plugin CableComponent
LogPluginManager: Mounting plugin CustomMeshComponent
LogPluginManager: Mounting plugin EditableMesh
LogPluginManager: Mounting plugin ExampleDeviceProfileSelector
LogPluginManager: Mounting plugin Firebase
LogPluginManager: Mounting plugin GoogleCloudMessaging
LogPluginManager: Mounting plugin IOSDeviceProfileSelector
LogPluginManager: Mounting plugin LinuxDeviceProfileSelector
LogPluginManager: Mounting plugin LocationServicesBPLibrary
LogPluginManager: Mounting plugin MobilePatchingUtils
LogPluginManager: Mounting plugin OculusVR
LogPluginManager: Mounting plugin PhysXVehicles
LogPluginManager: Mounting plugin ProceduralMeshComponent
LogPluginManager: Mounting plugin RuntimePhysXCooking
LogPluginManager: Mounting plugin SignificanceManager
LogPluginManager: Mounting plugin SteamVR
LogPluginManager: Mounting plugin WebMMoviePlayer
LogPluginManager: Mounting plugin WindowsMoviePlayer
LogInit: Using libcurl 7.55.1-DEV
LogInit:  - built for x86_64-pc-win32
LogInit:  - supports SSL with OpenSSL/1.1.1
LogInit:  - supports HTTP deflate (compression) using libz 1.2.8
LogInit:  - other features:
LogInit:      CURL_VERSION_SSL
LogInit:      CURL_VERSION_LIBZ
LogInit:      CURL_VERSION_IPV6
LogInit:      CURL_VERSION_ASYNCHDNS
LogInit:      CURL_VERSION_LARGEFILE
LogInit:      CURL_VERSION_IDN
LogInit:  CurlRequestOptions (configurable via config and command line):
LogInit:  - bVerifyPeer = true  - Libcurl will verify peer certificate
LogInit:  - bUseHttpProxy = false  - Libcurl will NOT use HTTP proxy
LogInit:  - bDontReuseConnections = false  - Libcurl will reuse connections
LogInit:  - MaxHostConnections = 16  - Libcurl will limit the number of connections to a host
LogInit:  - LocalHostAddr = Default
LogInit:  - BufferSize = 65536
LogInit: WinSock: version 1.1 (2.2), MaxSocks=32767, MaxUdp=65467
LogHMD: Failed initializing OVRPlugin 1.32.0
LogInit: Build: ++UE4+Release-4.22-CL-7053642
LogInit: Engine Version: 4.22.3-7053642+++UE4+Release-4.22
LogInit: Compatible Engine Version: 4.22.0-5660361+++UE4+Release-4.22
LogInit: Net CL: 5660361
LogInit: OS: Windows 10 (Release 1903) (), CPU: Intel(R) Core(TM) i7-6700 CPU @ 3.40GHz, GPU: NVIDIA GeForce GTX 980
LogInit: Compiled (64-bit): Jun 18 2019 03:09:11
LogInit: Compiled with Visual C++: 19.16.27025.01
LogInit: Build Configuration: Development
LogInit: Branch Name: ++UE4+Release-4.22
LogInit: Command Line: 
LogInit: Base Directory: C:/Program Files/Epic Games/UE_4.22/Engine/Binaries/Win64/
LogInit: Installed Engine Build: 1
LogDevObjectVersion: Number of dev versions registered: 23
LogDevObjectVersion:   Dev-Blueprints (B0D832E4-1F89-4F0D-ACCF-7EB736FD4AA2): 10
LogDevObjectVersion:   Dev-Build (E1C64328-A22C-4D53-A36C-8E866417BD8C): 0
LogDevObjectVersion:   Dev-Core (375EC13C-06E4-48FB-B500-84F0262A717E): 3
LogDevObjectVersion:   Dev-Editor (E4B068ED-F494-42E9-A231-DA0B2E46BB41): 30
LogDevObjectVersion:   Dev-Framework (CFFC743F-43B0-4480-9391-14DF171D2073): 35
LogDevObjectVersion:   Dev-Mobile (B02B49B5-BB20-44E9-A304-32B752E40360): 2
LogDevObjectVersion:   Dev-Networking (A4E4105C-59A1-49B5-A7C5-40C4547EDFEE): 0
LogDevObjectVersion:   Dev-Online (39C831C9-5AE6-47DC-9A44-9C173E1C8E7C): 0
LogDevObjectVersion:   Dev-Physics (78F01B33-EBEA-4F98-B9B4-84EACCB95AA2): 0
LogDevObjectVersion:   Dev-Platform (6631380F-2D4D-43E0-8009-CF276956A95A): 0
LogDevObjectVersion:   Dev-Rendering (12F88B9F-8875-4AFC-A67C-D90C383ABD29): 28
LogDevObjectVersion:   Dev-Sequencer (7B5AE74C-D270-4C10-A958-57980B212A5A): 11
LogDevObjectVersion:   Dev-VR (D7296918-1DD6-4BDD-9DE2-64A83CC13884): 2
LogDevObjectVersion:   Dev-LoadTimes (C2A15278-BFE7-4AFE-6C17-90FF531DF755): 1
LogDevObjectVersion:   Private-Geometry (6EACA3D4-40EC-4CC1-B786-8BED09428FC5): 3
LogDevObjectVersion:   Dev-AnimPhys (29E575DD-E0A3-4627-9D10-D276232CDCEA): 17
LogDevObjectVersion:   Dev-Anim (AF43A65D-7FD3-4947-9873-3E8ED9C1BB05): 2
LogDevObjectVersion:   Dev-ReflectionCapture (6B266CEC-1EC7-4B8F-A30B-E4D90942FC07): 1
LogDevObjectVersion:   Dev-Automation (0DF73D61-A23F-47EA-B727-89E90C41499A): 1
LogDevObjectVersion:   FortniteMain (601D1886-AC64-4F84-AA16-D3DE0DEAC7D6): 25
LogDevObjectVersion:   Dev-Enterprise (9DFFBCD6-494F-0158-E221-12823C92A888): 6
LogDevObjectVersion:   Dev-Niagara (F2AED0AC-9AFE-416F-8664-AA7FFA26D6FC): 1
LogDevObjectVersion:   Dev-Destruction (174F1F0B-B4C6-45A5-B13F-2EE8D0FB917D): 2
LogInit: Presizing for max 16777216 objects, including 0 objects not considered by GC, pre-allocating 0 bytes for permanent pool.
LogInit: Object subsystem initialized
LogConfig: Setting CVar [[con.DebugEarlyDefault:1]]
LogConfig: Setting CVar [[r.setres:1280x720]]
[2019.12.04-03.27.20:606][  0]LogConfig: Setting CVar [[r.VSync:0]]
[2019.12.04-03.27.20:607][  0]LogConfig: Setting CVar [[r.RHICmdBypass:0]]
[2019.12.04-03.27.20:607][  0]LogConfig: Applying CVar settings from Section [/Script/Engine.RendererSettings] File [D:/Studio1_Team3/MonsterComing/Saved/Config/Windows/Engine.ini]
[2019.12.04-03.27.20:607][  0]LogConfig: Setting CVar [[r.GPUCrashDebugging:0]]
[2019.12.04-03.27.20:607][  0]LogConfig: Applying CVar settings from Section [/Script/Engine.RendererOverrideSettings] File [D:/Studio1_Team3/MonsterComing/Saved/Config/Windows/Engine.ini]
[2019.12.04-03.27.20:607][  0]LogConfig: Applying CVar settings from Section [/Script/Engine.StreamingSettings] File [D:/Studio1_Team3/MonsterComing/Saved/Config/Windows/Engine.ini]
[2019.12.04-03.27.20:607][  0]LogConfig: Setting CVar [[s.MinBulkDataSizeForAsyncLoading:131072]]
[2019.12.04-03.27.20:607][  0]LogConfig: Setting CVar [[s.AsyncLoadingThreadEnabled:0]]
[2019.12.04-03.27.20:607][  0]LogConfig: Setting CVar [[s.EventDrivenLoaderEnabled:1]]
[2019.12.04-03.27.20:607][  0]LogConfig: Setting CVar [[s.WarnIfTimeLimitExceeded:0]]
[2019.12.04-03.27.20:607][  0]LogConfig: Setting CVar [[s.TimeLimitExceededMultiplier:1.5]]
[2019.12.04-03.27.20:607][  0]LogConfig: Setting CVar [[s.TimeLimitExceededMinTime:0.005]]
[2019.12.04-03.27.20:607][  0]LogConfig: Setting CVar [[s.UseBackgroundLevelStreaming:1]]
[2019.12.04-03.27.20:607][  0]LogConfig: Setting CVar [[s.PriorityAsyncLoadingExtraTime:15.0]]
[2019.12.04-03.27.20:607][  0]LogConfig: Setting CVar [[s.LevelStreamingActorsUpdateTimeLimit:5.0]]
[2019.12.04-03.27.20:607][  0]LogConfig: Setting CVar [[s.PriorityLevelStreamingActorsUpdateExtraTime:5.0]]
[2019.12.04-03.27.20:607][  0]LogConfig: Setting CVar [[s.LevelStreamingComponentsRegistrationGranularity:10]]
[2019.12.04-03.27.20:607][  0]LogConfig: Setting CVar [[s.UnregisterComponentsTimeLimit:1.0]]
[2019.12.04-03.27.20:607][  0]LogConfig: Setting CVar [[s.LevelStreamingComponentsUnregistrationGranularity:5]]
[2019.12.04-03.27.20:607][  0]LogConfig: Applying CVar settings from Section [/Script/Engine.GarbageCollectionSettings] File [D:/Studio1_Team3/MonsterComing/Saved/Config/Windows/Engine.ini]
[2019.12.04-03.27.20:607][  0]LogConfig: Setting CVar [[gc.MaxObjectsNotConsideredByGC:1]]
[2019.12.04-03.27.20:607][  0]LogConfig: Setting CVar [[gc.SizeOfPermanentObjectPool:0]]
[2019.12.04-03.27.20:607][  0]LogConfig: Setting CVar [[gc.FlushStreamingOnGC:0]]
[2019.12.04-03.27.20:607][  0]LogConfig: Setting CVar [[gc.NumRetriesBeforeForcingGC:10]]
[2019.12.04-03.27.20:607][  0]LogConfig: Setting CVar [[gc.AllowParallelGC:1]]
[2019.12.04-03.27.20:607][  0]LogConfig: Setting CVar [[gc.TimeBetweenPurgingPendingKillObjects:61.1]]
[2019.12.04-03.27.20:607][  0]LogConfig: Setting CVar [[gc.MaxObjectsInEditor:16777216]]
[2019.12.04-03.27.20:608][  0]LogConfig: Setting CVar [[gc.IncrementalBeginDestroyEnabled:1]]
[2019.12.04-03.27.20:608][  0]LogConfig: Setting CVar [[gc.CreateGCClusters:1]]
[2019.12.04-03.27.20:608][  0]LogConfig: Setting CVar [[gc.MinGCClusterSize:5]]
[2019.12.04-03.27.20:608][  0]LogConfig: Setting CVar [[gc.ActorClusteringEnabled:0]]
[2019.12.04-03.27.20:608][  0]LogConfig: Setting CVar [[gc.BlueprintClusteringEnabled:0]]
[2019.12.04-03.27.20:608][  0]LogConfig: Setting CVar [[gc.UseDisregardForGCOnDedicatedServers:0]]
[2019.12.04-03.27.20:608][  0]LogConfig: Applying CVar settings from Section [/Script/Engine.NetworkSettings] File [D:/Studio1_Team3/MonsterComing/Saved/Config/Windows/Engine.ini]
[2019.12.04-03.27.20:608][  0]LogConfig: Applying CVar settings from Section [/Script/UnrealEd.CookerSettings] File [D:/Studio1_Team3/MonsterComing/Saved/Config/Windows/Engine.ini]
[2019.12.04-03.27.20:614][  0]LogConfig: Applying CVar settings from Section [ViewDistanceQuality@3] File [D:/Studio1_Team3/MonsterComing/Saved/Config/Windows/Scalability.ini]
[2019.12.04-03.27.20:614][  0]LogConfig: Setting CVar [[r.SkeletalMeshLODBias:0]]
[2019.12.04-03.27.20:614][  0]LogConfig: Setting CVar [[r.ViewDistanceScale:1.0]]
[2019.12.04-03.27.20:614][  0]LogConfig: Applying CVar settings from Section [AntiAliasingQuality@3] File [D:/Studio1_Team3/MonsterComing/Saved/Config/Windows/Scalability.ini]
[2019.12.04-03.27.20:614][  0]LogConfig: Setting CVar [[r.PostProcessAAQuality:4]]
[2019.12.04-03.27.20:614][  0]LogConfig: Applying CVar settings from Section [ShadowQuality@3] File [D:/Studio1_Team3/MonsterComing/Saved/Config/Windows/Scalability.ini]
[2019.12.04-03.27.20:614][  0]LogConfig: Setting CVar [[r.LightFunctionQuality:1]]
[2019.12.04-03.27.20:614][  0]LogConfig: Setting CVar [[r.ShadowQuality:5]]
[2019.12.04-03.27.20:614][  0]LogConfig: Setting CVar [[r.Shadow.CSM.MaxCascades:10]]
[2019.12.04-03.27.20:614][  0]LogConfig: Setting CVar [[r.Shadow.MaxResolution:2048]]
[2019.12.04-03.27.20:615][  0]LogConfig: Setting CVar [[r.Shadow.MaxCSMResolution:2048]]
[2019.12.04-03.27.20:615][  0]LogConfig: Setting CVar [[r.Shadow.RadiusThreshold:0.01]]
[2019.12.04-03.27.20:615][  0]LogConfig: Setting CVar [[r.Shadow.DistanceScale:1.0]]
[2019.12.04-03.27.20:615][  0]LogConfig: Setting CVar [[r.Shadow.CSM.TransitionScale:1.0]]
[2019.12.04-03.27.20:615][  0]LogConfig: Setting CVar [[r.Shadow.PreShadowResolutionFactor:1.0]]
[2019.12.04-03.27.20:615][  0]LogConfig: Setting CVar [[r.DistanceFieldShadowing:1]]
[2019.12.04-03.27.20:615][  0]LogConfig: Setting CVar [[r.DistanceFieldAO:1]]
[2019.12.04-03.27.20:615][  0]LogConfig: Setting CVar [[r.AOQuality:2]]
[2019.12.04-03.27.20:615][  0]LogConfig: Setting CVar [[r.VolumetricFog:1]]
[2019.12.04-03.27.20:615][  0]LogConfig: Setting CVar [[r.VolumetricFog.GridPixelSize:8]]
[2019.12.04-03.27.20:615][  0]LogConfig: Setting CVar [[r.VolumetricFog.GridSizeZ:128]]
[2019.12.04-03.27.20:616][  0]LogConfig: Setting CVar [[r.VolumetricFog.HistoryMissSupersampleCount:4]]
[2019.12.04-03.27.20:616][  0]LogConfig: Setting CVar [[r.LightMaxDrawDistanceScale:1]]
[2019.12.04-03.27.20:616][  0]LogConfig: Setting CVar [[r.CapsuleShadows:1]]
[2019.12.04-03.27.20:616][  0]LogConfig: Applying CVar settings from Section [PostProcessQuality@3] File [D:/Studio1_Team3/MonsterComing/Saved/Config/Windows/Scalability.ini]
[2019.12.04-03.27.20:616][  0]LogConfig: Setting CVar [[r.MotionBlurQuality:4]]
[2019.12.04-03.27.20:616][  0]LogConfig: Setting CVar [[r.AmbientOcclusionMipLevelFactor:0.4]]
[2019.12.04-03.27.20:616][  0]LogConfig: Setting CVar [[r.AmbientOcclusionMaxQuality:100]]
[2019.12.04-03.27.20:616][  0]LogConfig: Setting CVar [[r.AmbientOcclusionLevels:-1]]
[2019.12.04-03.27.20:616][  0]LogConfig: Setting CVar [[r.AmbientOcclusionRadiusScale:1.0]]
[2019.12.04-03.27.20:616][  0]LogConfig: Setting CVar [[r.DepthOfFieldQuality:2]]
[2019.12.04-03.27.20:616][  0]LogConfig: Setting CVar [[r.RenderTargetPoolMin:400]]
[2019.12.04-03.27.20:616][  0]LogConfig: Setting CVar [[r.LensFlareQuality:2]]
[2019.12.04-03.27.20:616][  0]LogConfig: Setting CVar [[r.SceneColorFringeQuality:1]]
[2019.12.04-03.27.20:616][  0]LogConfig: Setting CVar [[r.EyeAdaptationQuality:2]]
[2019.12.04-03.27.20:616][  0]LogConfig: Setting CVar [[r.BloomQuality:5]]
[2019.12.04-03.27.20:616][  0]LogConfig: Setting CVar [[r.FastBlurThreshold:100]]
[2019.12.04-03.27.20:616][  0]LogConfig: Setting CVar [[r.Upscale.Quality:3]]
[2019.12.04-03.27.20:617][  0]LogConfig: Setting CVar [[r.Tonemapper.GrainQuantization:1]]
[2019.12.04-03.27.20:617][  0]LogConfig: Setting CVar [[r.LightShaftQuality:1]]
[2019.12.04-03.27.20:617][  0]LogConfig: Setting CVar [[r.Filter.SizeScale:1]]
[2019.12.04-03.27.20:617][  0]LogConfig: Setting CVar [[r.Tonemapper.Quality:5]]
[2019.12.04-03.27.20:617][  0]LogConfig: Setting CVar [[r.DOF.Gather.AccumulatorQuality:1        ; higher gathering accumulator quality]]
[2019.12.04-03.27.20:617][  0]LogConfig: Setting CVar [[r.DOF.Gather.PostfilterMethod:1          ; Median3x3 postfilering method]]
[2019.12.04-03.27.20:617][  0]LogConfig: Setting CVar [[r.DOF.Gather.EnableBokehSettings:0       ; no bokeh simulation when gathering]]
[2019.12.04-03.27.20:617][  0]LogConfig: Setting CVar [[r.DOF.Gather.RingCount:4                 ; medium number of samples when gathering]]
[2019.12.04-03.27.20:617][  0]LogConfig: Setting CVar [[r.DOF.Scatter.ForegroundCompositing:1    ; additive foreground scattering]]
[2019.12.04-03.27.20:617][  0]LogConfig: Setting CVar [[r.DOF.Scatter.BackgroundCompositing:2    ; additive background scattering]]
[2019.12.04-03.27.20:617][  0]LogConfig: Setting CVar [[r.DOF.Scatter.EnableBokehSettings:1      ; bokeh simulation when scattering]]
[2019.12.04-03.27.20:617][  0]LogConfig: Setting CVar [[r.DOF.Scatter.MaxSpriteRatio:0.1         ; only a maximum of 10% of scattered bokeh]]
[2019.12.04-03.27.20:617][  0]LogConfig: Setting CVar [[r.DOF.Recombine.Quality:1                ; cheap slight out of focus]]
[2019.12.04-03.27.20:617][  0]LogConfig: Setting CVar [[r.DOF.Recombine.EnableBokehSettings:0    ; no bokeh simulation on slight out of focus]]
[2019.12.04-03.27.20:618][  0]LogConfig: Setting CVar [[r.DOF.TemporalAAQuality:1                ; more stable temporal accumulation]]
[2019.12.04-03.27.20:618][  0]LogConfig: Setting CVar [[r.DOF.Kernel.MaxForegroundRadius:0.025]]
[2019.12.04-03.27.20:618][  0]LogConfig: Setting CVar [[r.DOF.Kernel.MaxBackgroundRadius:0.025]]
[2019.12.04-03.27.20:618][  0]LogConfig: Applying CVar settings from Section [TextureQuality@3] File [D:/Studio1_Team3/MonsterComing/Saved/Config/Windows/Scalability.ini]
[2019.12.04-03.27.20:618][  0]LogConfig: Setting CVar [[r.Streaming.MipBias:0]]
[2019.12.04-03.27.20:618][  0]LogConfig: Setting CVar [[r.Streaming.AmortizeCPUToGPUCopy:0]]
[2019.12.04-03.27.20:618][  0]LogConfig: Setting CVar [[r.Streaming.MaxNumTexturesToStreamPerFrame:0]]
[2019.12.04-03.27.20:618][  0]LogConfig: Setting CVar [[r.Streaming.Boost:1]]
[2019.12.04-03.27.20:618][  0]LogConfig: Setting CVar [[r.MaxAnisotropy:8]]
[2019.12.04-03.27.20:618][  0]LogConfig: Setting CVar [[r.Streaming.LimitPoolSizeToVRAM:0]]
[2019.12.04-03.27.20:618][  0]LogConfig: Setting CVar [[r.Streaming.PoolSize:1000]]
[2019.12.04-03.27.20:618][  0]LogConfig: Setting CVar [[r.Streaming.MaxEffectiveScreenSize:0]]
[2019.12.04-03.27.20:618][  0]LogConfig: Applying CVar settings from Section [EffectsQuality@3] File [D:/Studio1_Team3/MonsterComing/Saved/Config/Windows/Scalability.ini]
[2019.12.04-03.27.20:618][  0]LogConfig: Setting CVar [[r.TranslucencyLightingVolumeDim:64]]
[2019.12.04-03.27.20:618][  0]LogConfig: Setting CVar [[r.RefractionQuality:2]]
[2019.12.04-03.27.20:618][  0]LogConfig: Setting CVar [[r.SSR.Quality:3]]
[2019.12.04-03.27.20:618][  0]LogConfig: Setting CVar [[r.SceneColorFormat:4]]
[2019.12.04-03.27.20:619][  0]LogConfig: Setting CVar [[r.DetailMode:2]]
[2019.12.04-03.27.20:619][  0]LogConfig: Setting CVar [[r.TranslucencyVolumeBlur:1]]
[2019.12.04-03.27.20:619][  0]LogConfig: Setting CVar [[r.MaterialQualityLevel:1 ; High quality]]
[2019.12.04-03.27.20:619][  0]LogConfig: Setting CVar [[r.SSS.Scale:1]]
[2019.12.04-03.27.20:619][  0]LogConfig: Setting CVar [[r.SSS.SampleSet:2]]
[2019.12.04-03.27.20:619][  0]LogConfig: Setting CVar [[r.SSS.Quality:1]]
[2019.12.04-03.27.20:619][  0]LogConfig: Setting CVar [[r.SSS.HalfRes:1]]
[2019.12.04-03.27.20:619][  0]LogConfig: Setting CVar [[r.EmitterSpawnRateScale:1.0]]
[2019.12.04-03.27.20:619][  0]LogConfig: Setting CVar [[r.ParticleLightQuality:2]]
[2019.12.04-03.27.20:619][  0]LogConfig: Applying CVar settings from Section [FoliageQuality@3] File [D:/Studio1_Team3/MonsterComing/Saved/Config/Windows/Scalability.ini]
[2019.12.04-03.27.20:619][  0]LogConfig: Setting CVar [[foliage.DensityScale:1.0]]
[2019.12.04-03.27.20:619][  0]LogConfig: Setting CVar [[grass.DensityScale:1.0]]
[2019.12.04-03.27.20:619][  0]LogInit: Selected Device Profile: [Windows]
[2019.12.04-03.27.20:619][  0]LogInit: Applying CVar settings loaded from the selected device profile: [Windows]
[2019.12.04-03.27.20:656][  0]LogHAL: Display: Platform has ~ 32 GB [34270765056 / 34359738368 / 32], which maps to Largest [LargestMinGB=32, LargerMinGB=12, DefaultMinGB=8, SmallerMinGB=6, SmallestMinGB=0)
[2019.12.04-03.27.20:657][  0]LogConfig: Setting CVar [[r.Vulkan.UseRealUBs:0		; Required until we fix HLR fall-out]]
[2019.12.04-03.27.20:657][  0]LogInit: Going up to parent DeviceProfile []
[2019.12.04-03.27.20:657][  0]LogConfig: Applying CVar settings from Section [ViewDistanceQuality@3] File [D:/Studio1_Team3/MonsterComing/Saved/Config/Windows/Scalability.ini]
[2019.12.04-03.27.20:657][  0]LogConfig: Setting CVar [[r.SkeletalMeshLODBias:0]]
[2019.12.04-03.27.20:657][  0]LogConfig: Setting CVar [[r.ViewDistanceScale:1.0]]
[2019.12.04-03.27.20:657][  0]LogConfig: Applying CVar settings from Section [AntiAliasingQuality@3] File [D:/Studio1_Team3/MonsterComing/Saved/Config/Windows/Scalability.ini]
[2019.12.04-03.27.20:657][  0]LogConfig: Setting CVar [[r.PostProcessAAQuality:4]]
[2019.12.04-03.27.20:657][  0]LogConfig: Applying CVar settings from Section [ShadowQuality@3] File [D:/Studio1_Team3/MonsterComing/Saved/Config/Windows/Scalability.ini]
[2019.12.04-03.27.20:657][  0]LogConfig: Setting CVar [[r.LightFunctionQuality:1]]
[2019.12.04-03.27.20:657][  0]LogConfig: Setting CVar [[r.ShadowQuality:5]]
[2019.12.04-03.27.20:657][  0]LogConfig: Setting CVar [[r.Shadow.CSM.MaxCascades:10]]
[2019.12.04-03.27.20:657][  0]LogConfig: Setting CVar [[r.Shadow.MaxResolution:2048]]
[2019.12.04-03.27.20:657][  0]LogConfig: Setting CVar [[r.Shadow.MaxCSMResolution:2048]]
[2019.12.04-03.27.20:657][  0]LogConfig: Setting CVar [[r.Shadow.RadiusThreshold:0.01]]
[2019.12.04-03.27.20:657][  0]LogConfig: Setting CVar [[r.Shadow.DistanceScale:1.0]]
[2019.12.04-03.27.20:657][  0]LogConfig: Setting CVar [[r.Shadow.CSM.TransitionScale:1.0]]
[2019.12.04-03.27.20:657][  0]LogConfig: Setting CVar [[r.Shadow.PreShadowResolutionFactor:1.0]]
[2019.12.04-03.27.20:657][  0]LogConfig: Setting CVar [[r.DistanceFieldShadowing:1]]
[2019.12.04-03.27.20:657][  0]LogConfig: Setting CVar [[r.DistanceFieldAO:1]]
[2019.12.04-03.27.20:657][  0]LogConfig: Setting CVar [[r.AOQuality:2]]
[2019.12.04-03.27.20:657][  0]LogConfig: Setting CVar [[r.VolumetricFog:1]]
[2019.12.04-03.27.20:657][  0]LogConfig: Setting CVar [[r.VolumetricFog.GridPixelSize:8]]
[2019.12.04-03.27.20:657][  0]LogConfig: Setting CVar [[r.VolumetricFog.GridSizeZ:128]]
[2019.12.04-03.27.20:657][  0]LogConfig: Setting CVar [[r.VolumetricFog.HistoryMissSupersampleCount:4]]
[2019.12.04-03.27.20:657][  0]LogConfig: Setting CVar [[r.LightMaxDrawDistanceScale:1]]
[2019.12.04-03.27.20:657][  0]LogConfig: Setting CVar [[r.CapsuleShadows:1]]
[2019.12.04-03.27.20:657][  0]LogConfig: Applying CVar settings from Section [PostProcessQuality@3] File [D:/Studio1_Team3/MonsterComing/Saved/Config/Windows/Scalability.ini]
[2019.12.04-03.27.20:657][  0]LogConfig: Setting CVar [[r.MotionBlurQuality:4]]
[2019.12.04-03.27.20:657][  0]LogConfig: Setting CVar [[r.AmbientOcclusionMipLevelFactor:0.4]]
[2019.12.04-03.27.20:657][  0]LogConfig: Setting CVar [[r.AmbientOcclusionMaxQuality:100]]
[2019.12.04-03.27.20:657][  0]LogConfig: Setting CVar [[r.AmbientOcclusionLevels:-1]]
[2019.12.04-03.27.20:657][  0]LogConfig: Setting CVar [[r.AmbientOcclusionRadiusScale:1.0]]
[2019.12.04-03.27.20:657][  0]LogConfig: Setting CVar [[r.DepthOfFieldQuality:2]]
[2019.12.04-03.27.20:657][  0]LogConfig: Setting CVar [[r.RenderTargetPoolMin:400]]
[2019.12.04-03.27.20:657][  0]LogConfig: Setting CVar [[r.LensFlareQuality:2]]
[2019.12.04-03.27.20:657][  0]LogConfig: Setting CVar [[r.SceneColorFringeQuality:1]]
[2019.12.04-03.27.20:657][  0]LogConfig: Setting CVar [[r.EyeAdaptationQuality:2]]
[2019.12.04-03.27.20:658][  0]LogConfig: Setting CVar [[r.BloomQuality:5]]
[2019.12.04-03.27.20:658][  0]LogConfig: Setting CVar [[r.FastBlurThreshold:100]]
[2019.12.04-03.27.20:658][  0]LogConfig: Setting CVar [[r.Upscale.Quality:3]]
[2019.12.04-03.27.20:658][  0]LogConfig: Setting CVar [[r.Tonemapper.GrainQuantization:1]]
[2019.12.04-03.27.20:658][  0]LogConfig: Setting CVar [[r.LightShaftQuality:1]]
[2019.12.04-03.27.20:658][  0]LogConfig: Setting CVar [[r.Filter.SizeScale:1]]
[2019.12.04-03.27.20:658][  0]LogConfig: Setting CVar [[r.Tonemapper.Quality:5]]
[2019.12.04-03.27.20:658][  0]LogConfig: Setting CVar [[r.DOF.Gather.AccumulatorQuality:1        ; higher gathering accumulator quality]]
[2019.12.04-03.27.20:658][  0]LogConfig: Setting CVar [[r.DOF.Gather.PostfilterMethod:1          ; Median3x3 postfilering method]]
[2019.12.04-03.27.20:658][  0]LogConfig: Setting CVar [[r.DOF.Gather.EnableBokehSettings:0       ; no bokeh simulation when gathering]]
[2019.12.04-03.27.20:658][  0]LogConfig: Setting CVar [[r.DOF.Gather.RingCount:4                 ; medium number of samples when gathering]]
[2019.12.04-03.27.20:658][  0]LogConfig: Setting CVar [[r.DOF.Scatter.ForegroundCompositing:1    ; additive foreground scattering]]
[2019.12.04-03.27.20:658][  0]LogConfig: Setting CVar [[r.DOF.Scatter.BackgroundCompositing:2    ; additive background scattering]]
[2019.12.04-03.27.20:658][  0]LogConfig: Setting CVar [[r.DOF.Scatter.EnableBokehSettings:1      ; bokeh simulation when scattering]]
[2019.12.04-03.27.20:658][  0]LogConfig: Setting CVar [[r.DOF.Scatter.MaxSpriteRatio:0.1         ; only a maximum of 10% of scattered bokeh]]
[2019.12.04-03.27.20:658][  0]LogConfig: Setting CVar [[r.DOF.Recombine.Quality:1                ; cheap slight out of focus]]
[2019.12.04-03.27.20:658][  0]LogConfig: Setting CVar [[r.DOF.Recombine.EnableBokehSettings:0    ; no bokeh simulation on slight out of focus]]
[2019.12.04-03.27.20:658][  0]LogConfig: Setting CVar [[r.DOF.TemporalAAQuality:1                ; more stable temporal accumulation]]
[2019.12.04-03.27.20:658][  0]LogConfig: Setting CVar [[r.DOF.Kernel.MaxForegroundRadius:0.025]]
[2019.12.04-03.27.20:658][  0]LogConfig: Setting CVar [[r.DOF.Kernel.MaxBackgroundRadius:0.025]]
[2019.12.04-03.27.20:658][  0]LogConfig: Applying CVar settings from Section [TextureQuality@3] File [D:/Studio1_Team3/MonsterComing/Saved/Config/Windows/Scalability.ini]
[2019.12.04-03.27.20:658][  0]LogConfig: Setting CVar [[r.Streaming.MipBias:0]]
[2019.12.04-03.27.20:658][  0]LogConfig: Setting CVar [[r.Streaming.AmortizeCPUToGPUCopy:0]]
[2019.12.04-03.27.20:658][  0]LogConfig: Setting CVar [[r.Streaming.MaxNumTexturesToStreamPerFrame:0]]
[2019.12.04-03.27.20:658][  0]LogConfig: Setting CVar [[r.Streaming.Boost:1]]
[2019.12.04-03.27.20:658][  0]LogConfig: Setting CVar [[r.MaxAnisotropy:8]]
[2019.12.04-03.27.20:658][  0]LogConfig: Setting CVar [[r.Streaming.LimitPoolSizeToVRAM:0]]
[2019.12.04-03.27.20:658][  0]LogConfig: Setting CVar [[r.Streaming.PoolSize:1000]]
[2019.12.04-03.27.20:658][  0]LogConfig: Setting CVar [[r.Streaming.MaxEffectiveScreenSize:0]]
[2019.12.04-03.27.20:658][  0]LogConfig: Applying CVar settings from Section [EffectsQuality@3] File [D:/Studio1_Team3/MonsterComing/Saved/Config/Windows/Scalability.ini]
[2019.12.04-03.27.20:658][  0]LogConfig: Setting CVar [[r.TranslucencyLightingVolumeDim:64]]
[2019.12.04-03.27.20:658][  0]LogConfig: Setting CVar [[r.RefractionQuality:2]]
[2019.12.04-03.27.20:658][  0]LogConfig: Setting CVar [[r.SSR.Quality:3]]
[2019.12.04-03.27.20:658][  0]LogConfig: Setting CVar [[r.SceneColorFormat:4]]
[2019.12.04-03.27.20:658][  0]LogConfig: Setting CVar [[r.DetailMode:2]]
[2019.12.04-03.27.20:658][  0]LogConfig: Setting CVar [[r.TranslucencyVolumeBlur:1]]
[2019.12.04-03.27.20:658][  0]LogConfig: Setting CVar [[r.MaterialQualityLevel:1 ; High quality]]
[2019.12.04-03.27.20:658][  0]LogConfig: Setting CVar [[r.SSS.Scale:1]]
[2019.12.04-03.27.20:658][  0]LogConfig: Setting CVar [[r.SSS.SampleSet:2]]
[2019.12.04-03.27.20:658][  0]LogConfig: Setting CVar [[r.SSS.Quality:1]]
[2019.12.04-03.27.20:659][  0]LogConfig: Setting CVar [[r.SSS.HalfRes:1]]
[2019.12.04-03.27.20:659][  0]LogConfig: Setting CVar [[r.EmitterSpawnRateScale:1.0]]
[2019.12.04-03.27.20:659][  0]LogConfig: Setting CVar [[r.ParticleLightQuality:2]]
[2019.12.04-03.27.20:659][  0]LogConfig: Applying CVar settings from Section [FoliageQuality@3] File [D:/Studio1_Team3/MonsterComing/Saved/Config/Windows/Scalability.ini]
[2019.12.04-03.27.20:659][  0]LogConfig: Setting CVar [[foliage.DensityScale:1.0]]
[2019.12.04-03.27.20:659][  0]LogConfig: Setting CVar [[grass.DensityScale:1.0]]
[2019.12.04-03.27.20:659][  0]LogConfig: Applying CVar settings from Section [Startup] File [../../../Engine/Config/ConsoleVariables.ini]
[2019.12.04-03.27.20:659][  0]LogConfig: Setting CVar [[net.UseAdaptiveNetUpdateFrequency:0]]
[2019.12.04-03.27.20:659][  0]LogConfig: Setting CVar [[p.chaos.AllowCreatePhysxBodies:1]]
[2019.12.04-03.27.20:659][  0]LogConfig: Applying CVar settings from Section [ConsoleVariables] File [D:/Studio1_Team3/MonsterComing/Saved/Config/Windows/Engine.ini]
[2019.12.04-03.27.20:659][  0]LogInit: Computer: SYD-R102-PC10
[2019.12.04-03.27.20:659][  0]LogInit: User: ktsekaiwai
[2019.12.04-03.27.20:659][  0]LogInit: CPU Page size=4096, Cores=4
[2019.12.04-03.27.20:659][  0]LogInit: High frequency timer resolution =10.000000 MHz
[2019.12.04-03.27.20:660][  0]LogMemory: Memory total: Physical=31.9GB (32GB approx)
[2019.12.04-03.27.20:660][  0]LogMemory: Platform Memory Stats for Windows
[2019.12.04-03.27.20:660][  0]LogMemory: Process Physical Memory: 101.45 MB used, 101.45 MB peak
[2019.12.04-03.27.20:660][  0]LogMemory: Process Virtual Memory: 93.21 MB used, 93.21 MB peak
[2019.12.04-03.27.20:660][  0]LogMemory: Physical Memory: 7800.80 MB used,  24882.35 MB free, 32683.15 MB total
[2019.12.04-03.27.20:660][  0]LogMemory: Virtual Memory: 4662.02 MB used,  134213064.00 MB free, 134217728.00 MB total
[2019.12.04-03.27.20:704][  0]LogInit: Using OS detected language (en-US).
[2019.12.04-03.27.20:704][  0]LogInit: Using OS detected locale (en-AU).
[2019.12.04-03.27.20:706][  0]LogTextLocalizationManager: No specific localization for 'en-US' exists, so the 'en' localization will be used.
[2019.12.04-03.27.20:848][  0]LogInit: Setting process to per monitor DPI aware
[2019.12.04-03.27.20:878][  0]LogSlate: New Slate User Created.  User Index 0, Is Virtual User: 0
[2019.12.04-03.27.20:878][  0]LogSlate: Slate User Registered.  User Index 0, Is Virtual User: 0
[2019.12.04-03.27.21:054][  0]LogHMD: Failed to initialize OpenVR with code 110
[2019.12.04-03.27.21:054][  0]LogD3D11RHI: D3D11 adapters:
[2019.12.04-03.27.21:129][  0]LogD3D11RHI:    0. 'NVIDIA GeForce GTX 980' (Feature Level 11_0)
[2019.12.04-03.27.21:129][  0]LogD3D11RHI:       4053/0/16341 MB DedicatedVideo/DedicatedSystem/SharedSystem, Outputs:1, VendorId:0x10de
[2019.12.04-03.27.21:132][  0]LogD3D11RHI:    1. 'Microsoft Basic Render Driver' (Feature Level 11_0)
[2019.12.04-03.27.21:132][  0]LogD3D11RHI:       0/0/16341 MB DedicatedVideo/DedicatedSystem/SharedSystem, Outputs:0, VendorId:0x1414
[2019.12.04-03.27.21:132][  0]LogD3D11RHI: Chosen D3D11 Adapter: 0
[2019.12.04-03.27.21:138][  0]LogD3D11RHI: Creating new Direct3DDevice
[2019.12.04-03.27.21:138][  0]LogD3D11RHI:     GPU DeviceId: 0x13c0 (for the marketing name, search the web for "GPU Device Id")
[2019.12.04-03.27.21:138][  0]LogWindows: EnumDisplayDevices:
[2019.12.04-03.27.21:139][  0]LogWindows:    0. 'NVIDIA GeForce GTX 980' (P:1 D:1)
[2019.12.04-03.27.21:139][  0]LogWindows:    1. 'NVIDIA GeForce GTX 980' (P:0 D:0)
[2019.12.04-03.27.21:140][  0]LogWindows:    2. 'NVIDIA GeForce GTX 980' (P:0 D:0)
[2019.12.04-03.27.21:140][  0]LogWindows:    3. 'NVIDIA GeForce GTX 980' (P:0 D:0)
[2019.12.04-03.27.21:141][  0]LogWindows: DebugString: FoundDriverCount:4 
[2019.12.04-03.27.21:141][  0]LogD3D11RHI:     Adapter Name: NVIDIA GeForce GTX 980
[2019.12.04-03.27.21:141][  0]LogD3D11RHI:   Driver Version: 436.15 (internal:26.21.14.3615, unified:436.15)
[2019.12.04-03.27.21:141][  0]LogD3D11RHI:      Driver Date: 8-24-2019
[2019.12.04-03.27.21:141][  0]LogRHI: Texture pool is 2837 MB (70% of 4053 MB)
[2019.12.04-03.27.21:183][  0]LogD3D11RHI: Async texture creation enabled
[2019.12.04-03.27.21:187][  0]LogRendererCore: FGlobalReadBuffer::InitRHI
[2019.12.04-03.27.21:187][  0]LogRendererCore: FGlobalReadBuffer::InitRHI
[2019.12.04-03.27.21:187][  0]LogRendererCore: FGlobalReadBuffer::InitRHI
[2019.12.04-03.27.21:195][  0]LogD3D11RHI: GPU Timing Frequency: 1000.000000 (Debug: 2 1)
[2019.12.04-03.27.21:616][  0]LogTemp: Display: Module 'AllDesktopTargetPlatform' loaded TargetPlatform 'AllDesktop'
[2019.12.04-03.27.21:632][  0]LogTemp: Display: Module 'MacClientTargetPlatform' loaded TargetPlatform 'MacClient'
[2019.12.04-03.27.21:650][  0]LogTemp: Display: Module 'MacNoEditorTargetPlatform' loaded TargetPlatform 'MacNoEditor'
[2019.12.04-03.27.21:664][  0]LogTemp: Display: Module 'MacServerTargetPlatform' loaded TargetPlatform 'MacServer'
[2019.12.04-03.27.21:686][  0]LogTemp: Display: Module 'MacTargetPlatform' loaded TargetPlatform 'Mac'
[2019.12.04-03.27.21:701][  0]LogTemp: Display: Module 'WindowsClientTargetPlatform' loaded TargetPlatform 'WindowsClient'
[2019.12.04-03.27.21:715][  0]LogTemp: Display: Module 'WindowsNoEditorTargetPlatform' loaded TargetPlatform 'WindowsNoEditor'
[2019.12.04-03.27.21:730][  0]LogTemp: Display: Module 'WindowsServerTargetPlatform' loaded TargetPlatform 'WindowsServer'
[2019.12.04-03.27.21:739][  0]LogTemp: Display: Module 'WindowsTargetPlatform' loaded TargetPlatform 'Windows'
[2019.12.04-03.27.21:815][  0]LogTemp: Display: Module 'AndroidTargetPlatform' loaded TargetPlatform 'Android'
[2019.12.04-03.27.21:815][  0]LogTemp: Display: Module 'AndroidTargetPlatform' loaded TargetPlatform 'Android_ASTC'
[2019.12.04-03.27.21:815][  0]LogTemp: Display: Module 'AndroidTargetPlatform' loaded TargetPlatform 'Android_ATC'
[2019.12.04-03.27.21:815][  0]LogTemp: Display: Module 'AndroidTargetPlatform' loaded TargetPlatform 'Android_DXT'
[2019.12.04-03.27.21:815][  0]LogTemp: Display: Module 'AndroidTargetPlatform' loaded TargetPlatform 'Android_ETC1'
[2019.12.04-03.27.21:815][  0]LogTemp: Display: Module 'AndroidTargetPlatform' loaded TargetPlatform 'Android_ETC1a'
[2019.12.04-03.27.21:815][  0]LogTemp: Display: Module 'AndroidTargetPlatform' loaded TargetPlatform 'Android_ETC2'
[2019.12.04-03.27.21:815][  0]LogTemp: Display: Module 'AndroidTargetPlatform' loaded TargetPlatform 'Android_PVRTC'
[2019.12.04-03.27.21:815][  0]LogTemp: Display: Module 'AndroidTargetPlatform' loaded TargetPlatform 'AndroidClient'
[2019.12.04-03.27.21:815][  0]LogTemp: Display: Module 'AndroidTargetPlatform' loaded TargetPlatform 'Android_ASTCClient'
[2019.12.04-03.27.21:815][  0]LogTemp: Display: Module 'AndroidTargetPlatform' loaded TargetPlatform 'Android_ATCClient'
[2019.12.04-03.27.21:815][  0]LogTemp: Display: Module 'AndroidTargetPlatform' loaded TargetPlatform 'Android_DXTClient'
[2019.12.04-03.27.21:815][  0]LogTemp: Display: Module 'AndroidTargetPlatform' loaded TargetPlatform 'Android_ETC1Client'
[2019.12.04-03.27.21:815][  0]LogTemp: Display: Module 'AndroidTargetPlatform' loaded TargetPlatform 'Android_ETC1aClient'
[2019.12.04-03.27.21:815][  0]LogTemp: Display: Module 'AndroidTargetPlatform' loaded TargetPlatform 'Android_ETC2Client'
[2019.12.04-03.27.21:815][  0]LogTemp: Display: Module 'AndroidTargetPlatform' loaded TargetPlatform 'Android_PVRTCClient'
[2019.12.04-03.27.21:815][  0]LogTemp: Display: Module 'AndroidTargetPlatform' loaded TargetPlatform 'Android_Multi'
[2019.12.04-03.27.21:815][  0]LogTemp: Display: Module 'AndroidTargetPlatform' loaded TargetPlatform 'Android_MultiClient'
[2019.12.04-03.27.21:817][  0]LogTemp: Display: Module 'HTML5TargetPlatform' loaded TargetPlatform 'HTML5'
[2019.12.04-03.27.21:867][  0]LogTemp: Display: Module 'IOSTargetPlatform' loaded TargetPlatform 'IOSClient'
[2019.12.04-03.27.21:867][  0]LogTemp: Display: Module 'IOSTargetPlatform' loaded TargetPlatform 'IOS'
[2019.12.04-03.27.21:891][  0]LogTemp: Display: Module 'TVOSTargetPlatform' loaded TargetPlatform 'TVOSClient'
[2019.12.04-03.27.21:891][  0]LogTemp: Display: Module 'TVOSTargetPlatform' loaded TargetPlatform 'TVOS'
[2019.12.04-03.27.21:904][  0]LogTemp: Display: Module 'LinuxClientTargetPlatform' loaded TargetPlatform 'LinuxClient'
[2019.12.04-03.27.21:922][  0]LogTemp: Display: Module 'LinuxNoEditorTargetPlatform' loaded TargetPlatform 'LinuxNoEditor'
[2019.12.04-03.27.21:939][  0]LogTemp: Display: Module 'LinuxServerTargetPlatform' loaded TargetPlatform 'LinuxServer'
[2019.12.04-03.27.21:955][  0]LogTemp: Display: Module 'LinuxTargetPlatform' loaded TargetPlatform 'Linux'
[2019.12.04-03.27.21:999][  0]LogTemp: Display: Module 'LuminTargetPlatform' loaded TargetPlatform 'Lumin'
[2019.12.04-03.27.21:999][  0]LogTemp: Display: Module 'LuminTargetPlatform' loaded TargetPlatform 'LuminClient'
[2019.12.04-03.27.21:999][  0]LogTargetPlatformManager: Display: Building Assets For Windows
[2019.12.04-03.27.22:012][  0]LogAudioDebug: Display: Lib vorbis DLL was dynamically loaded.
[2019.12.04-03.27.22:077][  0]LogShaderCompilers: Guid format shader working directory is 21 characters bigger than the processId version (D:/Studio1_Team3/MonsterComing/Intermediate/Shaders/WorkingDirectory/6528/).
[2019.12.04-03.27.22:077][  0]LogShaderCompilers: Cleaned the shader compiler working directory 'C:/Users/ktsekaiwai/AppData/Local/Temp/UnrealShaderWorkingDir/D95940234ADA127D707425AC4887440C/'.
[2019.12.04-03.27.22:092][  0]LogShaderCompilers: Display: Using XGE Shader Compiler (Interception Interface).
[2019.12.04-03.27.22:619][  0]LogDerivedDataCache: Display: Max Cache Size: 512 MB
[2019.12.04-03.27.22:665][  0]LogDerivedDataCache: Loaded boot cache 0.05s 71MB C:/Users/ktsekaiwai/AppData/Local/UnrealEngine/4.22/DerivedDataCache/Boot.ddc.
[2019.12.04-03.27.22:665][  0]LogDerivedDataCache: Display: Loaded Boot cache: C:/Users/ktsekaiwai/AppData/Local/UnrealEngine/4.22/DerivedDataCache/Boot.ddc
[2019.12.04-03.27.22:665][  0]LogDerivedDataCache: FDerivedDataBackendGraph:  Pak pak cache file D:/Studio1_Team3/MonsterComing/DerivedDataCache/DDC.ddp not found, will not use a pak cache.
[2019.12.04-03.27.22:665][  0]LogDerivedDataCache: Unable to find inner node Pak for hierarchical cache Hierarchy.
[2019.12.04-03.27.22:665][  0]LogDerivedDataCache: FDerivedDataBackendGraph:  CompressedPak pak cache file D:/Studio1_Team3/MonsterComing/DerivedDataCache/Compressed.ddp not found, will not use a pak cache.
[2019.12.04-03.27.22:665][  0]LogDerivedDataCache: Unable to find inner node CompressedPak for hierarchical cache Hierarchy.
[2019.12.04-03.27.22:677][  0]LogDerivedDataCache: Display: Pak cache opened for reading ../../../Engine/DerivedDataCache/Compressed.ddp.
[2019.12.04-03.27.22:677][  0]LogDerivedDataCache: FDerivedDataBackendGraph:  EnterprisePak pak cache file ../../../Enterprise/DerivedDataCache/Compressed.ddp not found, will not use a pak cache.
[2019.12.04-03.27.22:677][  0]LogDerivedDataCache: Unable to find inner node EnterprisePak for hierarchical cache Hierarchy.
[2019.12.04-03.27.22:689][  0]LogDerivedDataCache: Using Local data cache path C:/Users/ktsekaiwai/AppData/Local/UnrealEngine/Common/DerivedDataCache: Writable
[2019.12.04-03.27.22:689][  0]LogDerivedDataCache: Shared data cache path not found in *engine.ini, will not use an Shared cache.
[2019.12.04-03.27.22:689][  0]LogDerivedDataCache: Unable to find inner node Shared for hierarchical cache Hierarchy.
[2019.12.04-03.27.22:712][  0]LogMaterial: Verifying Global Shaders for PCD3D_SM5
[2019.12.04-03.27.22:713][  0]LogSlate: Using FreeType 2.6.0
[2019.12.04-03.27.22:713][  0]LogSlate: SlateFontServices - WITH_FREETYPE: 1, WITH_HARFBUZZ: 1
[2019.12.04-03.27.22:817][  0]LogAssetRegistry: FAssetRegistry took 0.0321 seconds to start up
[2019.12.04-03.27.23:154][  0]LogInit: Selected Device Profile: [Windows]
[2019.12.04-03.27.23:295][  0]LogMeshReduction: Using QuadricMeshReduction for automatic static mesh reduction
[2019.12.04-03.27.23:295][  0]LogMeshReduction: Using SimplygonMeshReduction for automatic skeletal mesh reduction
[2019.12.04-03.27.23:295][  0]LogMeshReduction: Using ProxyLODMeshReduction for automatic mesh merging
[2019.12.04-03.27.23:295][  0]LogMeshReduction: No distributed automatic mesh merging module available
[2019.12.04-03.27.23:295][  0]LogMeshMerging: No distributed automatic mesh merging module available
[2019.12.04-03.27.23:305][  0]LogNetVersion: MonsterComing 1.0.0, NetCL: 5660361, EngineNetVer: 10, GameNetVer: 0 (Checksum: 1620694314)
[2019.12.04-03.27.23:716][  0]LogPackageLocalizationCache: Processed 10 localized package path(s) for 1 prioritized culture(s) in 0.043963 seconds
[2019.12.04-03.27.23:723][  0]LogUObjectArray: 42205 objects as part of root set at end of initial load.
[2019.12.04-03.27.23:723][  0]LogUObjectAllocator: 7325032 out of 0 bytes used by permanent object pool.
[2019.12.04-03.27.23:723][  0]LogUObjectArray: CloseDisregardForGC: 0/0 objects in disregard for GC pool
[2019.12.04-03.27.24:690][  0]LogTcpMessaging: Initializing TcpMessaging bridge
[2019.12.04-03.27.24:704][  0]LogUdpMessaging: Initializing bridge on interface 0.0.0.0:0 to multicast group 230.0.0.1:6666.
[2019.12.04-03.27.24:823][  0]SourceControl: Source control is disabled
[2019.12.04-03.27.24:823][  0]SourceControl: Source control is disabled
[2019.12.04-03.27.24:825][  0]SourceControl: Source control is disabled
[2019.12.04-03.27.24:826][  0]SourceControl: Source control is disabled
[2019.12.04-03.27.24:905][  0]LogAndroidPermission: UAndroidPermissionCallbackProxy::GetInstance
[2019.12.04-03.27.25:054][  0]LogOcInput: OculusInput pre-init called
[2019.12.04-03.27.25:897][  0]LogEngine: Initializing Engine...
[2019.12.04-03.27.25:898][  0]LogHMD: Failed to initialize OpenVR with code 110
[2019.12.04-03.27.25:900][  0]LogStats: UGameplayTagsManager::InitializeManager -  0.000 s
[2019.12.04-03.27.26:122][  0]LogInit: Initializing FReadOnlyCVARCache
[2019.12.04-03.27.26:139][  0]LogAIModule: Creating AISystem for world Untitled
[2019.12.04-03.27.26:192][  0]LogInit: XAudio2 using 'U28E850 (NVIDIA High Definition Audio)' : 2 channels at 48 kHz using 16 bits per sample (channel mask 0x3)
[2019.12.04-03.27.26:220][  0]LogInit: FAudioDevice initialized.
[2019.12.04-03.27.26:220][  0]LogNetVersion: Set ProjectVersion to 1.0.0.0. Version Checksum will be recalculated on next use.
[2019.12.04-03.27.26:291][  0]LogDerivedDataCache: Saved boot cache 0.07s 71MB C:/Users/ktsekaiwai/AppData/Local/UnrealEngine/4.22/DerivedDataCache/Boot.ddc.
[2019.12.04-03.27.26:303][  0]LogInit: Texture streaming: Enabled
[2019.12.04-03.27.26:325][  0]LogEngineSessionManager: EngineSessionManager initialized
[2019.12.04-03.27.26:348][  0]LogInit: Transaction tracking system initialized
[2019.12.04-03.27.26:380][  0]BlueprintLog: New page: Editor Load
[2019.12.04-03.27.26:491][  0]LocalizationService: Localization service is disabled
[2019.12.04-03.27.26:798][  0]LogCook: Display: Max memory allowance for cook 16384mb min free memory 0mb
[2019.12.04-03.27.26:798][  0]LogCook: Display: Mobile HDR setting 1
[2019.12.04-03.27.26:997][  0]LogFileCache: Scanning file cache for directory 'D:/Studio1_Team3/MonsterComing/Content/' took 0.06s
[2019.12.04-03.27.26:997][  0]SourceControl: Source control is disabled
[2019.12.04-03.27.26:997][  0]Cmd: MAP LOAD FILE="D:/Studio1_Team3/MonsterComing/Content/ThirdPersonBP/Maps/ThirdPersonExampleMap.umap" TEMPLATE=0 SHOWPROGRESS=1 FEATURELEVEL=3
[2019.12.04-03.27.26:997][  0]LogEditorServer: Warning: Can't find file 'D:/Studio1_Team3/MonsterComing/Content/ThirdPersonBP/Maps/ThirdPersonExampleMap.umap'
[2019.12.04-03.27.26:997][  0]Cmd: MAP CHECKDEP NOCLEARLOG
[2019.12.04-03.27.26:997][  0]MapCheck: Map check complete: 0 Error(s), 0 Warning(s), took 0.143ms to complete.
[2019.12.04-03.27.26:997][  0]LogFileHelpers: Loading map 'ThirdPersonExampleMap' took 0.001
[2019.12.04-03.27.27:096][  0]LogSlate: Updating window title bar state: overlay mode, drag disabled, window buttons hidden, title bar hidden
[2019.12.04-03.27.27:103][  0]LogSlate: Updating window title bar state: overlay mode, drag disabled, window buttons hidden, title bar hidden
[2019.12.04-03.27.27:110][  0]LogSlate: Updating window title bar state: overlay mode, drag disabled, window buttons hidden, title bar hidden
[2019.12.04-03.27.27:117][  0]LogSlate: Updating window title bar state: overlay mode, drag disabled, window buttons hidden, title bar hidden
[2019.12.04-03.27.27:126][  0]LogCollectionManager: Loaded 0 collections in 0.002735 seconds
[2019.12.04-03.27.27:143][  0]LogFileCache: Scanning file cache for directory 'D:/Studio1_Team3/MonsterComing/Saved/Collections/' took 0.01s
[2019.12.04-03.27.27:143][  0]LogFileCache: Scanning file cache for directory 'D:/Studio1_Team3/MonsterComing/Content/Developers/ktsekaiwai/Collections/' took 0.00s
[2019.12.04-03.27.27:143][  0]LogFileCache: Scanning file cache for directory 'D:/Studio1_Team3/MonsterComing/Content/Collections/' took 0.00s
[2019.12.04-03.27.27:143][  0]LogCollectionManager: Rebuilt the GUID cache for 0 collections in 0.000000 seconds
[2019.12.04-03.27.27:152][  0]LogContentBrowser: Native class hierarchy populated in 0.0088 seconds. Added 2743 classes and 666 folders.
[2019.12.04-03.27.27:160][  0]LogContentBrowser: Native class hierarchy updated for 'WidgetCarousel' in 0.0005 seconds. Added 0 classes and 0 folders.
[2019.12.04-03.27.27:162][  0]LogPakFile: Registered encryption key '00000000000000000000000000000000': 0 pak files mounted, 0 remain pending
[2019.12.04-03.27.27:163][  0]LogPakFile: Registered encryption key '00000000000000000000000000000000': 0 pak files mounted, 0 remain pending
[2019.12.04-03.27.27:163][  0]LogPakFile: Registered encryption key '00000000000000000000000000000000': 0 pak files mounted, 0 remain pending
[2019.12.04-03.27.27:163][  0]LogPakFile: Registered encryption key '00000000000000000000000000000000': 0 pak files mounted, 0 remain pending
[2019.12.04-03.27.27:164][  0]LogPakFile: Registered encryption key '00000000000000000000000000000000': 0 pak files mounted, 0 remain pending
[2019.12.04-03.27.27:164][  0]LogPakFile: Registered encryption key '00000000000000000000000000000000': 0 pak files mounted, 0 remain pending
[2019.12.04-03.27.27:165][  0]LogPakFile: Registered encryption key '00000000000000000000000000000000': 0 pak files mounted, 0 remain pending
[2019.12.04-03.27.27:165][  0]LogPakFile: Registered encryption key '00000000000000000000000000000000': 0 pak files mounted, 0 remain pending
[2019.12.04-03.27.27:166][  0]LogPakFile: Registered encryption key '00000000000000000000000000000000': 0 pak files mounted, 0 remain pending
[2019.12.04-03.27.27:166][  0]LogPakFile: Registered encryption key '00000000000000000000000000000000': 0 pak files mounted, 0 remain pending
[2019.12.04-03.27.27:166][  0]LogPakFile: Registered encryption key '00000000000000000000000000000000': 0 pak files mounted, 0 remain pending
[2019.12.04-03.27.27:167][  0]LogPakFile: Registered encryption key '00000000000000000000000000000000': 0 pak files mounted, 0 remain pending
[2019.12.04-03.27.27:168][  0]LogPakFile: Registered encryption key '00000000000000000000000000000000': 0 pak files mounted, 0 remain pending
[2019.12.04-03.27.27:168][  0]LogPakFile: Registered encryption key '00000000000000000000000000000000': 0 pak files mounted, 0 remain pending
[2019.12.04-03.27.27:169][  0]LogPakFile: Registered encryption key '00000000000000000000000000000000': 0 pak files mounted, 0 remain pending
[2019.12.04-03.27.27:169][  0]LogPakFile: Registered encryption key '00000000000000000000000000000000': 0 pak files mounted, 0 remain pending
[2019.12.04-03.27.27:170][  0]LogPakFile: Registered encryption key '00000000000000000000000000000000': 0 pak files mounted, 0 remain pending
[2019.12.04-03.27.27:170][  0]LogPakFile: Registered encryption key '00000000000000000000000000000000': 0 pak files mounted, 0 remain pending
[2019.12.04-03.27.27:171][  0]LogPakFile: Registered encryption key '00000000000000000000000000000000': 0 pak files mounted, 0 remain pending
[2019.12.04-03.27.27:171][  0]LogPakFile: Registered encryption key '00000000000000000000000000000000': 0 pak files mounted, 0 remain pending
[2019.12.04-03.27.27:172][  0]LogPakFile: Registered encryption key '00000000000000000000000000000000': 0 pak files mounted, 0 remain pending
[2019.12.04-03.27.27:172][  0]LogPakFile: Registered encryption key '00000000000000000000000000000000': 0 pak files mounted, 0 remain pending
[2019.12.04-03.27.27:173][  0]LogPakFile: Registered encryption key '00000000000000000000000000000000': 0 pak files mounted, 0 remain pending
[2019.12.04-03.27.27:173][  0]LogPakFile: Registered encryption key '00000000000000000000000000000000': 0 pak files mounted, 0 remain pending
[2019.12.04-03.27.27:174][  0]LogPakFile: Registered encryption key '00000000000000000000000000000000': 0 pak files mounted, 0 remain pending
[2019.12.04-03.27.27:174][  0]LogPakFile: Registered encryption key '00000000000000000000000000000000': 0 pak files mounted, 0 remain pending
[2019.12.04-03.27.27:235][  0]LogContentBrowser: Native class hierarchy updated for 'AddContentDialog' in 0.0004 seconds. Added 0 classes and 0 folders.
[2019.12.04-03.27.27:241][  0]LogContentBrowser: Native class hierarchy updated for 'SceneOutliner' in 0.0007 seconds. Added 1 classes and 2 folders.
[2019.12.04-03.27.27:269][  0]LogSlate: Took 0.000205 seconds to synchronously load lazily loaded font '../../../Engine/Content/Slate/Fonts/Roboto-Regular.ttf' (155K)
[2019.12.04-03.27.27:271][  0]LogSlate: Took 0.000194 seconds to synchronously load lazily loaded font '../../../Engine/Content/Slate/Fonts/Roboto-Bold.ttf' (160K)
[2019.12.04-03.27.27:277][  0]LogSlate: Took 0.000165 seconds to synchronously load lazily loaded font '../../../Engine/Content/Editor/Slate/Fonts/FontAwesome.ttf' (139K)
[2019.12.04-03.27.27:344][  0]LogRenderer: Reallocating scene render targets to support 1356x808 Format 10 NumSamples 1 (Frame:1).
[2019.12.04-03.27.27:451][  0]LogContentBrowser: Native class hierarchy updated for 'HierarchicalLODOutliner' in 0.0005 seconds. Added 0 classes and 0 folders.
[2019.12.04-03.27.27:451][  0]LogLoad: (Engine Initialization) Total time: 9.89 seconds
[2019.12.04-03.27.27:451][  0]LogLoad: (Engine Initialization) Total Blueprint compile time: 0.00 seconds
[2019.12.04-03.27.27:524][  0]LogContentStreaming: Texture pool size now 1000 MB
[2019.12.04-03.27.27:552][  0]LogSlate: Took 0.000272 seconds to synchronously load lazily loaded font '../../../Engine/Content/Slate/Fonts/Roboto-Light.ttf' (167K)
[2019.12.04-03.27.27:561][  1]LogFileCache: Retrieving MD5 hashes for directory 'D:/Studio1_Team3/MonsterComing/Content/' took 0.08s
[2019.12.04-03.27.27:580][  1]LogAssetRegistry: Asset discovery search completed in 4.7852 seconds
[2019.12.04-03.27.27:583][  1]LogCollectionManager: Rebuilt the object cache for 0 collections in 0.000000 seconds (found 0 objects)
[2019.12.04-03.27.27:583][  1]LogCollectionManager: Fixed up redirectors for 0 collections in 0.000046 seconds (updated 0 objects)
[2019.12.04-03.27.28:543][  4]LogSlate: FSceneViewport::OnFocusLost() reason 0
[2019.12.04-03.27.34:584][441]LogSlate: Took 0.000388 seconds to synchronously load lazily loaded font '../../../Engine/Content/Slate/Fonts/Roboto-Light.ttf' (167K)
[2019.12.04-03.27.34:599][441]LogFactory: FactoryCreateFile: StaticMesh with FbxFactory (0 0 ../../../../../../Users/ktsekaiwai/Desktop/Meter.fbx)
[2019.12.04-03.27.34:620][441]LogFbx: Loading FBX Scene from ../../../../../../Users/ktsekaiwai/Desktop/Meter.fbx
[2019.12.04-03.27.34:627][441]LogFbx: FBX Scene Loaded Succesfully
[2019.12.04-03.27.37:508][441]LogSlate: Window 'FBX Import Options' being destroyed
[2019.12.04-03.27.37:883][441]LogMaterial: Display: Missing cached shader map for material Body, compiling. 
[2019.12.04-03.27.37:932][441]LogMaterial: Display: Missing cached shader map for material Outer, compiling. 
[2019.12.04-03.27.37:956][441]LogFbx: Display: Triangulating static mesh Cylinder
[2019.12.04-03.27.37:970][441]LogStaticMesh: Building static mesh Meter_Cylinder...
[2019.12.04-03.27.37:992][441]LogStaticMesh: Built static mesh [0.02s] /Game/Weapons/Meter_Cylinder.Meter_Cylinder
[2019.12.04-03.27.38:010][441]LogFbx: Display: Triangulating static mesh Cylinder.001
[2019.12.04-03.27.38:015][441]LogStaticMesh: Building static mesh Meter_Cylinder_001...
[2019.12.04-03.27.38:021][441]LogStaticMesh: Built static mesh [0.01s] /Game/Weapons/Meter_Cylinder_001.Meter_Cylinder_001
[2019.12.04-03.27.39:659][600]LogAssetEditorManager: Opening Asset editor for StaticMesh /Game/Weapons/Meter_Cylinder.Meter_Cylinder
[2019.12.04-03.27.40:157][600]LogRenderer: Reallocating scene render targets to support 1912x1284 Format 10 NumSamples 1 (Frame:1).
[2019.12.04-03.27.40:157][600]LogSlate: Took 0.000248 seconds to synchronously load lazily loaded font '../../../Engine/Content/Slate/Fonts/Roboto-Italic.ttf' (157K)
[2019.12.04-03.27.46:298][ 55]LogSlate: FSceneViewport::OnFocusLost() reason 0
[2019.12.04-03.27.46:746][101]LogSlate: Window 'Meter_Cylinder' being destroyed
[2019.12.04-03.27.46:755][102]LogRenderer: Reallocating scene render targets to support 2036x1284 Format 10 NumSamples 1 (Frame:916).
[2019.12.04-03.27.49:968][329]LogAssetEditorManager: Opening Asset editor for StaticMesh /Game/Weapons/Meter_Cylinder_001.Meter_Cylinder_001
[2019.12.04-03.27.53:159][528]LogSlate: FSceneViewport::OnFocusLost() reason 0
[2019.12.04-03.27.57:116][941]LogMaterial: Display: Missing cached shader map for material M_XYZ_Cross_Debug, compiling. 
[2019.12.04-03.28.07:951][952]Cmd: OBJ SAVEPACKAGE PACKAGE="/Game/Weapons/Meter_Cylinder_001" FILE="D:/Studio1_Team3/MonsterComing/Content/Weapons/Meter_Cylinder_001.uasset" SILENT=true
[2019.12.04-03.28.07:966][952]LogSavePackage: Moving 'D:/Studio1_Team3/MonsterComing/Saved/Meter_Cylinder_00162F456A74E295823252F08AD81FEE7B6.tmp' to 'D:/Studio1_Team3/MonsterComing/Content/Weapons/Meter_Cylinder_001.uasset'
[2019.12.04-03.28.17:705][856]Cmd: OBJ SAVEPACKAGE PACKAGE="/Game/Weapons/Meter_Cylinder" FILE="D:/Studio1_Team3/MonsterComing/Content/Weapons/Meter_Cylinder.uasset" SILENT=true
[2019.12.04-03.28.17:721][856]LogSavePackage: Moving 'D:/Studio1_Team3/MonsterComing/Saved/Meter_Cylinder5F4B9E804DBFB911C73014A7DA5E7F3F.tmp' to 'D:/Studio1_Team3/MonsterComing/Content/Weapons/Meter_Cylinder.uasset'
[2019.12.04-03.30.26:579][995]LogAssetEditorManager: Opening Asset editor for Blueprint /Game/Weapons/Sword_BP.Sword_BP
[2019.12.04-03.30.26:815][995]LogContentBrowser: Native class hierarchy updated for 'BlueprintGraph' in 0.0008 seconds. Added 121 classes and 0 folders.
[2019.12.04-03.30.27:562][995]LogSlate: Took 0.000272 seconds to synchronously load lazily loaded font '../../../Engine/Content/Slate/Fonts/Roboto-BoldCondensed.ttf' (158K)
[2019.12.04-03.30.29:386][178]LogSlate: Window 'Sword_BP' being destroyed
[2019.12.04-03.30.36:855][867]LogActorFactory: Actor Factory created Meter_Cylinder
[2019.12.04-03.30.41:055][351]LogSlate: FSceneViewport::OnFocusLost() reason 2
[2019.12.04-03.30.42:251][479]LogSlate: FSceneViewport::OnFocusLost() reason 2
[2019.12.04-03.30.46:116][939]LogSlate: FSceneViewport::OnFocusLost() reason 0
[2019.12.04-03.30.56:358][157]LogEditorTransaction: Undo Modify Component(s)
[2019.12.04-03.31.03:908][ 48]LogSlate: FSceneViewport::OnFocusLost() reason 0
[2019.12.04-03.31.03:975][ 56]BlueprintLog: New page: Compile Sword_BP
[2019.12.04-03.31.04:278][ 56]LogUObjectHash: Compacting FUObjectHashTables data took   3.17ms
[2019.12.04-03.31.25:349][537]LogSlate: FSceneViewport::OnFocusLost() reason 0
[2019.12.04-03.31.25:423][546]BlueprintLog: New page: Compile Sword_BP
[2019.12.04-03.31.25:603][546]LogUObjectHash: Compacting FUObjectHashTables data took   2.97ms
[2019.12.04-03.31.29:341][956]LogSlate: FSceneViewport::OnFocusLost() reason 0
[2019.12.04-03.31.30:744][ 98]LogActorFactory: Actor Factory created Meter_Cylinder_001
[2019.12.04-03.31.32:464][304]LogSlate: FSceneViewport::OnFocusLost() reason 2
[2019.12.04-03.31.56:933][218]LogSlate: FSceneViewport::OnFocusLost() reason 0
[2019.12.04-03.31.58:417][364]LogAssetEditorManager: Opening Asset editor for StaticMesh /Game/Weapons/Meter_Cylinder.Meter_Cylinder
[2019.12.04-03.32.03:785][961]LogSlate: FSceneViewport::OnFocusLost() reason 0
[2019.12.04-03.33.00:029][461]LogSlate: FSceneViewport::OnFocusLost() reason 0
[2019.12.04-03.33.25:487][381]LogSlate: FSceneViewport::OnFocusLost() reason 2
[2019.12.04-03.33.46:731][478]LogSlate: FSceneViewport::OnFocusLost() reason 0
[2019.12.04-03.33.59:263][727]LogSlate: FSceneViewport::OnFocusLost() reason 0
[2019.12.04-03.34.34:539][117]LogSlate: FSceneViewport::OnFocusLost() reason 0
[2019.12.04-03.37.20:994][438]LogSlate: FSceneViewport::OnFocusLost() reason 2
[2019.12.04-03.37.58:880][158]LogUObjectHash: Compacting FUObjectHashTables data took   3.26ms
[2019.12.04-03.37.58:880][158]LogFileHelpers: Editor autosave (incl. sublevels) for '/Temp/Untitled_0' took 0.077
[2019.12.04-03.37.58:881][158]OBJ SavePackage: Generating thumbnails for [1] asset(s) in package [/Game/Weapons/Body] ([1] browsable assets)...
[2019.12.04-03.37.58:897][158]OBJ SavePackage:     Rendered thumbnail for [Material /Game/Weapons/Body.Body]
[2019.12.04-03.37.58:897][158]OBJ SavePackage: Finished generating thumbnails for package [/Game/Weapons/Body]
[2019.12.04-03.37.58:897][158]Cmd: OBJ SAVEPACKAGE PACKAGE="/Game/Weapons/Body" FILE="D:/Studio1_Team3/MonsterComing/Saved/Autosaves/Game/Weapons/Body_Auto1.uasset" SILENT=false AUTOSAVING=true
[2019.12.04-03.37.58:912][158]LogSavePackage: Moving 'D:/Studio1_Team3/MonsterComing/Saved/Body_Auto115C4F64648724135E88248BCDD949F2E.tmp' to 'D:/Studio1_Team3/MonsterComing/Saved/Autosaves/Game/Weapons/Body_Auto1.uasset'
[2019.12.04-03.37.58:913][158]OBJ SavePackage: Generating thumbnails for [1] asset(s) in package [/Game/Weapons/Outer] ([1] browsable assets)...
[2019.12.04-03.37.58:925][158]OBJ SavePackage:     Rendered thumbnail for [Material /Game/Weapons/Outer.Outer]
[2019.12.04-03.37.58:925][158]OBJ SavePackage: Finished generating thumbnails for package [/Game/Weapons/Outer]
[2019.12.04-03.37.58:925][158]Cmd: OBJ SAVEPACKAGE PACKAGE="/Game/Weapons/Outer" FILE="D:/Studio1_Team3/MonsterComing/Saved/Autosaves/Game/Weapons/Outer_Auto1.uasset" SILENT=false AUTOSAVING=true
[2019.12.04-03.37.58:940][158]LogSavePackage: Moving 'D:/Studio1_Team3/MonsterComing/Saved/Outer_Auto18FDFB3874A6975DFAACA37B18299AC9E.tmp' to 'D:/Studio1_Team3/MonsterComing/Saved/Autosaves/Game/Weapons/Outer_Auto1.uasset'
[2019.12.04-03.37.58:941][158]OBJ SavePackage: Generating thumbnails for [1] asset(s) in package [/Game/Weapons/Sword_BP] ([1] browsable assets)...
[2019.12.04-03.37.58:954][158]OBJ SavePackage:     Rendered thumbnail for [Blueprint /Game/Weapons/Sword_BP.Sword_BP]
[2019.12.04-03.37.58:954][158]OBJ SavePackage: Finished generating thumbnails for package [/Game/Weapons/Sword_BP]
[2019.12.04-03.37.58:954][158]Cmd: OBJ SAVEPACKAGE PACKAGE="/Game/Weapons/Sword_BP" FILE="D:/Studio1_Team3/MonsterComing/Saved/Autosaves/Game/Weapons/Sword_BP_Auto1.uasset" SILENT=false AUTOSAVING=true
[2019.12.04-03.37.59:000][158]LogSavePackage: Moving 'D:/Studio1_Team3/MonsterComing/Saved/Sword_BP_Auto1ABABB60E4531F28BE1E2DCA2F2A807C2.tmp' to 'D:/Studio1_Team3/MonsterComing/Saved/Autosaves/Game/Weapons/Sword_BP_Auto1.uasset'
[2019.12.04-03.37.59:001][158]LogFileHelpers: Auto-saving content packages took 0.121
[2019.12.04-03.55.44:782][994]LogSlate: FSceneViewport::OnFocusLost() reason 0
[2019.12.04-03.55.46:517][174]LogUObjectHash: Compacting FUObjectHashTables data took   2.03ms
[2019.12.04-03.55.51:449][174]LogSlate: Window 'Save Content' being destroyed
[2019.12.04-03.55.51:582][174]LogSlate: Window 'MonsterComing - Unreal Editor' being destroyed
[2019.12.04-03.55.51:806][175]Cmd: QUIT_EDITOR
[2019.12.04-03.55.51:823][175]LogWindowsTextInputMethodSystem: Display: IME system now deactivated.
[2019.12.04-03.55.51:833][175]LogExit: Preparing to exit.
[2019.12.04-03.55.52:630][175]LogExit: Editor shut down
[2019.12.04-03.55.52:630][175]LogExit: Transaction tracking system shut down
[2019.12.04-03.55.52:944][175]LogExit: Object subsystem successfully closed.
[2019.12.04-03.55.52:962][175]LogShaderCompilers: Display: Shaders left to compile 0
[2019.12.04-03.55.52:965][175]LogD3D11RHI: Shutdown
[2019.12.04-03.55.52:965][175]LogD3D11RHI: CleanupD3DDevice
[2019.12.04-03.55.52:966][175]LogRendererCore: FGlobalReadBuffer::ReleaseRHI
[2019.12.04-03.55.52:966][175]LogRendererCore: FGlobalDynamicReadBuffer::Cleanup()
[2019.12.04-03.55.52:966][175]LogRendererCore: FGlobalReadBuffer::ReleaseRHI
[2019.12.04-03.55.52:966][175]LogRendererCore: FGlobalDynamicReadBuffer::Cleanup()
[2019.12.04-03.55.52:966][175]LogRendererCore: FGlobalReadBuffer::ReleaseRHI
[2019.12.04-03.55.52:966][175]LogRendererCore: FGlobalDynamicReadBuffer::Cleanup()
[2019.12.04-03.55.53:069][175]LogD3D11RHI: ~FD3D11DynamicRHI
[2019.12.04-03.55.53:091][175]LogModuleManager: Shutting down and abandoning module BlueprintGraph (652)
[2019.12.04-03.55.53:091][175]LogModuleManager: Shutting down and abandoning module StaticMeshEditor (650)
[2019.12.04-03.55.53:091][175]LogModuleManager: Shutting down and abandoning module MeshBuilder (648)
[2019.12.04-03.55.53:091][175]LogModuleManager: Shutting down and abandoning module HierarchicalLODOutliner (646)
[2019.12.04-03.55.53:091][175]LogModuleManager: Shutting down and abandoning module SceneOutliner (644)
[2019.12.04-03.55.53:091][175]LogModuleManager: Shutting down and abandoning module AddContentDialog (642)
[2019.12.04-03.55.53:092][175]LogModuleManager: Shutting down and abandoning module WidgetCarousel (641)
[2019.12.04-03.55.53:092][175]LogModuleManager: Shutting down and abandoning module EditorWidgets (638)
[2019.12.04-03.55.53:092][175]LogModuleManager: Shutting down and abandoning module CollectionManager (636)
[2019.12.04-03.55.53:092][175]LogModuleManager: Shutting down and abandoning module FoliageEdit (634)
[2019.12.04-03.55.53:092][175]LogModuleManager: Shutting down and abandoning module LandscapeEditor (632)
[2019.12.04-03.55.53:092][175]LogModuleManager: Shutting down and abandoning module MeshPaintMode (630)
[2019.12.04-03.55.53:092][175]LogModuleManager: Shutting down and abandoning module SceneDepthPickerMode (628)
[2019.12.04-03.55.53:092][175]LogModuleManager: Shutting down and abandoning module ActorPickerMode (626)
[2019.12.04-03.55.53:092][175]LogModuleManager: Shutting down and abandoning module GeometryMode (624)
[2019.12.04-03.55.53:092][175]LogModuleManager: Shutting down and abandoning module TextureAlignMode (622)
[2019.12.04-03.55.53:092][175]LogModuleManager: Shutting down and abandoning module BspMode (620)
[2019.12.04-03.55.53:092][175]LogModuleManager: Shutting down and abandoning module PIEPreviewDeviceProfileSelector (618)
[2019.12.04-03.55.53:092][175]LogModuleManager: Shutting down and abandoning module SequenceRecorderSections (616)
[2019.12.04-03.55.53:092][175]LogModuleManager: Shutting down and abandoning module AutomationWorker (614)
[2019.12.04-03.55.53:092][175]LogModuleManager: Shutting down and abandoning module OculusMR (612)
[2019.12.04-03.55.53:092][175]LogModuleManager: Shutting down and abandoning module AudioCaptureEditor (610)
[2019.12.04-03.55.53:092][175]LogModuleManager: Shutting down and abandoning module MatineeToLevelSequence (608)
[2019.12.04-03.55.53:092][175]LogModuleManager: Shutting down and abandoning module LevelSequenceEditor (606)
[2019.12.04-03.55.53:092][175]LogModuleManager: Shutting down and abandoning module PlacementMode (605)
[2019.12.04-03.55.53:092][175]LogModuleManager: Shutting down and abandoning module MaterialEditor (604)
[2019.12.04-03.55.53:092][175]LogModuleManager: Shutting down and abandoning module ActorSequenceEditor (600)
[2019.12.04-03.55.53:092][175]LogModuleManager: Shutting down and abandoning module WmfMediaFactory (598)
[2019.12.04-03.55.53:092][175]LogModuleManager: Shutting down and abandoning module WmfMediaEditor (596)
[2019.12.04-03.55.53:092][175]LogModuleManager: Shutting down and abandoning module WebMMediaFactory (594)
[2019.12.04-03.55.53:092][175]LogModuleManager: Shutting down and abandoning module WebMMediaEditor (592)
[2019.12.04-03.55.53:092][175]LogModuleManager: Shutting down and abandoning module WebMMedia (590)
[2019.12.04-03.55.53:092][175]LogModuleManager: Shutting down and abandoning module MediaPlayerEditor (588)
[2019.12.04-03.55.53:092][175]LogModuleManager: Shutting down and abandoning module MediaCompositingEditor (586)
[2019.12.04-03.55.53:092][175]LogModuleManager: Shutting down and abandoning module SequenceRecorder (585)
[2019.12.04-03.55.53:093][175]LogModuleManager: Shutting down and abandoning module OpenExrWrapper (582)
[2019.12.04-03.55.53:093][175]LogModuleManager: Shutting down and abandoning module ImgMediaFactory (580)
[2019.12.04-03.55.53:093][175]LogModuleManager: Shutting down and abandoning module ImgMediaEditor (578)
[2019.12.04-03.55.53:093][175]LogModuleManager: Shutting down and abandoning module AvfMediaFactory (576)
[2019.12.04-03.55.53:093][175]LogModuleManager: Shutting down and abandoning module AvfMediaEditor (574)
[2019.12.04-03.55.53:093][175]LogModuleManager: Shutting down and abandoning module AndroidMediaFactory (572)
[2019.12.04-03.55.53:093][175]LogModuleManager: Shutting down and abandoning module AndroidMediaEditor (570)
[2019.12.04-03.55.53:093][175]LogModuleManager: Shutting down and abandoning module MagicLeapCameraPreviewFactory (568)
[2019.12.04-03.55.53:093][175]LogModuleManager: Shutting down and abandoning module MagicLeapMediaCodecFactory (566)
[2019.12.04-03.55.53:093][175]LogModuleManager: Shutting down and abandoning module MagicLeapMediaFactory (564)
[2019.12.04-03.55.53:093][175]LogModuleManager: Shutting down and abandoning module MagicLeapMediaEditor (562)
[2019.12.04-03.55.53:093][175]LogModuleManager: Shutting down and abandoning module CharacterAI (560)
[2019.12.04-03.55.53:093][175]LogModuleManager: Shutting down and abandoning module SmartSnapping (558)
[2019.12.04-03.55.53:093][175]LogModuleManager: Shutting down and abandoning module SessionServices (556)
[2019.12.04-03.55.53:093][175]LogModuleManager: Shutting down and abandoning module MeshPaint (554)
[2019.12.04-03.55.53:093][175]LogModuleManager: Shutting down and abandoning module ViewportSnapping (552)
[2019.12.04-03.55.53:093][175]LogModuleManager: Shutting down and abandoning module ViewportInteraction (550)
[2019.12.04-03.55.53:093][175]LogModuleManager: Shutting down and abandoning module ClothPainter (548)
[2019.12.04-03.55.53:093][175]LogModuleManager: Shutting down and abandoning module SkeletalMeshEditor (547)
[2019.12.04-03.55.53:093][175]LogModuleManager: Shutting down and abandoning module LogVisualizer (544)
[2019.12.04-03.55.53:093][175]LogModuleManager: Shutting down and abandoning module IntroTutorials (542)
[2019.12.04-03.55.53:093][175]LogModuleManager: Shutting down and abandoning module GameProjectGeneration (541)
[2019.12.04-03.55.53:093][175]LogModuleManager: Shutting down and abandoning module LuminPlatformEditor (538)
[2019.12.04-03.55.53:093][175]LogModuleManager: Shutting down and abandoning module IOSPlatformEditor (536)
[2019.12.04-03.55.53:093][175]LogModuleManager: Shutting down and abandoning module HTML5PlatformEditor (534)
[2019.12.04-03.55.53:093][175]LogModuleManager: Shutting down and abandoning module AndroidPlatformEditor (532)
[2019.12.04-03.55.53:093][175]LogModuleManager: Shutting down and abandoning module AndroidDeviceDetection (531)
[2019.12.04-03.55.53:532][175]LogModuleManager: Shutting down and abandoning module WindowsPlatformEditor (528)
[2019.12.04-03.55.53:532][175]LogModuleManager: Shutting down and abandoning module LuminRuntimeSettings (526)
[2019.12.04-03.55.53:532][175]LogModuleManager: Shutting down and abandoning module IOSRuntimeSettings (524)
[2019.12.04-03.55.53:532][175]LogModuleManager: Shutting down and abandoning module AndroidRuntimeSettings (522)
[2019.12.04-03.55.53:532][175]LogModuleManager: Shutting down and abandoning module TimeManagementEditor (520)
[2019.12.04-03.55.53:532][175]LogModuleManager: Shutting down and abandoning module InputBindingEditor (518)
[2019.12.04-03.55.53:532][175]LogModuleManager: Shutting down and abandoning module MergeActors (516)
[2019.12.04-03.55.53:532][175]LogModuleManager: Shutting down and abandoning module LocalizationDashboard (514)
[2019.12.04-03.55.53:532][175]LogModuleManager: Shutting down and abandoning module LocalizationService (513)
[2019.12.04-03.55.53:533][175]LogModuleManager: Shutting down and abandoning module HardwareTargeting (510)
[2019.12.04-03.55.53:533][175]LogModuleManager: Shutting down and abandoning module DeviceProfileEditor (508)
[2019.12.04-03.55.53:533][175]LogModuleManager: Shutting down and abandoning module UndoHistory (506)
[2019.12.04-03.55.53:533][175]LogModuleManager: Shutting down and abandoning module XmlParser (504)
[2019.12.04-03.55.53:533][175]LogModuleManager: Shutting down and abandoning module Blutility (502)
[2019.12.04-03.55.53:533][175]LogModuleManager: Shutting down and abandoning module ProjectSettingsViewer (500)
[2019.12.04-03.55.53:533][175]LogModuleManager: Shutting down and abandoning module ProjectTargetPlatformEditor (499)
[2019.12.04-03.55.53:533][175]LogModuleManager: Shutting down and abandoning module EditorSettingsViewer (496)
[2019.12.04-03.55.53:533][175]LogModuleManager: Shutting down and abandoning module SettingsEditor (494)
[2019.12.04-03.55.53:533][175]LogModuleManager: Shutting down and abandoning module ProjectLauncher (492)
[2019.12.04-03.55.53:533][175]LogModuleManager: Shutting down and abandoning module SessionFrontend (490)
[2019.12.04-03.55.53:533][175]LogModuleManager: Shutting down and abandoning module ProfilerClient (488)
[2019.12.04-03.55.53:533][175]LogModuleManager: Shutting down and abandoning module DeviceManager (486)
[2019.12.04-03.55.53:533][175]LogModuleManager: Shutting down and abandoning module TargetDeviceServices (485)
[2019.12.04-03.55.53:588][175]LogModuleManager: Shutting down and abandoning module AutomationController (482)
[2019.12.04-03.55.53:588][175]LogModuleManager: Shutting down and abandoning module AutomationWindow (480)
[2019.12.04-03.55.53:588][175]LogModuleManager: Shutting down and abandoning module Layers (478)
[2019.12.04-03.55.53:588][175]LogModuleManager: Shutting down and abandoning module ComponentVisualizers (476)
[2019.12.04-03.55.53:588][175]LogModuleManager: Shutting down and abandoning module DetailCustomizations (474)
[2019.12.04-03.55.53:588][175]LogModuleManager: Shutting down and abandoning module PackagesDialog (472)
[2019.12.04-03.55.53:588][175]LogModuleManager: Shutting down and abandoning module AnimationBlueprintEditor (470)
[2019.12.04-03.55.53:588][175]LogModuleManager: Shutting down and abandoning module Persona (468)
[2019.12.04-03.55.53:588][175]LogModuleManager: Shutting down and abandoning module AdvancedPreviewScene (467)
[2019.12.04-03.55.53:588][175]LogModuleManager: Shutting down and abandoning module AnimGraph (465)
[2019.12.04-03.55.53:588][175]LogModuleManager: Shutting down and abandoning module Kismet (462)
[2019.12.04-03.55.53:591][175]LogModuleManager: Shutting down and abandoning module GraphEditor (460)
[2019.12.04-03.55.53:591][175]LogModuleManager: Shutting down and abandoning module ClassViewer (458)
[2019.12.04-03.55.53:591][175]LogModuleManager: Shutting down and abandoning module Toolbox (456)
[2019.12.04-03.55.53:591][175]LogModuleManager: Shutting down and abandoning module DesktopPlatform (455)
[2019.12.04-03.55.53:591][175]LogModuleManager: Shutting down and abandoning module ModuleUI (452)
[2019.12.04-03.55.53:591][175]LogModuleManager: Shutting down and abandoning module MovieSceneTools (450)
[2019.12.04-03.55.53:591][175]LogModuleManager: Shutting down and abandoning module OutputLog (448)
[2019.12.04-03.55.53:591][175]LogModuleManager: Shutting down and abandoning module GammaUI (446)
[2019.12.04-03.55.53:591][175]LogModuleManager: Shutting down and abandoning module Documentation (444)
[2019.12.04-03.55.53:591][175]LogModuleManager: Shutting down and abandoning module LiveCoding (442)
[2019.12.04-03.55.53:591][175]LogModuleManager: Shutting down and abandoning module LevelSequence (440)
[2019.12.04-03.55.53:591][175]LogModuleManager: Shutting down and abandoning module MovieSceneTracks (438)
[2019.12.04-03.55.53:591][175]LogModuleManager: Shutting down and abandoning module MovieScene (436)
[2019.12.04-03.55.53:591][175]LogModuleManager: Shutting down and abandoning module StreamingPauseRendering (434)
[2019.12.04-03.55.53:591][175]LogModuleManager: Shutting down and abandoning module LauncherPlatform (432)
[2019.12.04-03.55.53:591][175]LogModuleManager: Shutting down and abandoning module AnalyticsET (430)
[2019.12.04-03.55.53:591][175]LogModuleManager: Shutting down and abandoning module PortalServices (428)
[2019.12.04-03.55.53:591][175]LogModuleManager: Shutting down and abandoning module PortalRpc (426)
[2019.12.04-03.55.53:591][175]LogModuleManager: Shutting down and abandoning module MessagingRpc (424)
[2019.12.04-03.55.53:591][175]LogModuleManager: Shutting down and abandoning module AIModule (422)
[2019.12.04-03.55.53:591][175]LogModuleManager: Shutting down and abandoning module GameplayDebugger (421)
[2019.12.04-03.55.53:591][175]LogModuleManager: Shutting down and abandoning module AITestSuite (419)
[2019.12.04-03.55.53:591][175]LogModuleManager: Shutting down and abandoning module NavigationSystem (417)
[2019.12.04-03.55.53:591][175]LogModuleManager: Shutting down and abandoning module ImageWriteQueue (414)
[2019.12.04-03.55.53:595][175]LogModuleManager: Shutting down and abandoning module ProfilerService (412)
[2019.12.04-03.55.53:729][175]LogModuleManager: Shutting down and abandoning module TaskGraph (410)
[2019.12.04-03.55.53:729][175]LogModuleManager: Shutting down and abandoning module SteamVRController (408)
[2019.12.04-03.55.53:729][175]LogModuleManager: Shutting down and abandoning module ProceduralMeshComponentEditor (406)
[2019.12.04-03.55.53:730][175]LogModuleManager: Shutting down and abandoning module ProceduralMeshComponent (404)
[2019.12.04-03.55.53:730][175]LogModuleManager: Shutting down and abandoning module OculusEditor (402)
[2019.12.04-03.55.53:730][175]LogModuleManager: Shutting down and abandoning module OculusInput (400)
[2019.12.04-03.55.53:730][175]LogModuleManager: Shutting down and abandoning module MobilePatchingUtils (398)
[2019.12.04-03.55.53:730][175]LogModuleManager: Shutting down and abandoning module EditableMesh (396)
[2019.12.04-03.55.53:730][175]LogModuleManager: Shutting down and abandoning module CustomMeshComponent (394)
[2019.12.04-03.55.53:730][175]LogModuleManager: Shutting down and abandoning module CableComponent (392)
[2019.12.04-03.55.53:730][175]LogModuleManager: Shutting down and abandoning module AudioCapture (390)
[2019.12.04-03.55.53:730][175]LogModuleManager: Shutting down and abandoning module ArchVisCharacter (388)
[2019.12.04-03.55.53:730][175]LogModuleManager: Shutting down and abandoning module AndroidPermission (386)
[2019.12.04-03.55.53:730][175]LogModuleManager: Shutting down and abandoning module NUTUnrealEngine4 (384)
[2019.12.04-03.55.53:730][175]LogModuleManager: Shutting down and abandoning module NetcodeUnitTest (382)
[2019.12.04-03.55.53:730][175]LogModuleManager: Shutting down and abandoning module MediaCompositing (380)
[2019.12.04-03.55.53:730][175]LogModuleManager: Shutting down and abandoning module LinearTimecode (378)
[2019.12.04-03.55.53:730][175]LogModuleManager: Shutting down and abandoning module ImgMedia (376)
[2019.12.04-03.55.53:730][175]LogModuleManager: Shutting down and abandoning module MagicLeapHelperVulkan (374)
[2019.12.04-03.55.53:731][175]LogModuleManager: Shutting down and abandoning module MagicLeapHelperOpenGL (372)
[2019.12.04-03.55.53:731][175]LogModuleManager: Shutting down and abandoning module MagicLeapAudio (370)
[2019.12.04-03.55.53:731][175]LogModuleManager: Shutting down and abandoning module HTML5Networking (368)
[2019.12.04-03.55.53:731][175]LogModuleManager: Shutting down and abandoning module GeometryCacheTracks (366)
[2019.12.04-03.55.53:731][175]LogModuleManager: Shutting down and abandoning module GeometryCacheSequencer (364)
[2019.12.04-03.55.53:731][175]LogModuleManager: Shutting down and abandoning module BackChannel (362)
[2019.12.04-03.55.53:731][175]LogModuleManager: Shutting down and abandoning module AppleVision (360)
[2019.12.04-03.55.53:731][175]LogModuleManager: Shutting down and abandoning module AppleImageUtilsBlueprintSupport (358)
[2019.12.04-03.55.53:731][175]LogModuleManager: Shutting down and abandoning module AppleImageUtils (356)
[2019.12.04-03.55.53:731][175]LogModuleManager: Shutting down and abandoning module AlembicImporter (354)
[2019.12.04-03.55.53:731][175]LogModuleManager: Shutting down and abandoning module AlembicLibrary (353)
[2019.12.04-03.55.53:731][175]LogModuleManager: Shutting down and abandoning module GeometryCache (352)
[2019.12.04-03.55.53:731][175]LogModuleManager: Shutting down and abandoning module GeometryCacheEd (351)
[2019.12.04-03.55.53:731][175]LogModuleManager: Shutting down and abandoning module VariantManagerContent (346)
[2019.12.04-03.55.53:731][175]LogModuleManager: Shutting down and abandoning module DatasmithContentEditor (344)
[2019.12.04-03.55.53:731][175]LogModuleManager: Shutting down and abandoning module SpeedTreeImporter (342)
[2019.12.04-03.55.53:731][175]LogModuleManager: Shutting down and abandoning module PluginBrowser (340)
[2019.12.04-03.55.53:732][175]LogModuleManager: Shutting down and abandoning module MobileLauncherProfileWizard (338)
[2019.12.04-03.55.53:732][175]LogModuleManager: Shutting down and abandoning module MaterialAnalyzer (336)
[2019.12.04-03.55.53:732][175]LogModuleManager: Shutting down and abandoning module CryptoKeysOpenSSL (334)
[2019.12.04-03.55.53:732][175]LogModuleManager: Shutting down and abandoning module CryptoKeys (332)
[2019.12.04-03.55.53:732][175]LogModuleManager: Shutting down and abandoning module VisualStudioSourceCodeAccess (330)
[2019.12.04-03.55.53:732][175]LogModuleManager: Shutting down and abandoning module VisualStudioCodeSourceCodeAccess (328)
[2019.12.04-03.55.53:732][175]LogModuleManager: Shutting down and abandoning module UObjectPlugin (326)
[2019.12.04-03.55.53:732][175]LogModuleManager: Shutting down and abandoning module SubversionSourceControl (324)
[2019.12.04-03.55.53:732][175]LogModuleManager: Shutting down and abandoning module PerforceSourceControl (322)
[2019.12.04-03.55.53:732][175]LogModuleManager: Shutting down and abandoning module GitSourceControl (320)
[2019.12.04-03.55.53:732][175]LogModuleManager: Shutting down and abandoning module SourceControl (319)
[2019.12.04-03.55.53:732][175]LogModuleManager: Shutting down and abandoning module CLionSourceCodeAccess (316)
[2019.12.04-03.55.53:733][175]LogModuleManager: Shutting down and abandoning module AnimationSharingEd (314)
[2019.12.04-03.55.53:733][175]LogModuleManager: Shutting down and abandoning module ActorLayerUtilitiesEditor (312)
[2019.12.04-03.55.53:733][175]LogModuleManager: Shutting down and abandoning module ActorLayerUtilities (310)
[2019.12.04-03.55.53:733][175]LogModuleManager: Shutting down and abandoning module LightPropagationVolumeEditor (308)
[2019.12.04-03.55.53:733][175]LogModuleManager: Shutting down and abandoning module PaperTiledImporter (306)
[2019.12.04-03.55.53:733][175]LogModuleManager: Shutting down and abandoning module PaperSpriteSheetImporter (304)
[2019.12.04-03.55.53:733][175]LogModuleManager: Shutting down and abandoning module Paper2DEditor (302)
[2019.12.04-03.55.53:733][175]LogModuleManager: Shutting down and abandoning module MonsterComing (300)
[2019.12.04-03.55.53:733][175]LogModuleManager: Shutting down and abandoning module SignificanceManager (298)
[2019.12.04-03.55.53:733][175]LogModuleManager: Shutting down and abandoning module RuntimePhysXCooking (296)
[2019.12.04-03.55.53:733][175]LogModuleManager: Shutting down and abandoning module PhysXVehiclesEditor (294)
[2019.12.04-03.55.53:733][175]LogModuleManager: Shutting down and abandoning module PhysXVehicles (292)
[2019.12.04-03.55.53:733][175]LogModuleManager: Shutting down and abandoning module LocationServicesBPLibrary (290)
[2019.12.04-03.55.53:733][175]LogModuleManager: Shutting down and abandoning module ApexDestructionEditor (288)
[2019.12.04-03.55.53:733][175]LogModuleManager: Shutting down and abandoning module ApexDestruction (286)
[2019.12.04-03.55.53:734][175]LogModuleManager: Shutting down and abandoning module ActorSequence (284)
[2019.12.04-03.55.53:734][175]LogModuleManager: Shutting down and abandoning module UdpMessaging (282)
[2019.12.04-03.55.53:835][175]LogModuleManager: Shutting down and abandoning module TcpMessaging (280)
[2019.12.04-03.55.53:936][175]LogModuleManager: Shutting down and abandoning module MagicLeapIdentity (278)
[2019.12.04-03.55.53:936][175]LogModuleManager: Shutting down and abandoning module MagicLeapSecureStorage (276)
[2019.12.04-03.55.53:936][175]LogModuleManager: Shutting down and abandoning module MagicLeapHandTracking (274)
[2019.12.04-03.55.53:936][175]LogModuleManager: Shutting down and abandoning module MagicLeapEyeTracker (272)
[2019.12.04-03.55.53:936][175]LogModuleManager: Shutting down and abandoning module MagicLeapController (270)
[2019.12.04-03.55.53:936][175]LogSlate: Slate User Destroyed.  User Index 0, Is Virtual User: 0
[2019.12.04-03.55.53:936][175]LogModuleManager: Shutting down and abandoning module MagicLeapAR (268)
[2019.12.04-03.55.53:936][175]LogModuleManager: Shutting down and abandoning module AugmentedReality (267)
[2019.12.04-03.55.53:936][175]LogModuleManager: Shutting down and abandoning module GameplayTagsEditor (264)
[2019.12.04-03.55.53:936][175]LogModuleManager: Shutting down and abandoning module FacialAnimationEditor (262)
[2019.12.04-03.55.53:937][175]LogModuleManager: Shutting down and abandoning module FacialAnimation (260)
[2019.12.04-03.55.53:937][175]LogModuleManager: Shutting down and abandoning module DataValidation (258)
[2019.12.04-03.55.53:937][175]LogModuleManager: Shutting down and abandoning module AssetManagerEditor (256)
[2019.12.04-03.55.53:937][175]LogModuleManager: Shutting down and abandoning module LevelEditor (255)
[2019.12.04-03.55.53:938][175]LogModuleManager: Shutting down and abandoning module PixelInspectorModule (254)
[2019.12.04-03.55.53:938][175]LogModuleManager: Shutting down and abandoning module CommonMenuExtensions (252)
[2019.12.04-03.55.53:939][175]LogModuleManager: Shutting down and abandoning module MainFrame (250)
[2019.12.04-03.55.53:939][175]LogModuleManager: Shutting down and abandoning module HotReload (249)
[2019.12.04-03.55.53:940][175]LogModuleManager: Shutting down and abandoning module ContentBrowser (245)
[2019.12.04-03.55.53:942][175]LogModuleManager: Shutting down and abandoning module TreeMap (243)
[2019.12.04-03.55.53:942][175]LogModuleManager: Shutting down and abandoning module AnimationSharing (240)
[2019.12.04-03.55.53:942][175]LogModuleManager: Shutting down and abandoning module LightPropagationVolumeRuntime (238)
[2019.12.04-03.55.53:942][175]LogModuleManager: Shutting down and abandoning module AISupportModule (236)
[2019.12.04-03.55.53:942][175]LogModuleManager: Shutting down and abandoning module Paper2D (234)
[2019.12.04-03.55.53:942][175]LogModuleManager: Shutting down and abandoning module WindowsMoviePlayer (232)
[2019.12.04-03.55.53:942][175]LogModuleManager: Shutting down and abandoning module WebMMoviePlayer (230)
[2019.12.04-03.55.53:942][175]LogModuleManager: Shutting down and abandoning module PacketHandler (228)
[2019.12.04-03.55.53:943][175]LogModuleManager: Shutting down and abandoning module ClothingSystemEditor (226)
[2019.12.04-03.55.53:943][175]LogModuleManager: Shutting down and abandoning module ClothingSystemRuntime (224)
[2019.12.04-03.55.53:943][175]LogModuleManager: Shutting down and abandoning module MediaAssets (222)
[2019.12.04-03.55.53:943][175]LogModuleManager: Shutting down and abandoning module Overlay (220)
[2019.12.04-03.55.53:943][175]LogModuleManager: Shutting down and abandoning module OverlayEditor (219)
[2019.12.04-03.55.53:943][175]LogModuleManager: Shutting down and abandoning module VREditor (216)
[2019.12.04-03.55.53:943][175]LogModuleManager: Shutting down and abandoning module StringTableEditor (214)
[2019.12.04-03.55.53:943][175]LogModuleManager: Shutting down and abandoning module GameplayTasksEditor (212)
[2019.12.04-03.55.53:943][175]LogModuleManager: Shutting down and abandoning module BehaviorTreeEditor (210)
[2019.12.04-03.55.53:943][175]LogModuleManager: Shutting down and abandoning module FunctionalTesting (208)
[2019.12.04-03.55.53:943][175]LogModuleManager: Shutting down and abandoning module CollisionAnalyzer (206)
[2019.12.04-03.55.53:943][175]LogModuleManager: Shutting down and abandoning module WorkspaceMenuStructure (205)
[2019.12.04-03.55.53:943][175]LogModuleManager: Shutting down and abandoning module UMG (202)
[2019.12.04-03.55.53:943][175]LogModuleManager: Shutting down and abandoning module UMGEditor (201)
[2019.12.04-03.55.53:944][175]LogModuleManager: Shutting down and abandoning module Sequencer (200)
[2019.12.04-03.55.53:944][175]LogModuleManager: Shutting down and abandoning module MessageLog (197)
[2019.12.04-03.55.53:944][175]LogModuleManager: Shutting down and abandoning module SlateReflector (192)
[2019.12.04-03.55.53:944][175]LogModuleManager: Shutting down and abandoning module Slate (190)
[2019.12.04-03.55.53:944][175]LogModuleManager: Shutting down and abandoning module EditorStyle (188)
[2019.12.04-03.55.53:947][175]LogModuleManager: Shutting down and abandoning module UnrealEd (186)
[2019.12.04-03.55.53:948][175]LogModuleManager: Shutting down and abandoning module MRMesh (184)
[2019.12.04-03.55.53:948][175]LogModuleManager: Shutting down and abandoning module SourceCodeAccess (182)
[2019.12.04-03.55.53:948][175]LogModuleManager: Shutting down and abandoning module HeadMountedDisplay (180)
[2019.12.04-03.55.53:948][175]LogModuleManager: Shutting down and abandoning module XAudio2 (178)
[2019.12.04-03.55.53:948][175]LogModuleManager: Shutting down and abandoning module Networking (176)
[2019.12.04-03.55.53:948][175]LogModuleManager: Shutting down and abandoning module Core (174)
[2019.12.04-03.55.53:948][175]LogModuleManager: Shutting down and abandoning module KismetCompiler (172)
[2019.12.04-03.55.53:948][175]LogModuleManager: Shutting down and abandoning module MeshUtilities (170)
[2019.12.04-03.55.53:948][175]LogModuleManager: Shutting down and abandoning module MeshMergeUtilities (169)
[2019.12.04-03.55.53:948][175]LogModuleManager: Shutting down and abandoning module MeshReductionInterface (168)
[2019.12.04-03.55.53:948][175]LogModuleManager: Shutting down and abandoning module SkeletalMeshReduction (167)
[2019.12.04-03.55.53:948][175]LogModuleManager: Shutting down and abandoning module ProxyLODMeshReduction (165)
[2019.12.04-03.55.53:948][175]LogModuleManager: Shutting down and abandoning module QuadricMeshReduction (163)
[2019.12.04-03.55.53:948][175]LogModuleManager: Shutting down and abandoning module MaterialBaking (159)
[2019.12.04-03.55.53:948][175]LogModuleManager: Shutting down and abandoning module DerivedDataCache (154)
[2019.12.04-03.55.53:967][175]LogDerivedDataCache: Shutdown
[2019.12.04-03.55.53:967][175]LogModuleManager: Shutting down and abandoning module XGEController (152)
[2019.12.04-03.55.53:968][175]LogModuleManager: Shutting down and abandoning module TargetPlatform (150)
[2019.12.04-03.55.53:968][175]LogModuleManager: Shutting down and abandoning module VulkanShaderFormat (149)
[2019.12.04-03.55.53:968][175]LogModuleManager: Shutting down and abandoning module ShaderFormatVectorVM (147)
[2019.12.04-03.55.53:968][175]LogModuleManager: Shutting down and abandoning module ShaderFormatOpenGL (145)
[2019.12.04-03.55.53:968][175]LogModuleManager: Shutting down and abandoning module ShaderFormatD3D (143)
[2019.12.04-03.55.53:968][175]LogModuleManager: Shutting down and abandoning module MetalShaderFormat (141)
[2019.12.04-03.55.53:968][175]LogModuleManager: Shutting down and abandoning module TextureFormatUncompressed (139)
[2019.12.04-03.55.53:968][175]LogModuleManager: Shutting down and abandoning module TextureFormatPVR (137)
[2019.12.04-03.55.53:968][175]LogModuleManager: Shutting down and abandoning module TextureFormatDXT (135)
[2019.12.04-03.55.53:968][175]LogModuleManager: Shutting down and abandoning module TextureFormatIntelISPCTexComp (133)
[2019.12.04-03.55.53:969][175]LogModuleManager: Shutting down and abandoning module TextureFormatASTC (131)
[2019.12.04-03.55.53:969][175]LogModuleManager: Shutting down and abandoning module ImageWrapper (130)
[2019.12.04-03.55.53:969][175]LogModuleManager: Shutting down and abandoning module TextureFormatAndroid (127)
[2019.12.04-03.55.53:969][175]LogModuleManager: Shutting down and abandoning module AudioFormatOpus (125)
[2019.12.04-03.55.53:969][175]LogModuleManager: Shutting down and abandoning module AudioFormatOgg (123)
[2019.12.04-03.55.53:970][175]LogModuleManager: Shutting down and abandoning module AudioFormatADPCM (121)
[2019.12.04-03.55.53:970][175]LogModuleManager: Shutting down and abandoning module LuminTargetPlatform (119)
[2019.12.04-03.55.53:971][175]LogModuleManager: Shutting down and abandoning module LinuxTargetPlatform (117)
[2019.12.04-03.55.53:971][175]LogModuleManager: Shutting down and abandoning module LinuxServerTargetPlatform (115)
[2019.12.04-03.55.53:971][175]LogModuleManager: Shutting down and abandoning module LinuxNoEditorTargetPlatform (113)
[2019.12.04-03.55.53:971][175]LogModuleManager: Shutting down and abandoning module LinuxClientTargetPlatform (111)
[2019.12.04-03.55.53:971][175]LogModuleManager: Shutting down and abandoning module TVOSTargetPlatform (109)
[2019.12.04-03.55.53:973][175]LogModuleManager: Shutting down and abandoning module Messaging (107)
[2019.12.04-03.55.53:973][175]LogModuleManager: Shutting down and abandoning module IOSTargetPlatform (105)
[2019.12.04-03.55.53:974][175]LogModuleManager: Shutting down and abandoning module HTML5TargetPlatform (103)
[2019.12.04-03.55.53:974][175]LogModuleManager: Shutting down and abandoning module AndroidTargetPlatform (101)
[2019.12.04-03.55.53:986][175]LogModuleManager: Shutting down and abandoning module WindowsTargetPlatform (99)
[2019.12.04-03.55.53:986][175]LogModuleManager: Shutting down and abandoning module WindowsServerTargetPlatform (97)
[2019.12.04-03.55.53:986][175]LogModuleManager: Shutting down and abandoning module WindowsNoEditorTargetPlatform (95)
[2019.12.04-03.55.53:986][175]LogModuleManager: Shutting down and abandoning module WindowsClientTargetPlatform (93)
[2019.12.04-03.55.53:986][175]LogModuleManager: Shutting down and abandoning module MacTargetPlatform (91)
[2019.12.04-03.55.53:987][175]LogModuleManager: Shutting down and abandoning module MacServerTargetPlatform (89)
[2019.12.04-03.55.53:987][175]LogModuleManager: Shutting down and abandoning module MacNoEditorTargetPlatform (87)
[2019.12.04-03.55.53:987][175]LogModuleManager: Shutting down and abandoning module MacClientTargetPlatform (85)
[2019.12.04-03.55.53:987][175]LogModuleManager: Shutting down and abandoning module AllDesktopTargetPlatform (83)
[2019.12.04-03.55.53:987][175]LogModuleManager: Shutting down and abandoning module InputCore (80)
[2019.12.04-03.55.53:987][175]LogModuleManager: Shutting down and abandoning module Settings (78)
[2019.12.04-03.55.53:987][175]LogModuleManager: Shutting down and abandoning module DirectoryWatcher (76)
[2019.12.04-03.55.53:987][175]LogModuleManager: Shutting down and abandoning module PhysXCooking (74)
[2019.12.04-03.55.53:987][175]LogModuleManager: Shutting down and abandoning module SteamVR (72)
[2019.12.04-03.55.53:987][175]LogHMD: Freeing OpenVRDLLHandle.
[2019.12.04-03.55.53:987][175]LogModuleManager: Shutting down and abandoning module OculusHMD (70)
[2019.12.04-03.55.53:988][175]LogModuleManager: Shutting down and abandoning module ExampleDeviceProfileSelector (68)
[2019.12.04-03.55.53:988][175]LogModuleManager: Shutting down and abandoning module LauncherChunkInstaller (66)
[2019.12.04-03.55.53:988][175]LogModuleManager: Shutting down and abandoning module OnlineBlueprintSupport (64)
[2019.12.04-03.55.53:988][175]LogModuleManager: Shutting down and abandoning module OnlineSubsystem (60)
[2019.12.04-03.55.53:990][175]LogModuleManager: Shutting down and abandoning module XMPP (55)
[2019.12.04-03.55.53:990][175]LogModuleManager: Shutting down and abandoning module WebSockets (54)
[2019.12.04-03.55.54:025][175]LogModuleManager: Shutting down and abandoning module HTTP (51)
[2019.12.04-03.55.54:025][175]LogHttp: Display: Http module shutting down, but needs to wait on 1 outstanding Http requests:
[2019.12.04-03.55.54:025][175]LogHttp: Display: 	verb=[POST] url=[https://datarouter.ol.epicgames.com/datarouter/api/v1/public/data?SessionID=%7B745A6262-4006-BD0F-070E-879B0400CB77%7D&AppID=UEEditor.Rocket.Release&AppVersion=4.22.3-7053642%2B%2B%2BUE4%2BRelease-4.22&UserID=ef2f5c8649f0267fa64ac68aff20130c%7C1dfc638ec86741f1b1e32a567437f98b%7Cb164def0-1320-4638-aca7-8d9781628cee&AppEnvironment=datacollector-binary&UploadType=eteventstream] status=Processing
[2019.12.04-03.55.54:058][175]LogModuleManager: Shutting down and abandoning module SSL (50)
[2019.12.04-03.55.54:062][175]LogModuleManager: Shutting down and abandoning module WmfMedia (46)
[2019.12.04-03.55.54:067][175]LogModuleManager: Shutting down and abandoning module Media (45)
[2019.12.04-03.55.54:075][175]LogModuleManager: Shutting down and abandoning module MagicLeap (42)
[2019.12.04-03.55.54:075][175]LogModuleManager: Shutting down and abandoning module DatasmithContent (40)
[2019.12.04-03.55.54:076][175]LogModuleManager: Shutting down and abandoning module AnimationModifiers (38)
[2019.12.04-03.55.54:076][175]LogModuleManager: Shutting down and abandoning module PropertyEditor (37)
[2019.12.04-03.55.54:076][175]LogModuleManager: Shutting down and abandoning module AudioEditor (34)
[2019.12.04-03.55.54:077][175]LogModuleManager: Shutting down and abandoning module TextureCompressor (32)
[2019.12.04-03.55.54:078][175]LogModuleManager: Shutting down and abandoning module RenderCore (30)
[2019.12.04-03.55.54:078][175]LogModuleManager: Shutting down and abandoning module Landscape (28)
[2019.12.04-03.55.54:078][175]LogModuleManager: Shutting down and abandoning module SlateRHIRenderer (26)
[2019.12.04-03.55.54:079][175]LogModuleManager: Shutting down and abandoning module OpenGLDrv (24)
[2019.12.04-03.55.54:079][175]LogModuleManager: Shutting down and abandoning module D3D11RHI (22)
[2019.12.04-03.55.54:079][175]LogModuleManager: Shutting down and abandoning module AnimGraphRuntime (20)
[2019.12.04-03.55.54:079][175]LogModuleManager: Shutting down and abandoning module Renderer (18)
[2019.12.04-03.55.54:079][175]LogModuleManager: Shutting down and abandoning module Engine (16)
[2019.12.04-03.55.54:080][175]LogModuleManager: Shutting down and abandoning module CoreUObject (14)
[2019.12.04-03.55.54:080][175]LogModuleManager: Shutting down and abandoning module NetworkFile (12)
[2019.12.04-03.55.54:080][175]LogModuleManager: Shutting down and abandoning module CookedIterativeFile (10)
[2019.12.04-03.55.54:080][175]LogModuleManager: Shutting down and abandoning module StreamingFile (8)
[2019.12.04-03.55.54:080][175]LogModuleManager: Shutting down and abandoning module SandboxFile (6)
[2019.12.04-03.55.54:080][175]LogModuleManager: Shutting down and abandoning module PakFile (4)
[2019.12.04-03.55.54:080][175]LogModuleManager: Shutting down and abandoning module RSA (3)
[2019.12.04-03.55.54:104][175]LogExit: Exiting.
[2019.12.04-03.55.54:122][175]Log file closed, 12/04/19 14:55:54
