Log file open, 12/04/19 14:25:17
LogWindows: Failed to load 'aqProf.dll' (GetLastError=126)
LogWindows: File 'aqProf.dll' does not exist
LogWindows: Failed to load 'VtuneApi.dll' (GetLastError=126)
LogWindows: File 'VtuneApi.dll' does not exist
LogWindows: Failed to load 'VtuneApi32e.dll' (GetLastError=126)
LogWindows: File 'VtuneApi32e.dll' does not exist
LogConsoleResponse: Display: Failed to find resolution value strings in scalability ini. Falling back to default.
LogInit: Display: Running engine for game: MonsterComing
LogPakFile: Registered encryption key '00000000000000000000000000000000': 0 pak files mounted, 0 remain pending
LogPlatformFile: Not using cached read wrapper
LogTaskGraph: Started task graph with 5 named threads and 23 total threads with 3 sets of task threads.
LogStats: Stats thread started at 0.287905
LogD3D11RHI: Loaded GFSDK_Aftermath_Lib.x64.dll
LogICUInternationalization: ICU TimeZone Detection - Raw Offset: +10:00, Platform Override: ''
LogPluginManager: Mounting plugin Paper2D
LogPluginManager: Mounting plugin AISupport
LogPluginManager: Mounting plugin LightPropagationVolume
LogPluginManager: Mounting plugin ActorLayerUtilities
LogPluginManager: Mounting plugin AnimationSharing
LogPluginManager: Mounting plugin CLionSourceCodeAccess
LogPluginManager: Mounting plugin CodeLiteSourceCodeAccess
LogPluginManager: Mounting plugin GitSourceControl
LogPluginManager: Mounting plugin KDevelopSourceCodeAccess
LogPluginManager: Mounting plugin NullSourceCodeAccess
LogPluginManager: Mounting plugin PerforceSourceControl
LogPluginManager: Mounting plugin SubversionSourceControl
LogPluginManager: Mounting plugin UObjectPlugin
LogPluginManager: Mounting plugin VisualStudioCodeSourceCodeAccess
LogPluginManager: Mounting plugin VisualStudioSourceCodeAccess
LogPluginManager: Mounting plugin XCodeSourceCodeAccess
LogPluginManager: Mounting plugin AssetManagerEditor
LogPluginManager: Mounting plugin CryptoKeys
LogPluginManager: Mounting plugin DataValidation
LogPluginManager: Mounting plugin FacialAnimation
LogPluginManager: Mounting plugin GameplayTagsEditor
LogPluginManager: Mounting plugin MacGraphicsSwitching
LogPluginManager: Mounting plugin MaterialAnalyzer
LogPluginManager: Mounting plugin MobileLauncherProfileWizard
LogPluginManager: Mounting plugin PluginBrowser
LogPluginManager: Mounting plugin SpeedTreeImporter
LogPluginManager: Mounting plugin DatasmithContent
LogPluginManager: Mounting plugin VariantManagerContent
LogPluginManager: Mounting plugin AlembicImporter
LogPluginManager: Mounting plugin AppleImageUtils
LogPluginManager: Mounting plugin AppleVision
LogPluginManager: Mounting plugin BackChannel
LogPluginManager: Mounting plugin CharacterAI
LogPluginManager: Mounting plugin GeometryCache
LogPluginManager: Mounting plugin HTML5Networking
LogPluginManager: Mounting plugin ProxyLODPlugin
LogPluginManager: Mounting plugin SkeletalReduction
LogPluginManager: Mounting plugin MagicLeap
LogPluginManager: Mounting plugin MagicLeapMedia
LogPluginManager: Mounting plugin AndroidMedia
LogPluginManager: Mounting plugin AvfMedia
LogPluginManager: Mounting plugin ImgMedia
LogPluginManager: Mounting plugin LinearTimecode
LogPluginManager: Mounting plugin MediaCompositing
LogPluginManager: Mounting plugin MediaPlayerEditor
LogPluginManager: Mounting plugin WebMMedia
LogPluginManager: Mounting plugin WmfMedia
LogPluginManager: Mounting plugin TcpMessaging
LogPluginManager: Mounting plugin UdpMessaging
LogPluginManager: Mounting plugin ActorSequence
LogPluginManager: Mounting plugin LevelSequenceEditor
LogPluginManager: Mounting plugin MatineeToLevelSequence
LogPluginManager: Mounting plugin NetcodeUnitTest
LogPluginManager: Mounting plugin NUTUnrealEngine4
LogPluginManager: Mounting plugin OnlineSubsystemGooglePlay
LogPluginManager: Mounting plugin OnlineSubsystemIOS
LogPluginManager: Mounting plugin OnlineSubsystem
LogPluginManager: Mounting plugin OnlineSubsystemNull
LogPluginManager: Mounting plugin OnlineSubsystemUtils
LogPluginManager: Mounting plugin LauncherChunkInstaller
LogPluginManager: Mounting plugin AndroidDeviceProfileSelector
LogPluginManager: Mounting plugin AndroidMoviePlayer
LogPluginManager: Mounting plugin AndroidPermission
LogPluginManager: Mounting plugin ApexDestruction
LogPluginManager: Mounting plugin AppleMoviePlayer
LogPluginManager: Mounting plugin ArchVisCharacter
LogPluginManager: Mounting plugin AudioCapture
LogPluginManager: Mounting plugin CableComponent
LogPluginManager: Mounting plugin CustomMeshComponent
LogPluginManager: Mounting plugin EditableMesh
LogPluginManager: Mounting plugin ExampleDeviceProfileSelector
LogPluginManager: Mounting plugin Firebase
LogPluginManager: Mounting plugin GoogleCloudMessaging
LogPluginManager: Mounting plugin IOSDeviceProfileSelector
LogPluginManager: Mounting plugin LinuxDeviceProfileSelector
LogPluginManager: Mounting plugin LocationServicesBPLibrary
LogPluginManager: Mounting plugin MobilePatchingUtils
LogPluginManager: Mounting plugin OculusVR
LogPluginManager: Mounting plugin PhysXVehicles
LogPluginManager: Mounting plugin ProceduralMeshComponent
LogPluginManager: Mounting plugin RuntimePhysXCooking
LogPluginManager: Mounting plugin SignificanceManager
LogPluginManager: Mounting plugin SteamVR
LogPluginManager: Mounting plugin WebMMoviePlayer
LogPluginManager: Mounting plugin WindowsMoviePlayer
LogInit: Using libcurl 7.55.1-DEV
LogInit:  - built for x86_64-pc-win32
LogInit:  - supports SSL with OpenSSL/1.1.1
LogInit:  - supports HTTP deflate (compression) using libz 1.2.8
LogInit:  - other features:
LogInit:      CURL_VERSION_SSL
LogInit:      CURL_VERSION_LIBZ
LogInit:      CURL_VERSION_IPV6
LogInit:      CURL_VERSION_ASYNCHDNS
LogInit:      CURL_VERSION_LARGEFILE
LogInit:      CURL_VERSION_IDN
LogInit:  CurlRequestOptions (configurable via config and command line):
LogInit:  - bVerifyPeer = true  - Libcurl will verify peer certificate
LogInit:  - bUseHttpProxy = false  - Libcurl will NOT use HTTP proxy
LogInit:  - bDontReuseConnections = false  - Libcurl will reuse connections
LogInit:  - MaxHostConnections = 16  - Libcurl will limit the number of connections to a host
LogInit:  - LocalHostAddr = Default
LogInit:  - BufferSize = 65536
LogInit: WinSock: version 1.1 (2.2), MaxSocks=32767, MaxUdp=65467
LogHMD: Failed initializing OVRPlugin 1.32.0
LogInit: Build: ++UE4+Release-4.22-CL-7053642
LogInit: Engine Version: 4.22.3-7053642+++UE4+Release-4.22
LogInit: Compatible Engine Version: 4.22.0-5660361+++UE4+Release-4.22
LogInit: Net CL: 5660361
LogInit: OS: Windows 10 (Release 1903) (), CPU: Intel(R) Core(TM) i7-6700 CPU @ 3.40GHz, GPU: NVIDIA GeForce GTX 980
LogInit: Compiled (64-bit): Jun 18 2019 03:09:11
LogInit: Compiled with Visual C++: 19.16.27025.01
LogInit: Build Configuration: Development
LogInit: Branch Name: ++UE4+Release-4.22
LogInit: Command Line: 
LogInit: Base Directory: C:/Program Files/Epic Games/UE_4.22/Engine/Binaries/Win64/
LogInit: Installed Engine Build: 1
LogDevObjectVersion: Number of dev versions registered: 23
LogDevObjectVersion:   Dev-Blueprints (B0D832E4-1F89-4F0D-ACCF-7EB736FD4AA2): 10
LogDevObjectVersion:   Dev-Build (E1C64328-A22C-4D53-A36C-8E866417BD8C): 0
LogDevObjectVersion:   Dev-Core (375EC13C-06E4-48FB-B500-84F0262A717E): 3
LogDevObjectVersion:   Dev-Editor (E4B068ED-F494-42E9-A231-DA0B2E46BB41): 30
LogDevObjectVersion:   Dev-Framework (CFFC743F-43B0-4480-9391-14DF171D2073): 35
LogDevObjectVersion:   Dev-Mobile (B02B49B5-BB20-44E9-A304-32B752E40360): 2
LogDevObjectVersion:   Dev-Networking (A4E4105C-59A1-49B5-A7C5-40C4547EDFEE): 0
LogDevObjectVersion:   Dev-Online (39C831C9-5AE6-47DC-9A44-9C173E1C8E7C): 0
LogDevObjectVersion:   Dev-Physics (78F01B33-EBEA-4F98-B9B4-84EACCB95AA2): 0
LogDevObjectVersion:   Dev-Platform (6631380F-2D4D-43E0-8009-CF276956A95A): 0
LogDevObjectVersion:   Dev-Rendering (12F88B9F-8875-4AFC-A67C-D90C383ABD29): 28
LogDevObjectVersion:   Dev-Sequencer (7B5AE74C-D270-4C10-A958-57980B212A5A): 11
LogDevObjectVersion:   Dev-VR (D7296918-1DD6-4BDD-9DE2-64A83CC13884): 2
LogDevObjectVersion:   Dev-LoadTimes (C2A15278-BFE7-4AFE-6C17-90FF531DF755): 1
LogDevObjectVersion:   Private-Geometry (6EACA3D4-40EC-4CC1-B786-8BED09428FC5): 3
LogDevObjectVersion:   Dev-AnimPhys (29E575DD-E0A3-4627-9D10-D276232CDCEA): 17
LogDevObjectVersion:   Dev-Anim (AF43A65D-7FD3-4947-9873-3E8ED9C1BB05): 2
LogDevObjectVersion:   Dev-ReflectionCapture (6B266CEC-1EC7-4B8F-A30B-E4D90942FC07): 1
LogDevObjectVersion:   Dev-Automation (0DF73D61-A23F-47EA-B727-89E90C41499A): 1
LogDevObjectVersion:   FortniteMain (601D1886-AC64-4F84-AA16-D3DE0DEAC7D6): 25
LogDevObjectVersion:   Dev-Enterprise (9DFFBCD6-494F-0158-E221-12823C92A888): 6
LogDevObjectVersion:   Dev-Niagara (F2AED0AC-9AFE-416F-8664-AA7FFA26D6FC): 1
LogDevObjectVersion:   Dev-Destruction (174F1F0B-B4C6-45A5-B13F-2EE8D0FB917D): 2
LogInit: Presizing for max 16777216 objects, including 0 objects not considered by GC, pre-allocating 0 bytes for permanent pool.
LogInit: Object subsystem initialized
LogConfig: Setting CVar [[con.DebugEarlyDefault:1]]
LogConfig: Setting CVar [[r.setres:1280x720]]
[2019.12.04-03.25.18:770][  0]LogConfig: Setting CVar [[r.VSync:0]]
[2019.12.04-03.25.18:770][  0]LogConfig: Setting CVar [[r.RHICmdBypass:0]]
[2019.12.04-03.25.18:770][  0]LogConfig: Applying CVar settings from Section [/Script/Engine.RendererSettings] File [D:/Studio1_Team3/MonsterComing/Saved/Config/Windows/Engine.ini]
[2019.12.04-03.25.18:770][  0]LogConfig: Setting CVar [[r.GPUCrashDebugging:0]]
[2019.12.04-03.25.18:770][  0]LogConfig: Applying CVar settings from Section [/Script/Engine.RendererOverrideSettings] File [D:/Studio1_Team3/MonsterComing/Saved/Config/Windows/Engine.ini]
[2019.12.04-03.25.18:770][  0]LogConfig: Applying CVar settings from Section [/Script/Engine.StreamingSettings] File [D:/Studio1_Team3/MonsterComing/Saved/Config/Windows/Engine.ini]
[2019.12.04-03.25.18:770][  0]LogConfig: Setting CVar [[s.MinBulkDataSizeForAsyncLoading:131072]]
[2019.12.04-03.25.18:770][  0]LogConfig: Setting CVar [[s.AsyncLoadingThreadEnabled:0]]
[2019.12.04-03.25.18:770][  0]LogConfig: Setting CVar [[s.EventDrivenLoaderEnabled:1]]
[2019.12.04-03.25.18:770][  0]LogConfig: Setting CVar [[s.WarnIfTimeLimitExceeded:0]]
[2019.12.04-03.25.18:770][  0]LogConfig: Setting CVar [[s.TimeLimitExceededMultiplier:1.5]]
[2019.12.04-03.25.18:770][  0]LogConfig: Setting CVar [[s.TimeLimitExceededMinTime:0.005]]
[2019.12.04-03.25.18:770][  0]LogConfig: Setting CVar [[s.UseBackgroundLevelStreaming:1]]
[2019.12.04-03.25.18:770][  0]LogConfig: Setting CVar [[s.PriorityAsyncLoadingExtraTime:15.0]]
[2019.12.04-03.25.18:770][  0]LogConfig: Setting CVar [[s.LevelStreamingActorsUpdateTimeLimit:5.0]]
[2019.12.04-03.25.18:770][  0]LogConfig: Setting CVar [[s.PriorityLevelStreamingActorsUpdateExtraTime:5.0]]
[2019.12.04-03.25.18:770][  0]LogConfig: Setting CVar [[s.LevelStreamingComponentsRegistrationGranularity:10]]
[2019.12.04-03.25.18:770][  0]LogConfig: Setting CVar [[s.UnregisterComponentsTimeLimit:1.0]]
[2019.12.04-03.25.18:770][  0]LogConfig: Setting CVar [[s.LevelStreamingComponentsUnregistrationGranularity:5]]
[2019.12.04-03.25.18:770][  0]LogConfig: Applying CVar settings from Section [/Script/Engine.GarbageCollectionSettings] File [D:/Studio1_Team3/MonsterComing/Saved/Config/Windows/Engine.ini]
[2019.12.04-03.25.18:770][  0]LogConfig: Setting CVar [[gc.MaxObjectsNotConsideredByGC:1]]
[2019.12.04-03.25.18:770][  0]LogConfig: Setting CVar [[gc.SizeOfPermanentObjectPool:0]]
[2019.12.04-03.25.18:770][  0]LogConfig: Setting CVar [[gc.FlushStreamingOnGC:0]]
[2019.12.04-03.25.18:770][  0]LogConfig: Setting CVar [[gc.NumRetriesBeforeForcingGC:10]]
[2019.12.04-03.25.18:770][  0]LogConfig: Setting CVar [[gc.AllowParallelGC:1]]
[2019.12.04-03.25.18:770][  0]LogConfig: Setting CVar [[gc.TimeBetweenPurgingPendingKillObjects:61.1]]
[2019.12.04-03.25.18:770][  0]LogConfig: Setting CVar [[gc.MaxObjectsInEditor:16777216]]
[2019.12.04-03.25.18:770][  0]LogConfig: Setting CVar [[gc.IncrementalBeginDestroyEnabled:1]]
[2019.12.04-03.25.18:770][  0]LogConfig: Setting CVar [[gc.CreateGCClusters:1]]
[2019.12.04-03.25.18:770][  0]LogConfig: Setting CVar [[gc.MinGCClusterSize:5]]
[2019.12.04-03.25.18:770][  0]LogConfig: Setting CVar [[gc.ActorClusteringEnabled:0]]
[2019.12.04-03.25.18:770][  0]LogConfig: Setting CVar [[gc.BlueprintClusteringEnabled:0]]
[2019.12.04-03.25.18:770][  0]LogConfig: Setting CVar [[gc.UseDisregardForGCOnDedicatedServers:0]]
[2019.12.04-03.25.18:771][  0]LogConfig: Applying CVar settings from Section [/Script/Engine.NetworkSettings] File [D:/Studio1_Team3/MonsterComing/Saved/Config/Windows/Engine.ini]
[2019.12.04-03.25.18:771][  0]LogConfig: Applying CVar settings from Section [/Script/UnrealEd.CookerSettings] File [D:/Studio1_Team3/MonsterComing/Saved/Config/Windows/Engine.ini]
[2019.12.04-03.25.18:774][  0]LogConfig: Applying CVar settings from Section [ViewDistanceQuality@3] File [D:/Studio1_Team3/MonsterComing/Saved/Config/Windows/Scalability.ini]
[2019.12.04-03.25.18:775][  0]LogConfig: Setting CVar [[r.SkeletalMeshLODBias:0]]
[2019.12.04-03.25.18:775][  0]LogConfig: Setting CVar [[r.ViewDistanceScale:1.0]]
[2019.12.04-03.25.18:775][  0]LogConfig: Applying CVar settings from Section [AntiAliasingQuality@3] File [D:/Studio1_Team3/MonsterComing/Saved/Config/Windows/Scalability.ini]
[2019.12.04-03.25.18:775][  0]LogConfig: Setting CVar [[r.PostProcessAAQuality:4]]
[2019.12.04-03.25.18:775][  0]LogConfig: Applying CVar settings from Section [ShadowQuality@3] File [D:/Studio1_Team3/MonsterComing/Saved/Config/Windows/Scalability.ini]
[2019.12.04-03.25.18:775][  0]LogConfig: Setting CVar [[r.LightFunctionQuality:1]]
[2019.12.04-03.25.18:775][  0]LogConfig: Setting CVar [[r.ShadowQuality:5]]
[2019.12.04-03.25.18:775][  0]LogConfig: Setting CVar [[r.Shadow.CSM.MaxCascades:10]]
[2019.12.04-03.25.18:775][  0]LogConfig: Setting CVar [[r.Shadow.MaxResolution:2048]]
[2019.12.04-03.25.18:775][  0]LogConfig: Setting CVar [[r.Shadow.MaxCSMResolution:2048]]
[2019.12.04-03.25.18:775][  0]LogConfig: Setting CVar [[r.Shadow.RadiusThreshold:0.01]]
[2019.12.04-03.25.18:775][  0]LogConfig: Setting CVar [[r.Shadow.DistanceScale:1.0]]
[2019.12.04-03.25.18:775][  0]LogConfig: Setting CVar [[r.Shadow.CSM.TransitionScale:1.0]]
[2019.12.04-03.25.18:775][  0]LogConfig: Setting CVar [[r.Shadow.PreShadowResolutionFactor:1.0]]
[2019.12.04-03.25.18:775][  0]LogConfig: Setting CVar [[r.DistanceFieldShadowing:1]]
[2019.12.04-03.25.18:775][  0]LogConfig: Setting CVar [[r.DistanceFieldAO:1]]
[2019.12.04-03.25.18:775][  0]LogConfig: Setting CVar [[r.AOQuality:2]]
[2019.12.04-03.25.18:775][  0]LogConfig: Setting CVar [[r.VolumetricFog:1]]
[2019.12.04-03.25.18:775][  0]LogConfig: Setting CVar [[r.VolumetricFog.GridPixelSize:8]]
[2019.12.04-03.25.18:775][  0]LogConfig: Setting CVar [[r.VolumetricFog.GridSizeZ:128]]
[2019.12.04-03.25.18:775][  0]LogConfig: Setting CVar [[r.VolumetricFog.HistoryMissSupersampleCount:4]]
[2019.12.04-03.25.18:775][  0]LogConfig: Setting CVar [[r.LightMaxDrawDistanceScale:1]]
[2019.12.04-03.25.18:775][  0]LogConfig: Setting CVar [[r.CapsuleShadows:1]]
[2019.12.04-03.25.18:775][  0]LogConfig: Applying CVar settings from Section [PostProcessQuality@3] File [D:/Studio1_Team3/MonsterComing/Saved/Config/Windows/Scalability.ini]
[2019.12.04-03.25.18:775][  0]LogConfig: Setting CVar [[r.MotionBlurQuality:4]]
[2019.12.04-03.25.18:775][  0]LogConfig: Setting CVar [[r.AmbientOcclusionMipLevelFactor:0.4]]
[2019.12.04-03.25.18:775][  0]LogConfig: Setting CVar [[r.AmbientOcclusionMaxQuality:100]]
[2019.12.04-03.25.18:775][  0]LogConfig: Setting CVar [[r.AmbientOcclusionLevels:-1]]
[2019.12.04-03.25.18:775][  0]LogConfig: Setting CVar [[r.AmbientOcclusionRadiusScale:1.0]]
[2019.12.04-03.25.18:775][  0]LogConfig: Setting CVar [[r.DepthOfFieldQuality:2]]
[2019.12.04-03.25.18:775][  0]LogConfig: Setting CVar [[r.RenderTargetPoolMin:400]]
[2019.12.04-03.25.18:775][  0]LogConfig: Setting CVar [[r.LensFlareQuality:2]]
[2019.12.04-03.25.18:775][  0]LogConfig: Setting CVar [[r.SceneColorFringeQuality:1]]
[2019.12.04-03.25.18:775][  0]LogConfig: Setting CVar [[r.EyeAdaptationQuality:2]]
[2019.12.04-03.25.18:775][  0]LogConfig: Setting CVar [[r.BloomQuality:5]]
[2019.12.04-03.25.18:775][  0]LogConfig: Setting CVar [[r.FastBlurThreshold:100]]
[2019.12.04-03.25.18:775][  0]LogConfig: Setting CVar [[r.Upscale.Quality:3]]
[2019.12.04-03.25.18:775][  0]LogConfig: Setting CVar [[r.Tonemapper.GrainQuantization:1]]
[2019.12.04-03.25.18:775][  0]LogConfig: Setting CVar [[r.LightShaftQuality:1]]
[2019.12.04-03.25.18:775][  0]LogConfig: Setting CVar [[r.Filter.SizeScale:1]]
[2019.12.04-03.25.18:775][  0]LogConfig: Setting CVar [[r.Tonemapper.Quality:5]]
[2019.12.04-03.25.18:775][  0]LogConfig: Setting CVar [[r.DOF.Gather.AccumulatorQuality:1        ; higher gathering accumulator quality]]
[2019.12.04-03.25.18:775][  0]LogConfig: Setting CVar [[r.DOF.Gather.PostfilterMethod:1          ; Median3x3 postfilering method]]
[2019.12.04-03.25.18:775][  0]LogConfig: Setting CVar [[r.DOF.Gather.EnableBokehSettings:0       ; no bokeh simulation when gathering]]
[2019.12.04-03.25.18:775][  0]LogConfig: Setting CVar [[r.DOF.Gather.RingCount:4                 ; medium number of samples when gathering]]
[2019.12.04-03.25.18:775][  0]LogConfig: Setting CVar [[r.DOF.Scatter.ForegroundCompositing:1    ; additive foreground scattering]]
[2019.12.04-03.25.18:776][  0]LogConfig: Setting CVar [[r.DOF.Scatter.BackgroundCompositing:2    ; additive background scattering]]
[2019.12.04-03.25.18:776][  0]LogConfig: Setting CVar [[r.DOF.Scatter.EnableBokehSettings:1      ; bokeh simulation when scattering]]
[2019.12.04-03.25.18:776][  0]LogConfig: Setting CVar [[r.DOF.Scatter.MaxSpriteRatio:0.1         ; only a maximum of 10% of scattered bokeh]]
[2019.12.04-03.25.18:776][  0]LogConfig: Setting CVar [[r.DOF.Recombine.Quality:1                ; cheap slight out of focus]]
[2019.12.04-03.25.18:776][  0]LogConfig: Setting CVar [[r.DOF.Recombine.EnableBokehSettings:0    ; no bokeh simulation on slight out of focus]]
[2019.12.04-03.25.18:776][  0]LogConfig: Setting CVar [[r.DOF.TemporalAAQuality:1                ; more stable temporal accumulation]]
[2019.12.04-03.25.18:776][  0]LogConfig: Setting CVar [[r.DOF.Kernel.MaxForegroundRadius:0.025]]
[2019.12.04-03.25.18:776][  0]LogConfig: Setting CVar [[r.DOF.Kernel.MaxBackgroundRadius:0.025]]
[2019.12.04-03.25.18:776][  0]LogConfig: Applying CVar settings from Section [TextureQuality@3] File [D:/Studio1_Team3/MonsterComing/Saved/Config/Windows/Scalability.ini]
[2019.12.04-03.25.18:776][  0]LogConfig: Setting CVar [[r.Streaming.MipBias:0]]
[2019.12.04-03.25.18:776][  0]LogConfig: Setting CVar [[r.Streaming.AmortizeCPUToGPUCopy:0]]
[2019.12.04-03.25.18:776][  0]LogConfig: Setting CVar [[r.Streaming.MaxNumTexturesToStreamPerFrame:0]]
[2019.12.04-03.25.18:776][  0]LogConfig: Setting CVar [[r.Streaming.Boost:1]]
[2019.12.04-03.25.18:776][  0]LogConfig: Setting CVar [[r.MaxAnisotropy:8]]
[2019.12.04-03.25.18:776][  0]LogConfig: Setting CVar [[r.Streaming.LimitPoolSizeToVRAM:0]]
[2019.12.04-03.25.18:776][  0]LogConfig: Setting CVar [[r.Streaming.PoolSize:1000]]
[2019.12.04-03.25.18:776][  0]LogConfig: Setting CVar [[r.Streaming.MaxEffectiveScreenSize:0]]
[2019.12.04-03.25.18:776][  0]LogConfig: Applying CVar settings from Section [EffectsQuality@3] File [D:/Studio1_Team3/MonsterComing/Saved/Config/Windows/Scalability.ini]
[2019.12.04-03.25.18:776][  0]LogConfig: Setting CVar [[r.TranslucencyLightingVolumeDim:64]]
[2019.12.04-03.25.18:776][  0]LogConfig: Setting CVar [[r.RefractionQuality:2]]
[2019.12.04-03.25.18:776][  0]LogConfig: Setting CVar [[r.SSR.Quality:3]]
[2019.12.04-03.25.18:776][  0]LogConfig: Setting CVar [[r.SceneColorFormat:4]]
[2019.12.04-03.25.18:776][  0]LogConfig: Setting CVar [[r.DetailMode:2]]
[2019.12.04-03.25.18:776][  0]LogConfig: Setting CVar [[r.TranslucencyVolumeBlur:1]]
[2019.12.04-03.25.18:776][  0]LogConfig: Setting CVar [[r.MaterialQualityLevel:1 ; High quality]]
[2019.12.04-03.25.18:776][  0]LogConfig: Setting CVar [[r.SSS.Scale:1]]
[2019.12.04-03.25.18:776][  0]LogConfig: Setting CVar [[r.SSS.SampleSet:2]]
[2019.12.04-03.25.18:776][  0]LogConfig: Setting CVar [[r.SSS.Quality:1]]
[2019.12.04-03.25.18:776][  0]LogConfig: Setting CVar [[r.SSS.HalfRes:1]]
[2019.12.04-03.25.18:776][  0]LogConfig: Setting CVar [[r.EmitterSpawnRateScale:1.0]]
[2019.12.04-03.25.18:776][  0]LogConfig: Setting CVar [[r.ParticleLightQuality:2]]
[2019.12.04-03.25.18:776][  0]LogConfig: Applying CVar settings from Section [FoliageQuality@3] File [D:/Studio1_Team3/MonsterComing/Saved/Config/Windows/Scalability.ini]
[2019.12.04-03.25.18:776][  0]LogConfig: Setting CVar [[foliage.DensityScale:1.0]]
[2019.12.04-03.25.18:776][  0]LogConfig: Setting CVar [[grass.DensityScale:1.0]]
[2019.12.04-03.25.18:776][  0]LogInit: Selected Device Profile: [Windows]
[2019.12.04-03.25.18:776][  0]LogInit: Applying CVar settings loaded from the selected device profile: [Windows]
[2019.12.04-03.25.18:792][  0]LogHAL: Display: Platform has ~ 32 GB [34270765056 / 34359738368 / 32], which maps to Largest [LargestMinGB=32, LargerMinGB=12, DefaultMinGB=8, SmallerMinGB=6, SmallestMinGB=0)
[2019.12.04-03.25.18:792][  0]LogConfig: Setting CVar [[r.Vulkan.UseRealUBs:0		; Required until we fix HLR fall-out]]
[2019.12.04-03.25.18:792][  0]LogInit: Going up to parent DeviceProfile []
[2019.12.04-03.25.18:792][  0]LogConfig: Applying CVar settings from Section [ViewDistanceQuality@3] File [D:/Studio1_Team3/MonsterComing/Saved/Config/Windows/Scalability.ini]
[2019.12.04-03.25.18:792][  0]LogConfig: Setting CVar [[r.SkeletalMeshLODBias:0]]
[2019.12.04-03.25.18:792][  0]LogConfig: Setting CVar [[r.ViewDistanceScale:1.0]]
[2019.12.04-03.25.18:792][  0]LogConfig: Applying CVar settings from Section [AntiAliasingQuality@3] File [D:/Studio1_Team3/MonsterComing/Saved/Config/Windows/Scalability.ini]
[2019.12.04-03.25.18:792][  0]LogConfig: Setting CVar [[r.PostProcessAAQuality:4]]
[2019.12.04-03.25.18:792][  0]LogConfig: Applying CVar settings from Section [ShadowQuality@3] File [D:/Studio1_Team3/MonsterComing/Saved/Config/Windows/Scalability.ini]
[2019.12.04-03.25.18:792][  0]LogConfig: Setting CVar [[r.LightFunctionQuality:1]]
[2019.12.04-03.25.18:792][  0]LogConfig: Setting CVar [[r.ShadowQuality:5]]
[2019.12.04-03.25.18:792][  0]LogConfig: Setting CVar [[r.Shadow.CSM.MaxCascades:10]]
[2019.12.04-03.25.18:792][  0]LogConfig: Setting CVar [[r.Shadow.MaxResolution:2048]]
[2019.12.04-03.25.18:792][  0]LogConfig: Setting CVar [[r.Shadow.MaxCSMResolution:2048]]
[2019.12.04-03.25.18:792][  0]LogConfig: Setting CVar [[r.Shadow.RadiusThreshold:0.01]]
[2019.12.04-03.25.18:792][  0]LogConfig: Setting CVar [[r.Shadow.DistanceScale:1.0]]
[2019.12.04-03.25.18:792][  0]LogConfig: Setting CVar [[r.Shadow.CSM.TransitionScale:1.0]]
[2019.12.04-03.25.18:792][  0]LogConfig: Setting CVar [[r.Shadow.PreShadowResolutionFactor:1.0]]
[2019.12.04-03.25.18:792][  0]LogConfig: Setting CVar [[r.DistanceFieldShadowing:1]]
[2019.12.04-03.25.18:792][  0]LogConfig: Setting CVar [[r.DistanceFieldAO:1]]
[2019.12.04-03.25.18:792][  0]LogConfig: Setting CVar [[r.AOQuality:2]]
[2019.12.04-03.25.18:792][  0]LogConfig: Setting CVar [[r.VolumetricFog:1]]
[2019.12.04-03.25.18:792][  0]LogConfig: Setting CVar [[r.VolumetricFog.GridPixelSize:8]]
[2019.12.04-03.25.18:792][  0]LogConfig: Setting CVar [[r.VolumetricFog.GridSizeZ:128]]
[2019.12.04-03.25.18:792][  0]LogConfig: Setting CVar [[r.VolumetricFog.HistoryMissSupersampleCount:4]]
[2019.12.04-03.25.18:792][  0]LogConfig: Setting CVar [[r.LightMaxDrawDistanceScale:1]]
[2019.12.04-03.25.18:792][  0]LogConfig: Setting CVar [[r.CapsuleShadows:1]]
[2019.12.04-03.25.18:792][  0]LogConfig: Applying CVar settings from Section [PostProcessQuality@3] File [D:/Studio1_Team3/MonsterComing/Saved/Config/Windows/Scalability.ini]
[2019.12.04-03.25.18:792][  0]LogConfig: Setting CVar [[r.MotionBlurQuality:4]]
[2019.12.04-03.25.18:792][  0]LogConfig: Setting CVar [[r.AmbientOcclusionMipLevelFactor:0.4]]
[2019.12.04-03.25.18:792][  0]LogConfig: Setting CVar [[r.AmbientOcclusionMaxQuality:100]]
[2019.12.04-03.25.18:792][  0]LogConfig: Setting CVar [[r.AmbientOcclusionLevels:-1]]
[2019.12.04-03.25.18:792][  0]LogConfig: Setting CVar [[r.AmbientOcclusionRadiusScale:1.0]]
[2019.12.04-03.25.18:792][  0]LogConfig: Setting CVar [[r.DepthOfFieldQuality:2]]
[2019.12.04-03.25.18:792][  0]LogConfig: Setting CVar [[r.RenderTargetPoolMin:400]]
[2019.12.04-03.25.18:792][  0]LogConfig: Setting CVar [[r.LensFlareQuality:2]]
[2019.12.04-03.25.18:792][  0]LogConfig: Setting CVar [[r.SceneColorFringeQuality:1]]
[2019.12.04-03.25.18:792][  0]LogConfig: Setting CVar [[r.EyeAdaptationQuality:2]]
[2019.12.04-03.25.18:792][  0]LogConfig: Setting CVar [[r.BloomQuality:5]]
[2019.12.04-03.25.18:792][  0]LogConfig: Setting CVar [[r.FastBlurThreshold:100]]
[2019.12.04-03.25.18:792][  0]LogConfig: Setting CVar [[r.Upscale.Quality:3]]
[2019.12.04-03.25.18:792][  0]LogConfig: Setting CVar [[r.Tonemapper.GrainQuantization:1]]
[2019.12.04-03.25.18:792][  0]LogConfig: Setting CVar [[r.LightShaftQuality:1]]
[2019.12.04-03.25.18:792][  0]LogConfig: Setting CVar [[r.Filter.SizeScale:1]]
[2019.12.04-03.25.18:792][  0]LogConfig: Setting CVar [[r.Tonemapper.Quality:5]]
[2019.12.04-03.25.18:792][  0]LogConfig: Setting CVar [[r.DOF.Gather.AccumulatorQuality:1        ; higher gathering accumulator quality]]
[2019.12.04-03.25.18:792][  0]LogConfig: Setting CVar [[r.DOF.Gather.PostfilterMethod:1          ; Median3x3 postfilering method]]
[2019.12.04-03.25.18:792][  0]LogConfig: Setting CVar [[r.DOF.Gather.EnableBokehSettings:0       ; no bokeh simulation when gathering]]
[2019.12.04-03.25.18:792][  0]LogConfig: Setting CVar [[r.DOF.Gather.RingCount:4                 ; medium number of samples when gathering]]
[2019.12.04-03.25.18:792][  0]LogConfig: Setting CVar [[r.DOF.Scatter.ForegroundCompositing:1    ; additive foreground scattering]]
[2019.12.04-03.25.18:792][  0]LogConfig: Setting CVar [[r.DOF.Scatter.BackgroundCompositing:2    ; additive background scattering]]
[2019.12.04-03.25.18:792][  0]LogConfig: Setting CVar [[r.DOF.Scatter.EnableBokehSettings:1      ; bokeh simulation when scattering]]
[2019.12.04-03.25.18:792][  0]LogConfig: Setting CVar [[r.DOF.Scatter.MaxSpriteRatio:0.1         ; only a maximum of 10% of scattered bokeh]]
[2019.12.04-03.25.18:792][  0]LogConfig: Setting CVar [[r.DOF.Recombine.Quality:1                ; cheap slight out of focus]]
[2019.12.04-03.25.18:792][  0]LogConfig: Setting CVar [[r.DOF.Recombine.EnableBokehSettings:0    ; no bokeh simulation on slight out of focus]]
[2019.12.04-03.25.18:792][  0]LogConfig: Setting CVar [[r.DOF.TemporalAAQuality:1                ; more stable temporal accumulation]]
[2019.12.04-03.25.18:792][  0]LogConfig: Setting CVar [[r.DOF.Kernel.MaxForegroundRadius:0.025]]
[2019.12.04-03.25.18:792][  0]LogConfig: Setting CVar [[r.DOF.Kernel.MaxBackgroundRadius:0.025]]
[2019.12.04-03.25.18:792][  0]LogConfig: Applying CVar settings from Section [TextureQuality@3] File [D:/Studio1_Team3/MonsterComing/Saved/Config/Windows/Scalability.ini]
[2019.12.04-03.25.18:792][  0]LogConfig: Setting CVar [[r.Streaming.MipBias:0]]
[2019.12.04-03.25.18:792][  0]LogConfig: Setting CVar [[r.Streaming.AmortizeCPUToGPUCopy:0]]
[2019.12.04-03.25.18:792][  0]LogConfig: Setting CVar [[r.Streaming.MaxNumTexturesToStreamPerFrame:0]]
[2019.12.04-03.25.18:792][  0]LogConfig: Setting CVar [[r.Streaming.Boost:1]]
[2019.12.04-03.25.18:792][  0]LogConfig: Setting CVar [[r.MaxAnisotropy:8]]
[2019.12.04-03.25.18:792][  0]LogConfig: Setting CVar [[r.Streaming.LimitPoolSizeToVRAM:0]]
[2019.12.04-03.25.18:792][  0]LogConfig: Setting CVar [[r.Streaming.PoolSize:1000]]
[2019.12.04-03.25.18:792][  0]LogConfig: Setting CVar [[r.Streaming.MaxEffectiveScreenSize:0]]
[2019.12.04-03.25.18:793][  0]LogConfig: Applying CVar settings from Section [EffectsQuality@3] File [D:/Studio1_Team3/MonsterComing/Saved/Config/Windows/Scalability.ini]
[2019.12.04-03.25.18:793][  0]LogConfig: Setting CVar [[r.TranslucencyLightingVolumeDim:64]]
[2019.12.04-03.25.18:793][  0]LogConfig: Setting CVar [[r.RefractionQuality:2]]
[2019.12.04-03.25.18:793][  0]LogConfig: Setting CVar [[r.SSR.Quality:3]]
[2019.12.04-03.25.18:793][  0]LogConfig: Setting CVar [[r.SceneColorFormat:4]]
[2019.12.04-03.25.18:793][  0]LogConfig: Setting CVar [[r.DetailMode:2]]
[2019.12.04-03.25.18:793][  0]LogConfig: Setting CVar [[r.TranslucencyVolumeBlur:1]]
[2019.12.04-03.25.18:793][  0]LogConfig: Setting CVar [[r.MaterialQualityLevel:1 ; High quality]]
[2019.12.04-03.25.18:793][  0]LogConfig: Setting CVar [[r.SSS.Scale:1]]
[2019.12.04-03.25.18:793][  0]LogConfig: Setting CVar [[r.SSS.SampleSet:2]]
[2019.12.04-03.25.18:793][  0]LogConfig: Setting CVar [[r.SSS.Quality:1]]
[2019.12.04-03.25.18:793][  0]LogConfig: Setting CVar [[r.SSS.HalfRes:1]]
[2019.12.04-03.25.18:793][  0]LogConfig: Setting CVar [[r.EmitterSpawnRateScale:1.0]]
[2019.12.04-03.25.18:793][  0]LogConfig: Setting CVar [[r.ParticleLightQuality:2]]
[2019.12.04-03.25.18:793][  0]LogConfig: Applying CVar settings from Section [FoliageQuality@3] File [D:/Studio1_Team3/MonsterComing/Saved/Config/Windows/Scalability.ini]
[2019.12.04-03.25.18:793][  0]LogConfig: Setting CVar [[foliage.DensityScale:1.0]]
[2019.12.04-03.25.18:793][  0]LogConfig: Setting CVar [[grass.DensityScale:1.0]]
[2019.12.04-03.25.18:793][  0]LogConfig: Applying CVar settings from Section [Startup] File [../../../Engine/Config/ConsoleVariables.ini]
[2019.12.04-03.25.18:793][  0]LogConfig: Setting CVar [[net.UseAdaptiveNetUpdateFrequency:0]]
[2019.12.04-03.25.18:793][  0]LogConfig: Setting CVar [[p.chaos.AllowCreatePhysxBodies:1]]
[2019.12.04-03.25.18:793][  0]LogConfig: Applying CVar settings from Section [ConsoleVariables] File [D:/Studio1_Team3/MonsterComing/Saved/Config/Windows/Engine.ini]
[2019.12.04-03.25.18:793][  0]LogInit: Computer: SYD-R102-PC10
[2019.12.04-03.25.18:793][  0]LogInit: User: ktsekaiwai
[2019.12.04-03.25.18:793][  0]LogInit: CPU Page size=4096, Cores=4
[2019.12.04-03.25.18:793][  0]LogInit: High frequency timer resolution =10.000000 MHz
[2019.12.04-03.25.18:793][  0]LogMemory: Memory total: Physical=31.9GB (32GB approx)
[2019.12.04-03.25.18:793][  0]LogMemory: Platform Memory Stats for Windows
[2019.12.04-03.25.18:793][  0]LogMemory: Process Physical Memory: 101.07 MB used, 101.08 MB peak
[2019.12.04-03.25.18:793][  0]LogMemory: Process Virtual Memory: 93.05 MB used, 93.05 MB peak
[2019.12.04-03.25.18:793][  0]LogMemory: Physical Memory: 7791.54 MB used,  24891.61 MB free, 32683.15 MB total
[2019.12.04-03.25.18:793][  0]LogMemory: Virtual Memory: 4662.02 MB used,  134213064.00 MB free, 134217728.00 MB total
[2019.12.04-03.25.18:821][  0]LogInit: Using OS detected language (en-US).
[2019.12.04-03.25.18:821][  0]LogInit: Using OS detected locale (en-AU).
[2019.12.04-03.25.18:822][  0]LogTextLocalizationManager: No specific localization for 'en-US' exists, so the 'en' localization will be used.
[2019.12.04-03.25.18:962][  0]LogInit: Setting process to per monitor DPI aware
[2019.12.04-03.25.19:005][  0]LogSlate: New Slate User Created.  User Index 0, Is Virtual User: 0
[2019.12.04-03.25.19:005][  0]LogSlate: Slate User Registered.  User Index 0, Is Virtual User: 0
[2019.12.04-03.25.19:187][  0]LogHMD: Failed to initialize OpenVR with code 110
[2019.12.04-03.25.19:188][  0]LogD3D11RHI: D3D11 adapters:
[2019.12.04-03.25.19:261][  0]LogD3D11RHI:    0. 'NVIDIA GeForce GTX 980' (Feature Level 11_0)
[2019.12.04-03.25.19:261][  0]LogD3D11RHI:       4053/0/16341 MB DedicatedVideo/DedicatedSystem/SharedSystem, Outputs:1, VendorId:0x10de
[2019.12.04-03.25.19:264][  0]LogD3D11RHI:    1. 'Microsoft Basic Render Driver' (Feature Level 11_0)
[2019.12.04-03.25.19:264][  0]LogD3D11RHI:       0/0/16341 MB DedicatedVideo/DedicatedSystem/SharedSystem, Outputs:0, VendorId:0x1414
[2019.12.04-03.25.19:264][  0]LogD3D11RHI: Chosen D3D11 Adapter: 0
[2019.12.04-03.25.19:271][  0]LogD3D11RHI: Creating new Direct3DDevice
[2019.12.04-03.25.19:271][  0]LogD3D11RHI:     GPU DeviceId: 0x13c0 (for the marketing name, search the web for "GPU Device Id")
[2019.12.04-03.25.19:271][  0]LogWindows: EnumDisplayDevices:
[2019.12.04-03.25.19:271][  0]LogWindows:    0. 'NVIDIA GeForce GTX 980' (P:1 D:1)
[2019.12.04-03.25.19:271][  0]LogWindows:    1. 'NVIDIA GeForce GTX 980' (P:0 D:0)
[2019.12.04-03.25.19:272][  0]LogWindows:    2. 'NVIDIA GeForce GTX 980' (P:0 D:0)
[2019.12.04-03.25.19:272][  0]LogWindows:    3. 'NVIDIA GeForce GTX 980' (P:0 D:0)
[2019.12.04-03.25.19:273][  0]LogWindows: DebugString: FoundDriverCount:4 
[2019.12.04-03.25.19:273][  0]LogD3D11RHI:     Adapter Name: NVIDIA GeForce GTX 980
[2019.12.04-03.25.19:273][  0]LogD3D11RHI:   Driver Version: 436.15 (internal:26.21.14.3615, unified:436.15)
[2019.12.04-03.25.19:273][  0]LogD3D11RHI:      Driver Date: 8-24-2019
[2019.12.04-03.25.19:273][  0]LogRHI: Texture pool is 2837 MB (70% of 4053 MB)
[2019.12.04-03.25.19:313][  0]LogD3D11RHI: Async texture creation enabled
[2019.12.04-03.25.19:317][  0]LogRendererCore: FGlobalReadBuffer::InitRHI
[2019.12.04-03.25.19:317][  0]LogRendererCore: FGlobalReadBuffer::InitRHI
[2019.12.04-03.25.19:317][  0]LogRendererCore: FGlobalReadBuffer::InitRHI
[2019.12.04-03.25.19:325][  0]LogD3D11RHI: GPU Timing Frequency: 1000.000000 (Debug: 2 1)
[2019.12.04-03.25.19:735][  0]LogTemp: Display: Module 'AllDesktopTargetPlatform' loaded TargetPlatform 'AllDesktop'
[2019.12.04-03.25.19:749][  0]LogTemp: Display: Module 'MacClientTargetPlatform' loaded TargetPlatform 'MacClient'
[2019.12.04-03.25.19:763][  0]LogTemp: Display: Module 'MacNoEditorTargetPlatform' loaded TargetPlatform 'MacNoEditor'
[2019.12.04-03.25.19:776][  0]LogTemp: Display: Module 'MacServerTargetPlatform' loaded TargetPlatform 'MacServer'
[2019.12.04-03.25.19:790][  0]LogTemp: Display: Module 'MacTargetPlatform' loaded TargetPlatform 'Mac'
[2019.12.04-03.25.19:806][  0]LogTemp: Display: Module 'WindowsClientTargetPlatform' loaded TargetPlatform 'WindowsClient'
[2019.12.04-03.25.19:827][  0]LogTemp: Display: Module 'WindowsNoEditorTargetPlatform' loaded TargetPlatform 'WindowsNoEditor'
[2019.12.04-03.25.19:844][  0]LogTemp: Display: Module 'WindowsServerTargetPlatform' loaded TargetPlatform 'WindowsServer'
[2019.12.04-03.25.19:852][  0]LogTemp: Display: Module 'WindowsTargetPlatform' loaded TargetPlatform 'Windows'
[2019.12.04-03.25.19:952][  0]LogTemp: Display: Module 'AndroidTargetPlatform' loaded TargetPlatform 'Android'
[2019.12.04-03.25.19:952][  0]LogTemp: Display: Module 'AndroidTargetPlatform' loaded TargetPlatform 'Android_ASTC'
[2019.12.04-03.25.19:952][  0]LogTemp: Display: Module 'AndroidTargetPlatform' loaded TargetPlatform 'Android_ATC'
[2019.12.04-03.25.19:952][  0]LogTemp: Display: Module 'AndroidTargetPlatform' loaded TargetPlatform 'Android_DXT'
[2019.12.04-03.25.19:952][  0]LogTemp: Display: Module 'AndroidTargetPlatform' loaded TargetPlatform 'Android_ETC1'
[2019.12.04-03.25.19:952][  0]LogTemp: Display: Module 'AndroidTargetPlatform' loaded TargetPlatform 'Android_ETC1a'
[2019.12.04-03.25.19:952][  0]LogTemp: Display: Module 'AndroidTargetPlatform' loaded TargetPlatform 'Android_ETC2'
[2019.12.04-03.25.19:952][  0]LogTemp: Display: Module 'AndroidTargetPlatform' loaded TargetPlatform 'Android_PVRTC'
[2019.12.04-03.25.19:952][  0]LogTemp: Display: Module 'AndroidTargetPlatform' loaded TargetPlatform 'AndroidClient'
[2019.12.04-03.25.19:952][  0]LogTemp: Display: Module 'AndroidTargetPlatform' loaded TargetPlatform 'Android_ASTCClient'
[2019.12.04-03.25.19:952][  0]LogTemp: Display: Module 'AndroidTargetPlatform' loaded TargetPlatform 'Android_ATCClient'
[2019.12.04-03.25.19:952][  0]LogTemp: Display: Module 'AndroidTargetPlatform' loaded TargetPlatform 'Android_DXTClient'
[2019.12.04-03.25.19:952][  0]LogTemp: Display: Module 'AndroidTargetPlatform' loaded TargetPlatform 'Android_ETC1Client'
[2019.12.04-03.25.19:952][  0]LogTemp: Display: Module 'AndroidTargetPlatform' loaded TargetPlatform 'Android_ETC1aClient'
[2019.12.04-03.25.19:952][  0]LogTemp: Display: Module 'AndroidTargetPlatform' loaded TargetPlatform 'Android_ETC2Client'
[2019.12.04-03.25.19:952][  0]LogTemp: Display: Module 'AndroidTargetPlatform' loaded TargetPlatform 'Android_PVRTCClient'
[2019.12.04-03.25.19:952][  0]LogTemp: Display: Module 'AndroidTargetPlatform' loaded TargetPlatform 'Android_Multi'
[2019.12.04-03.25.19:952][  0]LogTemp: Display: Module 'AndroidTargetPlatform' loaded TargetPlatform 'Android_MultiClient'
[2019.12.04-03.25.19:955][  0]LogTemp: Display: Module 'HTML5TargetPlatform' loaded TargetPlatform 'HTML5'
[2019.12.04-03.25.20:008][  0]LogTemp: Display: Module 'IOSTargetPlatform' loaded TargetPlatform 'IOSClient'
[2019.12.04-03.25.20:008][  0]LogTemp: Display: Module 'IOSTargetPlatform' loaded TargetPlatform 'IOS'
[2019.12.04-03.25.20:030][  0]LogTemp: Display: Module 'TVOSTargetPlatform' loaded TargetPlatform 'TVOSClient'
[2019.12.04-03.25.20:030][  0]LogTemp: Display: Module 'TVOSTargetPlatform' loaded TargetPlatform 'TVOS'
[2019.12.04-03.25.20:042][  0]LogTemp: Display: Module 'LinuxClientTargetPlatform' loaded TargetPlatform 'LinuxClient'
[2019.12.04-03.25.20:054][  0]LogTemp: Display: Module 'LinuxNoEditorTargetPlatform' loaded TargetPlatform 'LinuxNoEditor'
[2019.12.04-03.25.20:066][  0]LogTemp: Display: Module 'LinuxServerTargetPlatform' loaded TargetPlatform 'LinuxServer'
[2019.12.04-03.25.20:082][  0]LogTemp: Display: Module 'LinuxTargetPlatform' loaded TargetPlatform 'Linux'
[2019.12.04-03.25.20:126][  0]LogTemp: Display: Module 'LuminTargetPlatform' loaded TargetPlatform 'Lumin'
[2019.12.04-03.25.20:126][  0]LogTemp: Display: Module 'LuminTargetPlatform' loaded TargetPlatform 'LuminClient'
[2019.12.04-03.25.20:126][  0]LogTargetPlatformManager: Display: Building Assets For Windows
[2019.12.04-03.25.20:138][  0]LogAudioDebug: Display: Lib vorbis DLL was dynamically loaded.
[2019.12.04-03.25.20:202][  0]LogShaderCompilers: Guid format shader working directory is 21 characters bigger than the processId version (D:/Studio1_Team3/MonsterComing/Intermediate/Shaders/WorkingDirectory/2664/).
[2019.12.04-03.25.20:202][  0]LogShaderCompilers: Cleaned the shader compiler working directory 'C:/Users/ktsekaiwai/AppData/Local/Temp/UnrealShaderWorkingDir/424BD12E4AB1020A8672D49EA3770EE3/'.
[2019.12.04-03.25.20:204][  0]LogXGEController: Cleaning working directory: C:/Users/ktsekaiwai/AppData/Local/Temp/UnrealXGEWorkingDir/
[2019.12.04-03.25.20:217][  0]LogShaderCompilers: Display: Using XGE Shader Compiler (Interception Interface).
[2019.12.04-03.25.20:756][  0]LogDerivedDataCache: Display: Max Cache Size: 512 MB
[2019.12.04-03.25.20:801][  0]LogDerivedDataCache: Loaded boot cache 0.04s 71MB C:/Users/ktsekaiwai/AppData/Local/UnrealEngine/4.22/DerivedDataCache/Boot.ddc.
[2019.12.04-03.25.20:801][  0]LogDerivedDataCache: Display: Loaded Boot cache: C:/Users/ktsekaiwai/AppData/Local/UnrealEngine/4.22/DerivedDataCache/Boot.ddc
[2019.12.04-03.25.20:801][  0]LogDerivedDataCache: FDerivedDataBackendGraph:  Pak pak cache file D:/Studio1_Team3/MonsterComing/DerivedDataCache/DDC.ddp not found, will not use a pak cache.
[2019.12.04-03.25.20:801][  0]LogDerivedDataCache: Unable to find inner node Pak for hierarchical cache Hierarchy.
[2019.12.04-03.25.20:801][  0]LogDerivedDataCache: FDerivedDataBackendGraph:  CompressedPak pak cache file D:/Studio1_Team3/MonsterComing/DerivedDataCache/Compressed.ddp not found, will not use a pak cache.
[2019.12.04-03.25.20:802][  0]LogDerivedDataCache: Unable to find inner node CompressedPak for hierarchical cache Hierarchy.
[2019.12.04-03.25.20:813][  0]LogDerivedDataCache: Display: Pak cache opened for reading ../../../Engine/DerivedDataCache/Compressed.ddp.
[2019.12.04-03.25.20:813][  0]LogDerivedDataCache: FDerivedDataBackendGraph:  EnterprisePak pak cache file ../../../Enterprise/DerivedDataCache/Compressed.ddp not found, will not use a pak cache.
[2019.12.04-03.25.20:813][  0]LogDerivedDataCache: Unable to find inner node EnterprisePak for hierarchical cache Hierarchy.
[2019.12.04-03.25.20:826][  0]LogDerivedDataCache: Using Local data cache path C:/Users/ktsekaiwai/AppData/Local/UnrealEngine/Common/DerivedDataCache: Writable
[2019.12.04-03.25.20:826][  0]LogDerivedDataCache: Shared data cache path not found in *engine.ini, will not use an Shared cache.
[2019.12.04-03.25.20:826][  0]LogDerivedDataCache: Unable to find inner node Shared for hierarchical cache Hierarchy.
[2019.12.04-03.25.20:847][  0]LogMaterial: Verifying Global Shaders for PCD3D_SM5
[2019.12.04-03.25.20:848][  0]LogSlate: Using FreeType 2.6.0
[2019.12.04-03.25.20:849][  0]LogSlate: SlateFontServices - WITH_FREETYPE: 1, WITH_HARFBUZZ: 1
[2019.12.04-03.25.20:938][  0]LogAssetRegistry: FAssetRegistry took 0.0328 seconds to start up
[2019.12.04-03.25.21:270][  0]LogInit: Selected Device Profile: [Windows]
[2019.12.04-03.25.21:399][  0]LogMeshReduction: Using QuadricMeshReduction for automatic static mesh reduction
[2019.12.04-03.25.21:399][  0]LogMeshReduction: Using SimplygonMeshReduction for automatic skeletal mesh reduction
[2019.12.04-03.25.21:399][  0]LogMeshReduction: Using ProxyLODMeshReduction for automatic mesh merging
[2019.12.04-03.25.21:399][  0]LogMeshReduction: No distributed automatic mesh merging module available
[2019.12.04-03.25.21:399][  0]LogMeshMerging: No distributed automatic mesh merging module available
[2019.12.04-03.25.21:409][  0]LogNetVersion: MonsterComing 1.0.0, NetCL: 5660361, EngineNetVer: 10, GameNetVer: 0 (Checksum: 1620694314)
[2019.12.04-03.25.21:784][  0]LogPackageLocalizationCache: Processed 10 localized package path(s) for 1 prioritized culture(s) in 0.042278 seconds
[2019.12.04-03.25.21:790][  0]LogUObjectArray: 42205 objects as part of root set at end of initial load.
[2019.12.04-03.25.21:790][  0]LogUObjectAllocator: 7325032 out of 0 bytes used by permanent object pool.
[2019.12.04-03.25.21:790][  0]LogUObjectArray: CloseDisregardForGC: 0/0 objects in disregard for GC pool
[2019.12.04-03.25.22:786][  0]LogTcpMessaging: Initializing TcpMessaging bridge
[2019.12.04-03.25.22:801][  0]LogUdpMessaging: Initializing bridge on interface 0.0.0.0:0 to multicast group 230.0.0.1:6666.
[2019.12.04-03.25.22:919][  0]SourceControl: Source control is disabled
[2019.12.04-03.25.22:919][  0]SourceControl: Source control is disabled
[2019.12.04-03.25.22:921][  0]SourceControl: Source control is disabled
[2019.12.04-03.25.22:922][  0]SourceControl: Source control is disabled
[2019.12.04-03.25.23:000][  0]LogAndroidPermission: UAndroidPermissionCallbackProxy::GetInstance
[2019.12.04-03.25.23:138][  0]LogOcInput: OculusInput pre-init called
[2019.12.04-03.25.23:870][  0]LogEngine: Initializing Engine...
[2019.12.04-03.25.23:870][  0]LogHMD: Failed to initialize OpenVR with code 110
[2019.12.04-03.25.23:871][  0]LogStats: UGameplayTagsManager::InitializeManager -  0.000 s
[2019.12.04-03.25.24:087][  0]LogInit: Initializing FReadOnlyCVARCache
[2019.12.04-03.25.24:104][  0]LogAIModule: Creating AISystem for world Untitled
[2019.12.04-03.25.24:155][  0]LogInit: XAudio2 using 'U28E850 (NVIDIA High Definition Audio)' : 2 channels at 48 kHz using 16 bits per sample (channel mask 0x3)
[2019.12.04-03.25.24:182][  0]LogInit: FAudioDevice initialized.
[2019.12.04-03.25.24:182][  0]LogNetVersion: Set ProjectVersion to 1.0.0.0. Version Checksum will be recalculated on next use.
[2019.12.04-03.25.24:349][  0]LogDerivedDataCache: Saved boot cache 0.17s 71MB C:/Users/ktsekaiwai/AppData/Local/UnrealEngine/4.22/DerivedDataCache/Boot.ddc.
[2019.12.04-03.25.24:361][  0]LogInit: Texture streaming: Enabled
[2019.12.04-03.25.24:386][  0]LogEngineSessionManager: EngineSessionManager initialized
[2019.12.04-03.25.24:411][  0]LogInit: Transaction tracking system initialized
[2019.12.04-03.25.24:447][  0]BlueprintLog: New page: Editor Load
[2019.12.04-03.25.24:560][  0]LocalizationService: Localization service is disabled
[2019.12.04-03.25.24:848][  0]LogCook: Display: Max memory allowance for cook 16384mb min free memory 0mb
[2019.12.04-03.25.24:848][  0]LogCook: Display: Mobile HDR setting 1
[2019.12.04-03.25.25:052][  0]LogFileCache: Scanning file cache for directory 'D:/Studio1_Team3/MonsterComing/Content/' took 0.06s
[2019.12.04-03.25.25:052][  0]SourceControl: Source control is disabled
[2019.12.04-03.25.25:052][  0]Cmd: MAP LOAD FILE="D:/Studio1_Team3/MonsterComing/Content/ThirdPersonBP/Maps/ThirdPersonExampleMap.umap" TEMPLATE=0 SHOWPROGRESS=1 FEATURELEVEL=3
[2019.12.04-03.25.25:052][  0]LogEditorServer: Warning: Can't find file 'D:/Studio1_Team3/MonsterComing/Content/ThirdPersonBP/Maps/ThirdPersonExampleMap.umap'
[2019.12.04-03.25.25:052][  0]Cmd: MAP CHECKDEP NOCLEARLOG
[2019.12.04-03.25.25:052][  0]MapCheck: Map check complete: 0 Error(s), 0 Warning(s), took 0.091ms to complete.
[2019.12.04-03.25.25:052][  0]LogFileHelpers: Loading map 'ThirdPersonExampleMap' took 0.000
[2019.12.04-03.25.25:169][  0]LogSlate: Updating window title bar state: overlay mode, drag disabled, window buttons hidden, title bar hidden
[2019.12.04-03.25.25:175][  0]LogSlate: Updating window title bar state: overlay mode, drag disabled, window buttons hidden, title bar hidden
[2019.12.04-03.25.25:182][  0]LogSlate: Updating window title bar state: overlay mode, drag disabled, window buttons hidden, title bar hidden
[2019.12.04-03.25.25:189][  0]LogSlate: Updating window title bar state: overlay mode, drag disabled, window buttons hidden, title bar hidden
[2019.12.04-03.25.25:197][  0]LogCollectionManager: Loaded 0 collections in 0.002389 seconds
[2019.12.04-03.25.25:213][  0]LogFileCache: Scanning file cache for directory 'D:/Studio1_Team3/MonsterComing/Saved/Collections/' took 0.01s
[2019.12.04-03.25.25:213][  0]LogFileCache: Scanning file cache for directory 'D:/Studio1_Team3/MonsterComing/Content/Developers/ktsekaiwai/Collections/' took 0.00s
[2019.12.04-03.25.25:213][  0]LogFileCache: Scanning file cache for directory 'D:/Studio1_Team3/MonsterComing/Content/Collections/' took 0.00s
[2019.12.04-03.25.25:213][  0]LogCollectionManager: Rebuilt the GUID cache for 0 collections in 0.000000 seconds
[2019.12.04-03.25.25:222][  0]LogContentBrowser: Native class hierarchy populated in 0.0084 seconds. Added 2743 classes and 666 folders.
[2019.12.04-03.25.25:229][  0]LogContentBrowser: Native class hierarchy updated for 'WidgetCarousel' in 0.0003 seconds. Added 0 classes and 0 folders.
[2019.12.04-03.25.25:231][  0]LogPakFile: Registered encryption key '00000000000000000000000000000000': 0 pak files mounted, 0 remain pending
[2019.12.04-03.25.25:231][  0]LogPakFile: Registered encryption key '00000000000000000000000000000000': 0 pak files mounted, 0 remain pending
[2019.12.04-03.25.25:232][  0]LogPakFile: Registered encryption key '00000000000000000000000000000000': 0 pak files mounted, 0 remain pending
[2019.12.04-03.25.25:234][  0]LogPakFile: Registered encryption key '00000000000000000000000000000000': 0 pak files mounted, 0 remain pending
[2019.12.04-03.25.25:234][  0]LogPakFile: Registered encryption key '00000000000000000000000000000000': 0 pak files mounted, 0 remain pending
[2019.12.04-03.25.25:235][  0]LogPakFile: Registered encryption key '00000000000000000000000000000000': 0 pak files mounted, 0 remain pending
[2019.12.04-03.25.25:235][  0]LogPakFile: Registered encryption key '00000000000000000000000000000000': 0 pak files mounted, 0 remain pending
[2019.12.04-03.25.25:235][  0]LogPakFile: Registered encryption key '00000000000000000000000000000000': 0 pak files mounted, 0 remain pending
[2019.12.04-03.25.25:236][  0]LogPakFile: Registered encryption key '00000000000000000000000000000000': 0 pak files mounted, 0 remain pending
[2019.12.04-03.25.25:236][  0]LogPakFile: Registered encryption key '00000000000000000000000000000000': 0 pak files mounted, 0 remain pending
[2019.12.04-03.25.25:237][  0]LogPakFile: Registered encryption key '00000000000000000000000000000000': 0 pak files mounted, 0 remain pending
[2019.12.04-03.25.25:237][  0]LogPakFile: Registered encryption key '00000000000000000000000000000000': 0 pak files mounted, 0 remain pending
[2019.12.04-03.25.25:238][  0]LogPakFile: Registered encryption key '00000000000000000000000000000000': 0 pak files mounted, 0 remain pending
[2019.12.04-03.25.25:238][  0]LogPakFile: Registered encryption key '00000000000000000000000000000000': 0 pak files mounted, 0 remain pending
[2019.12.04-03.25.25:239][  0]LogPakFile: Registered encryption key '00000000000000000000000000000000': 0 pak files mounted, 0 remain pending
[2019.12.04-03.25.25:239][  0]LogPakFile: Registered encryption key '00000000000000000000000000000000': 0 pak files mounted, 0 remain pending
[2019.12.04-03.25.25:239][  0]LogPakFile: Registered encryption key '00000000000000000000000000000000': 0 pak files mounted, 0 remain pending
[2019.12.04-03.25.25:240][  0]LogPakFile: Registered encryption key '00000000000000000000000000000000': 0 pak files mounted, 0 remain pending
[2019.12.04-03.25.25:240][  0]LogPakFile: Registered encryption key '00000000000000000000000000000000': 0 pak files mounted, 0 remain pending
[2019.12.04-03.25.25:241][  0]LogPakFile: Registered encryption key '00000000000000000000000000000000': 0 pak files mounted, 0 remain pending
[2019.12.04-03.25.25:241][  0]LogPakFile: Registered encryption key '00000000000000000000000000000000': 0 pak files mounted, 0 remain pending
[2019.12.04-03.25.25:242][  0]LogPakFile: Registered encryption key '00000000000000000000000000000000': 0 pak files mounted, 0 remain pending
[2019.12.04-03.25.25:242][  0]LogPakFile: Registered encryption key '00000000000000000000000000000000': 0 pak files mounted, 0 remain pending
[2019.12.04-03.25.25:243][  0]LogPakFile: Registered encryption key '00000000000000000000000000000000': 0 pak files mounted, 0 remain pending
[2019.12.04-03.25.25:243][  0]LogPakFile: Registered encryption key '00000000000000000000000000000000': 0 pak files mounted, 0 remain pending
[2019.12.04-03.25.25:244][  0]LogPakFile: Registered encryption key '00000000000000000000000000000000': 0 pak files mounted, 0 remain pending
[2019.12.04-03.25.25:296][  0]LogContentBrowser: Native class hierarchy updated for 'AddContentDialog' in 0.0004 seconds. Added 0 classes and 0 folders.
[2019.12.04-03.25.25:301][  0]LogContentBrowser: Native class hierarchy updated for 'SceneOutliner' in 0.0004 seconds. Added 1 classes and 2 folders.
[2019.12.04-03.25.25:325][  0]LogSlate: Took 0.000188 seconds to synchronously load lazily loaded font '../../../Engine/Content/Slate/Fonts/Roboto-Regular.ttf' (155K)
[2019.12.04-03.25.25:327][  0]LogSlate: Took 0.000222 seconds to synchronously load lazily loaded font '../../../Engine/Content/Slate/Fonts/Roboto-Bold.ttf' (160K)
[2019.12.04-03.25.25:331][  0]LogSlate: Took 0.000192 seconds to synchronously load lazily loaded font '../../../Engine/Content/Editor/Slate/Fonts/FontAwesome.ttf' (139K)
[2019.12.04-03.25.25:392][  0]LogRenderer: Reallocating scene render targets to support 1356x808 Format 10 NumSamples 1 (Frame:1).
[2019.12.04-03.25.25:507][  0]LogContentBrowser: Native class hierarchy updated for 'HierarchicalLODOutliner' in 0.0005 seconds. Added 0 classes and 0 folders.
[2019.12.04-03.25.25:507][  0]LogLoad: (Engine Initialization) Total time: 9.79 seconds
[2019.12.04-03.25.25:507][  0]LogLoad: (Engine Initialization) Total Blueprint compile time: 0.00 seconds
[2019.12.04-03.25.25:575][  0]LogContentStreaming: Texture pool size now 1000 MB
[2019.12.04-03.25.25:617][  0]LogSlate: Took 0.000196 seconds to synchronously load lazily loaded font '../../../Engine/Content/Slate/Fonts/Roboto-Light.ttf' (167K)
[2019.12.04-03.25.25:625][  1]LogFileCache: Retrieving MD5 hashes for directory 'D:/Studio1_Team3/MonsterComing/Content/' took 0.10s
[2019.12.04-03.25.25:644][  1]LogAssetRegistry: Asset discovery search completed in 4.7292 seconds
[2019.12.04-03.25.25:646][  1]LogCollectionManager: Rebuilt the object cache for 0 collections in 0.000000 seconds (found 0 objects)
[2019.12.04-03.25.25:646][  1]LogCollectionManager: Fixed up redirectors for 0 collections in 0.000037 seconds (updated 0 objects)
[2019.12.04-03.25.26:536][104]LogSlate: Took 0.000218 seconds to synchronously load lazily loaded font '../../../Engine/Content/Slate/Fonts/Roboto-Light.ttf' (167K)
[2019.12.04-03.25.40:428][771]LogSlate: FSceneViewport::OnFocusLost() reason 0
[2019.12.04-03.25.46:406][236]LogFactory: FactoryCreateFile: StaticMesh with FbxFactory (0 0 ../../../../../../Users/ktsekaiwai/Desktop/Meter.fbx)
[2019.12.04-03.25.46:425][236]LogFbx: Loading FBX Scene from ../../../../../../Users/ktsekaiwai/Desktop/Meter.fbx
[2019.12.04-03.25.46:431][236]LogFbx: FBX Scene Loaded Succesfully
[2019.12.04-03.25.47:436][236]LogSlate: Window 'FBX Import Options' being destroyed
[2019.12.04-03.25.47:770][236]LogMaterial: Display: Missing cached shader map for material Body, compiling. 
[2019.12.04-03.25.47:818][236]LogMaterial: Display: Missing cached shader map for material Outer, compiling. 
[2019.12.04-03.25.47:842][236]LogFbx: Display: Triangulating static mesh Cylinder
[2019.12.04-03.25.47:856][236]LogStaticMesh: Building static mesh Meter_Cylinder...
[2019.12.04-03.25.47:873][236]LogStaticMesh: Built static mesh [0.02s] /Game/Weapons/Meter_Cylinder.Meter_Cylinder
[2019.12.04-03.25.47:891][236]LogFbx: Display: Triangulating static mesh Cylinder.001
[2019.12.04-03.25.47:898][236]LogStaticMesh: Building static mesh Meter_Cylinder_001...
[2019.12.04-03.25.47:904][236]LogStaticMesh: Built static mesh [0.01s] /Game/Weapons/Meter_Cylinder_001.Meter_Cylinder_001
[2019.12.04-03.25.53:082][820]LogAssetEditorManager: Opening Asset editor for StaticMesh /Game/Weapons/Meter_Cylinder.Meter_Cylinder
[2019.12.04-03.25.53:520][820]LogRenderer: Reallocating scene render targets to support 1912x1284 Format 10 NumSamples 1 (Frame:1).
[2019.12.04-03.25.53:520][820]LogSlate: Took 0.000264 seconds to synchronously load lazily loaded font '../../../Engine/Content/Slate/Fonts/Roboto-Italic.ttf' (157K)
[2019.12.04-03.26.01:952][372]LogSlate: FSceneViewport::OnFocusLost() reason 2
[2019.12.04-03.26.49:273][274]LogSlate: FSceneViewport::OnFocusLost() reason 2
[2019.12.04-03.27.10:995][737]LogSlate: FSceneViewport::OnFocusLost() reason 0
[2019.12.04-03.27.11:033][741]LogEditorFactories: Performing atomic reimport of [C:/Users/ktsekaiwai/Desktop/Meter.fbx]
[2019.12.04-03.27.11:061][741]LogFbx: Loading FBX Scene from C:/Users/ktsekaiwai/Desktop/Meter.fbx
[2019.12.04-03.27.11:066][741]LogFbx: FBX Scene Loaded Succesfully
[2019.12.04-03.27.11:067][741]LogFbx: Display: Triangulating static mesh Cylinder
[2019.12.04-03.27.11:084][741]LogStaticMesh: Building static mesh Meter_Cylinder...
[2019.12.04-03.27.11:094][741]LogStaticMesh: Built static mesh [0.01s] /Game/Weapons/Meter_Cylinder.Meter_Cylinder
[2019.12.04-03.27.11:106][741]LogEditorFactories: -- imported successfully
[2019.12.04-03.27.13:157][895]LogSlate: Window 'Meter_Cylinder' being destroyed
[2019.12.04-03.27.13:164][895]LogSlate: Window 'Meter_Cylinder' being destroyed
[2019.12.04-03.27.14:807][ 66]LogUObjectHash: Compacting FUObjectHashTables data took   1.59ms
[2019.12.04-03.27.15:669][ 66]LogSlate: Window 'Save Content' being destroyed
[2019.12.04-03.27.15:749][ 66]LogSlate: Window 'MonsterComing - Unreal Editor' being destroyed
[2019.12.04-03.27.15:953][ 67]Cmd: QUIT_EDITOR
[2019.12.04-03.27.15:970][ 67]LogWindowsTextInputMethodSystem: Display: IME system now deactivated.
[2019.12.04-03.27.15:980][ 67]LogExit: Preparing to exit.
[2019.12.04-03.27.16:897][ 67]LogExit: Editor shut down
[2019.12.04-03.27.16:897][ 67]LogExit: Transaction tracking system shut down
[2019.12.04-03.27.17:160][ 67]LogExit: Object subsystem successfully closed.
[2019.12.04-03.27.17:179][ 67]LogShaderCompilers: Display: Shaders left to compile 0
[2019.12.04-03.27.17:182][ 67]LogD3D11RHI: Shutdown
[2019.12.04-03.27.17:182][ 67]LogD3D11RHI: CleanupD3DDevice
[2019.12.04-03.27.17:182][ 67]LogRendererCore: FGlobalReadBuffer::ReleaseRHI
[2019.12.04-03.27.17:182][ 67]LogRendererCore: FGlobalDynamicReadBuffer::Cleanup()
[2019.12.04-03.27.17:182][ 67]LogRendererCore: FGlobalReadBuffer::ReleaseRHI
[2019.12.04-03.27.17:182][ 67]LogRendererCore: FGlobalDynamicReadBuffer::Cleanup()
[2019.12.04-03.27.17:182][ 67]LogRendererCore: FGlobalReadBuffer::ReleaseRHI
[2019.12.04-03.27.17:182][ 67]LogRendererCore: FGlobalDynamicReadBuffer::Cleanup()
[2019.12.04-03.27.17:275][ 67]LogD3D11RHI: ~FD3D11DynamicRHI
[2019.12.04-03.27.17:296][ 67]LogModuleManager: Shutting down and abandoning module StaticMeshEditor (650)
[2019.12.04-03.27.17:296][ 67]LogModuleManager: Shutting down and abandoning module MeshBuilder (648)
[2019.12.04-03.27.17:296][ 67]LogModuleManager: Shutting down and abandoning module HierarchicalLODOutliner (646)
[2019.12.04-03.27.17:296][ 67]LogModuleManager: Shutting down and abandoning module SceneOutliner (644)
[2019.12.04-03.27.17:296][ 67]LogModuleManager: Shutting down and abandoning module AddContentDialog (642)
[2019.12.04-03.27.17:296][ 67]LogModuleManager: Shutting down and abandoning module WidgetCarousel (641)
[2019.12.04-03.27.17:296][ 67]LogModuleManager: Shutting down and abandoning module EditorWidgets (638)
[2019.12.04-03.27.17:296][ 67]LogModuleManager: Shutting down and abandoning module CollectionManager (636)
[2019.12.04-03.27.17:296][ 67]LogModuleManager: Shutting down and abandoning module FoliageEdit (634)
[2019.12.04-03.27.17:296][ 67]LogModuleManager: Shutting down and abandoning module LandscapeEditor (632)
[2019.12.04-03.27.17:296][ 67]LogModuleManager: Shutting down and abandoning module MeshPaintMode (630)
[2019.12.04-03.27.17:296][ 67]LogModuleManager: Shutting down and abandoning module SceneDepthPickerMode (628)
[2019.12.04-03.27.17:296][ 67]LogModuleManager: Shutting down and abandoning module ActorPickerMode (626)
[2019.12.04-03.27.17:296][ 67]LogModuleManager: Shutting down and abandoning module GeometryMode (624)
[2019.12.04-03.27.17:296][ 67]LogModuleManager: Shutting down and abandoning module TextureAlignMode (622)
[2019.12.04-03.27.17:297][ 67]LogModuleManager: Shutting down and abandoning module BspMode (620)
[2019.12.04-03.27.17:297][ 67]LogModuleManager: Shutting down and abandoning module PIEPreviewDeviceProfileSelector (618)
[2019.12.04-03.27.17:297][ 67]LogModuleManager: Shutting down and abandoning module SequenceRecorderSections (616)
[2019.12.04-03.27.17:297][ 67]LogModuleManager: Shutting down and abandoning module AutomationWorker (614)
[2019.12.04-03.27.17:297][ 67]LogModuleManager: Shutting down and abandoning module OculusMR (612)
[2019.12.04-03.27.17:297][ 67]LogModuleManager: Shutting down and abandoning module AudioCaptureEditor (610)
[2019.12.04-03.27.17:297][ 67]LogModuleManager: Shutting down and abandoning module MatineeToLevelSequence (608)
[2019.12.04-03.27.17:297][ 67]LogModuleManager: Shutting down and abandoning module LevelSequenceEditor (606)
[2019.12.04-03.27.17:297][ 67]LogModuleManager: Shutting down and abandoning module PlacementMode (605)
[2019.12.04-03.27.17:297][ 67]LogModuleManager: Shutting down and abandoning module MaterialEditor (604)
[2019.12.04-03.27.17:297][ 67]LogModuleManager: Shutting down and abandoning module ActorSequenceEditor (600)
[2019.12.04-03.27.17:297][ 67]LogModuleManager: Shutting down and abandoning module WmfMediaFactory (598)
[2019.12.04-03.27.17:297][ 67]LogModuleManager: Shutting down and abandoning module WmfMediaEditor (596)
[2019.12.04-03.27.17:297][ 67]LogModuleManager: Shutting down and abandoning module WebMMediaFactory (594)
[2019.12.04-03.27.17:297][ 67]LogModuleManager: Shutting down and abandoning module WebMMediaEditor (592)
[2019.12.04-03.27.17:297][ 67]LogModuleManager: Shutting down and abandoning module WebMMedia (590)
[2019.12.04-03.27.17:297][ 67]LogModuleManager: Shutting down and abandoning module MediaPlayerEditor (588)
[2019.12.04-03.27.17:297][ 67]LogModuleManager: Shutting down and abandoning module MediaCompositingEditor (586)
[2019.12.04-03.27.17:297][ 67]LogModuleManager: Shutting down and abandoning module SequenceRecorder (585)
[2019.12.04-03.27.17:297][ 67]LogModuleManager: Shutting down and abandoning module OpenExrWrapper (582)
[2019.12.04-03.27.17:297][ 67]LogModuleManager: Shutting down and abandoning module ImgMediaFactory (580)
[2019.12.04-03.27.17:297][ 67]LogModuleManager: Shutting down and abandoning module ImgMediaEditor (578)
[2019.12.04-03.27.17:297][ 67]LogModuleManager: Shutting down and abandoning module AvfMediaFactory (576)
[2019.12.04-03.27.17:297][ 67]LogModuleManager: Shutting down and abandoning module AvfMediaEditor (574)
[2019.12.04-03.27.17:297][ 67]LogModuleManager: Shutting down and abandoning module AndroidMediaFactory (572)
[2019.12.04-03.27.17:297][ 67]LogModuleManager: Shutting down and abandoning module AndroidMediaEditor (570)
[2019.12.04-03.27.17:297][ 67]LogModuleManager: Shutting down and abandoning module MagicLeapCameraPreviewFactory (568)
[2019.12.04-03.27.17:297][ 67]LogModuleManager: Shutting down and abandoning module MagicLeapMediaCodecFactory (566)
[2019.12.04-03.27.17:297][ 67]LogModuleManager: Shutting down and abandoning module MagicLeapMediaFactory (564)
[2019.12.04-03.27.17:297][ 67]LogModuleManager: Shutting down and abandoning module MagicLeapMediaEditor (562)
[2019.12.04-03.27.17:297][ 67]LogModuleManager: Shutting down and abandoning module CharacterAI (560)
[2019.12.04-03.27.17:297][ 67]LogModuleManager: Shutting down and abandoning module SmartSnapping (558)
[2019.12.04-03.27.17:297][ 67]LogModuleManager: Shutting down and abandoning module SessionServices (556)
[2019.12.04-03.27.17:297][ 67]LogModuleManager: Shutting down and abandoning module MeshPaint (554)
[2019.12.04-03.27.17:297][ 67]LogModuleManager: Shutting down and abandoning module ViewportSnapping (552)
[2019.12.04-03.27.17:297][ 67]LogModuleManager: Shutting down and abandoning module ViewportInteraction (550)
[2019.12.04-03.27.17:297][ 67]LogModuleManager: Shutting down and abandoning module ClothPainter (548)
[2019.12.04-03.27.17:297][ 67]LogModuleManager: Shutting down and abandoning module SkeletalMeshEditor (547)
[2019.12.04-03.27.17:297][ 67]LogModuleManager: Shutting down and abandoning module LogVisualizer (544)
[2019.12.04-03.27.17:297][ 67]LogModuleManager: Shutting down and abandoning module IntroTutorials (542)
[2019.12.04-03.27.17:298][ 67]LogModuleManager: Shutting down and abandoning module GameProjectGeneration (541)
[2019.12.04-03.27.17:298][ 67]LogModuleManager: Shutting down and abandoning module LuminPlatformEditor (538)
[2019.12.04-03.27.17:298][ 67]LogModuleManager: Shutting down and abandoning module IOSPlatformEditor (536)
[2019.12.04-03.27.17:298][ 67]LogModuleManager: Shutting down and abandoning module HTML5PlatformEditor (534)
[2019.12.04-03.27.17:298][ 67]LogModuleManager: Shutting down and abandoning module AndroidPlatformEditor (532)
[2019.12.04-03.27.17:298][ 67]LogModuleManager: Shutting down and abandoning module AndroidDeviceDetection (531)
[2019.12.04-03.27.17:705][ 67]LogModuleManager: Shutting down and abandoning module WindowsPlatformEditor (528)
[2019.12.04-03.27.17:705][ 67]LogModuleManager: Shutting down and abandoning module LuminRuntimeSettings (526)
[2019.12.04-03.27.17:705][ 67]LogModuleManager: Shutting down and abandoning module IOSRuntimeSettings (524)
[2019.12.04-03.27.17:705][ 67]LogModuleManager: Shutting down and abandoning module AndroidRuntimeSettings (522)
[2019.12.04-03.27.17:705][ 67]LogModuleManager: Shutting down and abandoning module TimeManagementEditor (520)
[2019.12.04-03.27.17:705][ 67]LogModuleManager: Shutting down and abandoning module InputBindingEditor (518)
[2019.12.04-03.27.17:705][ 67]LogModuleManager: Shutting down and abandoning module MergeActors (516)
[2019.12.04-03.27.17:705][ 67]LogModuleManager: Shutting down and abandoning module LocalizationDashboard (514)
[2019.12.04-03.27.17:705][ 67]LogModuleManager: Shutting down and abandoning module LocalizationService (513)
[2019.12.04-03.27.17:705][ 67]LogModuleManager: Shutting down and abandoning module HardwareTargeting (510)
[2019.12.04-03.27.17:705][ 67]LogModuleManager: Shutting down and abandoning module DeviceProfileEditor (508)
[2019.12.04-03.27.17:705][ 67]LogModuleManager: Shutting down and abandoning module UndoHistory (506)
[2019.12.04-03.27.17:705][ 67]LogModuleManager: Shutting down and abandoning module XmlParser (504)
[2019.12.04-03.27.17:705][ 67]LogModuleManager: Shutting down and abandoning module Blutility (502)
[2019.12.04-03.27.17:705][ 67]LogModuleManager: Shutting down and abandoning module ProjectSettingsViewer (500)
[2019.12.04-03.27.17:705][ 67]LogModuleManager: Shutting down and abandoning module ProjectTargetPlatformEditor (499)
[2019.12.04-03.27.17:705][ 67]LogModuleManager: Shutting down and abandoning module EditorSettingsViewer (496)
[2019.12.04-03.27.17:705][ 67]LogModuleManager: Shutting down and abandoning module SettingsEditor (494)
[2019.12.04-03.27.17:705][ 67]LogModuleManager: Shutting down and abandoning module ProjectLauncher (492)
[2019.12.04-03.27.17:705][ 67]LogModuleManager: Shutting down and abandoning module SessionFrontend (490)
[2019.12.04-03.27.17:705][ 67]LogModuleManager: Shutting down and abandoning module ProfilerClient (488)
[2019.12.04-03.27.17:705][ 67]LogModuleManager: Shutting down and abandoning module DeviceManager (486)
[2019.12.04-03.27.17:705][ 67]LogModuleManager: Shutting down and abandoning module TargetDeviceServices (485)
[2019.12.04-03.27.17:760][ 67]LogModuleManager: Shutting down and abandoning module AutomationController (482)
[2019.12.04-03.27.17:760][ 67]LogModuleManager: Shutting down and abandoning module AutomationWindow (480)
[2019.12.04-03.27.17:760][ 67]LogModuleManager: Shutting down and abandoning module Layers (478)
[2019.12.04-03.27.17:760][ 67]LogModuleManager: Shutting down and abandoning module ComponentVisualizers (476)
[2019.12.04-03.27.17:760][ 67]LogModuleManager: Shutting down and abandoning module DetailCustomizations (474)
[2019.12.04-03.27.17:760][ 67]LogModuleManager: Shutting down and abandoning module PackagesDialog (472)
[2019.12.04-03.27.17:760][ 67]LogModuleManager: Shutting down and abandoning module AnimationBlueprintEditor (470)
[2019.12.04-03.27.17:760][ 67]LogModuleManager: Shutting down and abandoning module Persona (468)
[2019.12.04-03.27.17:760][ 67]LogModuleManager: Shutting down and abandoning module AdvancedPreviewScene (467)
[2019.12.04-03.27.17:760][ 67]LogModuleManager: Shutting down and abandoning module AnimGraph (465)
[2019.12.04-03.27.17:760][ 67]LogModuleManager: Shutting down and abandoning module Kismet (462)
[2019.12.04-03.27.17:760][ 67]LogModuleManager: Shutting down and abandoning module GraphEditor (460)
[2019.12.04-03.27.17:760][ 67]LogModuleManager: Shutting down and abandoning module ClassViewer (458)
[2019.12.04-03.27.17:760][ 67]LogModuleManager: Shutting down and abandoning module Toolbox (456)
[2019.12.04-03.27.17:760][ 67]LogModuleManager: Shutting down and abandoning module DesktopPlatform (455)
[2019.12.04-03.27.17:760][ 67]LogModuleManager: Shutting down and abandoning module ModuleUI (452)
[2019.12.04-03.27.17:760][ 67]LogModuleManager: Shutting down and abandoning module MovieSceneTools (450)
[2019.12.04-03.27.17:760][ 67]LogModuleManager: Shutting down and abandoning module OutputLog (448)
[2019.12.04-03.27.17:760][ 67]LogModuleManager: Shutting down and abandoning module GammaUI (446)
[2019.12.04-03.27.17:760][ 67]LogModuleManager: Shutting down and abandoning module Documentation (444)
[2019.12.04-03.27.17:760][ 67]LogModuleManager: Shutting down and abandoning module LiveCoding (442)
[2019.12.04-03.27.17:761][ 67]LogModuleManager: Shutting down and abandoning module LevelSequence (440)
[2019.12.04-03.27.17:761][ 67]LogModuleManager: Shutting down and abandoning module MovieSceneTracks (438)
[2019.12.04-03.27.17:761][ 67]LogModuleManager: Shutting down and abandoning module MovieScene (436)
[2019.12.04-03.27.17:761][ 67]LogModuleManager: Shutting down and abandoning module StreamingPauseRendering (434)
[2019.12.04-03.27.17:761][ 67]LogModuleManager: Shutting down and abandoning module LauncherPlatform (432)
[2019.12.04-03.27.17:761][ 67]LogModuleManager: Shutting down and abandoning module AnalyticsET (430)
[2019.12.04-03.27.17:761][ 67]LogModuleManager: Shutting down and abandoning module PortalServices (428)
[2019.12.04-03.27.17:761][ 67]LogModuleManager: Shutting down and abandoning module PortalRpc (426)
[2019.12.04-03.27.17:761][ 67]LogModuleManager: Shutting down and abandoning module MessagingRpc (424)
[2019.12.04-03.27.17:761][ 67]LogModuleManager: Shutting down and abandoning module AIModule (422)
[2019.12.04-03.27.17:761][ 67]LogModuleManager: Shutting down and abandoning module GameplayDebugger (421)
[2019.12.04-03.27.17:761][ 67]LogModuleManager: Shutting down and abandoning module AITestSuite (419)
[2019.12.04-03.27.17:761][ 67]LogModuleManager: Shutting down and abandoning module NavigationSystem (417)
[2019.12.04-03.27.17:761][ 67]LogModuleManager: Shutting down and abandoning module ImageWriteQueue (414)
[2019.12.04-03.27.17:764][ 67]LogModuleManager: Shutting down and abandoning module ProfilerService (412)
[2019.12.04-03.27.17:937][ 67]LogModuleManager: Shutting down and abandoning module TaskGraph (410)
[2019.12.04-03.27.17:937][ 67]LogModuleManager: Shutting down and abandoning module SteamVRController (408)
[2019.12.04-03.27.17:937][ 67]LogModuleManager: Shutting down and abandoning module ProceduralMeshComponentEditor (406)
[2019.12.04-03.27.17:937][ 67]LogModuleManager: Shutting down and abandoning module ProceduralMeshComponent (404)
[2019.12.04-03.27.17:937][ 67]LogModuleManager: Shutting down and abandoning module OculusEditor (402)
[2019.12.04-03.27.17:937][ 67]LogModuleManager: Shutting down and abandoning module OculusInput (400)
[2019.12.04-03.27.17:937][ 67]LogModuleManager: Shutting down and abandoning module MobilePatchingUtils (398)
[2019.12.04-03.27.17:937][ 67]LogModuleManager: Shutting down and abandoning module EditableMesh (396)
[2019.12.04-03.27.17:937][ 67]LogModuleManager: Shutting down and abandoning module CustomMeshComponent (394)
[2019.12.04-03.27.17:937][ 67]LogModuleManager: Shutting down and abandoning module CableComponent (392)
[2019.12.04-03.27.17:937][ 67]LogModuleManager: Shutting down and abandoning module AudioCapture (390)
[2019.12.04-03.27.17:937][ 67]LogModuleManager: Shutting down and abandoning module ArchVisCharacter (388)
[2019.12.04-03.27.17:937][ 67]LogModuleManager: Shutting down and abandoning module AndroidPermission (386)
[2019.12.04-03.27.17:937][ 67]LogModuleManager: Shutting down and abandoning module NUTUnrealEngine4 (384)
[2019.12.04-03.27.17:937][ 67]LogModuleManager: Shutting down and abandoning module NetcodeUnitTest (382)
[2019.12.04-03.27.17:937][ 67]LogModuleManager: Shutting down and abandoning module MediaCompositing (380)
[2019.12.04-03.27.17:937][ 67]LogModuleManager: Shutting down and abandoning module LinearTimecode (378)
[2019.12.04-03.27.17:937][ 67]LogModuleManager: Shutting down and abandoning module ImgMedia (376)
[2019.12.04-03.27.17:937][ 67]LogModuleManager: Shutting down and abandoning module MagicLeapHelperVulkan (374)
[2019.12.04-03.27.17:937][ 67]LogModuleManager: Shutting down and abandoning module MagicLeapHelperOpenGL (372)
[2019.12.04-03.27.17:937][ 67]LogModuleManager: Shutting down and abandoning module MagicLeapAudio (370)
[2019.12.04-03.27.17:937][ 67]LogModuleManager: Shutting down and abandoning module HTML5Networking (368)
[2019.12.04-03.27.17:938][ 67]LogModuleManager: Shutting down and abandoning module GeometryCacheTracks (366)
[2019.12.04-03.27.17:938][ 67]LogModuleManager: Shutting down and abandoning module GeometryCacheSequencer (364)
[2019.12.04-03.27.17:938][ 67]LogModuleManager: Shutting down and abandoning module BackChannel (362)
[2019.12.04-03.27.17:938][ 67]LogModuleManager: Shutting down and abandoning module AppleVision (360)
[2019.12.04-03.27.17:938][ 67]LogModuleManager: Shutting down and abandoning module AppleImageUtilsBlueprintSupport (358)
[2019.12.04-03.27.17:938][ 67]LogModuleManager: Shutting down and abandoning module AppleImageUtils (356)
[2019.12.04-03.27.17:938][ 67]LogModuleManager: Shutting down and abandoning module AlembicImporter (354)
[2019.12.04-03.27.17:938][ 67]LogModuleManager: Shutting down and abandoning module AlembicLibrary (353)
[2019.12.04-03.27.17:938][ 67]LogModuleManager: Shutting down and abandoning module GeometryCache (352)
[2019.12.04-03.27.17:938][ 67]LogModuleManager: Shutting down and abandoning module GeometryCacheEd (351)
[2019.12.04-03.27.17:938][ 67]LogModuleManager: Shutting down and abandoning module VariantManagerContent (346)
[2019.12.04-03.27.17:938][ 67]LogModuleManager: Shutting down and abandoning module DatasmithContentEditor (344)
[2019.12.04-03.27.17:938][ 67]LogModuleManager: Shutting down and abandoning module SpeedTreeImporter (342)
[2019.12.04-03.27.17:938][ 67]LogModuleManager: Shutting down and abandoning module PluginBrowser (340)
[2019.12.04-03.27.17:938][ 67]LogModuleManager: Shutting down and abandoning module MobileLauncherProfileWizard (338)
[2019.12.04-03.27.17:938][ 67]LogModuleManager: Shutting down and abandoning module MaterialAnalyzer (336)
[2019.12.04-03.27.17:938][ 67]LogModuleManager: Shutting down and abandoning module CryptoKeysOpenSSL (334)
[2019.12.04-03.27.17:938][ 67]LogModuleManager: Shutting down and abandoning module CryptoKeys (332)
[2019.12.04-03.27.17:938][ 67]LogModuleManager: Shutting down and abandoning module VisualStudioSourceCodeAccess (330)
[2019.12.04-03.27.17:938][ 67]LogModuleManager: Shutting down and abandoning module VisualStudioCodeSourceCodeAccess (328)
[2019.12.04-03.27.17:938][ 67]LogModuleManager: Shutting down and abandoning module UObjectPlugin (326)
[2019.12.04-03.27.17:938][ 67]LogModuleManager: Shutting down and abandoning module SubversionSourceControl (324)
[2019.12.04-03.27.17:938][ 67]LogModuleManager: Shutting down and abandoning module PerforceSourceControl (322)
[2019.12.04-03.27.17:938][ 67]LogModuleManager: Shutting down and abandoning module GitSourceControl (320)
[2019.12.04-03.27.17:938][ 67]LogModuleManager: Shutting down and abandoning module SourceControl (319)
[2019.12.04-03.27.17:939][ 67]LogModuleManager: Shutting down and abandoning module CLionSourceCodeAccess (316)
[2019.12.04-03.27.17:939][ 67]LogModuleManager: Shutting down and abandoning module AnimationSharingEd (314)
[2019.12.04-03.27.17:939][ 67]LogModuleManager: Shutting down and abandoning module ActorLayerUtilitiesEditor (312)
[2019.12.04-03.27.17:939][ 67]LogModuleManager: Shutting down and abandoning module ActorLayerUtilities (310)
[2019.12.04-03.27.17:939][ 67]LogModuleManager: Shutting down and abandoning module LightPropagationVolumeEditor (308)
[2019.12.04-03.27.17:939][ 67]LogModuleManager: Shutting down and abandoning module PaperTiledImporter (306)
[2019.12.04-03.27.17:939][ 67]LogModuleManager: Shutting down and abandoning module PaperSpriteSheetImporter (304)
[2019.12.04-03.27.17:939][ 67]LogModuleManager: Shutting down and abandoning module Paper2DEditor (302)
[2019.12.04-03.27.17:939][ 67]LogModuleManager: Shutting down and abandoning module MonsterComing (300)
[2019.12.04-03.27.17:939][ 67]LogModuleManager: Shutting down and abandoning module SignificanceManager (298)
[2019.12.04-03.27.17:939][ 67]LogModuleManager: Shutting down and abandoning module RuntimePhysXCooking (296)
[2019.12.04-03.27.17:939][ 67]LogModuleManager: Shutting down and abandoning module PhysXVehiclesEditor (294)
[2019.12.04-03.27.17:939][ 67]LogModuleManager: Shutting down and abandoning module PhysXVehicles (292)
[2019.12.04-03.27.17:939][ 67]LogModuleManager: Shutting down and abandoning module LocationServicesBPLibrary (290)
[2019.12.04-03.27.17:939][ 67]LogModuleManager: Shutting down and abandoning module ApexDestructionEditor (288)
[2019.12.04-03.27.17:939][ 67]LogModuleManager: Shutting down and abandoning module ApexDestruction (286)
[2019.12.04-03.27.17:939][ 67]LogModuleManager: Shutting down and abandoning module ActorSequence (284)
[2019.12.04-03.27.17:939][ 67]LogModuleManager: Shutting down and abandoning module UdpMessaging (282)
[2019.12.04-03.27.18:040][ 67]LogModuleManager: Shutting down and abandoning module TcpMessaging (280)
[2019.12.04-03.27.18:141][ 67]LogModuleManager: Shutting down and abandoning module MagicLeapIdentity (278)
[2019.12.04-03.27.18:141][ 67]LogModuleManager: Shutting down and abandoning module MagicLeapSecureStorage (276)
[2019.12.04-03.27.18:141][ 67]LogModuleManager: Shutting down and abandoning module MagicLeapHandTracking (274)
[2019.12.04-03.27.18:141][ 67]LogModuleManager: Shutting down and abandoning module MagicLeapEyeTracker (272)
[2019.12.04-03.27.18:141][ 67]LogModuleManager: Shutting down and abandoning module MagicLeapController (270)
[2019.12.04-03.27.18:141][ 67]LogSlate: Slate User Destroyed.  User Index 0, Is Virtual User: 0
[2019.12.04-03.27.18:141][ 67]LogModuleManager: Shutting down and abandoning module MagicLeapAR (268)
[2019.12.04-03.27.18:141][ 67]LogModuleManager: Shutting down and abandoning module AugmentedReality (267)
[2019.12.04-03.27.18:141][ 67]LogModuleManager: Shutting down and abandoning module GameplayTagsEditor (264)
[2019.12.04-03.27.18:141][ 67]LogModuleManager: Shutting down and abandoning module FacialAnimationEditor (262)
[2019.12.04-03.27.18:141][ 67]LogModuleManager: Shutting down and abandoning module FacialAnimation (260)
[2019.12.04-03.27.18:141][ 67]LogModuleManager: Shutting down and abandoning module DataValidation (258)
[2019.12.04-03.27.18:141][ 67]LogModuleManager: Shutting down and abandoning module AssetManagerEditor (256)
[2019.12.04-03.27.18:141][ 67]LogModuleManager: Shutting down and abandoning module LevelEditor (255)
[2019.12.04-03.27.18:142][ 67]LogModuleManager: Shutting down and abandoning module PixelInspectorModule (254)
[2019.12.04-03.27.18:142][ 67]LogModuleManager: Shutting down and abandoning module CommonMenuExtensions (252)
[2019.12.04-03.27.18:142][ 67]LogModuleManager: Shutting down and abandoning module MainFrame (250)
[2019.12.04-03.27.18:143][ 67]LogModuleManager: Shutting down and abandoning module HotReload (249)
[2019.12.04-03.27.18:143][ 67]LogModuleManager: Shutting down and abandoning module ContentBrowser (245)
[2019.12.04-03.27.18:145][ 67]LogModuleManager: Shutting down and abandoning module TreeMap (243)
[2019.12.04-03.27.18:145][ 67]LogModuleManager: Shutting down and abandoning module AnimationSharing (240)
[2019.12.04-03.27.18:145][ 67]LogModuleManager: Shutting down and abandoning module LightPropagationVolumeRuntime (238)
[2019.12.04-03.27.18:145][ 67]LogModuleManager: Shutting down and abandoning module AISupportModule (236)
[2019.12.04-03.27.18:145][ 67]LogModuleManager: Shutting down and abandoning module Paper2D (234)
[2019.12.04-03.27.18:145][ 67]LogModuleManager: Shutting down and abandoning module WindowsMoviePlayer (232)
[2019.12.04-03.27.18:145][ 67]LogModuleManager: Shutting down and abandoning module WebMMoviePlayer (230)
[2019.12.04-03.27.18:145][ 67]LogModuleManager: Shutting down and abandoning module PacketHandler (228)
[2019.12.04-03.27.18:145][ 67]LogModuleManager: Shutting down and abandoning module ClothingSystemEditor (226)
[2019.12.04-03.27.18:145][ 67]LogModuleManager: Shutting down and abandoning module ClothingSystemRuntime (224)
[2019.12.04-03.27.18:145][ 67]LogModuleManager: Shutting down and abandoning module MediaAssets (222)
[2019.12.04-03.27.18:145][ 67]LogModuleManager: Shutting down and abandoning module Overlay (220)
[2019.12.04-03.27.18:145][ 67]LogModuleManager: Shutting down and abandoning module OverlayEditor (219)
[2019.12.04-03.27.18:145][ 67]LogModuleManager: Shutting down and abandoning module VREditor (216)
[2019.12.04-03.27.18:145][ 67]LogModuleManager: Shutting down and abandoning module StringTableEditor (214)
[2019.12.04-03.27.18:145][ 67]LogModuleManager: Shutting down and abandoning module GameplayTasksEditor (212)
[2019.12.04-03.27.18:145][ 67]LogModuleManager: Shutting down and abandoning module BehaviorTreeEditor (210)
[2019.12.04-03.27.18:145][ 67]LogModuleManager: Shutting down and abandoning module FunctionalTesting (208)
[2019.12.04-03.27.18:145][ 67]LogModuleManager: Shutting down and abandoning module CollisionAnalyzer (206)
[2019.12.04-03.27.18:145][ 67]LogModuleManager: Shutting down and abandoning module WorkspaceMenuStructure (205)
[2019.12.04-03.27.18:145][ 67]LogModuleManager: Shutting down and abandoning module UMG (202)
[2019.12.04-03.27.18:145][ 67]LogModuleManager: Shutting down and abandoning module UMGEditor (201)
[2019.12.04-03.27.18:145][ 67]LogModuleManager: Shutting down and abandoning module Sequencer (200)
[2019.12.04-03.27.18:146][ 67]LogModuleManager: Shutting down and abandoning module MessageLog (197)
[2019.12.04-03.27.18:146][ 67]LogModuleManager: Shutting down and abandoning module SlateReflector (192)
[2019.12.04-03.27.18:146][ 67]LogModuleManager: Shutting down and abandoning module Slate (190)
[2019.12.04-03.27.18:146][ 67]LogModuleManager: Shutting down and abandoning module EditorStyle (188)
[2019.12.04-03.27.18:148][ 67]LogModuleManager: Shutting down and abandoning module UnrealEd (186)
[2019.12.04-03.27.18:148][ 67]LogModuleManager: Shutting down and abandoning module MRMesh (184)
[2019.12.04-03.27.18:148][ 67]LogModuleManager: Shutting down and abandoning module SourceCodeAccess (182)
[2019.12.04-03.27.18:148][ 67]LogModuleManager: Shutting down and abandoning module HeadMountedDisplay (180)
[2019.12.04-03.27.18:148][ 67]LogModuleManager: Shutting down and abandoning module XAudio2 (178)
[2019.12.04-03.27.18:148][ 67]LogModuleManager: Shutting down and abandoning module Networking (176)
[2019.12.04-03.27.18:148][ 67]LogModuleManager: Shutting down and abandoning module Core (174)
[2019.12.04-03.27.18:148][ 67]LogModuleManager: Shutting down and abandoning module KismetCompiler (172)
[2019.12.04-03.27.18:148][ 67]LogModuleManager: Shutting down and abandoning module MeshUtilities (170)
[2019.12.04-03.27.18:148][ 67]LogModuleManager: Shutting down and abandoning module MeshMergeUtilities (169)
[2019.12.04-03.27.18:148][ 67]LogModuleManager: Shutting down and abandoning module MeshReductionInterface (168)
[2019.12.04-03.27.18:148][ 67]LogModuleManager: Shutting down and abandoning module SkeletalMeshReduction (167)
[2019.12.04-03.27.18:148][ 67]LogModuleManager: Shutting down and abandoning module ProxyLODMeshReduction (165)
[2019.12.04-03.27.18:148][ 67]LogModuleManager: Shutting down and abandoning module QuadricMeshReduction (163)
[2019.12.04-03.27.18:149][ 67]LogModuleManager: Shutting down and abandoning module MaterialBaking (159)
[2019.12.04-03.27.18:149][ 67]LogModuleManager: Shutting down and abandoning module DerivedDataCache (154)
[2019.12.04-03.27.18:447][ 67]LogDerivedDataCache: Shutdown
[2019.12.04-03.27.18:447][ 67]LogModuleManager: Shutting down and abandoning module XGEController (152)
[2019.12.04-03.27.18:447][ 67]LogXGEController: Cleaning working directory: C:/Users/ktsekaiwai/AppData/Local/Temp/UnrealXGEWorkingDir/
[2019.12.04-03.27.18:448][ 67]LogModuleManager: Shutting down and abandoning module TargetPlatform (150)
[2019.12.04-03.27.18:448][ 67]LogModuleManager: Shutting down and abandoning module VulkanShaderFormat (149)
[2019.12.04-03.27.18:448][ 67]LogModuleManager: Shutting down and abandoning module ShaderFormatVectorVM (147)
[2019.12.04-03.27.18:448][ 67]LogModuleManager: Shutting down and abandoning module ShaderFormatOpenGL (145)
[2019.12.04-03.27.18:448][ 67]LogModuleManager: Shutting down and abandoning module ShaderFormatD3D (143)
[2019.12.04-03.27.18:448][ 67]LogModuleManager: Shutting down and abandoning module MetalShaderFormat (141)
[2019.12.04-03.27.18:448][ 67]LogModuleManager: Shutting down and abandoning module TextureFormatUncompressed (139)
[2019.12.04-03.27.18:448][ 67]LogModuleManager: Shutting down and abandoning module TextureFormatPVR (137)
[2019.12.04-03.27.18:448][ 67]LogModuleManager: Shutting down and abandoning module TextureFormatDXT (135)
[2019.12.04-03.27.18:448][ 67]LogModuleManager: Shutting down and abandoning module TextureFormatIntelISPCTexComp (133)
[2019.12.04-03.27.18:448][ 67]LogModuleManager: Shutting down and abandoning module TextureFormatASTC (131)
[2019.12.04-03.27.18:448][ 67]LogModuleManager: Shutting down and abandoning module ImageWrapper (130)
[2019.12.04-03.27.18:448][ 67]LogModuleManager: Shutting down and abandoning module TextureFormatAndroid (127)
[2019.12.04-03.27.18:448][ 67]LogModuleManager: Shutting down and abandoning module AudioFormatOpus (125)
[2019.12.04-03.27.18:448][ 67]LogModuleManager: Shutting down and abandoning module AudioFormatOgg (123)
[2019.12.04-03.27.18:448][ 67]LogModuleManager: Shutting down and abandoning module AudioFormatADPCM (121)
[2019.12.04-03.27.18:448][ 67]LogModuleManager: Shutting down and abandoning module LuminTargetPlatform (119)
[2019.12.04-03.27.18:449][ 67]LogModuleManager: Shutting down and abandoning module LinuxTargetPlatform (117)
[2019.12.04-03.27.18:449][ 67]LogModuleManager: Shutting down and abandoning module LinuxServerTargetPlatform (115)
[2019.12.04-03.27.18:449][ 67]LogModuleManager: Shutting down and abandoning module LinuxNoEditorTargetPlatform (113)
[2019.12.04-03.27.18:449][ 67]LogModuleManager: Shutting down and abandoning module LinuxClientTargetPlatform (111)
[2019.12.04-03.27.18:449][ 67]LogModuleManager: Shutting down and abandoning module TVOSTargetPlatform (109)
[2019.12.04-03.27.18:450][ 67]LogModuleManager: Shutting down and abandoning module Messaging (107)
[2019.12.04-03.27.18:450][ 67]LogModuleManager: Shutting down and abandoning module IOSTargetPlatform (105)
[2019.12.04-03.27.18:450][ 67]LogModuleManager: Shutting down and abandoning module HTML5TargetPlatform (103)
[2019.12.04-03.27.18:450][ 67]LogModuleManager: Shutting down and abandoning module AndroidTargetPlatform (101)
[2019.12.04-03.27.18:455][ 67]LogModuleManager: Shutting down and abandoning module WindowsTargetPlatform (99)
[2019.12.04-03.27.18:455][ 67]LogModuleManager: Shutting down and abandoning module WindowsServerTargetPlatform (97)
[2019.12.04-03.27.18:455][ 67]LogModuleManager: Shutting down and abandoning module WindowsNoEditorTargetPlatform (95)
[2019.12.04-03.27.18:455][ 67]LogModuleManager: Shutting down and abandoning module WindowsClientTargetPlatform (93)
[2019.12.04-03.27.18:455][ 67]LogModuleManager: Shutting down and abandoning module MacTargetPlatform (91)
[2019.12.04-03.27.18:455][ 67]LogModuleManager: Shutting down and abandoning module MacServerTargetPlatform (89)
[2019.12.04-03.27.18:456][ 67]LogModuleManager: Shutting down and abandoning module MacNoEditorTargetPlatform (87)
[2019.12.04-03.27.18:456][ 67]LogModuleManager: Shutting down and abandoning module MacClientTargetPlatform (85)
[2019.12.04-03.27.18:456][ 67]LogModuleManager: Shutting down and abandoning module AllDesktopTargetPlatform (83)
[2019.12.04-03.27.18:456][ 67]LogModuleManager: Shutting down and abandoning module InputCore (80)
[2019.12.04-03.27.18:456][ 67]LogModuleManager: Shutting down and abandoning module Settings (78)
[2019.12.04-03.27.18:456][ 67]LogModuleManager: Shutting down and abandoning module DirectoryWatcher (76)
[2019.12.04-03.27.18:456][ 67]LogModuleManager: Shutting down and abandoning module PhysXCooking (74)
[2019.12.04-03.27.18:456][ 67]LogModuleManager: Shutting down and abandoning module SteamVR (72)
[2019.12.04-03.27.18:456][ 67]LogHMD: Freeing OpenVRDLLHandle.
[2019.12.04-03.27.18:456][ 67]LogModuleManager: Shutting down and abandoning module OculusHMD (70)
[2019.12.04-03.27.18:456][ 67]LogModuleManager: Shutting down and abandoning module ExampleDeviceProfileSelector (68)
[2019.12.04-03.27.18:456][ 67]LogModuleManager: Shutting down and abandoning module LauncherChunkInstaller (66)
[2019.12.04-03.27.18:456][ 67]LogModuleManager: Shutting down and abandoning module OnlineBlueprintSupport (64)
[2019.12.04-03.27.18:456][ 67]LogModuleManager: Shutting down and abandoning module OnlineSubsystem (60)
[2019.12.04-03.27.18:457][ 67]LogModuleManager: Shutting down and abandoning module XMPP (55)
[2019.12.04-03.27.18:457][ 67]LogModuleManager: Shutting down and abandoning module WebSockets (54)
[2019.12.04-03.27.18:485][ 67]LogModuleManager: Shutting down and abandoning module HTTP (51)
[2019.12.04-03.27.18:485][ 67]LogHttp: Display: Http module shutting down, but needs to wait on 1 outstanding Http requests:
[2019.12.04-03.27.18:485][ 67]LogHttp: Display: 	verb=[POST] url=[https://datarouter.ol.epicgames.com/datarouter/api/v1/public/data?SessionID=%7BFEF8C62B-4309-8539-28BF-32BEB112EB99%7D&AppID=UEEditor.Rocket.Release&AppVersion=4.22.3-7053642%2B%2B%2BUE4%2BRelease-4.22&UserID=ef2f5c8649f0267fa64ac68aff20130c%7C1dfc638ec86741f1b1e32a567437f98b%7Cb164def0-1320-4638-aca7-8d9781628cee&AppEnvironment=datacollector-binary&UploadType=eteventstream] status=Processing
[2019.12.04-03.27.18:501][ 67]LogModuleManager: Shutting down and abandoning module SSL (50)
[2019.12.04-03.27.18:502][ 67]LogModuleManager: Shutting down and abandoning module WmfMedia (46)
[2019.12.04-03.27.18:507][ 67]LogModuleManager: Shutting down and abandoning module Media (45)
[2019.12.04-03.27.18:514][ 67]LogModuleManager: Shutting down and abandoning module MagicLeap (42)
[2019.12.04-03.27.18:514][ 67]LogModuleManager: Shutting down and abandoning module DatasmithContent (40)
[2019.12.04-03.27.18:515][ 67]LogModuleManager: Shutting down and abandoning module AnimationModifiers (38)
[2019.12.04-03.27.18:515][ 67]LogModuleManager: Shutting down and abandoning module PropertyEditor (37)
[2019.12.04-03.27.18:515][ 67]LogModuleManager: Shutting down and abandoning module AudioEditor (34)
[2019.12.04-03.27.18:515][ 67]LogModuleManager: Shutting down and abandoning module TextureCompressor (32)
[2019.12.04-03.27.18:515][ 67]LogModuleManager: Shutting down and abandoning module RenderCore (30)
[2019.12.04-03.27.18:515][ 67]LogModuleManager: Shutting down and abandoning module Landscape (28)
[2019.12.04-03.27.18:515][ 67]LogModuleManager: Shutting down and abandoning module SlateRHIRenderer (26)
[2019.12.04-03.27.18:515][ 67]LogModuleManager: Shutting down and abandoning module OpenGLDrv (24)
[2019.12.04-03.27.18:515][ 67]LogModuleManager: Shutting down and abandoning module D3D11RHI (22)
[2019.12.04-03.27.18:515][ 67]LogModuleManager: Shutting down and abandoning module AnimGraphRuntime (20)
[2019.12.04-03.27.18:515][ 67]LogModuleManager: Shutting down and abandoning module Renderer (18)
[2019.12.04-03.27.18:515][ 67]LogModuleManager: Shutting down and abandoning module Engine (16)
[2019.12.04-03.27.18:516][ 67]LogModuleManager: Shutting down and abandoning module CoreUObject (14)
[2019.12.04-03.27.18:516][ 67]LogModuleManager: Shutting down and abandoning module NetworkFile (12)
[2019.12.04-03.27.18:516][ 67]LogModuleManager: Shutting down and abandoning module CookedIterativeFile (10)
[2019.12.04-03.27.18:516][ 67]LogModuleManager: Shutting down and abandoning module StreamingFile (8)
[2019.12.04-03.27.18:516][ 67]LogModuleManager: Shutting down and abandoning module SandboxFile (6)
[2019.12.04-03.27.18:516][ 67]LogModuleManager: Shutting down and abandoning module PakFile (4)
[2019.12.04-03.27.18:516][ 67]LogModuleManager: Shutting down and abandoning module RSA (3)
[2019.12.04-03.27.18:524][ 67]LogExit: Exiting.
[2019.12.04-03.27.18:548][ 67]Log file closed, 12/04/19 14:27:18
