Log file open, 12/11/19 09:26:15
LogWindows: Failed to load 'aqProf.dll' (GetLastError=126)
LogWindows: File 'aqProf.dll' does not exist
LogWindows: Failed to load 'VtuneApi.dll' (GetLastError=126)
LogWindows: File 'VtuneApi.dll' does not exist
LogWindows: Failed to load 'VtuneApi32e.dll' (GetLastError=126)
LogWindows: File 'VtuneApi32e.dll' does not exist
LogConsoleResponse: Display: Failed to find resolution value strings in scalability ini. Falling back to default.
LogInit: Display: Running engine for game: MonsterComing
LogPakFile: Registered encryption key '00000000000000000000000000000000': 0 pak files mounted, 0 remain pending
LogPlatformFile: Not using cached read wrapper
LogTaskGraph: Started task graph with 5 named threads and 23 total threads with 3 sets of task threads.
LogStats: Stats thread started at 1.986711
LogD3D11RHI: Loaded GFSDK_Aftermath_Lib.x64.dll
LogICUInternationalization: ICU TimeZone Detection - Raw Offset: +10:00, Platform Override: ''
LogPluginManager: Mounting plugin Paper2D
LogPluginManager: Mounting plugin AISupport
LogPluginManager: Mounting plugin LightPropagationVolume
LogPluginManager: Mounting plugin ActorLayerUtilities
LogPluginManager: Mounting plugin AnimationSharing
LogPluginManager: Mounting plugin CLionSourceCodeAccess
LogPluginManager: Mounting plugin CodeLiteSourceCodeAccess
LogPluginManager: Mounting plugin GitSourceControl
LogPluginManager: Mounting plugin KDevelopSourceCodeAccess
LogPluginManager: Mounting plugin NullSourceCodeAccess
LogPluginManager: Mounting plugin PerforceSourceControl
LogPluginManager: Mounting plugin SubversionSourceControl
LogPluginManager: Mounting plugin UObjectPlugin
LogPluginManager: Mounting plugin VisualStudioCodeSourceCodeAccess
LogPluginManager: Mounting plugin VisualStudioSourceCodeAccess
LogPluginManager: Mounting plugin XCodeSourceCodeAccess
LogPluginManager: Mounting plugin AssetManagerEditor
LogPluginManager: Mounting plugin CryptoKeys
LogPluginManager: Mounting plugin DataValidation
LogPluginManager: Mounting plugin FacialAnimation
LogPluginManager: Mounting plugin GameplayTagsEditor
LogPluginManager: Mounting plugin MacGraphicsSwitching
LogPluginManager: Mounting plugin MaterialAnalyzer
LogPluginManager: Mounting plugin MobileLauncherProfileWizard
LogPluginManager: Mounting plugin PluginBrowser
LogPluginManager: Mounting plugin SpeedTreeImporter
LogPluginManager: Mounting plugin DatasmithContent
LogPluginManager: Mounting plugin VariantManagerContent
LogPluginManager: Mounting plugin AlembicImporter
LogPluginManager: Mounting plugin AppleImageUtils
LogPluginManager: Mounting plugin AppleVision
LogPluginManager: Mounting plugin BackChannel
LogPluginManager: Mounting plugin CharacterAI
LogPluginManager: Mounting plugin GeometryCache
LogPluginManager: Mounting plugin HTML5Networking
LogPluginManager: Mounting plugin ProxyLODPlugin
LogPluginManager: Mounting plugin SkeletalReduction
LogPluginManager: Mounting plugin MagicLeap
LogPluginManager: Mounting plugin MagicLeapMedia
LogPluginManager: Mounting plugin AndroidMedia
LogPluginManager: Mounting plugin AvfMedia
LogPluginManager: Mounting plugin ImgMedia
LogPluginManager: Mounting plugin LinearTimecode
LogPluginManager: Mounting plugin MediaCompositing
LogPluginManager: Mounting plugin MediaPlayerEditor
LogPluginManager: Mounting plugin WebMMedia
LogPluginManager: Mounting plugin WmfMedia
LogPluginManager: Mounting plugin TcpMessaging
LogPluginManager: Mounting plugin UdpMessaging
LogPluginManager: Mounting plugin ActorSequence
LogPluginManager: Mounting plugin LevelSequenceEditor
LogPluginManager: Mounting plugin MatineeToLevelSequence
LogPluginManager: Mounting plugin NetcodeUnitTest
LogPluginManager: Mounting plugin NUTUnrealEngine4
LogPluginManager: Mounting plugin OnlineSubsystemGooglePlay
LogPluginManager: Mounting plugin OnlineSubsystemIOS
LogPluginManager: Mounting plugin OnlineSubsystem
LogPluginManager: Mounting plugin OnlineSubsystemNull
LogPluginManager: Mounting plugin OnlineSubsystemUtils
LogPluginManager: Mounting plugin LauncherChunkInstaller
LogPluginManager: Mounting plugin AndroidDeviceProfileSelector
LogPluginManager: Mounting plugin AndroidMoviePlayer
LogPluginManager: Mounting plugin AndroidPermission
LogPluginManager: Mounting plugin ApexDestruction
LogPluginManager: Mounting plugin AppleMoviePlayer
LogPluginManager: Mounting plugin ArchVisCharacter
LogPluginManager: Mounting plugin AudioCapture
LogPluginManager: Mounting plugin CableComponent
LogPluginManager: Mounting plugin CustomMeshComponent
LogPluginManager: Mounting plugin EditableMesh
LogPluginManager: Mounting plugin ExampleDeviceProfileSelector
LogPluginManager: Mounting plugin Firebase
LogPluginManager: Mounting plugin GoogleCloudMessaging
LogPluginManager: Mounting plugin IOSDeviceProfileSelector
LogPluginManager: Mounting plugin LinuxDeviceProfileSelector
LogPluginManager: Mounting plugin LocationServicesBPLibrary
LogPluginManager: Mounting plugin MobilePatchingUtils
LogPluginManager: Mounting plugin OculusVR
LogPluginManager: Mounting plugin PhysXVehicles
LogPluginManager: Mounting plugin ProceduralMeshComponent
LogPluginManager: Mounting plugin RuntimePhysXCooking
LogPluginManager: Mounting plugin SignificanceManager
LogPluginManager: Mounting plugin SteamVR
LogPluginManager: Mounting plugin WebMMoviePlayer
LogPluginManager: Mounting plugin WindowsMoviePlayer
LogInit: Using libcurl 7.55.1-DEV
LogInit:  - built for x86_64-pc-win32
LogInit:  - supports SSL with OpenSSL/1.1.1
LogInit:  - supports HTTP deflate (compression) using libz 1.2.8
LogInit:  - other features:
LogInit:      CURL_VERSION_SSL
LogInit:      CURL_VERSION_LIBZ
LogInit:      CURL_VERSION_IPV6
LogInit:      CURL_VERSION_ASYNCHDNS
LogInit:      CURL_VERSION_LARGEFILE
LogInit:      CURL_VERSION_IDN
LogInit:  CurlRequestOptions (configurable via config and command line):
LogInit:  - bVerifyPeer = true  - Libcurl will verify peer certificate
LogInit:  - bUseHttpProxy = false  - Libcurl will NOT use HTTP proxy
LogInit:  - bDontReuseConnections = false  - Libcurl will reuse connections
LogInit:  - MaxHostConnections = 16  - Libcurl will limit the number of connections to a host
LogInit:  - LocalHostAddr = Default
LogInit:  - BufferSize = 65536
LogInit: WinSock: version 1.1 (2.2), MaxSocks=32767, MaxUdp=65467
LogHMD: Failed initializing OVRPlugin 1.32.0
LogInit: Build: ++UE4+Release-4.22-CL-7053642
LogInit: Engine Version: 4.22.3-7053642+++UE4+Release-4.22
LogInit: Compatible Engine Version: 4.22.0-5660361+++UE4+Release-4.22
LogInit: Net CL: 5660361
LogInit: OS: Windows 10 (Release 1903) (), CPU: Intel(R) Core(TM) i7-6700 CPU @ 3.40GHz, GPU: NVIDIA GeForce GTX 980
LogInit: Compiled (64-bit): Jun 18 2019 03:09:11
LogInit: Compiled with Visual C++: 19.16.27025.01
LogInit: Build Configuration: Development
LogInit: Branch Name: ++UE4+Release-4.22
LogInit: Command Line: 
LogInit: Base Directory: C:/Program Files/Epic Games/UE_4.22/Engine/Binaries/Win64/
LogInit: Installed Engine Build: 1
LogDevObjectVersion: Number of dev versions registered: 23
LogDevObjectVersion:   Dev-Blueprints (B0D832E4-1F89-4F0D-ACCF-7EB736FD4AA2): 10
LogDevObjectVersion:   Dev-Build (E1C64328-A22C-4D53-A36C-8E866417BD8C): 0
LogDevObjectVersion:   Dev-Core (375EC13C-06E4-48FB-B500-84F0262A717E): 3
LogDevObjectVersion:   Dev-Editor (E4B068ED-F494-42E9-A231-DA0B2E46BB41): 30
LogDevObjectVersion:   Dev-Framework (CFFC743F-43B0-4480-9391-14DF171D2073): 35
LogDevObjectVersion:   Dev-Mobile (B02B49B5-BB20-44E9-A304-32B752E40360): 2
LogDevObjectVersion:   Dev-Networking (A4E4105C-59A1-49B5-A7C5-40C4547EDFEE): 0
LogDevObjectVersion:   Dev-Online (39C831C9-5AE6-47DC-9A44-9C173E1C8E7C): 0
LogDevObjectVersion:   Dev-Physics (78F01B33-EBEA-4F98-B9B4-84EACCB95AA2): 0
LogDevObjectVersion:   Dev-Platform (6631380F-2D4D-43E0-8009-CF276956A95A): 0
LogDevObjectVersion:   Dev-Rendering (12F88B9F-8875-4AFC-A67C-D90C383ABD29): 28
LogDevObjectVersion:   Dev-Sequencer (7B5AE74C-D270-4C10-A958-57980B212A5A): 11
LogDevObjectVersion:   Dev-VR (D7296918-1DD6-4BDD-9DE2-64A83CC13884): 2
LogDevObjectVersion:   Dev-LoadTimes (C2A15278-BFE7-4AFE-6C17-90FF531DF755): 1
LogDevObjectVersion:   Private-Geometry (6EACA3D4-40EC-4CC1-B786-8BED09428FC5): 3
LogDevObjectVersion:   Dev-AnimPhys (29E575DD-E0A3-4627-9D10-D276232CDCEA): 17
LogDevObjectVersion:   Dev-Anim (AF43A65D-7FD3-4947-9873-3E8ED9C1BB05): 2
LogDevObjectVersion:   Dev-ReflectionCapture (6B266CEC-1EC7-4B8F-A30B-E4D90942FC07): 1
LogDevObjectVersion:   Dev-Automation (0DF73D61-A23F-47EA-B727-89E90C41499A): 1
LogDevObjectVersion:   FortniteMain (601D1886-AC64-4F84-AA16-D3DE0DEAC7D6): 25
LogDevObjectVersion:   Dev-Enterprise (9DFFBCD6-494F-0158-E221-12823C92A888): 6
LogDevObjectVersion:   Dev-Niagara (F2AED0AC-9AFE-416F-8664-AA7FFA26D6FC): 1
LogDevObjectVersion:   Dev-Destruction (174F1F0B-B4C6-45A5-B13F-2EE8D0FB917D): 2
LogInit: Presizing for max 16777216 objects, including 0 objects not considered by GC, pre-allocating 0 bytes for permanent pool.
LogInit: Object subsystem initialized
LogConfig: Setting CVar [[con.DebugEarlyDefault:1]]
LogConfig: Setting CVar [[r.setres:1280x720]]
[2019.12.10-22.26.18:164][  0]LogConfig: Setting CVar [[r.VSync:0]]
[2019.12.10-22.26.18:164][  0]LogConfig: Setting CVar [[r.RHICmdBypass:0]]
[2019.12.10-22.26.18:164][  0]LogConfig: Applying CVar settings from Section [/Script/Engine.RendererSettings] File [D:/Studio1_Team3/MonsterComing/Saved/Config/Windows/Engine.ini]
[2019.12.10-22.26.18:164][  0]LogConfig: Setting CVar [[r.GPUCrashDebugging:0]]
[2019.12.10-22.26.18:164][  0]LogConfig: Applying CVar settings from Section [/Script/Engine.RendererOverrideSettings] File [D:/Studio1_Team3/MonsterComing/Saved/Config/Windows/Engine.ini]
[2019.12.10-22.26.18:164][  0]LogConfig: Applying CVar settings from Section [/Script/Engine.StreamingSettings] File [D:/Studio1_Team3/MonsterComing/Saved/Config/Windows/Engine.ini]
[2019.12.10-22.26.18:164][  0]LogConfig: Setting CVar [[s.MinBulkDataSizeForAsyncLoading:131072]]
[2019.12.10-22.26.18:164][  0]LogConfig: Setting CVar [[s.AsyncLoadingThreadEnabled:0]]
[2019.12.10-22.26.18:164][  0]LogConfig: Setting CVar [[s.EventDrivenLoaderEnabled:1]]
[2019.12.10-22.26.18:164][  0]LogConfig: Setting CVar [[s.WarnIfTimeLimitExceeded:0]]
[2019.12.10-22.26.18:164][  0]LogConfig: Setting CVar [[s.TimeLimitExceededMultiplier:1.5]]
[2019.12.10-22.26.18:164][  0]LogConfig: Setting CVar [[s.TimeLimitExceededMinTime:0.005]]
[2019.12.10-22.26.18:164][  0]LogConfig: Setting CVar [[s.UseBackgroundLevelStreaming:1]]
[2019.12.10-22.26.18:164][  0]LogConfig: Setting CVar [[s.PriorityAsyncLoadingExtraTime:15.0]]
[2019.12.10-22.26.18:164][  0]LogConfig: Setting CVar [[s.LevelStreamingActorsUpdateTimeLimit:5.0]]
[2019.12.10-22.26.18:164][  0]LogConfig: Setting CVar [[s.PriorityLevelStreamingActorsUpdateExtraTime:5.0]]
[2019.12.10-22.26.18:164][  0]LogConfig: Setting CVar [[s.LevelStreamingComponentsRegistrationGranularity:10]]
[2019.12.10-22.26.18:164][  0]LogConfig: Setting CVar [[s.UnregisterComponentsTimeLimit:1.0]]
[2019.12.10-22.26.18:164][  0]LogConfig: Setting CVar [[s.LevelStreamingComponentsUnregistrationGranularity:5]]
[2019.12.10-22.26.18:164][  0]LogConfig: Applying CVar settings from Section [/Script/Engine.GarbageCollectionSettings] File [D:/Studio1_Team3/MonsterComing/Saved/Config/Windows/Engine.ini]
[2019.12.10-22.26.18:164][  0]LogConfig: Setting CVar [[gc.MaxObjectsNotConsideredByGC:1]]
[2019.12.10-22.26.18:164][  0]LogConfig: Setting CVar [[gc.SizeOfPermanentObjectPool:0]]
[2019.12.10-22.26.18:164][  0]LogConfig: Setting CVar [[gc.FlushStreamingOnGC:0]]
[2019.12.10-22.26.18:164][  0]LogConfig: Setting CVar [[gc.NumRetriesBeforeForcingGC:10]]
[2019.12.10-22.26.18:164][  0]LogConfig: Setting CVar [[gc.AllowParallelGC:1]]
[2019.12.10-22.26.18:164][  0]LogConfig: Setting CVar [[gc.TimeBetweenPurgingPendingKillObjects:61.1]]
[2019.12.10-22.26.18:164][  0]LogConfig: Setting CVar [[gc.MaxObjectsInEditor:16777216]]
[2019.12.10-22.26.18:164][  0]LogConfig: Setting CVar [[gc.IncrementalBeginDestroyEnabled:1]]
[2019.12.10-22.26.18:164][  0]LogConfig: Setting CVar [[gc.CreateGCClusters:1]]
[2019.12.10-22.26.18:164][  0]LogConfig: Setting CVar [[gc.MinGCClusterSize:5]]
[2019.12.10-22.26.18:164][  0]LogConfig: Setting CVar [[gc.ActorClusteringEnabled:0]]
[2019.12.10-22.26.18:164][  0]LogConfig: Setting CVar [[gc.BlueprintClusteringEnabled:0]]
[2019.12.10-22.26.18:164][  0]LogConfig: Setting CVar [[gc.UseDisregardForGCOnDedicatedServers:0]]
[2019.12.10-22.26.18:164][  0]LogConfig: Applying CVar settings from Section [/Script/Engine.NetworkSettings] File [D:/Studio1_Team3/MonsterComing/Saved/Config/Windows/Engine.ini]
[2019.12.10-22.26.18:164][  0]LogConfig: Applying CVar settings from Section [/Script/UnrealEd.CookerSettings] File [D:/Studio1_Team3/MonsterComing/Saved/Config/Windows/Engine.ini]
[2019.12.10-22.26.18:167][  0]LogConfig: Applying CVar settings from Section [ViewDistanceQuality@3] File [D:/Studio1_Team3/MonsterComing/Saved/Config/Windows/Scalability.ini]
[2019.12.10-22.26.18:167][  0]LogConfig: Setting CVar [[r.SkeletalMeshLODBias:0]]
[2019.12.10-22.26.18:167][  0]LogConfig: Setting CVar [[r.ViewDistanceScale:1.0]]
[2019.12.10-22.26.18:167][  0]LogConfig: Applying CVar settings from Section [AntiAliasingQuality@3] File [D:/Studio1_Team3/MonsterComing/Saved/Config/Windows/Scalability.ini]
[2019.12.10-22.26.18:167][  0]LogConfig: Setting CVar [[r.PostProcessAAQuality:4]]
[2019.12.10-22.26.18:167][  0]LogConfig: Applying CVar settings from Section [ShadowQuality@3] File [D:/Studio1_Team3/MonsterComing/Saved/Config/Windows/Scalability.ini]
[2019.12.10-22.26.18:167][  0]LogConfig: Setting CVar [[r.LightFunctionQuality:1]]
[2019.12.10-22.26.18:167][  0]LogConfig: Setting CVar [[r.ShadowQuality:5]]
[2019.12.10-22.26.18:167][  0]LogConfig: Setting CVar [[r.Shadow.CSM.MaxCascades:10]]
[2019.12.10-22.26.18:167][  0]LogConfig: Setting CVar [[r.Shadow.MaxResolution:2048]]
[2019.12.10-22.26.18:167][  0]LogConfig: Setting CVar [[r.Shadow.MaxCSMResolution:2048]]
[2019.12.10-22.26.18:167][  0]LogConfig: Setting CVar [[r.Shadow.RadiusThreshold:0.01]]
[2019.12.10-22.26.18:167][  0]LogConfig: Setting CVar [[r.Shadow.DistanceScale:1.0]]
[2019.12.10-22.26.18:167][  0]LogConfig: Setting CVar [[r.Shadow.CSM.TransitionScale:1.0]]
[2019.12.10-22.26.18:167][  0]LogConfig: Setting CVar [[r.Shadow.PreShadowResolutionFactor:1.0]]
[2019.12.10-22.26.18:167][  0]LogConfig: Setting CVar [[r.DistanceFieldShadowing:1]]
[2019.12.10-22.26.18:167][  0]LogConfig: Setting CVar [[r.DistanceFieldAO:1]]
[2019.12.10-22.26.18:167][  0]LogConfig: Setting CVar [[r.AOQuality:2]]
[2019.12.10-22.26.18:167][  0]LogConfig: Setting CVar [[r.VolumetricFog:1]]
[2019.12.10-22.26.18:167][  0]LogConfig: Setting CVar [[r.VolumetricFog.GridPixelSize:8]]
[2019.12.10-22.26.18:167][  0]LogConfig: Setting CVar [[r.VolumetricFog.GridSizeZ:128]]
[2019.12.10-22.26.18:167][  0]LogConfig: Setting CVar [[r.VolumetricFog.HistoryMissSupersampleCount:4]]
[2019.12.10-22.26.18:167][  0]LogConfig: Setting CVar [[r.LightMaxDrawDistanceScale:1]]
[2019.12.10-22.26.18:167][  0]LogConfig: Setting CVar [[r.CapsuleShadows:1]]
[2019.12.10-22.26.18:167][  0]LogConfig: Applying CVar settings from Section [PostProcessQuality@3] File [D:/Studio1_Team3/MonsterComing/Saved/Config/Windows/Scalability.ini]
[2019.12.10-22.26.18:167][  0]LogConfig: Setting CVar [[r.MotionBlurQuality:4]]
[2019.12.10-22.26.18:167][  0]LogConfig: Setting CVar [[r.AmbientOcclusionMipLevelFactor:0.4]]
[2019.12.10-22.26.18:167][  0]LogConfig: Setting CVar [[r.AmbientOcclusionMaxQuality:100]]
[2019.12.10-22.26.18:167][  0]LogConfig: Setting CVar [[r.AmbientOcclusionLevels:-1]]
[2019.12.10-22.26.18:167][  0]LogConfig: Setting CVar [[r.AmbientOcclusionRadiusScale:1.0]]
[2019.12.10-22.26.18:167][  0]LogConfig: Setting CVar [[r.DepthOfFieldQuality:2]]
[2019.12.10-22.26.18:168][  0]LogConfig: Setting CVar [[r.RenderTargetPoolMin:400]]
[2019.12.10-22.26.18:168][  0]LogConfig: Setting CVar [[r.LensFlareQuality:2]]
[2019.12.10-22.26.18:168][  0]LogConfig: Setting CVar [[r.SceneColorFringeQuality:1]]
[2019.12.10-22.26.18:168][  0]LogConfig: Setting CVar [[r.EyeAdaptationQuality:2]]
[2019.12.10-22.26.18:168][  0]LogConfig: Setting CVar [[r.BloomQuality:5]]
[2019.12.10-22.26.18:168][  0]LogConfig: Setting CVar [[r.FastBlurThreshold:100]]
[2019.12.10-22.26.18:168][  0]LogConfig: Setting CVar [[r.Upscale.Quality:3]]
[2019.12.10-22.26.18:168][  0]LogConfig: Setting CVar [[r.Tonemapper.GrainQuantization:1]]
[2019.12.10-22.26.18:168][  0]LogConfig: Setting CVar [[r.LightShaftQuality:1]]
[2019.12.10-22.26.18:168][  0]LogConfig: Setting CVar [[r.Filter.SizeScale:1]]
[2019.12.10-22.26.18:168][  0]LogConfig: Setting CVar [[r.Tonemapper.Quality:5]]
[2019.12.10-22.26.18:168][  0]LogConfig: Setting CVar [[r.DOF.Gather.AccumulatorQuality:1        ; higher gathering accumulator quality]]
[2019.12.10-22.26.18:168][  0]LogConfig: Setting CVar [[r.DOF.Gather.PostfilterMethod:1          ; Median3x3 postfilering method]]
[2019.12.10-22.26.18:168][  0]LogConfig: Setting CVar [[r.DOF.Gather.EnableBokehSettings:0       ; no bokeh simulation when gathering]]
[2019.12.10-22.26.18:168][  0]LogConfig: Setting CVar [[r.DOF.Gather.RingCount:4                 ; medium number of samples when gathering]]
[2019.12.10-22.26.18:168][  0]LogConfig: Setting CVar [[r.DOF.Scatter.ForegroundCompositing:1    ; additive foreground scattering]]
[2019.12.10-22.26.18:168][  0]LogConfig: Setting CVar [[r.DOF.Scatter.BackgroundCompositing:2    ; additive background scattering]]
[2019.12.10-22.26.18:168][  0]LogConfig: Setting CVar [[r.DOF.Scatter.EnableBokehSettings:1      ; bokeh simulation when scattering]]
[2019.12.10-22.26.18:168][  0]LogConfig: Setting CVar [[r.DOF.Scatter.MaxSpriteRatio:0.1         ; only a maximum of 10% of scattered bokeh]]
[2019.12.10-22.26.18:168][  0]LogConfig: Setting CVar [[r.DOF.Recombine.Quality:1                ; cheap slight out of focus]]
[2019.12.10-22.26.18:168][  0]LogConfig: Setting CVar [[r.DOF.Recombine.EnableBokehSettings:0    ; no bokeh simulation on slight out of focus]]
[2019.12.10-22.26.18:168][  0]LogConfig: Setting CVar [[r.DOF.TemporalAAQuality:1                ; more stable temporal accumulation]]
[2019.12.10-22.26.18:168][  0]LogConfig: Setting CVar [[r.DOF.Kernel.MaxForegroundRadius:0.025]]
[2019.12.10-22.26.18:168][  0]LogConfig: Setting CVar [[r.DOF.Kernel.MaxBackgroundRadius:0.025]]
[2019.12.10-22.26.18:168][  0]LogConfig: Applying CVar settings from Section [TextureQuality@3] File [D:/Studio1_Team3/MonsterComing/Saved/Config/Windows/Scalability.ini]
[2019.12.10-22.26.18:168][  0]LogConfig: Setting CVar [[r.Streaming.MipBias:0]]
[2019.12.10-22.26.18:168][  0]LogConfig: Setting CVar [[r.Streaming.AmortizeCPUToGPUCopy:0]]
[2019.12.10-22.26.18:168][  0]LogConfig: Setting CVar [[r.Streaming.MaxNumTexturesToStreamPerFrame:0]]
[2019.12.10-22.26.18:168][  0]LogConfig: Setting CVar [[r.Streaming.Boost:1]]
[2019.12.10-22.26.18:168][  0]LogConfig: Setting CVar [[r.MaxAnisotropy:8]]
[2019.12.10-22.26.18:168][  0]LogConfig: Setting CVar [[r.Streaming.LimitPoolSizeToVRAM:0]]
[2019.12.10-22.26.18:168][  0]LogConfig: Setting CVar [[r.Streaming.PoolSize:1000]]
[2019.12.10-22.26.18:168][  0]LogConfig: Setting CVar [[r.Streaming.MaxEffectiveScreenSize:0]]
[2019.12.10-22.26.18:168][  0]LogConfig: Applying CVar settings from Section [EffectsQuality@3] File [D:/Studio1_Team3/MonsterComing/Saved/Config/Windows/Scalability.ini]
[2019.12.10-22.26.18:168][  0]LogConfig: Setting CVar [[r.TranslucencyLightingVolumeDim:64]]
[2019.12.10-22.26.18:168][  0]LogConfig: Setting CVar [[r.RefractionQuality:2]]
[2019.12.10-22.26.18:168][  0]LogConfig: Setting CVar [[r.SSR.Quality:3]]
[2019.12.10-22.26.18:168][  0]LogConfig: Setting CVar [[r.SceneColorFormat:4]]
[2019.12.10-22.26.18:168][  0]LogConfig: Setting CVar [[r.DetailMode:2]]
[2019.12.10-22.26.18:168][  0]LogConfig: Setting CVar [[r.TranslucencyVolumeBlur:1]]
[2019.12.10-22.26.18:168][  0]LogConfig: Setting CVar [[r.MaterialQualityLevel:1 ; High quality]]
[2019.12.10-22.26.18:168][  0]LogConfig: Setting CVar [[r.SSS.Scale:1]]
[2019.12.10-22.26.18:168][  0]LogConfig: Setting CVar [[r.SSS.SampleSet:2]]
[2019.12.10-22.26.18:168][  0]LogConfig: Setting CVar [[r.SSS.Quality:1]]
[2019.12.10-22.26.18:168][  0]LogConfig: Setting CVar [[r.SSS.HalfRes:1]]
[2019.12.10-22.26.18:168][  0]LogConfig: Setting CVar [[r.EmitterSpawnRateScale:1.0]]
[2019.12.10-22.26.18:168][  0]LogConfig: Setting CVar [[r.ParticleLightQuality:2]]
[2019.12.10-22.26.18:168][  0]LogConfig: Applying CVar settings from Section [FoliageQuality@3] File [D:/Studio1_Team3/MonsterComing/Saved/Config/Windows/Scalability.ini]
[2019.12.10-22.26.18:168][  0]LogConfig: Setting CVar [[foliage.DensityScale:1.0]]
[2019.12.10-22.26.18:168][  0]LogConfig: Setting CVar [[grass.DensityScale:1.0]]
[2019.12.10-22.26.18:169][  0]LogInit: Selected Device Profile: [Windows]
[2019.12.10-22.26.18:169][  0]LogInit: Applying CVar settings loaded from the selected device profile: [Windows]
[2019.12.10-22.26.18:184][  0]LogHAL: Display: Platform has ~ 32 GB [34270765056 / 34359738368 / 32], which maps to Largest [LargestMinGB=32, LargerMinGB=12, DefaultMinGB=8, SmallerMinGB=6, SmallestMinGB=0)
[2019.12.10-22.26.18:185][  0]LogConfig: Setting CVar [[r.Vulkan.UseRealUBs:0		; Required until we fix HLR fall-out]]
[2019.12.10-22.26.18:185][  0]LogInit: Going up to parent DeviceProfile []
[2019.12.10-22.26.18:185][  0]LogConfig: Applying CVar settings from Section [ViewDistanceQuality@3] File [D:/Studio1_Team3/MonsterComing/Saved/Config/Windows/Scalability.ini]
[2019.12.10-22.26.18:185][  0]LogConfig: Setting CVar [[r.SkeletalMeshLODBias:0]]
[2019.12.10-22.26.18:185][  0]LogConfig: Setting CVar [[r.ViewDistanceScale:1.0]]
[2019.12.10-22.26.18:185][  0]LogConfig: Applying CVar settings from Section [AntiAliasingQuality@3] File [D:/Studio1_Team3/MonsterComing/Saved/Config/Windows/Scalability.ini]
[2019.12.10-22.26.18:185][  0]LogConfig: Setting CVar [[r.PostProcessAAQuality:4]]
[2019.12.10-22.26.18:185][  0]LogConfig: Applying CVar settings from Section [ShadowQuality@3] File [D:/Studio1_Team3/MonsterComing/Saved/Config/Windows/Scalability.ini]
[2019.12.10-22.26.18:185][  0]LogConfig: Setting CVar [[r.LightFunctionQuality:1]]
[2019.12.10-22.26.18:185][  0]LogConfig: Setting CVar [[r.ShadowQuality:5]]
[2019.12.10-22.26.18:185][  0]LogConfig: Setting CVar [[r.Shadow.CSM.MaxCascades:10]]
[2019.12.10-22.26.18:185][  0]LogConfig: Setting CVar [[r.Shadow.MaxResolution:2048]]
[2019.12.10-22.26.18:185][  0]LogConfig: Setting CVar [[r.Shadow.MaxCSMResolution:2048]]
[2019.12.10-22.26.18:185][  0]LogConfig: Setting CVar [[r.Shadow.RadiusThreshold:0.01]]
[2019.12.10-22.26.18:185][  0]LogConfig: Setting CVar [[r.Shadow.DistanceScale:1.0]]
[2019.12.10-22.26.18:185][  0]LogConfig: Setting CVar [[r.Shadow.CSM.TransitionScale:1.0]]
[2019.12.10-22.26.18:185][  0]LogConfig: Setting CVar [[r.Shadow.PreShadowResolutionFactor:1.0]]
[2019.12.10-22.26.18:185][  0]LogConfig: Setting CVar [[r.DistanceFieldShadowing:1]]
[2019.12.10-22.26.18:185][  0]LogConfig: Setting CVar [[r.DistanceFieldAO:1]]
[2019.12.10-22.26.18:185][  0]LogConfig: Setting CVar [[r.AOQuality:2]]
[2019.12.10-22.26.18:185][  0]LogConfig: Setting CVar [[r.VolumetricFog:1]]
[2019.12.10-22.26.18:185][  0]LogConfig: Setting CVar [[r.VolumetricFog.GridPixelSize:8]]
[2019.12.10-22.26.18:185][  0]LogConfig: Setting CVar [[r.VolumetricFog.GridSizeZ:128]]
[2019.12.10-22.26.18:185][  0]LogConfig: Setting CVar [[r.VolumetricFog.HistoryMissSupersampleCount:4]]
[2019.12.10-22.26.18:185][  0]LogConfig: Setting CVar [[r.LightMaxDrawDistanceScale:1]]
[2019.12.10-22.26.18:185][  0]LogConfig: Setting CVar [[r.CapsuleShadows:1]]
[2019.12.10-22.26.18:185][  0]LogConfig: Applying CVar settings from Section [PostProcessQuality@3] File [D:/Studio1_Team3/MonsterComing/Saved/Config/Windows/Scalability.ini]
[2019.12.10-22.26.18:185][  0]LogConfig: Setting CVar [[r.MotionBlurQuality:4]]
[2019.12.10-22.26.18:185][  0]LogConfig: Setting CVar [[r.AmbientOcclusionMipLevelFactor:0.4]]
[2019.12.10-22.26.18:185][  0]LogConfig: Setting CVar [[r.AmbientOcclusionMaxQuality:100]]
[2019.12.10-22.26.18:185][  0]LogConfig: Setting CVar [[r.AmbientOcclusionLevels:-1]]
[2019.12.10-22.26.18:185][  0]LogConfig: Setting CVar [[r.AmbientOcclusionRadiusScale:1.0]]
[2019.12.10-22.26.18:185][  0]LogConfig: Setting CVar [[r.DepthOfFieldQuality:2]]
[2019.12.10-22.26.18:185][  0]LogConfig: Setting CVar [[r.RenderTargetPoolMin:400]]
[2019.12.10-22.26.18:185][  0]LogConfig: Setting CVar [[r.LensFlareQuality:2]]
[2019.12.10-22.26.18:185][  0]LogConfig: Setting CVar [[r.SceneColorFringeQuality:1]]
[2019.12.10-22.26.18:185][  0]LogConfig: Setting CVar [[r.EyeAdaptationQuality:2]]
[2019.12.10-22.26.18:185][  0]LogConfig: Setting CVar [[r.BloomQuality:5]]
[2019.12.10-22.26.18:185][  0]LogConfig: Setting CVar [[r.FastBlurThreshold:100]]
[2019.12.10-22.26.18:185][  0]LogConfig: Setting CVar [[r.Upscale.Quality:3]]
[2019.12.10-22.26.18:185][  0]LogConfig: Setting CVar [[r.Tonemapper.GrainQuantization:1]]
[2019.12.10-22.26.18:185][  0]LogConfig: Setting CVar [[r.LightShaftQuality:1]]
[2019.12.10-22.26.18:185][  0]LogConfig: Setting CVar [[r.Filter.SizeScale:1]]
[2019.12.10-22.26.18:185][  0]LogConfig: Setting CVar [[r.Tonemapper.Quality:5]]
[2019.12.10-22.26.18:186][  0]LogConfig: Setting CVar [[r.DOF.Gather.AccumulatorQuality:1        ; higher gathering accumulator quality]]
[2019.12.10-22.26.18:186][  0]LogConfig: Setting CVar [[r.DOF.Gather.PostfilterMethod:1          ; Median3x3 postfilering method]]
[2019.12.10-22.26.18:186][  0]LogConfig: Setting CVar [[r.DOF.Gather.EnableBokehSettings:0       ; no bokeh simulation when gathering]]
[2019.12.10-22.26.18:186][  0]LogConfig: Setting CVar [[r.DOF.Gather.RingCount:4                 ; medium number of samples when gathering]]
[2019.12.10-22.26.18:186][  0]LogConfig: Setting CVar [[r.DOF.Scatter.ForegroundCompositing:1    ; additive foreground scattering]]
[2019.12.10-22.26.18:186][  0]LogConfig: Setting CVar [[r.DOF.Scatter.BackgroundCompositing:2    ; additive background scattering]]
[2019.12.10-22.26.18:186][  0]LogConfig: Setting CVar [[r.DOF.Scatter.EnableBokehSettings:1      ; bokeh simulation when scattering]]
[2019.12.10-22.26.18:186][  0]LogConfig: Setting CVar [[r.DOF.Scatter.MaxSpriteRatio:0.1         ; only a maximum of 10% of scattered bokeh]]
[2019.12.10-22.26.18:186][  0]LogConfig: Setting CVar [[r.DOF.Recombine.Quality:1                ; cheap slight out of focus]]
[2019.12.10-22.26.18:186][  0]LogConfig: Setting CVar [[r.DOF.Recombine.EnableBokehSettings:0    ; no bokeh simulation on slight out of focus]]
[2019.12.10-22.26.18:186][  0]LogConfig: Setting CVar [[r.DOF.TemporalAAQuality:1                ; more stable temporal accumulation]]
[2019.12.10-22.26.18:186][  0]LogConfig: Setting CVar [[r.DOF.Kernel.MaxForegroundRadius:0.025]]
[2019.12.10-22.26.18:186][  0]LogConfig: Setting CVar [[r.DOF.Kernel.MaxBackgroundRadius:0.025]]
[2019.12.10-22.26.18:186][  0]LogConfig: Applying CVar settings from Section [TextureQuality@3] File [D:/Studio1_Team3/MonsterComing/Saved/Config/Windows/Scalability.ini]
[2019.12.10-22.26.18:186][  0]LogConfig: Setting CVar [[r.Streaming.MipBias:0]]
[2019.12.10-22.26.18:186][  0]LogConfig: Setting CVar [[r.Streaming.AmortizeCPUToGPUCopy:0]]
[2019.12.10-22.26.18:186][  0]LogConfig: Setting CVar [[r.Streaming.MaxNumTexturesToStreamPerFrame:0]]
[2019.12.10-22.26.18:186][  0]LogConfig: Setting CVar [[r.Streaming.Boost:1]]
[2019.12.10-22.26.18:186][  0]LogConfig: Setting CVar [[r.MaxAnisotropy:8]]
[2019.12.10-22.26.18:186][  0]LogConfig: Setting CVar [[r.Streaming.LimitPoolSizeToVRAM:0]]
[2019.12.10-22.26.18:186][  0]LogConfig: Setting CVar [[r.Streaming.PoolSize:1000]]
[2019.12.10-22.26.18:186][  0]LogConfig: Setting CVar [[r.Streaming.MaxEffectiveScreenSize:0]]
[2019.12.10-22.26.18:186][  0]LogConfig: Applying CVar settings from Section [EffectsQuality@3] File [D:/Studio1_Team3/MonsterComing/Saved/Config/Windows/Scalability.ini]
[2019.12.10-22.26.18:186][  0]LogConfig: Setting CVar [[r.TranslucencyLightingVolumeDim:64]]
[2019.12.10-22.26.18:186][  0]LogConfig: Setting CVar [[r.RefractionQuality:2]]
[2019.12.10-22.26.18:186][  0]LogConfig: Setting CVar [[r.SSR.Quality:3]]
[2019.12.10-22.26.18:186][  0]LogConfig: Setting CVar [[r.SceneColorFormat:4]]
[2019.12.10-22.26.18:186][  0]LogConfig: Setting CVar [[r.DetailMode:2]]
[2019.12.10-22.26.18:186][  0]LogConfig: Setting CVar [[r.TranslucencyVolumeBlur:1]]
[2019.12.10-22.26.18:186][  0]LogConfig: Setting CVar [[r.MaterialQualityLevel:1 ; High quality]]
[2019.12.10-22.26.18:186][  0]LogConfig: Setting CVar [[r.SSS.Scale:1]]
[2019.12.10-22.26.18:186][  0]LogConfig: Setting CVar [[r.SSS.SampleSet:2]]
[2019.12.10-22.26.18:186][  0]LogConfig: Setting CVar [[r.SSS.Quality:1]]
[2019.12.10-22.26.18:186][  0]LogConfig: Setting CVar [[r.SSS.HalfRes:1]]
[2019.12.10-22.26.18:186][  0]LogConfig: Setting CVar [[r.EmitterSpawnRateScale:1.0]]
[2019.12.10-22.26.18:186][  0]LogConfig: Setting CVar [[r.ParticleLightQuality:2]]
[2019.12.10-22.26.18:186][  0]LogConfig: Applying CVar settings from Section [FoliageQuality@3] File [D:/Studio1_Team3/MonsterComing/Saved/Config/Windows/Scalability.ini]
[2019.12.10-22.26.18:186][  0]LogConfig: Setting CVar [[foliage.DensityScale:1.0]]
[2019.12.10-22.26.18:186][  0]LogConfig: Setting CVar [[grass.DensityScale:1.0]]
[2019.12.10-22.26.18:186][  0]LogConfig: Applying CVar settings from Section [Startup] File [../../../Engine/Config/ConsoleVariables.ini]
[2019.12.10-22.26.18:187][  0]LogConfig: Setting CVar [[net.UseAdaptiveNetUpdateFrequency:0]]
[2019.12.10-22.26.18:187][  0]LogConfig: Setting CVar [[p.chaos.AllowCreatePhysxBodies:1]]
[2019.12.10-22.26.18:187][  0]LogConfig: Applying CVar settings from Section [ConsoleVariables] File [D:/Studio1_Team3/MonsterComing/Saved/Config/Windows/Engine.ini]
[2019.12.10-22.26.18:187][  0]LogInit: Computer: SYD-R102-PC10
[2019.12.10-22.26.18:187][  0]LogInit: User: ktsekaiwai
[2019.12.10-22.26.18:187][  0]LogInit: CPU Page size=4096, Cores=4
[2019.12.10-22.26.18:187][  0]LogInit: High frequency timer resolution =10.000000 MHz
[2019.12.10-22.26.18:187][  0]LogMemory: Memory total: Physical=31.9GB (32GB approx)
[2019.12.10-22.26.18:187][  0]LogMemory: Platform Memory Stats for Windows
[2019.12.10-22.26.18:187][  0]LogMemory: Process Physical Memory: 102.68 MB used, 102.69 MB peak
[2019.12.10-22.26.18:187][  0]LogMemory: Process Virtual Memory: 101.47 MB used, 101.47 MB peak
[2019.12.10-22.26.18:187][  0]LogMemory: Physical Memory: 9569.05 MB used,  23114.10 MB free, 32683.15 MB total
[2019.12.10-22.26.18:187][  0]LogMemory: Virtual Memory: 4661.02 MB used,  134213064.00 MB free, 134217728.00 MB total
[2019.12.10-22.26.18:215][  0]LogInit: Using OS detected language (en-US).
[2019.12.10-22.26.18:215][  0]LogInit: Using OS detected locale (en-AU).
[2019.12.10-22.26.18:217][  0]LogTextLocalizationManager: No specific localization for 'en-US' exists, so the 'en' localization will be used.
[2019.12.10-22.26.18:402][  0]LogInit: Setting process to per monitor DPI aware
[2019.12.10-22.26.18:426][  0]LogSlate: New Slate User Created.  User Index 0, Is Virtual User: 0
[2019.12.10-22.26.18:426][  0]LogSlate: Slate User Registered.  User Index 0, Is Virtual User: 0
[2019.12.10-22.26.18:681][  0]LogHMD: Failed to initialize OpenVR with code 110
[2019.12.10-22.26.18:681][  0]LogD3D11RHI: D3D11 adapters:
[2019.12.10-22.26.18:855][  0]LogD3D11RHI:    0. 'NVIDIA GeForce GTX 980' (Feature Level 11_0)
[2019.12.10-22.26.18:855][  0]LogD3D11RHI:       4053/0/16341 MB DedicatedVideo/DedicatedSystem/SharedSystem, Outputs:1, VendorId:0x10de
[2019.12.10-22.26.18:858][  0]LogD3D11RHI:    1. 'Microsoft Basic Render Driver' (Feature Level 11_0)
[2019.12.10-22.26.18:858][  0]LogD3D11RHI:       0/0/16341 MB DedicatedVideo/DedicatedSystem/SharedSystem, Outputs:0, VendorId:0x1414
[2019.12.10-22.26.18:858][  0]LogD3D11RHI: Chosen D3D11 Adapter: 0
[2019.12.10-22.26.18:867][  0]LogD3D11RHI: Creating new Direct3DDevice
[2019.12.10-22.26.18:867][  0]LogD3D11RHI:     GPU DeviceId: 0x13c0 (for the marketing name, search the web for "GPU Device Id")
[2019.12.10-22.26.18:867][  0]LogWindows: EnumDisplayDevices:
[2019.12.10-22.26.18:867][  0]LogWindows:    0. 'NVIDIA GeForce GTX 980' (P:1 D:1)
[2019.12.10-22.26.18:868][  0]LogWindows:    1. 'NVIDIA GeForce GTX 980' (P:0 D:0)
[2019.12.10-22.26.18:868][  0]LogWindows:    2. 'NVIDIA GeForce GTX 980' (P:0 D:0)
[2019.12.10-22.26.18:869][  0]LogWindows:    3. 'NVIDIA GeForce GTX 980' (P:0 D:0)
[2019.12.10-22.26.18:870][  0]LogWindows: DebugString: FoundDriverCount:4 
[2019.12.10-22.26.18:870][  0]LogD3D11RHI:     Adapter Name: NVIDIA GeForce GTX 980
[2019.12.10-22.26.18:870][  0]LogD3D11RHI:   Driver Version: 436.15 (internal:26.21.14.3615, unified:436.15)
[2019.12.10-22.26.18:870][  0]LogD3D11RHI:      Driver Date: 8-24-2019
[2019.12.10-22.26.18:870][  0]LogRHI: Texture pool is 2837 MB (70% of 4053 MB)
[2019.12.10-22.26.19:520][  0]LogD3D11RHI: Async texture creation enabled
[2019.12.10-22.26.19:526][  0]LogRendererCore: FGlobalReadBuffer::InitRHI
[2019.12.10-22.26.19:526][  0]LogRendererCore: FGlobalReadBuffer::InitRHI
[2019.12.10-22.26.19:526][  0]LogRendererCore: FGlobalReadBuffer::InitRHI
[2019.12.10-22.26.19:534][  0]LogD3D11RHI: GPU Timing Frequency: 1000.000000 (Debug: 2 1)
[2019.12.10-22.26.26:373][  0]LogTemp: Display: Module 'AllDesktopTargetPlatform' loaded TargetPlatform 'AllDesktop'
[2019.12.10-22.26.26:391][  0]LogTemp: Display: Module 'MacClientTargetPlatform' loaded TargetPlatform 'MacClient'
[2019.12.10-22.26.26:410][  0]LogTemp: Display: Module 'MacNoEditorTargetPlatform' loaded TargetPlatform 'MacNoEditor'
[2019.12.10-22.26.26:457][  0]LogTemp: Display: Module 'MacServerTargetPlatform' loaded TargetPlatform 'MacServer'
[2019.12.10-22.26.26:476][  0]LogTemp: Display: Module 'MacTargetPlatform' loaded TargetPlatform 'Mac'
[2019.12.10-22.26.26:501][  0]LogTemp: Display: Module 'WindowsClientTargetPlatform' loaded TargetPlatform 'WindowsClient'
[2019.12.10-22.26.26:519][  0]LogTemp: Display: Module 'WindowsNoEditorTargetPlatform' loaded TargetPlatform 'WindowsNoEditor'
[2019.12.10-22.26.26:538][  0]LogTemp: Display: Module 'WindowsServerTargetPlatform' loaded TargetPlatform 'WindowsServer'
[2019.12.10-22.26.26:549][  0]LogTemp: Display: Module 'WindowsTargetPlatform' loaded TargetPlatform 'Windows'
[2019.12.10-22.26.26:654][  0]LogTemp: Display: Module 'AndroidTargetPlatform' loaded TargetPlatform 'Android'
[2019.12.10-22.26.26:654][  0]LogTemp: Display: Module 'AndroidTargetPlatform' loaded TargetPlatform 'Android_ASTC'
[2019.12.10-22.26.26:654][  0]LogTemp: Display: Module 'AndroidTargetPlatform' loaded TargetPlatform 'Android_ATC'
[2019.12.10-22.26.26:654][  0]LogTemp: Display: Module 'AndroidTargetPlatform' loaded TargetPlatform 'Android_DXT'
[2019.12.10-22.26.26:654][  0]LogTemp: Display: Module 'AndroidTargetPlatform' loaded TargetPlatform 'Android_ETC1'
[2019.12.10-22.26.26:654][  0]LogTemp: Display: Module 'AndroidTargetPlatform' loaded TargetPlatform 'Android_ETC1a'
[2019.12.10-22.26.26:654][  0]LogTemp: Display: Module 'AndroidTargetPlatform' loaded TargetPlatform 'Android_ETC2'
[2019.12.10-22.26.26:654][  0]LogTemp: Display: Module 'AndroidTargetPlatform' loaded TargetPlatform 'Android_PVRTC'
[2019.12.10-22.26.26:654][  0]LogTemp: Display: Module 'AndroidTargetPlatform' loaded TargetPlatform 'AndroidClient'
[2019.12.10-22.26.26:654][  0]LogTemp: Display: Module 'AndroidTargetPlatform' loaded TargetPlatform 'Android_ASTCClient'
[2019.12.10-22.26.26:654][  0]LogTemp: Display: Module 'AndroidTargetPlatform' loaded TargetPlatform 'Android_ATCClient'
[2019.12.10-22.26.26:654][  0]LogTemp: Display: Module 'AndroidTargetPlatform' loaded TargetPlatform 'Android_DXTClient'
[2019.12.10-22.26.26:654][  0]LogTemp: Display: Module 'AndroidTargetPlatform' loaded TargetPlatform 'Android_ETC1Client'
[2019.12.10-22.26.26:654][  0]LogTemp: Display: Module 'AndroidTargetPlatform' loaded TargetPlatform 'Android_ETC1aClient'
[2019.12.10-22.26.26:654][  0]LogTemp: Display: Module 'AndroidTargetPlatform' loaded TargetPlatform 'Android_ETC2Client'
[2019.12.10-22.26.26:654][  0]LogTemp: Display: Module 'AndroidTargetPlatform' loaded TargetPlatform 'Android_PVRTCClient'
[2019.12.10-22.26.26:654][  0]LogTemp: Display: Module 'AndroidTargetPlatform' loaded TargetPlatform 'Android_Multi'
[2019.12.10-22.26.26:654][  0]LogTemp: Display: Module 'AndroidTargetPlatform' loaded TargetPlatform 'Android_MultiClient'
[2019.12.10-22.26.26:656][  0]LogTemp: Display: Module 'HTML5TargetPlatform' loaded TargetPlatform 'HTML5'
[2019.12.10-22.26.27:056][  0]LogTemp: Display: Module 'IOSTargetPlatform' loaded TargetPlatform 'IOSClient'
[2019.12.10-22.26.27:056][  0]LogTemp: Display: Module 'IOSTargetPlatform' loaded TargetPlatform 'IOS'
[2019.12.10-22.26.27:105][  0]LogTemp: Display: Module 'TVOSTargetPlatform' loaded TargetPlatform 'TVOSClient'
[2019.12.10-22.26.27:105][  0]LogTemp: Display: Module 'TVOSTargetPlatform' loaded TargetPlatform 'TVOS'
[2019.12.10-22.26.27:121][  0]LogTemp: Display: Module 'LinuxClientTargetPlatform' loaded TargetPlatform 'LinuxClient'
[2019.12.10-22.26.27:139][  0]LogTemp: Display: Module 'LinuxNoEditorTargetPlatform' loaded TargetPlatform 'LinuxNoEditor'
[2019.12.10-22.26.27:157][  0]LogTemp: Display: Module 'LinuxServerTargetPlatform' loaded TargetPlatform 'LinuxServer'
[2019.12.10-22.26.27:173][  0]LogTemp: Display: Module 'LinuxTargetPlatform' loaded TargetPlatform 'Linux'
[2019.12.10-22.26.27:231][  0]LogTemp: Display: Module 'LuminTargetPlatform' loaded TargetPlatform 'Lumin'
[2019.12.10-22.26.27:231][  0]LogTemp: Display: Module 'LuminTargetPlatform' loaded TargetPlatform 'LuminClient'
[2019.12.10-22.26.27:231][  0]LogTargetPlatformManager: Display: Building Assets For Windows
[2019.12.10-22.26.27:245][  0]LogAudioDebug: Display: Lib vorbis DLL was dynamically loaded.
[2019.12.10-22.26.27:318][  0]LogShaderCompilers: Guid format shader working directory is 21 characters bigger than the processId version (D:/Studio1_Team3/MonsterComing/Intermediate/Shaders/WorkingDirectory/6612/).
[2019.12.10-22.26.27:318][  0]LogShaderCompilers: Cleaned the shader compiler working directory 'C:/Users/ktsekaiwai/AppData/Local/Temp/UnrealShaderWorkingDir/E4935CC14D4D0CC52E1E95A87532E78B/'.
[2019.12.10-22.26.27:992][  0]LogShaderCompilers: Display: Using XGE Shader Compiler (Interception Interface).
[2019.12.10-22.26.28:824][  0]LogDerivedDataCache: Display: Max Cache Size: 512 MB
[2019.12.10-22.26.28:875][  0]LogDerivedDataCache: Loaded boot cache 0.05s 71MB C:/Users/ktsekaiwai/AppData/Local/UnrealEngine/4.22/DerivedDataCache/Boot.ddc.
[2019.12.10-22.26.28:876][  0]LogDerivedDataCache: Display: Loaded Boot cache: C:/Users/ktsekaiwai/AppData/Local/UnrealEngine/4.22/DerivedDataCache/Boot.ddc
[2019.12.10-22.26.28:876][  0]LogDerivedDataCache: FDerivedDataBackendGraph:  Pak pak cache file D:/Studio1_Team3/MonsterComing/DerivedDataCache/DDC.ddp not found, will not use a pak cache.
[2019.12.10-22.26.28:876][  0]LogDerivedDataCache: Unable to find inner node Pak for hierarchical cache Hierarchy.
[2019.12.10-22.26.28:876][  0]LogDerivedDataCache: FDerivedDataBackendGraph:  CompressedPak pak cache file D:/Studio1_Team3/MonsterComing/DerivedDataCache/Compressed.ddp not found, will not use a pak cache.
[2019.12.10-22.26.28:876][  0]LogDerivedDataCache: Unable to find inner node CompressedPak for hierarchical cache Hierarchy.
[2019.12.10-22.26.28:892][  0]LogDerivedDataCache: Display: Pak cache opened for reading ../../../Engine/DerivedDataCache/Compressed.ddp.
[2019.12.10-22.26.28:892][  0]LogDerivedDataCache: FDerivedDataBackendGraph:  EnterprisePak pak cache file ../../../Enterprise/DerivedDataCache/Compressed.ddp not found, will not use a pak cache.
[2019.12.10-22.26.28:892][  0]LogDerivedDataCache: Unable to find inner node EnterprisePak for hierarchical cache Hierarchy.
[2019.12.10-22.26.28:970][  0]LogDerivedDataCache: Using Local data cache path C:/Users/ktsekaiwai/AppData/Local/UnrealEngine/Common/DerivedDataCache: Writable
[2019.12.10-22.26.28:970][  0]LogDerivedDataCache: Shared data cache path not found in *engine.ini, will not use an Shared cache.
[2019.12.10-22.26.28:970][  0]LogDerivedDataCache: Unable to find inner node Shared for hierarchical cache Hierarchy.
[2019.12.10-22.26.28:996][  0]LogMaterial: Verifying Global Shaders for PCD3D_SM5
[2019.12.10-22.26.28:997][  0]LogSlate: Using FreeType 2.6.0
[2019.12.10-22.26.28:998][  0]LogSlate: SlateFontServices - WITH_FREETYPE: 1, WITH_HARFBUZZ: 1
[2019.12.10-22.26.29:342][  0]LogAssetRegistry: FAssetRegistry took 0.2746 seconds to start up
[2019.12.10-22.26.29:778][  0]LogInit: Selected Device Profile: [Windows]
[2019.12.10-22.26.29:987][  0]LogMeshReduction: Using QuadricMeshReduction for automatic static mesh reduction
[2019.12.10-22.26.29:987][  0]LogMeshReduction: Using SimplygonMeshReduction for automatic skeletal mesh reduction
[2019.12.10-22.26.29:987][  0]LogMeshReduction: Using ProxyLODMeshReduction for automatic mesh merging
[2019.12.10-22.26.29:987][  0]LogMeshReduction: No distributed automatic mesh merging module available
[2019.12.10-22.26.29:987][  0]LogMeshMerging: No distributed automatic mesh merging module available
[2019.12.10-22.26.30:000][  0]LogNetVersion: MonsterComing 1.0.0, NetCL: 5660361, EngineNetVer: 10, GameNetVer: 0 (Checksum: 1620694314)
[2019.12.10-22.26.30:492][  0]LogPackageLocalizationCache: Processed 10 localized package path(s) for 1 prioritized culture(s) in 0.047292 seconds
[2019.12.10-22.26.30:501][  0]LogUObjectArray: 42205 objects as part of root set at end of initial load.
[2019.12.10-22.26.30:501][  0]LogUObjectAllocator: 7325032 out of 0 bytes used by permanent object pool.
[2019.12.10-22.26.30:501][  0]LogUObjectArray: CloseDisregardForGC: 0/0 objects in disregard for GC pool
[2019.12.10-22.26.32:005][  0]LogTcpMessaging: Initializing TcpMessaging bridge
[2019.12.10-22.26.32:146][  0]LogUdpMessaging: Initializing bridge on interface 0.0.0.0:0 to multicast group 230.0.0.1:6666.
[2019.12.10-22.26.32:399][  0]SourceControl: Source control is disabled
[2019.12.10-22.26.32:399][  0]SourceControl: Source control is disabled
[2019.12.10-22.26.32:401][  0]SourceControl: Source control is disabled
[2019.12.10-22.26.32:403][  0]SourceControl: Source control is disabled
[2019.12.10-22.26.32:518][  0]LogAndroidPermission: UAndroidPermissionCallbackProxy::GetInstance
[2019.12.10-22.26.33:310][  0]LogPackageName: Warning: Asset path "JW_FlameDungeon.FX.SM_FX_Embers" is in short form, which is unsupported and -- even if valid -- resolving it will be really slow.
[2019.12.10-22.26.33:310][  0]LogPackageName: Warning: Please consider resaving package in order to speed-up loading.
[2019.12.10-22.26.33:310][  0]LogOcInput: OculusInput pre-init called
[2019.12.10-22.26.34:016][  0]LogPackageName: SearchForPackageOnDisk took   0.576s, but failed to resolve JW_FlameDungeon.
[2019.12.10-22.26.34:017][  0]LogPackageName: Warning: Asset path "JW_FlameDungeon.FX.SM_FX_Embers" could not be resolved.
[2019.12.10-22.26.34:017][  0]LogPackageName: Warning: Asset path "JW_FlameDungeon.FX.SM_FogPlane02" is in short form, which is unsupported and -- even if valid -- resolving it will be really slow.
[2019.12.10-22.26.34:017][  0]LogPackageName: Warning: Please consider resaving package in order to speed-up loading.
[2019.12.10-22.26.34:017][  0]LogPackageName: SearchForPackageOnDisk took   0.256s, but failed to resolve JW_FlameDungeon.
[2019.12.10-22.26.34:017][  0]LogPackageName: Warning: Asset path "JW_FlameDungeon.FX.SM_FogPlane02" could not be resolved.
[2019.12.10-22.26.34:164][  0]LogPackageName: Warning: Asset path "StaticMesh'FX_Meshes_IB.SM_Debris_Box_RadialFull'" is in short form, which is unsupported and -- even if valid -- resolving it will be really slow.
[2019.12.10-22.26.34:164][  0]LogPackageName: Warning: Please consider resaving package in order to speed-up loading.
[2019.12.10-22.26.34:164][  0]LogEngine: Initializing Engine...
[2019.12.10-22.26.34:165][  0]LogHMD: Failed to initialize OpenVR with code 110
[2019.12.10-22.26.34:166][  0]LogStats: UGameplayTagsManager::InitializeManager -  0.000 s
[2019.12.10-22.26.34:418][  0]LogPackageName: SearchForPackageOnDisk took   0.292s, but failed to resolve StaticMesh'FX_Meshes_IB.
[2019.12.10-22.26.34:418][  0]LogPackageName: Warning: Asset path "StaticMesh'FX_Meshes_IB.SM_Debris_Box_RadialFull'" could not be resolved.
[2019.12.10-22.26.34:418][  0]LogPackageName: Warning: Asset path "JW_Ice_Mountain.Mesh.SM_SnowBoulder" is in short form, which is unsupported and -- even if valid -- resolving it will be really slow.
[2019.12.10-22.26.34:418][  0]LogPackageName: Warning: Please consider resaving package in order to speed-up loading.
[2019.12.10-22.26.34:418][  0]LogInit: Initializing FReadOnlyCVARCache
[2019.12.10-22.26.34:443][  0]LogAIModule: Creating AISystem for world Untitled
[2019.12.10-22.26.34:513][  0]LogInit: XAudio2 using 'Speakers (Realtek High Definition Audio)' : 2 channels at 48 kHz using 32 bits per sample (channel mask 0x3)
[2019.12.10-22.26.34:653][  0]LogPackageName: SearchForPackageOnDisk took   0.309s, but failed to resolve JW_Ice_Mountain.
[2019.12.10-22.26.34:653][  0]LogPackageName: Warning: Asset path "JW_Ice_Mountain.Mesh.SM_SnowBoulder" could not be resolved.
[2019.12.10-22.26.34:653][  0]LogInit: FAudioDevice initialized.
[2019.12.10-22.26.34:653][  0]LogNetVersion: Set ProjectVersion to 1.0.0.0. Version Checksum will be recalculated on next use.
[2019.12.10-22.26.34:724][  0]LogPackageName: Warning: Asset path "FX_Meshes.UI.SM_SelectionMesh_01" is in short form, which is unsupported and -- even if valid -- resolving it will be really slow.
[2019.12.10-22.26.34:724][  0]LogPackageName: Warning: Please consider resaving package in order to speed-up loading.
[2019.12.10-22.26.34:724][  0]LogDerivedDataCache: Saved boot cache 0.07s 71MB C:/Users/ktsekaiwai/AppData/Local/UnrealEngine/4.22/DerivedDataCache/Boot.ddc.
[2019.12.10-22.26.34:732][  0]LogInit: Texture streaming: Enabled
[2019.12.10-22.26.34:757][  0]LogEngineSessionManager: EngineSessionManager initialized
[2019.12.10-22.26.34:787][  0]LogInit: Transaction tracking system initialized
[2019.12.10-22.26.34:829][  0]BlueprintLog: New page: Editor Load
[2019.12.10-22.26.34:952][  0]LocalizationService: Localization service is disabled
[2019.12.10-22.26.35:066][  0]LogPackageName: SearchForPackageOnDisk took   0.298s, but failed to resolve FX_Meshes.
[2019.12.10-22.26.35:066][  0]LogPackageName: Warning: Asset path "FX_Meshes.UI.SM_SelectionMesh_01" could not be resolved.
[2019.12.10-22.26.35:066][  0]LogPackageName: Warning: Asset path "FX_Meshes.UI.SM_SelectionMesh_01" is in short form, which is unsupported and -- even if valid -- resolving it will be really slow.
[2019.12.10-22.26.35:066][  0]LogPackageName: Warning: Please consider resaving package in order to speed-up loading.
[2019.12.10-22.26.35:309][  0]LogPackageName: SearchForPackageOnDisk took   0.313s, but failed to resolve FX_Meshes.
[2019.12.10-22.26.35:309][  0]LogPackageName: Warning: Asset path "FX_Meshes.UI.SM_SelectionMesh_01" could not be resolved.
[2019.12.10-22.26.35:309][  0]LogPackageName: Warning: Asset path "'FX_Ambient.Meshes.SM_Bats'" is in short form, which is unsupported and -- even if valid -- resolving it will be really slow.
[2019.12.10-22.26.35:309][  0]LogPackageName: Warning: Please consider resaving package in order to speed-up loading.
[2019.12.10-22.26.35:309][  0]LogCook: Display: Max memory allowance for cook 16384mb min free memory 0mb
[2019.12.10-22.26.35:309][  0]LogCook: Display: Mobile HDR setting 1
[2019.12.10-22.26.35:534][  0]LogFileCache: Scanning file cache for directory 'D:/Studio1_Team3/MonsterComing/Content/' took 0.08s
[2019.12.10-22.26.35:534][  0]SourceControl: Source control is disabled
[2019.12.10-22.26.35:534][  0]Cmd: MAP LOAD FILE="D:/Studio1_Team3/MonsterComing/Content/Assets/Maps/Level01.umap" TEMPLATE=0 SHOWPROGRESS=1 FEATURELEVEL=3
[2019.12.10-22.26.35:534][  0]LightingResults: New page: Lighting Build
[2019.12.10-22.26.35:539][  0]MapCheck: New page: Map Check
[2019.12.10-22.26.35:539][  0]LightingResults: New page: Lighting Build
[2019.12.10-22.26.35:564][  0]LogUObjectHash: Compacting FUObjectHashTables data took   1.35ms
[2019.12.10-22.26.36:081][  0]LogPackageName: SearchForPackageOnDisk took   0.299s, but failed to resolve 'FX_Ambient.
[2019.12.10-22.26.36:081][  0]LogPackageName: Warning: Asset path "'FX_Ambient.Meshes.SM_Bats'" could not be resolved.
[2019.12.10-22.26.36:081][  0]LogPackageName: Warning: Asset path "CastleEffects.TouchToMoveArrow" is in short form, which is unsupported and -- even if valid -- resolving it will be really slow.
[2019.12.10-22.26.36:081][  0]LogPackageName: Warning: Please consider resaving package in order to speed-up loading.
[2019.12.10-22.26.36:081][  0]LogPackageName: SearchForPackageOnDisk took   0.261s, but failed to resolve CastleEffects.
[2019.12.10-22.26.36:081][  0]LogPackageName: Warning: Asset path "CastleEffects.TouchToMoveArrow" could not be resolved.
[2019.12.10-22.26.36:897][  0]LogPackageName: Warning: Asset path "StaticMesh'FX_Meshes.Fire.SM_Dungeon_Pipes_Lava01_Cool'" is in short form, which is unsupported and -- even if valid -- resolving it will be really slow.
[2019.12.10-22.26.36:897][  0]LogPackageName: Warning: Please consider resaving package in order to speed-up loading.
[2019.12.10-22.26.36:897][  0]LogPackageName: SearchForPackageOnDisk took   0.275s, but failed to resolve StaticMesh'FX_Meshes.
[2019.12.10-22.26.36:898][  0]LogPackageName: Warning: Asset path "StaticMesh'FX_Meshes.Fire.SM_Dungeon_Pipes_Lava01_Cool'" could not be resolved.
[2019.12.10-22.26.36:898][  0]LogPackageName: Warning: Asset path "m_FogSheet_02" is in short form, which is unsupported and -- even if valid -- resolving it will be really slow.
[2019.12.10-22.26.36:898][  0]LogPackageName: Warning: Please consider resaving package in order to speed-up loading.
[2019.12.10-22.26.36:898][  0]LogPackageName: SearchForPackageOnDisk took   0.256s to resolve m_FogSheet_02.
[2019.12.10-22.26.36:898][  0]LogPackageName: Warning: Asset path "FX_Test_LAN.Meshes.SM_IceWall01" is in short form, which is unsupported and -- even if valid -- resolving it will be really slow.
[2019.12.10-22.26.36:898][  0]LogPackageName: Warning: Please consider resaving package in order to speed-up loading.
[2019.12.10-22.26.36:898][  0]LogBlueprint: Error: [Compiler BP_HealingStation] In use pin  <Unnamed>  no longer exists on node  Test Player Distance . Please refresh node or break links to remove pin.
[2019.12.10-22.26.36:898][  0]LogBlueprint: Error: [Compiler BP_HealingStation] In use pin  <Unnamed>  no longer exists on node  Test Player Distance . Please refresh node or break links to remove pin.
[2019.12.10-22.26.36:898][  0]LogBlueprint: Error: [Compiler BP_HealingStation] Could not find a function named "TestPlayerDistance" in 'BP_HealingStation_C'.
Make sure 'BP_HealingStation_C' has been compiled for  Test Player Distance
[2019.12.10-22.26.36:898][  0]LogBlueprint: Warning: [Compiler BP_HealingStation] Could not find a variable named "currentHealing" in 'BP_HealingStation_C'.
Make sure 'BP_HealingStation_C' has been compiled for  Get currentHealing
[2019.12.10-22.26.36:898][  0]LogBlueprint: Warning: [Compiler BP_HealingStation] Could not find a variable named "currentHealing" in 'BP_HealingStation_C'.
Make sure 'BP_HealingStation_C' has been compiled for  Get currentHealing
[2019.12.10-22.26.36:898][  0]LogBlueprint: Warning: [Compiler BP_HealingStation] Could not find a variable named "maxHealing" in 'BP_HealingStation_C'.
Make sure 'BP_HealingStation_C' has been compiled for  Set maxHealing
[2019.12.10-22.26.36:898][  0]LogBlueprint: Warning: [Compiler BP_HealingStation] Could not find a variable named "currentHealing" in 'BP_HealingStation_C'.
Make sure 'BP_HealingStation_C' has been compiled for  Set currentHealing
[2019.12.10-22.26.36:898][  0]LogBlueprint: Warning: [Compiler BP_HealingStation] Could not find a variable named "healthPerSecond" in 'BP_HealingStation_C'.
Make sure 'BP_HealingStation_C' has been compiled for  Set healthPerSecond
[2019.12.10-22.26.36:899][  0]LogBlueprint: Warning: [Compiler BP_HealingStation] Could not find a variable named "healingRange" in 'BP_HealingStation_C'.
Make sure 'BP_HealingStation_C' has been compiled for  Set healingRange
[2019.12.10-22.26.36:899][  0]LogBlueprint: Warning: [Compiler BP_HealingStation] Could not find a variable named "currentHealing" in 'BP_HealingStation_C'.
Make sure 'BP_HealingStation_C' has been compiled for  Set currentHealing
[2019.12.10-22.26.36:899][  0]LogBlueprint: Warning: [Compiler BP_HealingStation] Could not find a variable named "healthPerSecond" in 'BP_HealingStation_C'.
Make sure 'BP_HealingStation_C' has been compiled for  Get healthPerSecond
[2019.12.10-22.26.36:899][  0]LogBlueprint: Warning: [Compiler BP_HealingStation] Could not find a variable named "inRange" in 'BP_HealingStation_C'.
Make sure 'BP_HealingStation_C' has been compiled for  Get inRange
[2019.12.10-22.26.37:176][  0]LogPackageName: SearchForPackageOnDisk took   0.289s, but failed to resolve FX_Test_LAN.
[2019.12.10-22.26.37:176][  0]LogPackageName: Warning: Asset path "FX_Test_LAN.Meshes.SM_IceWall01" could not be resolved.
[2019.12.10-22.26.37:176][  0]LogBlueprint: Error: [Compiler BP_HealingStation] The property associated with  In Range  could not be found in '/Game/Assets/Blueprints/HealingStation/BP_HealingStation.BP_HealingStation_C'
[2019.12.10-22.26.37:176][  0]LogBlueprint: Error: [Compiler BP_HealingStation] The property associated with  Health Per Second  could not be found in '/Game/Assets/Blueprints/HealingStation/BP_HealingStation.BP_HealingStation_C'
[2019.12.10-22.26.37:176][  0]LogBlueprint: Error: [Compiler BP_HealingStation] The property associated with  Healing Range  could not be found in '/Game/Assets/Blueprints/HealingStation/BP_HealingStation.BP_HealingStation_C'
[2019.12.10-22.26.37:176][  0]LogBlueprint: Error: [Compiler BP_HealingStation] The property associated with  Health Per Second  could not be found in '/Game/Assets/Blueprints/HealingStation/BP_HealingStation.BP_HealingStation_C'
[2019.12.10-22.26.37:176][  0]LogBlueprint: Error: [Compiler BP_HealingStation] The property associated with  Current Healing  could not be found in '/Game/Assets/Blueprints/HealingStation/BP_HealingStation.BP_HealingStation_C'
[2019.12.10-22.26.37:176][  0]LogBlueprint: Error: [Compiler BP_HealingStation] The property associated with  Max Healing  could not be found in '/Game/Assets/Blueprints/HealingStation/BP_HealingStation.BP_HealingStation_C'
[2019.12.10-22.26.37:176][  0]LogBlueprint: Error: [Compiler BP_HealingStation] The property associated with  Current Healing  could not be found in '/Game/Assets/Blueprints/HealingStation/BP_HealingStation.BP_HealingStation_C'
[2019.12.10-22.26.37:176][  0]LogBlueprint: Error: [Compiler BP_HealingStation] The property associated with  Current Healing  could not be found in '/Game/Assets/Blueprints/HealingStation/BP_HealingStation.BP_HealingStation_C'
[2019.12.10-22.26.37:176][  0]LogBlueprint: Error: [Compiler BP_HealingStation] The property associated with  Current Healing  could not be found in '/Game/Assets/Blueprints/HealingStation/BP_HealingStation.BP_HealingStation_C'
[2019.12.10-22.26.37:438][  0]LogBlueprint: Warning: [Compiler BP_HealingStation] [0029.02] Compile of BP_HealingStation failed. 12 Fatal Issue(s) 9 Warning(s) [in 802 ms] (/Game/Assets/Blueprints/HealingStation/BP_HealingStation.BP_HealingStation)
[2019.12.10-22.26.37:509][  0]LogLinker: Warning: Can't find file '/Game/Assets/Maps/Level01_BuiltData'
[2019.12.10-22.26.37:509][  0]LogLinker: Warning: Can't find file for asset '/Game/Assets/Maps/Level01_BuiltData' while loading NULL.
[2019.12.10-22.26.37:539][  0]LogLinker: Warning: Can't find file '/Game/Assets/Maps/Level01_BuiltData'
[2019.12.10-22.26.37:539][  0]LogLinker: Warning: Can't find file for asset '/Game/Assets/Maps/Level01_BuiltData' while loading NULL.
[2019.12.10-22.26.37:642][  0]LogLinker: Warning: Can't find file '/Game/Assets/Maps/Level01_BuiltData'
[2019.12.10-22.26.37:642][  0]LogLinker: Warning: Can't find file for asset '/Game/Assets/Maps/Level01_BuiltData' while loading NULL.
[2019.12.10-22.26.37:642][  0]LogLinker: Warning: Can't find file '/Game/Assets/Maps/Level01_BuiltData'
[2019.12.10-22.26.37:642][  0]LogLinker: Warning: Can't find file for asset '/Game/Assets/Maps/Level01_BuiltData' while loading NULL.
[2019.12.10-22.26.37:911][  0]LogTexture: Display: Building textures: TX_ConcretePipe_Set_ALB (AutoDXT, 2048X2048)
[2019.12.10-22.26.37:912][  0]LogLinker: Warning: Can't find file '/Game/Assets/Maps/Level01_BuiltData'
[2019.12.10-22.26.37:912][  0]LoadErrors: Failed to load /Game/Assets/Maps/Level01_BuiltData.Level01_BuiltData Referenced by PersistentLevel
[2019.12.10-22.26.37:912][  0]LogLinker: Warning: Can't find file for asset '/Game/Assets/Maps/Level01_BuiltData' while loading NULL.
[2019.12.10-22.26.38:061][  0]LogTexture: Display: Building textures: TX_Trafficbarrier_NRM (BC5, 2048X2048)
[2019.12.10-22.26.38:061][  0]LogPackageName: Warning: Asset path "m_FogSheet_02" is in short form, which is unsupported and -- even if valid -- resolving it will be really slow.
[2019.12.10-22.26.38:061][  0]LogPackageName: Warning: Please consider resaving package in order to speed-up loading.
[2019.12.10-22.26.38:061][  0]LogAnimationCompression: Building Anim DDC data for AnimSequence /Game/Mannequin/Animations/ThirdPersonWalk.ThirdPersonWalk
[2019.12.10-22.26.38:061][  0]LogAnimationCompression: Recompressing (AnimSequence /Game/Mannequin/Animations/ThirdPersonWalk.ThirdPersonWalk) using current/default (AnimCompress_RemoveLinearKeys_5) bFirstRecompressUsingCurrentOrDefault(1) bTryAlternateCompressor(0) IsCompressedDataValid(0)
[2019.12.10-22.26.38:117][  0]LogTexture: Display: Building textures: TX_Trafficbarrier_RMA (AutoDXT, 2048X2048)
[2019.12.10-22.26.38:117][  0]LogTexture: Display: Building textures: TX_ConcretePipe_Set_RMA (AutoDXT, 2048X2048)
[2019.12.10-22.26.38:117][  0]LogAudioDerivedData: Display: Building compressed audio format OGG hash OGG wave Step2...
[2019.12.10-22.26.38:133][  0]LogTexture: Display: Building textures: TX_ConcretePipe_Set_NRM (BC5, 2048X2048)
[2019.12.10-22.26.38:133][  0]LogAudioDerivedData: Display: Updated SoundWave->RawPCMDataSize from 0 to 63872 while cooking SoundWave /Game/Assets/Sounds/Player/Step2.Step2.
[2019.12.10-22.26.38:133][  0]LogAudioDerivedData: Display: Building compressed audio format OGG hash OGG wave Step1...
[2019.12.10-22.26.38:147][  0]LogAudioDerivedData: Display: Updated SoundWave->RawPCMDataSize from 0 to 51712 while cooking SoundWave /Game/Assets/Sounds/Player/Step1.Step1.
[2019.12.10-22.26.38:148][  0]LogAnimationCompression: Building Anim DDC data for AnimSequence /Game/Mannequin/Animations/ThirdPersonRun.ThirdPersonRun
[2019.12.10-22.26.38:149][  0]LogAnimationCompression: Recompressing (AnimSequence /Game/Mannequin/Animations/ThirdPersonRun.ThirdPersonRun) using current/default (AnimCompress_RemoveLinearKeys_0) bFirstRecompressUsingCurrentOrDefault(1) bTryAlternateCompressor(0) IsCompressedDataValid(0)
[2019.12.10-22.26.38:182][  0]LogTexture: Display: Building textures: TX_Trafficbarrier_ALB (AutoDXT, 2048X2048)
[2019.12.10-22.26.38:182][  0]LogAnimationCompression: Building Anim DDC data for AnimSequence /Game/Mannequin/Animations/ThirdPersonIdle.ThirdPersonIdle
[2019.12.10-22.26.38:182][  0]LogAnimationCompression: Recompressing (AnimSequence /Game/Mannequin/Animations/ThirdPersonIdle.ThirdPersonIdle) using current/default (AnimCompress_RemoveLinearKeys_0) bFirstRecompressUsingCurrentOrDefault(1) bTryAlternateCompressor(0) IsCompressedDataValid(0)
[2019.12.10-22.26.38:319][  0]LogAnimationCompression: Building Anim DDC data for AnimSequence /Game/Mannequin/Animations/ThirdPersonJump_Start.ThirdPersonJump_Start
[2019.12.10-22.26.38:320][  0]LogAnimationCompression: Recompressing (AnimSequence /Game/Mannequin/Animations/ThirdPersonJump_Start.ThirdPersonJump_Start) using current/default (AnimCompress_RemoveLinearKeys_0) bFirstRecompressUsingCurrentOrDefault(1) bTryAlternateCompressor(0) IsCompressedDataValid(0)
[2019.12.10-22.26.38:345][  0]LogAnimationCompression: Building Anim DDC data for AnimSequence /Game/Mannequin/Animations/ThirdPersonJump_Loop.ThirdPersonJump_Loop
[2019.12.10-22.26.38:345][  0]LogAnimationCompression: Recompressing (AnimSequence /Game/Mannequin/Animations/ThirdPersonJump_Loop.ThirdPersonJump_Loop) using current/default (AnimCompress_RemoveLinearKeys_0) bFirstRecompressUsingCurrentOrDefault(1) bTryAlternateCompressor(0) IsCompressedDataValid(0)
[2019.12.10-22.26.38:383][  0]LogAnimationCompression: Building Anim DDC data for AnimSequence /Game/Mannequin/Animations/ThirdPerson_Jump.ThirdPerson_Jump
[2019.12.10-22.26.38:383][  0]LogAnimationCompression: Recompressing (AnimSequence /Game/Mannequin/Animations/ThirdPerson_Jump.ThirdPerson_Jump) using current/default (AnimCompress_RemoveLinearKeys_1) bFirstRecompressUsingCurrentOrDefault(1) bTryAlternateCompressor(0) IsCompressedDataValid(0)
[2019.12.10-22.26.38:450][  0]LogStaticMesh: Building static mesh Glasses...
[2019.12.10-22.26.38:478][  0]LogStaticMesh: Built static mesh [0.03s] /Game/Mannequin/Character/Glasses/Glasses.Glasses
[2019.12.10-22.26.38:511][  0]LogTexture: Display: Building textures: banned-red-ne_7e77 (BGRA8, 210X210)
[2019.12.10-22.26.38:516][  0]LogMaterial: Display: Missing cached shader map for material MT_Barrier3, compiling. 
[2019.12.10-22.26.38:664][  0]LogMaterial: Display: Missing cached shader map for material MM_MasterMaterial_01, compiling. 
[2019.12.10-22.26.38:801][  0]LogMaterial: Display: Missing cached shader map for material MM_MasterMaterial_01, compiling. 
[2019.12.10-22.26.38:872][  0]LogStaticMesh: Building static mesh SM_ConcretePipe_01...
[2019.12.10-22.26.38:890][  0]LogTexture: Display: Building textures: TX_ConstructionPylons_01_RMA (AutoDXT, 2048X2048)
[2019.12.10-22.26.38:890][  0]LogStaticMesh: Built static mesh [0.02s] /Game/Construction_VOL1/Meshes/SM_ConcretePipe_01.SM_ConcretePipe_01
[2019.12.10-22.26.46:812][  0]LogTexture: Display: Building textures: TX_Roadblock_RMA (AutoDXT, 2048X2048)
[2019.12.10-22.26.46:812][  0]LogPackageName: SearchForPackageOnDisk took   1.908s to resolve m_FogSheet_02.
[2019.12.10-22.26.46:812][  0]LogPackageName: Warning: Asset path "m_FogSheet_02" is in short form, which is unsupported and -- even if valid -- resolving it will be really slow.
[2019.12.10-22.26.46:812][  0]LogPackageName: Warning: Please consider resaving package in order to speed-up loading.
[2019.12.10-22.26.46:812][  0]LogPackageName: SearchForPackageOnDisk took   0.394s to resolve m_FogSheet_02.
[2019.12.10-22.26.46:812][  0]LogPackageName: Warning: Asset path "m_FogSheet_02" is in short form, which is unsupported and -- even if valid -- resolving it will be really slow.
[2019.12.10-22.26.46:812][  0]LogPackageName: Warning: Please consider resaving package in order to speed-up loading.
[2019.12.10-22.26.46:812][  0]LogPackageName: SearchForPackageOnDisk took   0.384s to resolve m_FogSheet_02.
[2019.12.10-22.26.46:812][  0]LogTexture: Display: Building textures: TX_Roadblock_NRM (BC5, 2048X2048)
[2019.12.10-22.26.46:812][  0]LogTexture: Display: Building textures: TX_Roadblock_ALB (AutoDXT, 2048X2048)
[2019.12.10-22.26.46:812][  0]LogTexture: Display: Building textures: TX_Portapotty_02_RMA (AutoDXT, 2048X2048)
[2019.12.10-22.26.46:812][  0]LogTexture: Display: Building textures: TX_Dumpster_NRM (BC5, 2048X2048)
[2019.12.10-22.26.46:812][  0]LogMaterial: Display: Missing cached shader map for material MM_MasterMaterial_01, compiling. 
[2019.12.10-22.26.46:874][  0]LogStaticMesh: Building static mesh SM_ConcretePipe_03...
[2019.12.10-22.26.46:892][  0]LogStaticMesh: Built static mesh [0.02s] /Game/Construction_VOL1/Meshes/SM_ConcretePipe_03.SM_ConcretePipe_03
[2019.12.10-22.26.48:553][  0]LogTexture: Display: Building textures: Concrete_011_COLOR (AutoDXT, 1024X1024)
[2019.12.10-22.26.48:553][  0]LogTexture: Display: Building textures: TX_Dumpster_RMA (AutoDXT, 2048X2048)
[2019.12.10-22.26.48:553][  0]LogTexture: Display: Building textures: Brick_Wall_014_NORM (BC5, 1024X1024)
[2019.12.10-22.26.48:553][  0]LogTexture: Display: Building textures: Brick_Wall_014_ROUGH (AutoDXT, 1024X1024)
[2019.12.10-22.26.48:553][  0]LogTexture: Display: Building textures: Brick_Wall_014_OCC (AutoDXT, 1024X1024)
[2019.12.10-22.26.48:553][  0]LogTexture: Display: Building textures: Concrete_011_DISP (AutoDXT, 1024X1024)
[2019.12.10-22.26.48:553][  0]LogStaticMesh: Building static mesh SM_Trafficbarrier_01...
[2019.12.10-22.26.48:586][  0]LogStaticMesh: Built static mesh [0.03s] /Game/Construction_VOL1/Meshes/SM_Trafficbarrier_01.SM_Trafficbarrier_01
[2019.12.10-22.26.48:594][  0]LogStaticMesh: Building static mesh SM_construction_fence_connectors_01a...
[2019.12.10-22.26.48:602][  0]LogTexture: Display: Building textures: Concrete_011_NORM (AutoDXT, 1024X1024)
[2019.12.10-22.26.48:602][  0]LogStaticMesh: Built static mesh [0.01s] /Game/Construction_VOL1/Meshes/SM_construction_fence_connectors_01a.SM_construction_fence_connectors_01a
[2019.12.10-22.26.48:649][  0]LogStaticMesh: Building static mesh SM_Roadblock_04a...
[2019.12.10-22.26.48:695][  0]LogStaticMesh: Built static mesh [0.05s] /Game/Construction_VOL1/Meshes/SM_Roadblock_04a.SM_Roadblock_04a
[2019.12.10-22.26.48:731][  0]LogStaticMesh: Building static mesh SM_Roadblock_03b...
[2019.12.10-22.26.48:814][  0]LogStaticMesh: Built static mesh [0.08s] /Game/Construction_VOL1/Meshes/SM_Roadblock_03b.SM_Roadblock_03b
[2019.12.10-22.26.54:709][  0]LogTexture: Display: Building textures: Concrete_011_ROUGH (AutoDXT, 1024X1024)
[2019.12.10-22.26.54:709][  0]LogTexture: Display: Building textures: Concrete_011_OCC (AutoDXT, 1024X1024)
[2019.12.10-22.26.54:709][  0]LogTexture: Display: Building textures: Concrete_Wall_001_normal (BC5, 1024X1024)
[2019.12.10-22.26.54:709][  0]LogTexture: Display: Building textures: Concrete_Wall_001_ambient_occlusion (AutoDXT, 1024X1024)
[2019.12.10-22.26.54:709][  0]LogTexture: Display: Building textures: Concrete_Wall_001_height (AutoDXT, 1024X1024)
[2019.12.10-22.26.54:709][  0]LogTexture: Display: Building textures: Concrete_Wall_001_basecolor (AutoDXT, 1024X1024)
[2019.12.10-22.26.54:709][  0]LogTexture: Display: Building textures: Concrete_Wall_001_roughness (AutoDXT, 1024X1024)
[2019.12.10-22.26.54:709][  0]LogTexture: Display: Building textures: Concrete_Damaged_001_MASK (AutoDXT, 1024X1024)
[2019.12.10-22.26.54:709][  0]LogTexture: Display: Building textures: Concrete_Damaged_001_NORM (BC5, 1024X1024)
[2019.12.10-22.26.54:710][  0]LogTexture: Display: Building textures: Concrete_Damaged_001_OCC (AutoDXT, 1024X1024)
[2019.12.10-22.26.54:710][  0]LogTexture: Display: Building textures: Concrete_Damaged_001_ROUGH (AutoDXT, 1024X1024)
[2019.12.10-22.26.54:710][  0]LogTexture: Display: Building textures: Concrete_010_ROUGH (AutoDXT, 1024X1024)
[2019.12.10-22.26.54:710][  0]LogTexture: Display: Building textures: Concrete_010_OCC (AutoDXT, 1024X1024)
[2019.12.10-22.26.54:710][  0]LogTexture: Display: Building textures: TX_FreightContainer_01b_NRM (BC5, 2048X2048)
[2019.12.10-22.26.54:710][  0]LogTexture: Display: Building textures: TX_FreightContainer_01b_ALB (AutoDXT, 2048X2048)
[2019.12.10-22.26.54:710][  0]LogTexture: Display: Building textures: TX_FreightContainer_01a_ALB (AutoDXT, 2048X2048)
[2019.12.10-22.26.54:710][  0]LogTexture: Display: Building textures: TX_FreightContainer_01a_NRM (BC5, 2048X2048)
[2019.12.10-22.26.54:710][  0]LogPackageName: Warning: Asset path "JW_Ice_Mountain.Mesh.SM_SnowBoulder" is in short form, which is unsupported and -- even if valid -- resolving it will be really slow.
[2019.12.10-22.26.54:710][  0]LogPackageName: Warning: Please consider resaving package in order to speed-up loading.
[2019.12.10-22.26.54:710][  0]LogTexture: Display: Building textures: TX_FreightContainer_01a_RMA (AutoDXT, 2048X2048)
[2019.12.10-22.26.54:710][  0]LogPackageName: SearchForPackageOnDisk took   0.547s, but failed to resolve JW_Ice_Mountain.
[2019.12.10-22.26.54:710][  0]LogPackageName: Warning: Asset path "JW_Ice_Mountain.Mesh.SM_SnowBoulder" could not be resolved.
[2019.12.10-22.26.54:710][  0]LogPackageName: Warning: Asset path "S_Survival_CA_Chicken_02.SM.S_Survival_CA_Chicken_02" is in short form, which is unsupported and -- even if valid -- resolving it will be really slow.
[2019.12.10-22.26.54:710][  0]LogPackageName: Warning: Please consider resaving package in order to speed-up loading.
[2019.12.10-22.26.54:710][  0]LogPackageName: SearchForPackageOnDisk took   0.424s to resolve S_Survival_CA_Chicken_02.
[2019.12.10-22.26.54:710][  0]LogTexture: Display: Building textures: TX_FreightContainer_01b_RMA (AutoDXT, 2048X2048)
[2019.12.10-22.26.54:710][  0]LogTexture: Display: Building textures: TX_LightGenerator_01a_NRM (BC5, 2048X2048)
[2019.12.10-22.26.54:710][  0]LogMaterial: Display: Missing cached shader map for material MM_MasterMaterial_01, compiling. 
[2019.12.10-22.26.54:831][  0]LogStaticMesh: Building static mesh SM_Roadblock_01a...
[2019.12.10-22.26.54:897][  0]LogStaticMesh: Built static mesh [0.07s] /Game/Construction_VOL1/Meshes/SM_Roadblock_01a.SM_Roadblock_01a
[2019.12.10-22.26.54:915][  0]LogStaticMesh: Building static mesh SM_Portapotty_03...
[2019.12.10-22.26.54:928][  0]LogStaticMesh: Built static mesh [0.01s] /Game/Construction_VOL1/Meshes/SM_Portapotty_03.SM_Portapotty_03
[2019.12.10-22.26.54:989][  0]LogTexture: Display: Building textures: TX_LightGenerator_01a_ALB (AutoDXT, 2048X2048)
[2019.12.10-22.26.54:989][  0]LogStaticMesh: Building static mesh SM_Box01...
[2019.12.10-22.26.55:549][  0]LogTexture: Display: Building textures: TX_LightGenerator_01a_RMA (AutoDXT, 2048X2048)
[2019.12.10-22.26.55:549][  0]LogStaticMesh: Built static mesh [0.56s] /Game/IndustryPropsPack6/Meshes/SM_Box01.SM_Box01
[2019.12.10-22.26.55:567][  0]LogMaterial: Display: Missing cached shader map for material M_base, compiling. 
[2019.12.10-22.26.55:738][  0]LogMaterial: Display: Missing cached shader map for material M_base, compiling. 
[2019.12.10-22.26.56:089][  0]LogStaticMesh: Building static mesh SM_Barrel04...
[2019.12.10-22.26.57:620][  0]LogStaticMesh: Built static mesh [1.53s] /Game/IndustryPropsPack6/Meshes/SM_Barrel04.SM_Barrel04
[2019.12.10-22.26.57:717][  0]LogStaticMesh: Building static mesh SM_Dumpster...
[2019.12.10-22.26.57:993][  0]LogStaticMesh: Built static mesh [0.27s] /Game/Construction_VOL1/Meshes/SM_Dumpster.SM_Dumpster
[2019.12.10-22.26.58:015][  0]LogMaterial: Display: Missing cached shader map for material MM_MasterMaterial_01, compiling. 
[2019.12.10-22.26.58:071][  0]LogMaterial: Display: Missing cached shader map for material M_base, compiling. 
[2019.12.10-22.26.58:429][  0]LogTexture: Display: Building textures: T_Cartonbox01_SRM (AutoDXT, 2048X2048)
[2019.12.10-22.27.07:631][  0]LogPackageName: Warning: Asset path "JW_Ice_Mountain.Mesh.SM_SnowBoulder" is in short form, which is unsupported and -- even if valid -- resolving it will be really slow.
[2019.12.10-22.27.07:631][  0]LogPackageName: Warning: Please consider resaving package in order to speed-up loading.
[2019.12.10-22.27.07:631][  0]LogPackageName: SearchForPackageOnDisk took   0.412s, but failed to resolve JW_Ice_Mountain.
[2019.12.10-22.27.07:631][  0]LogPackageName: Warning: Asset path "JW_Ice_Mountain.Mesh.SM_SnowBoulder" could not be resolved.
[2019.12.10-22.27.07:632][  0]LogPackageName: Warning: Asset path "Env_ALL_Artifacts.Mesh.Env_ALL_Terminus001" is in short form, which is unsupported and -- even if valid -- resolving it will be really slow.
[2019.12.10-22.27.07:632][  0]LogPackageName: Warning: Please consider resaving package in order to speed-up loading.
[2019.12.10-22.27.07:632][  0]LogPackageName: SearchForPackageOnDisk took   0.471s, but failed to resolve Env_ALL_Artifacts.
[2019.12.10-22.27.07:632][  0]LogPackageName: Warning: Asset path "Env_ALL_Artifacts.Mesh.Env_ALL_Terminus001" could not be resolved.
[2019.12.10-22.27.07:632][  0]LogTexture: Display: Building textures: T_TrafficBarrel01_SRM (AutoDXT, 2048X2048)
[2019.12.10-22.27.07:632][  0]LogTexture: Display: Building textures: T_TrafficBarrel01_D (AutoDXT, 2048X2048)
[2019.12.10-22.27.07:632][  0]LogTexture: Display: Building textures: T_Barrel01_SRM (AutoDXT, 2048X2048)
[2019.12.10-22.27.07:632][  0]LogTexture: Display: Building textures: T_Barrel01_N (BC5, 2048X2048)
[2019.12.10-22.27.07:632][  0]LogTexture: Display: Building textures: T_Barrel01_D (AutoDXT, 2048X2048)
[2019.12.10-22.27.07:632][  0]LogTexture: Display: Building textures: TX_Crates_01a_NRM (BC5, 2048X2048)
[2019.12.10-22.27.07:632][  0]LogTexture: Display: Building textures: Concrete_Wall_001_Ambient_Occlusion (AutoDXT, 1024X1024)
[2019.12.10-22.27.07:632][  0]LogTexture: Display: Building textures: Concrete_Wall_001_Normal (BC5, 1024X1024)
[2019.12.10-22.27.07:632][  0]LogTexture: Display: Building textures: Concrete_Wall_001_Base_Color (AutoDXT, 1024X1024)
[2019.12.10-22.27.07:632][  0]LogTexture: Display: Building textures: Concrete_Wall_001_Height (AutoDXT, 1024X1024)
[2019.12.10-22.27.07:632][  0]LogTexture: Display: Building textures: Concrete_Damaged_001_COLOR (AutoDXT, 1024X1024)
[2019.12.10-22.27.07:632][  0]LogTexture: Display: Building textures: Concrete_Damaged_001_DISP (AutoDXT, 1024X1024)
[2019.12.10-22.27.07:632][  0]LogTexture: Display: Building textures: Concrete_010_COLOR (AutoDXT, 1024X1024)
[2019.12.10-22.27.07:632][  0]LogTexture: Display: Building textures: TX_Portapotty_01_ALB (AutoDXT, 2048X2048)
[2019.12.10-22.27.07:632][  0]LogTexture: Display: Building textures: TX_LightGenerator_01b_RMA (AutoDXT, 2048X2048)
[2019.12.10-22.27.07:632][  0]LogTexture: Display: Building textures: TX_Portapotty_02_NRM (BC5, 2048X2048)
[2019.12.10-22.27.07:632][  0]LogTexture: Display: Building textures: TX_Portapotty_02_ALB (AutoDXT, 2048X2048)
[2019.12.10-22.27.07:632][  0]LogTexture: Display: Building textures: TX_Portapotty_01_RMA (AutoDXT, 2048X2048)
[2019.12.10-22.27.07:635][  0]LogMaterial: Display: Missing cached shader map for material M_base, compiling. 
[2019.12.10-22.27.07:969][  0]LogStaticMesh: Building static mesh SM_CartonGarbage08...
[2019.12.10-22.27.08:033][  0]LogStaticMesh: Built static mesh [0.06s] /Game/IndustryPropsPack6/Meshes/SM_CartonGarbage08.SM_CartonGarbage08
[2019.12.10-22.27.08:211][  0]LogStaticMesh: Building static mesh SM_Box03...
[2019.12.10-22.27.09:192][  0]LogStaticMesh: Built static mesh [0.98s] /Game/IndustryPropsPack6/Meshes/SM_Box03.SM_Box03
[2019.12.10-22.27.09:278][  0]LogStaticMesh: Building static mesh SM_FreightContainer_01...
