Log file open, 12/04/19 10:40:20
LogWindows: Failed to load 'aqProf.dll' (GetLastError=126)
LogWindows: File 'aqProf.dll' does not exist
LogWindows: Failed to load 'VtuneApi.dll' (GetLastError=126)
LogWindows: File 'VtuneApi.dll' does not exist
LogWindows: Failed to load 'VtuneApi32e.dll' (GetLastError=126)
LogWindows: File 'VtuneApi32e.dll' does not exist
LogConsoleResponse: Display: Failed to find resolution value strings in scalability ini. Falling back to default.
LogInit: Display: Running engine for game: MonsterComing
LogPakFile: Registered encryption key '00000000000000000000000000000000': 0 pak files mounted, 0 remain pending
LogPlatformFile: Not using cached read wrapper
LogTaskGraph: Started task graph with 5 named threads and 23 total threads with 3 sets of task threads.
LogStats: Stats thread started at 0.295206
LogD3D11RHI: Loaded GFSDK_Aftermath_Lib.x64.dll
LogICUInternationalization: ICU TimeZone Detection - Raw Offset: +10:00, Platform Override: ''
LogPluginManager: Mounting plugin Paper2D
LogPluginManager: Mounting plugin AISupport
LogPluginManager: Mounting plugin LightPropagationVolume
LogPluginManager: Mounting plugin ActorLayerUtilities
LogPluginManager: Mounting plugin AnimationSharing
LogPluginManager: Mounting plugin CLionSourceCodeAccess
LogPluginManager: Mounting plugin CodeLiteSourceCodeAccess
LogPluginManager: Mounting plugin GitSourceControl
LogPluginManager: Mounting plugin KDevelopSourceCodeAccess
LogPluginManager: Mounting plugin NullSourceCodeAccess
LogPluginManager: Mounting plugin PerforceSourceControl
LogPluginManager: Mounting plugin SubversionSourceControl
LogPluginManager: Mounting plugin UObjectPlugin
LogPluginManager: Mounting plugin VisualStudioCodeSourceCodeAccess
LogPluginManager: Mounting plugin VisualStudioSourceCodeAccess
LogPluginManager: Mounting plugin XCodeSourceCodeAccess
LogPluginManager: Mounting plugin AssetManagerEditor
LogPluginManager: Mounting plugin CryptoKeys
LogPluginManager: Mounting plugin DataValidation
LogPluginManager: Mounting plugin FacialAnimation
LogPluginManager: Mounting plugin GameplayTagsEditor
LogPluginManager: Mounting plugin MacGraphicsSwitching
LogPluginManager: Mounting plugin MaterialAnalyzer
LogPluginManager: Mounting plugin MobileLauncherProfileWizard
LogPluginManager: Mounting plugin PluginBrowser
LogPluginManager: Mounting plugin SpeedTreeImporter
LogPluginManager: Mounting plugin DatasmithContent
LogPluginManager: Mounting plugin VariantManagerContent
LogPluginManager: Mounting plugin AlembicImporter
LogPluginManager: Mounting plugin AppleImageUtils
LogPluginManager: Mounting plugin AppleVision
LogPluginManager: Mounting plugin BackChannel
LogPluginManager: Mounting plugin CharacterAI
LogPluginManager: Mounting plugin GeometryCache
LogPluginManager: Mounting plugin HTML5Networking
LogPluginManager: Mounting plugin ProxyLODPlugin
LogPluginManager: Mounting plugin SkeletalReduction
LogPluginManager: Mounting plugin MagicLeap
LogPluginManager: Mounting plugin MagicLeapMedia
LogPluginManager: Mounting plugin AndroidMedia
LogPluginManager: Mounting plugin AvfMedia
LogPluginManager: Mounting plugin ImgMedia
LogPluginManager: Mounting plugin LinearTimecode
LogPluginManager: Mounting plugin MediaCompositing
LogPluginManager: Mounting plugin MediaPlayerEditor
LogPluginManager: Mounting plugin WebMMedia
LogPluginManager: Mounting plugin WmfMedia
LogPluginManager: Mounting plugin TcpMessaging
LogPluginManager: Mounting plugin UdpMessaging
LogPluginManager: Mounting plugin ActorSequence
LogPluginManager: Mounting plugin LevelSequenceEditor
LogPluginManager: Mounting plugin MatineeToLevelSequence
LogPluginManager: Mounting plugin NetcodeUnitTest
LogPluginManager: Mounting plugin NUTUnrealEngine4
LogPluginManager: Mounting plugin OnlineSubsystemGooglePlay
LogPluginManager: Mounting plugin OnlineSubsystemIOS
LogPluginManager: Mounting plugin OnlineSubsystem
LogPluginManager: Mounting plugin OnlineSubsystemNull
LogPluginManager: Mounting plugin OnlineSubsystemUtils
LogPluginManager: Mounting plugin LauncherChunkInstaller
LogPluginManager: Mounting plugin AndroidDeviceProfileSelector
LogPluginManager: Mounting plugin AndroidMoviePlayer
LogPluginManager: Mounting plugin AndroidPermission
LogPluginManager: Mounting plugin ApexDestruction
LogPluginManager: Mounting plugin AppleMoviePlayer
LogPluginManager: Mounting plugin ArchVisCharacter
LogPluginManager: Mounting plugin AudioCapture
LogPluginManager: Mounting plugin CableComponent
LogPluginManager: Mounting plugin CustomMeshComponent
LogPluginManager: Mounting plugin EditableMesh
LogPluginManager: Mounting plugin ExampleDeviceProfileSelector
LogPluginManager: Mounting plugin Firebase
LogPluginManager: Mounting plugin GoogleCloudMessaging
LogPluginManager: Mounting plugin IOSDeviceProfileSelector
LogPluginManager: Mounting plugin LinuxDeviceProfileSelector
LogPluginManager: Mounting plugin LocationServicesBPLibrary
LogPluginManager: Mounting plugin MobilePatchingUtils
LogPluginManager: Mounting plugin OculusVR
LogPluginManager: Mounting plugin PhysXVehicles
LogPluginManager: Mounting plugin ProceduralMeshComponent
LogPluginManager: Mounting plugin RuntimePhysXCooking
LogPluginManager: Mounting plugin SignificanceManager
LogPluginManager: Mounting plugin SteamVR
LogPluginManager: Mounting plugin WebMMoviePlayer
LogPluginManager: Mounting plugin WindowsMoviePlayer
LogInit: Using libcurl 7.55.1-DEV
LogInit:  - built for x86_64-pc-win32
LogInit:  - supports SSL with OpenSSL/1.1.1
LogInit:  - supports HTTP deflate (compression) using libz 1.2.8
LogInit:  - other features:
LogInit:      CURL_VERSION_SSL
LogInit:      CURL_VERSION_LIBZ
LogInit:      CURL_VERSION_IPV6
LogInit:      CURL_VERSION_ASYNCHDNS
LogInit:      CURL_VERSION_LARGEFILE
LogInit:      CURL_VERSION_IDN
LogInit:  CurlRequestOptions (configurable via config and command line):
LogInit:  - bVerifyPeer = true  - Libcurl will verify peer certificate
LogInit:  - bUseHttpProxy = false  - Libcurl will NOT use HTTP proxy
LogInit:  - bDontReuseConnections = false  - Libcurl will reuse connections
LogInit:  - MaxHostConnections = 16  - Libcurl will limit the number of connections to a host
LogInit:  - LocalHostAddr = Default
LogInit:  - BufferSize = 65536
LogInit: WinSock: version 1.1 (2.2), MaxSocks=32767, MaxUdp=65467
LogHMD: Failed initializing OVRPlugin 1.32.0
LogInit: Build: ++UE4+Release-4.22-CL-7053642
LogInit: Engine Version: 4.22.3-7053642+++UE4+Release-4.22
LogInit: Compatible Engine Version: 4.22.0-5660361+++UE4+Release-4.22
LogInit: Net CL: 5660361
LogInit: OS: Windows 10 (Release 1903) (), CPU: Intel(R) Core(TM) i7-6700 CPU @ 3.40GHz, GPU: NVIDIA GeForce GTX 980
LogInit: Compiled (64-bit): Jun 18 2019 03:09:11
LogInit: Compiled with Visual C++: 19.16.27025.01
LogInit: Build Configuration: Development
LogInit: Branch Name: ++UE4+Release-4.22
LogInit: Command Line: 
LogInit: Base Directory: C:/Program Files/Epic Games/UE_4.22/Engine/Binaries/Win64/
LogInit: Installed Engine Build: 1
LogDevObjectVersion: Number of dev versions registered: 23
LogDevObjectVersion:   Dev-Blueprints (B0D832E4-1F89-4F0D-ACCF-7EB736FD4AA2): 10
LogDevObjectVersion:   Dev-Build (E1C64328-A22C-4D53-A36C-8E866417BD8C): 0
LogDevObjectVersion:   Dev-Core (375EC13C-06E4-48FB-B500-84F0262A717E): 3
LogDevObjectVersion:   Dev-Editor (E4B068ED-F494-42E9-A231-DA0B2E46BB41): 30
LogDevObjectVersion:   Dev-Framework (CFFC743F-43B0-4480-9391-14DF171D2073): 35
LogDevObjectVersion:   Dev-Mobile (B02B49B5-BB20-44E9-A304-32B752E40360): 2
LogDevObjectVersion:   Dev-Networking (A4E4105C-59A1-49B5-A7C5-40C4547EDFEE): 0
LogDevObjectVersion:   Dev-Online (39C831C9-5AE6-47DC-9A44-9C173E1C8E7C): 0
LogDevObjectVersion:   Dev-Physics (78F01B33-EBEA-4F98-B9B4-84EACCB95AA2): 0
LogDevObjectVersion:   Dev-Platform (6631380F-2D4D-43E0-8009-CF276956A95A): 0
LogDevObjectVersion:   Dev-Rendering (12F88B9F-8875-4AFC-A67C-D90C383ABD29): 28
LogDevObjectVersion:   Dev-Sequencer (7B5AE74C-D270-4C10-A958-57980B212A5A): 11
LogDevObjectVersion:   Dev-VR (D7296918-1DD6-4BDD-9DE2-64A83CC13884): 2
LogDevObjectVersion:   Dev-LoadTimes (C2A15278-BFE7-4AFE-6C17-90FF531DF755): 1
LogDevObjectVersion:   Private-Geometry (6EACA3D4-40EC-4CC1-B786-8BED09428FC5): 3
LogDevObjectVersion:   Dev-AnimPhys (29E575DD-E0A3-4627-9D10-D276232CDCEA): 17
LogDevObjectVersion:   Dev-Anim (AF43A65D-7FD3-4947-9873-3E8ED9C1BB05): 2
LogDevObjectVersion:   Dev-ReflectionCapture (6B266CEC-1EC7-4B8F-A30B-E4D90942FC07): 1
LogDevObjectVersion:   Dev-Automation (0DF73D61-A23F-47EA-B727-89E90C41499A): 1
LogDevObjectVersion:   FortniteMain (601D1886-AC64-4F84-AA16-D3DE0DEAC7D6): 25
LogDevObjectVersion:   Dev-Enterprise (9DFFBCD6-494F-0158-E221-12823C92A888): 6
LogDevObjectVersion:   Dev-Niagara (F2AED0AC-9AFE-416F-8664-AA7FFA26D6FC): 1
LogDevObjectVersion:   Dev-Destruction (174F1F0B-B4C6-45A5-B13F-2EE8D0FB917D): 2
LogInit: Presizing for max 16777216 objects, including 0 objects not considered by GC, pre-allocating 0 bytes for permanent pool.
LogInit: Object subsystem initialized
LogConfig: Setting CVar [[con.DebugEarlyDefault:1]]
LogConfig: Setting CVar [[r.setres:1280x720]]
[2019.12.03-23.40.21:001][  0]LogConfig: Setting CVar [[r.VSync:0]]
[2019.12.03-23.40.21:001][  0]LogConfig: Setting CVar [[r.RHICmdBypass:0]]
[2019.12.03-23.40.21:001][  0]LogConfig: Applying CVar settings from Section [/Script/Engine.RendererSettings] File [D:/Good stuff/git/Studio1_Team3/MonsterComing/Saved/Config/Windows/Engine.ini]
[2019.12.03-23.40.21:002][  0]LogConfig: Setting CVar [[r.GPUCrashDebugging:0]]
[2019.12.03-23.40.21:002][  0]LogConfig: Applying CVar settings from Section [/Script/Engine.RendererOverrideSettings] File [D:/Good stuff/git/Studio1_Team3/MonsterComing/Saved/Config/Windows/Engine.ini]
[2019.12.03-23.40.21:002][  0]LogConfig: Applying CVar settings from Section [/Script/Engine.StreamingSettings] File [D:/Good stuff/git/Studio1_Team3/MonsterComing/Saved/Config/Windows/Engine.ini]
[2019.12.03-23.40.21:002][  0]LogConfig: Setting CVar [[s.MinBulkDataSizeForAsyncLoading:131072]]
[2019.12.03-23.40.21:002][  0]LogConfig: Setting CVar [[s.AsyncLoadingThreadEnabled:0]]
[2019.12.03-23.40.21:002][  0]LogConfig: Setting CVar [[s.EventDrivenLoaderEnabled:1]]
[2019.12.03-23.40.21:002][  0]LogConfig: Setting CVar [[s.WarnIfTimeLimitExceeded:0]]
[2019.12.03-23.40.21:002][  0]LogConfig: Setting CVar [[s.TimeLimitExceededMultiplier:1.5]]
[2019.12.03-23.40.21:002][  0]LogConfig: Setting CVar [[s.TimeLimitExceededMinTime:0.005]]
[2019.12.03-23.40.21:002][  0]LogConfig: Setting CVar [[s.UseBackgroundLevelStreaming:1]]
[2019.12.03-23.40.21:002][  0]LogConfig: Setting CVar [[s.PriorityAsyncLoadingExtraTime:15.0]]
[2019.12.03-23.40.21:002][  0]LogConfig: Setting CVar [[s.LevelStreamingActorsUpdateTimeLimit:5.0]]
[2019.12.03-23.40.21:002][  0]LogConfig: Setting CVar [[s.PriorityLevelStreamingActorsUpdateExtraTime:5.0]]
[2019.12.03-23.40.21:002][  0]LogConfig: Setting CVar [[s.LevelStreamingComponentsRegistrationGranularity:10]]
[2019.12.03-23.40.21:002][  0]LogConfig: Setting CVar [[s.UnregisterComponentsTimeLimit:1.0]]
[2019.12.03-23.40.21:002][  0]LogConfig: Setting CVar [[s.LevelStreamingComponentsUnregistrationGranularity:5]]
[2019.12.03-23.40.21:002][  0]LogConfig: Applying CVar settings from Section [/Script/Engine.GarbageCollectionSettings] File [D:/Good stuff/git/Studio1_Team3/MonsterComing/Saved/Config/Windows/Engine.ini]
[2019.12.03-23.40.21:002][  0]LogConfig: Setting CVar [[gc.MaxObjectsNotConsideredByGC:1]]
[2019.12.03-23.40.21:002][  0]LogConfig: Setting CVar [[gc.SizeOfPermanentObjectPool:0]]
[2019.12.03-23.40.21:002][  0]LogConfig: Setting CVar [[gc.FlushStreamingOnGC:0]]
[2019.12.03-23.40.21:002][  0]LogConfig: Setting CVar [[gc.NumRetriesBeforeForcingGC:10]]
[2019.12.03-23.40.21:002][  0]LogConfig: Setting CVar [[gc.AllowParallelGC:1]]
[2019.12.03-23.40.21:002][  0]LogConfig: Setting CVar [[gc.TimeBetweenPurgingPendingKillObjects:61.1]]
[2019.12.03-23.40.21:002][  0]LogConfig: Setting CVar [[gc.MaxObjectsInEditor:16777216]]
[2019.12.03-23.40.21:002][  0]LogConfig: Setting CVar [[gc.IncrementalBeginDestroyEnabled:1]]
[2019.12.03-23.40.21:002][  0]LogConfig: Setting CVar [[gc.CreateGCClusters:1]]
[2019.12.03-23.40.21:002][  0]LogConfig: Setting CVar [[gc.MinGCClusterSize:5]]
[2019.12.03-23.40.21:002][  0]LogConfig: Setting CVar [[gc.ActorClusteringEnabled:0]]
[2019.12.03-23.40.21:002][  0]LogConfig: Setting CVar [[gc.BlueprintClusteringEnabled:0]]
[2019.12.03-23.40.21:002][  0]LogConfig: Setting CVar [[gc.UseDisregardForGCOnDedicatedServers:0]]
[2019.12.03-23.40.21:002][  0]LogConfig: Applying CVar settings from Section [/Script/Engine.NetworkSettings] File [D:/Good stuff/git/Studio1_Team3/MonsterComing/Saved/Config/Windows/Engine.ini]
[2019.12.03-23.40.21:002][  0]LogConfig: Applying CVar settings from Section [/Script/UnrealEd.CookerSettings] File [D:/Good stuff/git/Studio1_Team3/MonsterComing/Saved/Config/Windows/Engine.ini]
[2019.12.03-23.40.21:005][  0]LogConfig: Applying CVar settings from Section [ViewDistanceQuality@3] File [D:/Good stuff/git/Studio1_Team3/MonsterComing/Saved/Config/Windows/Scalability.ini]
[2019.12.03-23.40.21:005][  0]LogConfig: Setting CVar [[r.SkeletalMeshLODBias:0]]
[2019.12.03-23.40.21:005][  0]LogConfig: Setting CVar [[r.ViewDistanceScale:1.0]]
[2019.12.03-23.40.21:005][  0]LogConfig: Applying CVar settings from Section [AntiAliasingQuality@3] File [D:/Good stuff/git/Studio1_Team3/MonsterComing/Saved/Config/Windows/Scalability.ini]
[2019.12.03-23.40.21:005][  0]LogConfig: Setting CVar [[r.PostProcessAAQuality:4]]
[2019.12.03-23.40.21:005][  0]LogConfig: Applying CVar settings from Section [ShadowQuality@3] File [D:/Good stuff/git/Studio1_Team3/MonsterComing/Saved/Config/Windows/Scalability.ini]
[2019.12.03-23.40.21:005][  0]LogConfig: Setting CVar [[r.LightFunctionQuality:1]]
[2019.12.03-23.40.21:005][  0]LogConfig: Setting CVar [[r.ShadowQuality:5]]
[2019.12.03-23.40.21:005][  0]LogConfig: Setting CVar [[r.Shadow.CSM.MaxCascades:10]]
[2019.12.03-23.40.21:005][  0]LogConfig: Setting CVar [[r.Shadow.MaxResolution:2048]]
[2019.12.03-23.40.21:005][  0]LogConfig: Setting CVar [[r.Shadow.MaxCSMResolution:2048]]
[2019.12.03-23.40.21:005][  0]LogConfig: Setting CVar [[r.Shadow.RadiusThreshold:0.01]]
[2019.12.03-23.40.21:005][  0]LogConfig: Setting CVar [[r.Shadow.DistanceScale:1.0]]
[2019.12.03-23.40.21:005][  0]LogConfig: Setting CVar [[r.Shadow.CSM.TransitionScale:1.0]]
[2019.12.03-23.40.21:005][  0]LogConfig: Setting CVar [[r.Shadow.PreShadowResolutionFactor:1.0]]
[2019.12.03-23.40.21:005][  0]LogConfig: Setting CVar [[r.DistanceFieldShadowing:1]]
[2019.12.03-23.40.21:005][  0]LogConfig: Setting CVar [[r.DistanceFieldAO:1]]
[2019.12.03-23.40.21:005][  0]LogConfig: Setting CVar [[r.AOQuality:2]]
[2019.12.03-23.40.21:005][  0]LogConfig: Setting CVar [[r.VolumetricFog:1]]
[2019.12.03-23.40.21:005][  0]LogConfig: Setting CVar [[r.VolumetricFog.GridPixelSize:8]]
[2019.12.03-23.40.21:005][  0]LogConfig: Setting CVar [[r.VolumetricFog.GridSizeZ:128]]
[2019.12.03-23.40.21:005][  0]LogConfig: Setting CVar [[r.VolumetricFog.HistoryMissSupersampleCount:4]]
[2019.12.03-23.40.21:005][  0]LogConfig: Setting CVar [[r.LightMaxDrawDistanceScale:1]]
[2019.12.03-23.40.21:005][  0]LogConfig: Setting CVar [[r.CapsuleShadows:1]]
[2019.12.03-23.40.21:005][  0]LogConfig: Applying CVar settings from Section [PostProcessQuality@3] File [D:/Good stuff/git/Studio1_Team3/MonsterComing/Saved/Config/Windows/Scalability.ini]
[2019.12.03-23.40.21:005][  0]LogConfig: Setting CVar [[r.MotionBlurQuality:4]]
[2019.12.03-23.40.21:005][  0]LogConfig: Setting CVar [[r.AmbientOcclusionMipLevelFactor:0.4]]
[2019.12.03-23.40.21:005][  0]LogConfig: Setting CVar [[r.AmbientOcclusionMaxQuality:100]]
[2019.12.03-23.40.21:005][  0]LogConfig: Setting CVar [[r.AmbientOcclusionLevels:-1]]
[2019.12.03-23.40.21:006][  0]LogConfig: Setting CVar [[r.AmbientOcclusionRadiusScale:1.0]]
[2019.12.03-23.40.21:006][  0]LogConfig: Setting CVar [[r.DepthOfFieldQuality:2]]
[2019.12.03-23.40.21:006][  0]LogConfig: Setting CVar [[r.RenderTargetPoolMin:400]]
[2019.12.03-23.40.21:006][  0]LogConfig: Setting CVar [[r.LensFlareQuality:2]]
[2019.12.03-23.40.21:006][  0]LogConfig: Setting CVar [[r.SceneColorFringeQuality:1]]
[2019.12.03-23.40.21:006][  0]LogConfig: Setting CVar [[r.EyeAdaptationQuality:2]]
[2019.12.03-23.40.21:006][  0]LogConfig: Setting CVar [[r.BloomQuality:5]]
[2019.12.03-23.40.21:006][  0]LogConfig: Setting CVar [[r.FastBlurThreshold:100]]
[2019.12.03-23.40.21:006][  0]LogConfig: Setting CVar [[r.Upscale.Quality:3]]
[2019.12.03-23.40.21:006][  0]LogConfig: Setting CVar [[r.Tonemapper.GrainQuantization:1]]
[2019.12.03-23.40.21:006][  0]LogConfig: Setting CVar [[r.LightShaftQuality:1]]
[2019.12.03-23.40.21:006][  0]LogConfig: Setting CVar [[r.Filter.SizeScale:1]]
[2019.12.03-23.40.21:006][  0]LogConfig: Setting CVar [[r.Tonemapper.Quality:5]]
[2019.12.03-23.40.21:006][  0]LogConfig: Setting CVar [[r.DOF.Gather.AccumulatorQuality:1        ; higher gathering accumulator quality]]
[2019.12.03-23.40.21:006][  0]LogConfig: Setting CVar [[r.DOF.Gather.PostfilterMethod:1          ; Median3x3 postfilering method]]
[2019.12.03-23.40.21:006][  0]LogConfig: Setting CVar [[r.DOF.Gather.EnableBokehSettings:0       ; no bokeh simulation when gathering]]
[2019.12.03-23.40.21:006][  0]LogConfig: Setting CVar [[r.DOF.Gather.RingCount:4                 ; medium number of samples when gathering]]
[2019.12.03-23.40.21:006][  0]LogConfig: Setting CVar [[r.DOF.Scatter.ForegroundCompositing:1    ; additive foreground scattering]]
[2019.12.03-23.40.21:006][  0]LogConfig: Setting CVar [[r.DOF.Scatter.BackgroundCompositing:2    ; additive background scattering]]
[2019.12.03-23.40.21:006][  0]LogConfig: Setting CVar [[r.DOF.Scatter.EnableBokehSettings:1      ; bokeh simulation when scattering]]
[2019.12.03-23.40.21:006][  0]LogConfig: Setting CVar [[r.DOF.Scatter.MaxSpriteRatio:0.1         ; only a maximum of 10% of scattered bokeh]]
[2019.12.03-23.40.21:006][  0]LogConfig: Setting CVar [[r.DOF.Recombine.Quality:1                ; cheap slight out of focus]]
[2019.12.03-23.40.21:006][  0]LogConfig: Setting CVar [[r.DOF.Recombine.EnableBokehSettings:0    ; no bokeh simulation on slight out of focus]]
[2019.12.03-23.40.21:006][  0]LogConfig: Setting CVar [[r.DOF.TemporalAAQuality:1                ; more stable temporal accumulation]]
[2019.12.03-23.40.21:006][  0]LogConfig: Setting CVar [[r.DOF.Kernel.MaxForegroundRadius:0.025]]
[2019.12.03-23.40.21:006][  0]LogConfig: Setting CVar [[r.DOF.Kernel.MaxBackgroundRadius:0.025]]
[2019.12.03-23.40.21:006][  0]LogConfig: Applying CVar settings from Section [TextureQuality@3] File [D:/Good stuff/git/Studio1_Team3/MonsterComing/Saved/Config/Windows/Scalability.ini]
[2019.12.03-23.40.21:006][  0]LogConfig: Setting CVar [[r.Streaming.MipBias:0]]
[2019.12.03-23.40.21:006][  0]LogConfig: Setting CVar [[r.Streaming.AmortizeCPUToGPUCopy:0]]
[2019.12.03-23.40.21:006][  0]LogConfig: Setting CVar [[r.Streaming.MaxNumTexturesToStreamPerFrame:0]]
[2019.12.03-23.40.21:006][  0]LogConfig: Setting CVar [[r.Streaming.Boost:1]]
[2019.12.03-23.40.21:006][  0]LogConfig: Setting CVar [[r.MaxAnisotropy:8]]
[2019.12.03-23.40.21:006][  0]LogConfig: Setting CVar [[r.Streaming.LimitPoolSizeToVRAM:0]]
[2019.12.03-23.40.21:006][  0]LogConfig: Setting CVar [[r.Streaming.PoolSize:1000]]
[2019.12.03-23.40.21:006][  0]LogConfig: Setting CVar [[r.Streaming.MaxEffectiveScreenSize:0]]
[2019.12.03-23.40.21:006][  0]LogConfig: Applying CVar settings from Section [EffectsQuality@3] File [D:/Good stuff/git/Studio1_Team3/MonsterComing/Saved/Config/Windows/Scalability.ini]
[2019.12.03-23.40.21:006][  0]LogConfig: Setting CVar [[r.TranslucencyLightingVolumeDim:64]]
[2019.12.03-23.40.21:006][  0]LogConfig: Setting CVar [[r.RefractionQuality:2]]
[2019.12.03-23.40.21:006][  0]LogConfig: Setting CVar [[r.SSR.Quality:3]]
[2019.12.03-23.40.21:006][  0]LogConfig: Setting CVar [[r.SceneColorFormat:4]]
[2019.12.03-23.40.21:006][  0]LogConfig: Setting CVar [[r.DetailMode:2]]
[2019.12.03-23.40.21:006][  0]LogConfig: Setting CVar [[r.TranslucencyVolumeBlur:1]]
[2019.12.03-23.40.21:006][  0]LogConfig: Setting CVar [[r.MaterialQualityLevel:1 ; High quality]]
[2019.12.03-23.40.21:006][  0]LogConfig: Setting CVar [[r.SSS.Scale:1]]
[2019.12.03-23.40.21:006][  0]LogConfig: Setting CVar [[r.SSS.SampleSet:2]]
[2019.12.03-23.40.21:006][  0]LogConfig: Setting CVar [[r.SSS.Quality:1]]
[2019.12.03-23.40.21:006][  0]LogConfig: Setting CVar [[r.SSS.HalfRes:1]]
[2019.12.03-23.40.21:006][  0]LogConfig: Setting CVar [[r.EmitterSpawnRateScale:1.0]]
[2019.12.03-23.40.21:006][  0]LogConfig: Setting CVar [[r.ParticleLightQuality:2]]
[2019.12.03-23.40.21:006][  0]LogConfig: Applying CVar settings from Section [FoliageQuality@3] File [D:/Good stuff/git/Studio1_Team3/MonsterComing/Saved/Config/Windows/Scalability.ini]
[2019.12.03-23.40.21:007][  0]LogConfig: Setting CVar [[foliage.DensityScale:1.0]]
[2019.12.03-23.40.21:007][  0]LogConfig: Setting CVar [[grass.DensityScale:1.0]]
[2019.12.03-23.40.21:007][  0]LogInit: Selected Device Profile: [Windows]
[2019.12.03-23.40.21:007][  0]LogInit: Applying CVar settings loaded from the selected device profile: [Windows]
[2019.12.03-23.40.21:021][  0]LogHAL: Display: Platform has ~ 32 GB [34270715904 / 34359738368 / 32], which maps to Largest [LargestMinGB=32, LargerMinGB=12, DefaultMinGB=8, SmallerMinGB=6, SmallestMinGB=0)
[2019.12.03-23.40.21:021][  0]LogConfig: Setting CVar [[r.Vulkan.UseRealUBs:0		; Required until we fix HLR fall-out]]
[2019.12.03-23.40.21:021][  0]LogInit: Going up to parent DeviceProfile []
[2019.12.03-23.40.21:022][  0]LogConfig: Applying CVar settings from Section [ViewDistanceQuality@3] File [D:/Good stuff/git/Studio1_Team3/MonsterComing/Saved/Config/Windows/Scalability.ini]
[2019.12.03-23.40.21:022][  0]LogConfig: Setting CVar [[r.SkeletalMeshLODBias:0]]
[2019.12.03-23.40.21:022][  0]LogConfig: Setting CVar [[r.ViewDistanceScale:1.0]]
[2019.12.03-23.40.21:022][  0]LogConfig: Applying CVar settings from Section [AntiAliasingQuality@3] File [D:/Good stuff/git/Studio1_Team3/MonsterComing/Saved/Config/Windows/Scalability.ini]
[2019.12.03-23.40.21:022][  0]LogConfig: Setting CVar [[r.PostProcessAAQuality:4]]
[2019.12.03-23.40.21:022][  0]LogConfig: Applying CVar settings from Section [ShadowQuality@3] File [D:/Good stuff/git/Studio1_Team3/MonsterComing/Saved/Config/Windows/Scalability.ini]
[2019.12.03-23.40.21:022][  0]LogConfig: Setting CVar [[r.LightFunctionQuality:1]]
[2019.12.03-23.40.21:022][  0]LogConfig: Setting CVar [[r.ShadowQuality:5]]
[2019.12.03-23.40.21:022][  0]LogConfig: Setting CVar [[r.Shadow.CSM.MaxCascades:10]]
[2019.12.03-23.40.21:022][  0]LogConfig: Setting CVar [[r.Shadow.MaxResolution:2048]]
[2019.12.03-23.40.21:022][  0]LogConfig: Setting CVar [[r.Shadow.MaxCSMResolution:2048]]
[2019.12.03-23.40.21:022][  0]LogConfig: Setting CVar [[r.Shadow.RadiusThreshold:0.01]]
[2019.12.03-23.40.21:022][  0]LogConfig: Setting CVar [[r.Shadow.DistanceScale:1.0]]
[2019.12.03-23.40.21:022][  0]LogConfig: Setting CVar [[r.Shadow.CSM.TransitionScale:1.0]]
[2019.12.03-23.40.21:022][  0]LogConfig: Setting CVar [[r.Shadow.PreShadowResolutionFactor:1.0]]
[2019.12.03-23.40.21:022][  0]LogConfig: Setting CVar [[r.DistanceFieldShadowing:1]]
[2019.12.03-23.40.21:022][  0]LogConfig: Setting CVar [[r.DistanceFieldAO:1]]
[2019.12.03-23.40.21:022][  0]LogConfig: Setting CVar [[r.AOQuality:2]]
[2019.12.03-23.40.21:022][  0]LogConfig: Setting CVar [[r.VolumetricFog:1]]
[2019.12.03-23.40.21:022][  0]LogConfig: Setting CVar [[r.VolumetricFog.GridPixelSize:8]]
[2019.12.03-23.40.21:022][  0]LogConfig: Setting CVar [[r.VolumetricFog.GridSizeZ:128]]
[2019.12.03-23.40.21:022][  0]LogConfig: Setting CVar [[r.VolumetricFog.HistoryMissSupersampleCount:4]]
[2019.12.03-23.40.21:022][  0]LogConfig: Setting CVar [[r.LightMaxDrawDistanceScale:1]]
[2019.12.03-23.40.21:022][  0]LogConfig: Setting CVar [[r.CapsuleShadows:1]]
[2019.12.03-23.40.21:022][  0]LogConfig: Applying CVar settings from Section [PostProcessQuality@3] File [D:/Good stuff/git/Studio1_Team3/MonsterComing/Saved/Config/Windows/Scalability.ini]
[2019.12.03-23.40.21:022][  0]LogConfig: Setting CVar [[r.MotionBlurQuality:4]]
[2019.12.03-23.40.21:022][  0]LogConfig: Setting CVar [[r.AmbientOcclusionMipLevelFactor:0.4]]
[2019.12.03-23.40.21:022][  0]LogConfig: Setting CVar [[r.AmbientOcclusionMaxQuality:100]]
[2019.12.03-23.40.21:022][  0]LogConfig: Setting CVar [[r.AmbientOcclusionLevels:-1]]
[2019.12.03-23.40.21:022][  0]LogConfig: Setting CVar [[r.AmbientOcclusionRadiusScale:1.0]]
[2019.12.03-23.40.21:022][  0]LogConfig: Setting CVar [[r.DepthOfFieldQuality:2]]
[2019.12.03-23.40.21:022][  0]LogConfig: Setting CVar [[r.RenderTargetPoolMin:400]]
[2019.12.03-23.40.21:022][  0]LogConfig: Setting CVar [[r.LensFlareQuality:2]]
[2019.12.03-23.40.21:022][  0]LogConfig: Setting CVar [[r.SceneColorFringeQuality:1]]
[2019.12.03-23.40.21:022][  0]LogConfig: Setting CVar [[r.EyeAdaptationQuality:2]]
[2019.12.03-23.40.21:022][  0]LogConfig: Setting CVar [[r.BloomQuality:5]]
[2019.12.03-23.40.21:022][  0]LogConfig: Setting CVar [[r.FastBlurThreshold:100]]
[2019.12.03-23.40.21:022][  0]LogConfig: Setting CVar [[r.Upscale.Quality:3]]
[2019.12.03-23.40.21:022][  0]LogConfig: Setting CVar [[r.Tonemapper.GrainQuantization:1]]
[2019.12.03-23.40.21:022][  0]LogConfig: Setting CVar [[r.LightShaftQuality:1]]
[2019.12.03-23.40.21:022][  0]LogConfig: Setting CVar [[r.Filter.SizeScale:1]]
[2019.12.03-23.40.21:022][  0]LogConfig: Setting CVar [[r.Tonemapper.Quality:5]]
[2019.12.03-23.40.21:022][  0]LogConfig: Setting CVar [[r.DOF.Gather.AccumulatorQuality:1        ; higher gathering accumulator quality]]
[2019.12.03-23.40.21:022][  0]LogConfig: Setting CVar [[r.DOF.Gather.PostfilterMethod:1          ; Median3x3 postfilering method]]
[2019.12.03-23.40.21:022][  0]LogConfig: Setting CVar [[r.DOF.Gather.EnableBokehSettings:0       ; no bokeh simulation when gathering]]
[2019.12.03-23.40.21:022][  0]LogConfig: Setting CVar [[r.DOF.Gather.RingCount:4                 ; medium number of samples when gathering]]
[2019.12.03-23.40.21:022][  0]LogConfig: Setting CVar [[r.DOF.Scatter.ForegroundCompositing:1    ; additive foreground scattering]]
[2019.12.03-23.40.21:022][  0]LogConfig: Setting CVar [[r.DOF.Scatter.BackgroundCompositing:2    ; additive background scattering]]
[2019.12.03-23.40.21:022][  0]LogConfig: Setting CVar [[r.DOF.Scatter.EnableBokehSettings:1      ; bokeh simulation when scattering]]
[2019.12.03-23.40.21:022][  0]LogConfig: Setting CVar [[r.DOF.Scatter.MaxSpriteRatio:0.1         ; only a maximum of 10% of scattered bokeh]]
[2019.12.03-23.40.21:022][  0]LogConfig: Setting CVar [[r.DOF.Recombine.Quality:1                ; cheap slight out of focus]]
[2019.12.03-23.40.21:023][  0]LogConfig: Setting CVar [[r.DOF.Recombine.EnableBokehSettings:0    ; no bokeh simulation on slight out of focus]]
[2019.12.03-23.40.21:023][  0]LogConfig: Setting CVar [[r.DOF.TemporalAAQuality:1                ; more stable temporal accumulation]]
[2019.12.03-23.40.21:023][  0]LogConfig: Setting CVar [[r.DOF.Kernel.MaxForegroundRadius:0.025]]
[2019.12.03-23.40.21:023][  0]LogConfig: Setting CVar [[r.DOF.Kernel.MaxBackgroundRadius:0.025]]
[2019.12.03-23.40.21:023][  0]LogConfig: Applying CVar settings from Section [TextureQuality@3] File [D:/Good stuff/git/Studio1_Team3/MonsterComing/Saved/Config/Windows/Scalability.ini]
[2019.12.03-23.40.21:023][  0]LogConfig: Setting CVar [[r.Streaming.MipBias:0]]
[2019.12.03-23.40.21:023][  0]LogConfig: Setting CVar [[r.Streaming.AmortizeCPUToGPUCopy:0]]
[2019.12.03-23.40.21:023][  0]LogConfig: Setting CVar [[r.Streaming.MaxNumTexturesToStreamPerFrame:0]]
[2019.12.03-23.40.21:023][  0]LogConfig: Setting CVar [[r.Streaming.Boost:1]]
[2019.12.03-23.40.21:023][  0]LogConfig: Setting CVar [[r.MaxAnisotropy:8]]
[2019.12.03-23.40.21:023][  0]LogConfig: Setting CVar [[r.Streaming.LimitPoolSizeToVRAM:0]]
[2019.12.03-23.40.21:023][  0]LogConfig: Setting CVar [[r.Streaming.PoolSize:1000]]
[2019.12.03-23.40.21:023][  0]LogConfig: Setting CVar [[r.Streaming.MaxEffectiveScreenSize:0]]
[2019.12.03-23.40.21:023][  0]LogConfig: Applying CVar settings from Section [EffectsQuality@3] File [D:/Good stuff/git/Studio1_Team3/MonsterComing/Saved/Config/Windows/Scalability.ini]
[2019.12.03-23.40.21:023][  0]LogConfig: Setting CVar [[r.TranslucencyLightingVolumeDim:64]]
[2019.12.03-23.40.21:023][  0]LogConfig: Setting CVar [[r.RefractionQuality:2]]
[2019.12.03-23.40.21:023][  0]LogConfig: Setting CVar [[r.SSR.Quality:3]]
[2019.12.03-23.40.21:023][  0]LogConfig: Setting CVar [[r.SceneColorFormat:4]]
[2019.12.03-23.40.21:023][  0]LogConfig: Setting CVar [[r.DetailMode:2]]
[2019.12.03-23.40.21:023][  0]LogConfig: Setting CVar [[r.TranslucencyVolumeBlur:1]]
[2019.12.03-23.40.21:023][  0]LogConfig: Setting CVar [[r.MaterialQualityLevel:1 ; High quality]]
[2019.12.03-23.40.21:023][  0]LogConfig: Setting CVar [[r.SSS.Scale:1]]
[2019.12.03-23.40.21:023][  0]LogConfig: Setting CVar [[r.SSS.SampleSet:2]]
[2019.12.03-23.40.21:023][  0]LogConfig: Setting CVar [[r.SSS.Quality:1]]
[2019.12.03-23.40.21:023][  0]LogConfig: Setting CVar [[r.SSS.HalfRes:1]]
[2019.12.03-23.40.21:023][  0]LogConfig: Setting CVar [[r.EmitterSpawnRateScale:1.0]]
[2019.12.03-23.40.21:023][  0]LogConfig: Setting CVar [[r.ParticleLightQuality:2]]
[2019.12.03-23.40.21:023][  0]LogConfig: Applying CVar settings from Section [FoliageQuality@3] File [D:/Good stuff/git/Studio1_Team3/MonsterComing/Saved/Config/Windows/Scalability.ini]
[2019.12.03-23.40.21:023][  0]LogConfig: Setting CVar [[foliage.DensityScale:1.0]]
[2019.12.03-23.40.21:023][  0]LogConfig: Setting CVar [[grass.DensityScale:1.0]]
[2019.12.03-23.40.21:023][  0]LogConfig: Applying CVar settings from Section [Startup] File [../../../Engine/Config/ConsoleVariables.ini]
[2019.12.03-23.40.21:023][  0]LogConfig: Setting CVar [[net.UseAdaptiveNetUpdateFrequency:0]]
[2019.12.03-23.40.21:023][  0]LogConfig: Setting CVar [[p.chaos.AllowCreatePhysxBodies:1]]
[2019.12.03-23.40.21:023][  0]LogConfig: Applying CVar settings from Section [ConsoleVariables] File [D:/Good stuff/git/Studio1_Team3/MonsterComing/Saved/Config/Windows/Engine.ini]
[2019.12.03-23.40.21:023][  0]LogInit: Computer: SYD-R102-PC11
[2019.12.03-23.40.21:023][  0]LogInit: User: aradford
[2019.12.03-23.40.21:023][  0]LogInit: CPU Page size=4096, Cores=4
[2019.12.03-23.40.21:023][  0]LogInit: High frequency timer resolution =10.000000 MHz
[2019.12.03-23.40.21:024][  0]LogMemory: Memory total: Physical=31.9GB (32GB approx)
[2019.12.03-23.40.21:024][  0]LogMemory: Platform Memory Stats for Windows
[2019.12.03-23.40.21:024][  0]LogMemory: Process Physical Memory: 100.88 MB used, 100.89 MB peak
[2019.12.03-23.40.21:024][  0]LogMemory: Process Virtual Memory: 92.89 MB used, 92.89 MB peak
[2019.12.03-23.40.21:024][  0]LogMemory: Physical Memory: 8925.16 MB used,  23757.95 MB free, 32683.10 MB total
[2019.12.03-23.40.21:024][  0]LogMemory: Virtual Memory: 4662.02 MB used,  134213064.00 MB free, 134217728.00 MB total
[2019.12.03-23.40.21:055][  0]LogInit: Using OS detected language (en-US).
[2019.12.03-23.40.21:055][  0]LogInit: Using OS detected locale (en-AU).
[2019.12.03-23.40.21:057][  0]LogTextLocalizationManager: No specific localization for 'en-US' exists, so the 'en' localization will be used.
[2019.12.03-23.40.21:253][  0]LogInit: Setting process to per monitor DPI aware
[2019.12.03-23.40.21:288][  0]LogSlate: New Slate User Created.  User Index 0, Is Virtual User: 0
[2019.12.03-23.40.21:288][  0]LogSlate: Slate User Registered.  User Index 0, Is Virtual User: 0
[2019.12.03-23.40.21:531][  0]LogHMD: Failed to initialize OpenVR with code 110
[2019.12.03-23.40.21:531][  0]LogD3D11RHI: D3D11 adapters:
[2019.12.03-23.40.21:608][  0]LogD3D11RHI:    0. 'NVIDIA GeForce GTX 980' (Feature Level 11_0)
[2019.12.03-23.40.21:608][  0]LogD3D11RHI:       4053/0/16341 MB DedicatedVideo/DedicatedSystem/SharedSystem, Outputs:1, VendorId:0x10de
[2019.12.03-23.40.21:610][  0]LogD3D11RHI:    1. 'Microsoft Basic Render Driver' (Feature Level 11_0)
[2019.12.03-23.40.21:611][  0]LogD3D11RHI:       0/0/16341 MB DedicatedVideo/DedicatedSystem/SharedSystem, Outputs:0, VendorId:0x1414
[2019.12.03-23.40.21:611][  0]LogD3D11RHI: Chosen D3D11 Adapter: 0
[2019.12.03-23.40.21:618][  0]LogD3D11RHI: Creating new Direct3DDevice
[2019.12.03-23.40.21:618][  0]LogD3D11RHI:     GPU DeviceId: 0x13c0 (for the marketing name, search the web for "GPU Device Id")
[2019.12.03-23.40.21:618][  0]LogWindows: EnumDisplayDevices:
[2019.12.03-23.40.21:618][  0]LogWindows:    0. 'NVIDIA GeForce GTX 980' (P:1 D:1)
[2019.12.03-23.40.21:618][  0]LogWindows:    1. 'NVIDIA GeForce GTX 980' (P:0 D:0)
[2019.12.03-23.40.21:619][  0]LogWindows:    2. 'NVIDIA GeForce GTX 980' (P:0 D:0)
[2019.12.03-23.40.21:619][  0]LogWindows:    3. 'NVIDIA GeForce GTX 980' (P:0 D:0)
[2019.12.03-23.40.21:620][  0]LogWindows: DebugString: FoundDriverCount:4 
[2019.12.03-23.40.21:620][  0]LogD3D11RHI:     Adapter Name: NVIDIA GeForce GTX 980
[2019.12.03-23.40.21:620][  0]LogD3D11RHI:   Driver Version: 436.15 (internal:26.21.14.3615, unified:436.15)
[2019.12.03-23.40.21:620][  0]LogD3D11RHI:      Driver Date: 8-24-2019
[2019.12.03-23.40.21:620][  0]LogRHI: Texture pool is 2837 MB (70% of 4053 MB)
[2019.12.03-23.40.21:660][  0]LogD3D11RHI: Async texture creation enabled
[2019.12.03-23.40.21:663][  0]LogRendererCore: FGlobalReadBuffer::InitRHI
[2019.12.03-23.40.21:663][  0]LogRendererCore: FGlobalReadBuffer::InitRHI
[2019.12.03-23.40.21:663][  0]LogRendererCore: FGlobalReadBuffer::InitRHI
[2019.12.03-23.40.21:671][  0]LogD3D11RHI: GPU Timing Frequency: 1000.000000 (Debug: 2 1)
[2019.12.03-23.40.22:077][  0]LogTemp: Display: Module 'AllDesktopTargetPlatform' loaded TargetPlatform 'AllDesktop'
[2019.12.03-23.40.22:095][  0]LogTemp: Display: Module 'MacClientTargetPlatform' loaded TargetPlatform 'MacClient'
[2019.12.03-23.40.22:113][  0]LogTemp: Display: Module 'MacNoEditorTargetPlatform' loaded TargetPlatform 'MacNoEditor'
[2019.12.03-23.40.22:126][  0]LogTemp: Display: Module 'MacServerTargetPlatform' loaded TargetPlatform 'MacServer'
[2019.12.03-23.40.22:141][  0]LogTemp: Display: Module 'MacTargetPlatform' loaded TargetPlatform 'Mac'
[2019.12.03-23.40.22:163][  0]LogTemp: Display: Module 'WindowsClientTargetPlatform' loaded TargetPlatform 'WindowsClient'
[2019.12.03-23.40.22:180][  0]LogTemp: Display: Module 'WindowsNoEditorTargetPlatform' loaded TargetPlatform 'WindowsNoEditor'
[2019.12.03-23.40.22:197][  0]LogTemp: Display: Module 'WindowsServerTargetPlatform' loaded TargetPlatform 'WindowsServer'
[2019.12.03-23.40.22:207][  0]LogTemp: Display: Module 'WindowsTargetPlatform' loaded TargetPlatform 'Windows'
[2019.12.03-23.40.22:298][  0]LogTemp: Display: Module 'AndroidTargetPlatform' loaded TargetPlatform 'Android'
[2019.12.03-23.40.22:298][  0]LogTemp: Display: Module 'AndroidTargetPlatform' loaded TargetPlatform 'Android_ASTC'
[2019.12.03-23.40.22:298][  0]LogTemp: Display: Module 'AndroidTargetPlatform' loaded TargetPlatform 'Android_ATC'
[2019.12.03-23.40.22:298][  0]LogTemp: Display: Module 'AndroidTargetPlatform' loaded TargetPlatform 'Android_DXT'
[2019.12.03-23.40.22:298][  0]LogTemp: Display: Module 'AndroidTargetPlatform' loaded TargetPlatform 'Android_ETC1'
[2019.12.03-23.40.22:298][  0]LogTemp: Display: Module 'AndroidTargetPlatform' loaded TargetPlatform 'Android_ETC1a'
[2019.12.03-23.40.22:298][  0]LogTemp: Display: Module 'AndroidTargetPlatform' loaded TargetPlatform 'Android_ETC2'
[2019.12.03-23.40.22:298][  0]LogTemp: Display: Module 'AndroidTargetPlatform' loaded TargetPlatform 'Android_PVRTC'
[2019.12.03-23.40.22:298][  0]LogTemp: Display: Module 'AndroidTargetPlatform' loaded TargetPlatform 'AndroidClient'
[2019.12.03-23.40.22:298][  0]LogTemp: Display: Module 'AndroidTargetPlatform' loaded TargetPlatform 'Android_ASTCClient'
[2019.12.03-23.40.22:298][  0]LogTemp: Display: Module 'AndroidTargetPlatform' loaded TargetPlatform 'Android_ATCClient'
[2019.12.03-23.40.22:298][  0]LogTemp: Display: Module 'AndroidTargetPlatform' loaded TargetPlatform 'Android_DXTClient'
[2019.12.03-23.40.22:298][  0]LogTemp: Display: Module 'AndroidTargetPlatform' loaded TargetPlatform 'Android_ETC1Client'
[2019.12.03-23.40.22:298][  0]LogTemp: Display: Module 'AndroidTargetPlatform' loaded TargetPlatform 'Android_ETC1aClient'
[2019.12.03-23.40.22:298][  0]LogTemp: Display: Module 'AndroidTargetPlatform' loaded TargetPlatform 'Android_ETC2Client'
[2019.12.03-23.40.22:298][  0]LogTemp: Display: Module 'AndroidTargetPlatform' loaded TargetPlatform 'Android_PVRTCClient'
[2019.12.03-23.40.22:298][  0]LogTemp: Display: Module 'AndroidTargetPlatform' loaded TargetPlatform 'Android_Multi'
[2019.12.03-23.40.22:298][  0]LogTemp: Display: Module 'AndroidTargetPlatform' loaded TargetPlatform 'Android_MultiClient'
[2019.12.03-23.40.22:300][  0]LogTemp: Display: Module 'HTML5TargetPlatform' loaded TargetPlatform 'HTML5'
[2019.12.03-23.40.22:356][  0]LogTemp: Display: Module 'IOSTargetPlatform' loaded TargetPlatform 'IOSClient'
[2019.12.03-23.40.22:356][  0]LogTemp: Display: Module 'IOSTargetPlatform' loaded TargetPlatform 'IOS'
[2019.12.03-23.40.22:382][  0]LogTemp: Display: Module 'TVOSTargetPlatform' loaded TargetPlatform 'TVOSClient'
[2019.12.03-23.40.22:382][  0]LogTemp: Display: Module 'TVOSTargetPlatform' loaded TargetPlatform 'TVOS'
[2019.12.03-23.40.22:398][  0]LogTemp: Display: Module 'LinuxClientTargetPlatform' loaded TargetPlatform 'LinuxClient'
[2019.12.03-23.40.22:414][  0]LogTemp: Display: Module 'LinuxNoEditorTargetPlatform' loaded TargetPlatform 'LinuxNoEditor'
[2019.12.03-23.40.22:427][  0]LogTemp: Display: Module 'LinuxServerTargetPlatform' loaded TargetPlatform 'LinuxServer'
[2019.12.03-23.40.22:441][  0]LogTemp: Display: Module 'LinuxTargetPlatform' loaded TargetPlatform 'Linux'
[2019.12.03-23.40.22:485][  0]LogTemp: Display: Module 'LuminTargetPlatform' loaded TargetPlatform 'Lumin'
[2019.12.03-23.40.22:485][  0]LogTemp: Display: Module 'LuminTargetPlatform' loaded TargetPlatform 'LuminClient'
[2019.12.03-23.40.22:485][  0]LogTargetPlatformManager: Display: Building Assets For Windows
[2019.12.03-23.40.22:499][  0]LogAudioDebug: Display: Lib vorbis DLL was dynamically loaded.
[2019.12.03-23.40.22:568][  0]LogShaderCompilers: Guid format shader working directory is 3 characters bigger than the processId version (D:/Good stuff/git/Studio1_Team3/MonsterComing/Intermediate/Shaders/WorkingDirectory/16360/).
[2019.12.03-23.40.22:568][  0]LogShaderCompilers: Cleaned the shader compiler working directory 'C:/Users/aradford/AppData/Local/Temp/UnrealShaderWorkingDir/38BC6B1D4A807B2C190A49907A2D246A/'.
[2019.12.03-23.40.22:570][  0]LogXGEController: Cleaning working directory: C:/Users/aradford/AppData/Local/Temp/UnrealXGEWorkingDir/
[2019.12.03-23.40.22:645][  0]LogShaderCompilers: Display: Using XGE Shader Compiler (Interception Interface).
[2019.12.03-23.40.23:199][  0]LogDerivedDataCache: Display: Max Cache Size: 512 MB
[2019.12.03-23.40.23:248][  0]LogDerivedDataCache: Loaded boot cache 0.05s 71MB C:/Users/aradford/AppData/Local/UnrealEngine/4.22/DerivedDataCache/Boot.ddc.
[2019.12.03-23.40.23:248][  0]LogDerivedDataCache: Display: Loaded Boot cache: C:/Users/aradford/AppData/Local/UnrealEngine/4.22/DerivedDataCache/Boot.ddc
[2019.12.03-23.40.23:248][  0]LogDerivedDataCache: FDerivedDataBackendGraph:  Pak pak cache file D:/Good stuff/git/Studio1_Team3/MonsterComing/DerivedDataCache/DDC.ddp not found, will not use a pak cache.
[2019.12.03-23.40.23:248][  0]LogDerivedDataCache: Unable to find inner node Pak for hierarchical cache Hierarchy.
[2019.12.03-23.40.23:248][  0]LogDerivedDataCache: FDerivedDataBackendGraph:  CompressedPak pak cache file D:/Good stuff/git/Studio1_Team3/MonsterComing/DerivedDataCache/Compressed.ddp not found, will not use a pak cache.
[2019.12.03-23.40.23:248][  0]LogDerivedDataCache: Unable to find inner node CompressedPak for hierarchical cache Hierarchy.
[2019.12.03-23.40.23:261][  0]LogDerivedDataCache: Display: Pak cache opened for reading ../../../Engine/DerivedDataCache/Compressed.ddp.
[2019.12.03-23.40.23:262][  0]LogDerivedDataCache: FDerivedDataBackendGraph:  EnterprisePak pak cache file ../../../Enterprise/DerivedDataCache/Compressed.ddp not found, will not use a pak cache.
[2019.12.03-23.40.23:262][  0]LogDerivedDataCache: Unable to find inner node EnterprisePak for hierarchical cache Hierarchy.
[2019.12.03-23.40.23:274][  0]LogDerivedDataCache: Using Local data cache path C:/Users/aradford/AppData/Local/UnrealEngine/Common/DerivedDataCache: Writable
[2019.12.03-23.40.23:274][  0]LogDerivedDataCache: Shared data cache path not found in *engine.ini, will not use an Shared cache.
[2019.12.03-23.40.23:274][  0]LogDerivedDataCache: Unable to find inner node Shared for hierarchical cache Hierarchy.
[2019.12.03-23.40.23:296][  0]LogMaterial: Verifying Global Shaders for PCD3D_SM5
[2019.12.03-23.40.23:297][  0]LogSlate: Using FreeType 2.6.0
[2019.12.03-23.40.23:298][  0]LogSlate: SlateFontServices - WITH_FREETYPE: 1, WITH_HARFBUZZ: 1
[2019.12.03-23.40.23:387][  0]LogAssetRegistry: FAssetRegistry took 0.0332 seconds to start up
[2019.12.03-23.40.23:700][  0]LogInit: Selected Device Profile: [Windows]
[2019.12.03-23.40.23:832][  0]LogMeshReduction: Using QuadricMeshReduction for automatic static mesh reduction
[2019.12.03-23.40.23:832][  0]LogMeshReduction: Using SimplygonMeshReduction for automatic skeletal mesh reduction
[2019.12.03-23.40.23:832][  0]LogMeshReduction: Using ProxyLODMeshReduction for automatic mesh merging
[2019.12.03-23.40.23:832][  0]LogMeshReduction: No distributed automatic mesh merging module available
[2019.12.03-23.40.23:832][  0]LogMeshMerging: No distributed automatic mesh merging module available
[2019.12.03-23.40.23:843][  0]LogNetVersion: MonsterComing 1.0.0, NetCL: 5660361, EngineNetVer: 10, GameNetVer: 0 (Checksum: 1620694314)
[2019.12.03-23.40.24:245][  0]LogPackageLocalizationCache: Processed 10 localized package path(s) for 1 prioritized culture(s) in 0.041792 seconds
[2019.12.03-23.40.24:252][  0]LogUObjectArray: 42205 objects as part of root set at end of initial load.
[2019.12.03-23.40.24:252][  0]LogUObjectAllocator: 7325032 out of 0 bytes used by permanent object pool.
[2019.12.03-23.40.24:252][  0]LogUObjectArray: CloseDisregardForGC: 0/0 objects in disregard for GC pool
[2019.12.03-23.40.25:184][  0]LogTcpMessaging: Initializing TcpMessaging bridge
[2019.12.03-23.40.25:197][  0]LogUdpMessaging: Initializing bridge on interface 0.0.0.0:0 to multicast group 230.0.0.1:6666.
[2019.12.03-23.40.25:337][  0]SourceControl: Source control is disabled
[2019.12.03-23.40.25:337][  0]SourceControl: Source control is disabled
[2019.12.03-23.40.25:339][  0]SourceControl: Source control is disabled
[2019.12.03-23.40.25:340][  0]SourceControl: Source control is disabled
[2019.12.03-23.40.25:419][  0]LogAndroidPermission: UAndroidPermissionCallbackProxy::GetInstance
[2019.12.03-23.40.25:563][  0]LogOcInput: OculusInput pre-init called
[2019.12.03-23.40.26:314][  0]LogEngine: Initializing Engine...
[2019.12.03-23.40.26:314][  0]LogHMD: Failed to initialize OpenVR with code 110
[2019.12.03-23.40.26:315][  0]LogStats: UGameplayTagsManager::InitializeManager -  0.000 s
[2019.12.03-23.40.26:523][  0]LogInit: Initializing FReadOnlyCVARCache
[2019.12.03-23.40.26:539][  0]LogAIModule: Creating AISystem for world Untitled
[2019.12.03-23.40.26:590][  0]LogInit: XAudio2 using 'Speakers (Realtek High Definition Audio)' : 2 channels at 48 kHz using 32 bits per sample (channel mask 0x3)
[2019.12.03-23.40.26:631][  0]LogInit: FAudioDevice initialized.
[2019.12.03-23.40.26:631][  0]LogNetVersion: Set ProjectVersion to 1.0.0.0. Version Checksum will be recalculated on next use.
[2019.12.03-23.40.26:703][  0]LogDerivedDataCache: Saved boot cache 0.07s 71MB C:/Users/aradford/AppData/Local/UnrealEngine/4.22/DerivedDataCache/Boot.ddc.
[2019.12.03-23.40.26:715][  0]LogInit: Texture streaming: Enabled
[2019.12.03-23.40.26:737][  0]LogEngineSessionManager: EngineSessionManager initialized
[2019.12.03-23.40.26:738][  0]LogEngineSessionManager: EngineSessionManager sent abnormal shutdown report. Type=AbnormalShutdown, SessionId={54811FA7-48B5-E137-F0E9-C09906D7DD64}
[2019.12.03-23.40.26:761][  0]LogInit: Transaction tracking system initialized
[2019.12.03-23.40.26:792][  0]BlueprintLog: New page: Editor Load
[2019.12.03-23.40.26:888][  0]LocalizationService: Localization service is disabled
[2019.12.03-23.40.27:182][  0]LogCook: Display: Max memory allowance for cook 16384mb min free memory 0mb
[2019.12.03-23.40.27:183][  0]LogCook: Display: Mobile HDR setting 1
[2019.12.03-23.40.27:387][  0]LogFileCache: Scanning file cache for directory 'D:/Good stuff/git/Studio1_Team3/MonsterComing/Content/' took 0.07s
[2019.12.03-23.40.27:387][  0]SourceControl: Source control is disabled
[2019.12.03-23.40.27:388][  0]Cmd: MAP LOAD FILE="D:/Good stuff/git/Studio1_Team3/MonsterComing/Content/ThirdPersonBP/Maps/ThirdPersonExampleMap.umap" TEMPLATE=0 SHOWPROGRESS=1 FEATURELEVEL=3
[2019.12.03-23.40.27:388][  0]LogEditorServer: Warning: Can't find file 'D:/Good stuff/git/Studio1_Team3/MonsterComing/Content/ThirdPersonBP/Maps/ThirdPersonExampleMap.umap'
[2019.12.03-23.40.27:388][  0]Cmd: MAP CHECKDEP NOCLEARLOG
[2019.12.03-23.40.27:388][  0]MapCheck: Map check complete: 0 Error(s), 0 Warning(s), took 0.09ms to complete.
[2019.12.03-23.40.27:388][  0]LogFileHelpers: Loading map 'ThirdPersonExampleMap' took 0.000
[2019.12.03-23.40.27:499][  0]LogSlate: Updating window title bar state: overlay mode, drag disabled, window buttons hidden, title bar hidden
[2019.12.03-23.40.27:506][  0]LogSlate: Updating window title bar state: overlay mode, drag disabled, window buttons hidden, title bar hidden
[2019.12.03-23.40.27:513][  0]LogSlate: Updating window title bar state: overlay mode, drag disabled, window buttons hidden, title bar hidden
[2019.12.03-23.40.27:520][  0]LogSlate: Updating window title bar state: overlay mode, drag disabled, window buttons hidden, title bar hidden
[2019.12.03-23.40.27:528][  0]LogCollectionManager: Loaded 0 collections in 0.002370 seconds
[2019.12.03-23.40.27:545][  0]LogFileCache: Scanning file cache for directory 'D:/Good stuff/git/Studio1_Team3/MonsterComing/Saved/Collections/' took 0.01s
[2019.12.03-23.40.27:545][  0]LogFileCache: Scanning file cache for directory 'D:/Good stuff/git/Studio1_Team3/MonsterComing/Content/Developers/aradford/Collections/' took 0.00s
[2019.12.03-23.40.27:545][  0]LogFileCache: Scanning file cache for directory 'D:/Good stuff/git/Studio1_Team3/MonsterComing/Content/Collections/' took 0.00s
[2019.12.03-23.40.27:545][  0]LogCollectionManager: Rebuilt the GUID cache for 0 collections in 0.000000 seconds
[2019.12.03-23.40.27:554][  0]LogContentBrowser: Native class hierarchy populated in 0.0085 seconds. Added 2743 classes and 666 folders.
[2019.12.03-23.40.27:562][  0]LogContentBrowser: Native class hierarchy updated for 'WidgetCarousel' in 0.0004 seconds. Added 0 classes and 0 folders.
[2019.12.03-23.40.27:563][  0]LogPakFile: Registered encryption key '00000000000000000000000000000000': 0 pak files mounted, 0 remain pending
[2019.12.03-23.40.27:564][  0]LogPakFile: Registered encryption key '00000000000000000000000000000000': 0 pak files mounted, 0 remain pending
[2019.12.03-23.40.27:564][  0]LogPakFile: Registered encryption key '00000000000000000000000000000000': 0 pak files mounted, 0 remain pending
[2019.12.03-23.40.27:565][  0]LogPakFile: Registered encryption key '00000000000000000000000000000000': 0 pak files mounted, 0 remain pending
[2019.12.03-23.40.27:565][  0]LogPakFile: Registered encryption key '00000000000000000000000000000000': 0 pak files mounted, 0 remain pending
[2019.12.03-23.40.27:566][  0]LogPakFile: Registered encryption key '00000000000000000000000000000000': 0 pak files mounted, 0 remain pending
[2019.12.03-23.40.27:566][  0]LogPakFile: Registered encryption key '00000000000000000000000000000000': 0 pak files mounted, 0 remain pending
[2019.12.03-23.40.27:567][  0]LogPakFile: Registered encryption key '00000000000000000000000000000000': 0 pak files mounted, 0 remain pending
[2019.12.03-23.40.27:567][  0]LogPakFile: Registered encryption key '00000000000000000000000000000000': 0 pak files mounted, 0 remain pending
[2019.12.03-23.40.27:567][  0]LogPakFile: Registered encryption key '00000000000000000000000000000000': 0 pak files mounted, 0 remain pending
[2019.12.03-23.40.27:568][  0]LogPakFile: Registered encryption key '00000000000000000000000000000000': 0 pak files mounted, 0 remain pending
[2019.12.03-23.40.27:568][  0]LogPakFile: Registered encryption key '00000000000000000000000000000000': 0 pak files mounted, 0 remain pending
[2019.12.03-23.40.27:569][  0]LogPakFile: Registered encryption key '00000000000000000000000000000000': 0 pak files mounted, 0 remain pending
[2019.12.03-23.40.27:569][  0]LogPakFile: Registered encryption key '00000000000000000000000000000000': 0 pak files mounted, 0 remain pending
[2019.12.03-23.40.27:570][  0]LogPakFile: Registered encryption key '00000000000000000000000000000000': 0 pak files mounted, 0 remain pending
[2019.12.03-23.40.27:570][  0]LogPakFile: Registered encryption key '00000000000000000000000000000000': 0 pak files mounted, 0 remain pending
[2019.12.03-23.40.27:570][  0]LogPakFile: Registered encryption key '00000000000000000000000000000000': 0 pak files mounted, 0 remain pending
[2019.12.03-23.40.27:571][  0]LogPakFile: Registered encryption key '00000000000000000000000000000000': 0 pak files mounted, 0 remain pending
[2019.12.03-23.40.27:571][  0]LogPakFile: Registered encryption key '00000000000000000000000000000000': 0 pak files mounted, 0 remain pending
[2019.12.03-23.40.27:572][  0]LogPakFile: Registered encryption key '00000000000000000000000000000000': 0 pak files mounted, 0 remain pending
[2019.12.03-23.40.27:572][  0]LogPakFile: Registered encryption key '00000000000000000000000000000000': 0 pak files mounted, 0 remain pending
[2019.12.03-23.40.27:573][  0]LogPakFile: Registered encryption key '00000000000000000000000000000000': 0 pak files mounted, 0 remain pending
[2019.12.03-23.40.27:573][  0]LogPakFile: Registered encryption key '00000000000000000000000000000000': 0 pak files mounted, 0 remain pending
[2019.12.03-23.40.27:574][  0]LogPakFile: Registered encryption key '00000000000000000000000000000000': 0 pak files mounted, 0 remain pending
[2019.12.03-23.40.27:574][  0]LogPakFile: Registered encryption key '00000000000000000000000000000000': 0 pak files mounted, 0 remain pending
[2019.12.03-23.40.27:575][  0]LogPakFile: Registered encryption key '00000000000000000000000000000000': 0 pak files mounted, 0 remain pending
[2019.12.03-23.40.27:623][  0]LogContentBrowser: Native class hierarchy updated for 'AddContentDialog' in 0.0004 seconds. Added 0 classes and 0 folders.
[2019.12.03-23.40.27:629][  0]LogContentBrowser: Native class hierarchy updated for 'SceneOutliner' in 0.0004 seconds. Added 1 classes and 2 folders.
[2019.12.03-23.40.27:654][  0]LogSlate: Took 0.000178 seconds to synchronously load lazily loaded font '../../../Engine/Content/Slate/Fonts/Roboto-Regular.ttf' (155K)
[2019.12.03-23.40.27:656][  0]LogSlate: Took 0.000186 seconds to synchronously load lazily loaded font '../../../Engine/Content/Slate/Fonts/Roboto-Bold.ttf' (160K)
[2019.12.03-23.40.27:661][  0]LogSlate: Took 0.000189 seconds to synchronously load lazily loaded font '../../../Engine/Content/Editor/Slate/Fonts/FontAwesome.ttf' (139K)
[2019.12.03-23.40.27:723][  0]LogRenderer: Reallocating scene render targets to support 1436x808 Format 10 NumSamples 1 (Frame:1).
[2019.12.03-23.40.27:829][  0]LogContentBrowser: Native class hierarchy updated for 'HierarchicalLODOutliner' in 0.0005 seconds. Added 0 classes and 0 folders.
[2019.12.03-23.40.27:829][  0]LogLoad: (Engine Initialization) Total time: 10.03 seconds
[2019.12.03-23.40.27:829][  0]LogLoad: (Engine Initialization) Total Blueprint compile time: 0.00 seconds
[2019.12.03-23.40.27:913][  0]LogContentStreaming: Texture pool size now 1000 MB
[2019.12.03-23.40.27:951][  1]LogFileCache: Retrieving MD5 hashes for directory 'D:/Good stuff/git/Studio1_Team3/MonsterComing/Content/' took 0.08s
[2019.12.03-23.40.27:968][  1]LogAssetRegistry: Asset discovery search completed in 4.6035 seconds
[2019.12.03-23.40.27:970][  1]LogCollectionManager: Rebuilt the object cache for 0 collections in 0.000000 seconds (found 0 objects)
[2019.12.03-23.40.27:970][  1]LogCollectionManager: Fixed up redirectors for 0 collections in 0.000038 seconds (updated 0 objects)
[2019.12.03-23.40.31:799][459]LogSlate: FSceneViewport::OnFocusLost() reason 0
[2019.12.03-23.40.34:968][837]LogSlate: Took 0.000241 seconds to synchronously load lazily loaded font '../../../Engine/Content/Slate/Fonts/Roboto-Light.ttf' (167K)
[2019.12.03-23.40.36:011][837]LogMaterial: Display: Missing cached shader map for material M_Trail, compiling. 
[2019.12.03-23.40.36:076][837]LogMaterial: Display: Missing cached shader map for material Machine_5_Machine_5, compiling. 
[2019.12.03-23.40.36:077][837]LogMaterial: Warning: D:\Good stuff\git\Studio1_Team3\MonsterComing\Content\Assets\Machine_5_Machine_5.uasset: Failed to compile Material for platform PCD3D_SM5, Default Material will be used in game.
[2019.12.03-23.40.36:077][837]LogMaterial: 	(Node TextureSample) TextureSample> Sampler type is Color, should be Linear Color for /Game/Assets/Machine_5_Machine_5_MainTex.Machine_5_Machine_5_MainTex
[2019.12.03-23.40.36:136][837]LogMaterial: Display: Missing cached shader map for material M_Chair, compiling. 
[2019.12.03-23.40.36:248][837]LogMaterial: Display: Missing cached shader map for material M_Tech_Hex_Tile_Pulse, compiling. 
[2019.12.03-23.40.36:307][837]LogMaterial: Display: Missing cached shader map for material M_TableRound, compiling. 
[2019.12.03-23.40.36:613][837]LogAIModule: Creating AISystem for world Level02
[2019.12.03-23.40.36:618][837]LogMaterial: Warning: Material /Game/StarterContent/Materials/M_Basic_Wall.M_Basic_Wall needed to have new flag set bUsedWithSkeletalMesh !
[2019.12.03-23.40.36:627][837]LogMaterial: Display: Missing cached shader map for material M_Basic_Wall, compiling. 
[2019.12.03-23.40.36:662][837]MapCheck: Warning: M_Basic_Wall Material /Game/StarterContent/Materials/M_Basic_Wall.M_Basic_Wall was missing the usage flag bUsedWithSkeletalMesh. If the material asset is not re-saved, it may not render correctly when run outside the editor. Fix
[2019.12.03-23.40.36:672][837]LogMaterial: Warning: Material /Game/StarterContent/Props/Materials/M_Door.M_Door needed to have new flag set bUsedWithSkeletalMesh !
[2019.12.03-23.40.36:676][837]LogMaterial: Display: Missing cached shader map for material M_Door, compiling. 
[2019.12.03-23.40.36:714][837]MapCheck: Warning: M_Door Material /Game/StarterContent/Props/Materials/M_Door.M_Door was missing the usage flag bUsedWithSkeletalMesh. If the material asset is not re-saved, it may not render correctly when run outside the editor. Fix
[2019.12.03-23.40.36:751][837]LogAssetEditorManager: Opening Asset editor for World /Game/Assets/Maps/Level02.Level02
[2019.12.03-23.40.36:788][837]LogUObjectHash: Compacting FUObjectHashTables data took   2.87ms
[2019.12.03-23.40.36:790][837]Cmd: MAP LOAD FILE="D:/Good stuff/git/Studio1_Team3/MonsterComing/Content/Assets/Maps/Level02.umap" TEMPLATE=0 SHOWPROGRESS=1 FEATURELEVEL=3
[2019.12.03-23.40.36:790][837]LightingResults: New page: Lighting Build
[2019.12.03-23.40.36:794][837]LogContentBrowser: Native class hierarchy updated for 'StatsViewer' in 0.0006 seconds. Added 5 classes and 0 folders.
[2019.12.03-23.40.36:795][837]LoadErrors: New page: Loading map: Level02.umap
[2019.12.03-23.40.36:795][837]MapCheck: New page: Map Check
[2019.12.03-23.40.36:795][837]LightingResults: New page: Lighting Build
[2019.12.03-23.40.36:821][837]LogUObjectHash: Compacting FUObjectHashTables data took   1.60ms
[2019.12.03-23.40.36:866][837]LogEditorServer: Finished looking for orphan Actors (0.000 secs)
[2019.12.03-23.40.36:889][837]LogUObjectHash: Compacting FUObjectHashTables data took   1.53ms
[2019.12.03-23.40.36:912][837]Cmd: MAP CHECKDEP NOCLEARLOG
[2019.12.03-23.40.36:912][837]MapCheck: Map check complete: 0 Error(s), 0 Warning(s), took 0.089ms to complete.
[2019.12.03-23.40.36:912][837]LogFileHelpers: Loading map 'Level02' took 0.123
[2019.12.03-23.40.39:874][130]LogMaterial: Display: Missing cached shader map for material MM_MasterMaterial_01, compiling. 
[2019.12.03-23.40.39:950][130]LogMaterial: Display: Missing cached shader map for material MM_MasterMaterial_01, compiling. 
[2019.12.03-23.40.40:004][130]LogMaterial: Display: Missing cached shader map for material MM_MasterMaterial_01, compiling. 
[2019.12.03-23.40.40:061][130]LogMaterial: Display: Missing cached shader map for material MM_MasterMaterial_01, compiling. 
[2019.12.03-23.40.40:112][130]LogMaterial: Display: Missing cached shader map for material MM_MasterMaterial_01, compiling. 
[2019.12.03-23.40.40:165][130]LogMaterial: Display: Missing cached shader map for material MM_MasterMaterial_01, compiling. 
[2019.12.03-23.40.40:232][130]LogMaterial: Display: Missing cached shader map for material M_base, compiling. 
[2019.12.03-23.40.40:397][130]LogMaterial: Display: Missing cached shader map for material M_base, compiling. 
[2019.12.03-23.40.40:549][130]LogMaterial: Display: Missing cached shader map for material M_base, compiling. 
[2019.12.03-23.40.40:718][130]LogMaterial: Display: Missing cached shader map for material M_base, compiling. 
[2019.12.03-23.40.40:870][130]LogMaterial: Display: Missing cached shader map for material M_base, compiling. 
[2019.12.03-23.40.41:036][130]LogMaterial: Display: Missing cached shader map for material M_base, compiling. 
[2019.12.03-23.40.41:194][130]LogMaterial: Display: Missing cached shader map for material M_base, compiling. 
[2019.12.03-23.40.41:352][130]LogMaterial: Display: Missing cached shader map for material MM_MasterMaterial_01, compiling. 
[2019.12.03-23.40.41:407][130]LogMaterial: Display: Missing cached shader map for material MM_MasterMaterial_01, compiling. 
[2019.12.03-23.40.41:453][130]LogAIModule: Creating AISystem for world Level01
[2019.12.03-23.40.41:505][130]LogAssetEditorManager: Opening Asset editor for World /Game/Assets/Maps/Level01.Level01
[2019.12.03-23.40.41:534][130]LogUObjectHash: Compacting FUObjectHashTables data took   2.87ms
[2019.12.03-23.40.41:536][130]Cmd: MAP LOAD FILE="D:/Good stuff/git/Studio1_Team3/MonsterComing/Content/Assets/Maps/Level01.umap" TEMPLATE=0 SHOWPROGRESS=1 FEATURELEVEL=3
[2019.12.03-23.40.41:536][130]LightingResults: New page: Lighting Build
[2019.12.03-23.40.41:536][130]LoadErrors: New page: Loading map: Level01.umap
[2019.12.03-23.40.41:540][130]MapCheck: New page: Map Check
[2019.12.03-23.40.41:540][130]LightingResults: New page: Lighting Build
[2019.12.03-23.40.41:565][130]LogUObjectHash: Compacting FUObjectHashTables data took   2.00ms
[2019.12.03-23.40.41:629][130]LogEditorServer: Finished looking for orphan Actors (0.000 secs)
[2019.12.03-23.40.41:661][130]LogUObjectHash: Compacting FUObjectHashTables data took   1.62ms
[2019.12.03-23.40.41:688][130]Cmd: MAP CHECKDEP NOCLEARLOG
[2019.12.03-23.40.41:688][130]MapCheck: Map check complete: 0 Error(s), 0 Warning(s), took 0.104ms to complete.
[2019.12.03-23.40.41:688][130]LogFileHelpers: Loading map 'Level01' took 0.153
[2019.12.03-23.42.15:717][ 84]LogSlate: FSceneViewport::OnFocusLost() reason 2
[2019.12.03-23.43.23:543][197]LogSlate: FSceneViewport::OnFocusLost() reason 2
[2019.12.03-23.43.40:212][ 72]LogSlate: FSceneViewport::OnFocusLost() reason 2
[2019.12.03-23.43.42:925][397]MapCheck: New page: Map Check
[2019.12.03-23.43.42:934][397]LogSlate: FSceneViewport::OnFocusLost() reason 2
[2019.12.03-23.43.42:938][397]LightingResults: New page: Lighting Build - 4 Dec 2019 9:43:42 pm
[2019.12.03-23.43.42:989][397]LogSwarmInterface: [OpenConnection] Registering TCP channel ...
[2019.12.03-23.43.43:082][397]LogSwarmInterface: [OpenConnection] Connecting to agent ...
[2019.12.03-23.43.43:098][397]LogSwarmInterface: [TryOpenConnection] Testing the Agent
[2019.12.03-23.43.43:607][397]LogSwarmInterface: [TryOpenConnection] Opening Connection to Agent
[2019.12.03-23.43.43:607][397]LogSwarmInterface: [TryOpenConnection] Local Process ID is 16360
[2019.12.03-23.43.46:165][397]LogStaticLightingSystem: Running Lightmass w/ ImmediateImport mode ENABLED
[2019.12.03-23.43.46:165][397]LogStaticLightingSystem: Running Lightmass w/ ImmediateProcess mode ENABLED
[2019.12.03-23.43.46:165][397]LogStaticLightingSystem: Running Lightmass w/ Sorting mode ENABLED
[2019.12.03-23.43.46:165][397]LogStaticLightingSystem: Running Lightmass w/ Mapping paddings ENABLED
[2019.12.03-23.43.46:165][397]LogStaticLightingSystem: Running Lightmass w/ Mapping debug paddings DISABLED
[2019.12.03-23.43.46:352][397]LogEditorBuildUtils: Build time 0:03
[2019.12.03-23.43.46:388][398]LogMaterial: Display: Missing cached shader map for material FLightmassMaterialRenderer CubeMaterial, compiling. 
[2019.12.03-23.43.46:396][398]LogMaterial: Display: Missing cached shader map for material FLightmassMaterialRenderer CubeMaterial, compiling. 
[2019.12.03-23.43.46:430][399]LogMaterial: Display: Missing cached shader map for material FLightmassMaterialRenderer MTI_Tower, compiling. 
[2019.12.03-23.43.46:437][399]LogMaterial: Display: Missing cached shader map for material FLightmassMaterialRenderer MTI_Tower, compiling. 
[2019.12.03-23.43.46:480][401]LogMaterial: Display: Missing cached shader map for material FLightmassMaterialRenderer MI_WaterTank01, compiling. 
[2019.12.03-23.43.46:489][401]LogMaterial: Display: Missing cached shader map for material FLightmassMaterialRenderer MI_WaterTank01, compiling. 
[2019.12.03-23.43.46:499][401]LogMaterial: Display: Missing cached shader map for material FLightmassMaterialRenderer MI_WaterTank01, compiling. 
[2019.12.03-23.43.46:516][402]LogMaterial: Display: Missing cached shader map for material FLightmassMaterialRenderer MI_Barrel01_1, compiling. 
[2019.12.03-23.43.46:527][402]LogMaterial: Display: Missing cached shader map for material FLightmassMaterialRenderer MI_Barrel01_1, compiling. 
[2019.12.03-23.43.46:539][402]LogMaterial: Display: Missing cached shader map for material FLightmassMaterialRenderer MI_Barrel01_1, compiling. 
[2019.12.03-23.43.46:555][403]LogMaterial: Display: Missing cached shader map for material FLightmassMaterialRenderer MI_Tarp01_1, compiling. 
[2019.12.03-23.43.46:566][403]LogMaterial: Display: Missing cached shader map for material FLightmassMaterialRenderer MI_Tarp01_1, compiling. 
[2019.12.03-23.43.46:574][403]LogMaterial: Display: Missing cached shader map for material FLightmassMaterialRenderer MI_Tarp01_1, compiling. 
[2019.12.03-23.43.46:594][404]LogMaterial: Display: Missing cached shader map for material FLightmassMaterialRenderer MI_Box01_2, compiling. 
[2019.12.03-23.43.46:604][404]LogMaterial: Display: Missing cached shader map for material FLightmassMaterialRenderer MI_Box01_2, compiling. 
[2019.12.03-23.43.46:613][404]LogMaterial: Display: Missing cached shader map for material FLightmassMaterialRenderer MI_Box01_2, compiling. 
[2019.12.03-23.43.46:630][405]LogMaterial: Display: Missing cached shader map for material FLightmassMaterialRenderer MI_ConcretePipe_01a, compiling. 
[2019.12.03-23.43.46:639][405]LogMaterial: Display: Missing cached shader map for material FLightmassMaterialRenderer MI_ConcretePipe_01a, compiling. 
[2019.12.03-23.43.46:678][407]LogMaterial: Display: Missing cached shader map for material FLightmassMaterialRenderer MI_FreightContainer_01a, compiling. 
[2019.12.03-23.43.46:688][407]LogMaterial: Display: Missing cached shader map for material FLightmassMaterialRenderer MI_FreightContainer_01a, compiling. 
[2019.12.03-23.43.46:705][408]LogMaterial: Display: Missing cached shader map for material FLightmassMaterialRenderer MI_Lightgenerator_01b, compiling. 
[2019.12.03-23.43.46:713][408]LogMaterial: Display: Missing cached shader map for material FLightmassMaterialRenderer MI_Lightgenerator_01b, compiling. 
[2019.12.03-23.43.46:734][409]LogMaterial: Display: Missing cached shader map for material FLightmassMaterialRenderer MI_Portapotty_01a, compiling. 
[2019.12.03-23.43.46:744][409]LogMaterial: Display: Missing cached shader map for material FLightmassMaterialRenderer MI_Portapotty_01a, compiling. 
[2019.12.03-23.43.46:752][409]LogMaterial: Display: Missing cached shader map for material FLightmassMaterialRenderer MI_Portapotty_01a, compiling. 
[2019.12.03-23.43.46:773][410]LogMaterial: Display: Missing cached shader map for material FLightmassMaterialRenderer MI_Fence_01a, compiling. 
[2019.12.03-23.43.46:782][410]LogMaterial: Display: Missing cached shader map for material FLightmassMaterialRenderer MI_Fence_01a, compiling. 
[2019.12.03-23.43.46:791][410]LogMaterial: Display: Missing cached shader map for material FLightmassMaterialRenderer MI_Fence_01a, compiling. 
[2019.12.03-23.43.46:823][412]LogMaterial: Display: Missing cached shader map for material FLightmassMaterialRenderer MI_Dumpster_01a, compiling. 
[2019.12.03-23.43.46:832][412]LogMaterial: Display: Missing cached shader map for material FLightmassMaterialRenderer MI_Dumpster_01a, compiling. 
[2019.12.03-23.43.46:847][413]LogMaterial: Display: Missing cached shader map for material FLightmassMaterialRenderer MI_DebrisTile_01a, compiling. 
[2019.12.03-23.43.46:856][413]LogMaterial: Display: Missing cached shader map for material FLightmassMaterialRenderer MI_DebrisTile_01a, compiling. 
[2019.12.03-23.43.46:870][414]LogMaterial: Display: Missing cached shader map for material FLightmassMaterialRenderer MI_Roadblock_01a, compiling. 
[2019.12.03-23.43.46:879][414]LogMaterial: Display: Missing cached shader map for material FLightmassMaterialRenderer MI_Roadblock_01a, compiling. 
[2019.12.03-23.43.46:888][414]LogMaterial: Display: Missing cached shader map for material FLightmassMaterialRenderer MI_Roadblock_01a, compiling. 
[2019.12.03-23.43.46:936][417]LogMaterial: Display: Missing cached shader map for material FLightmassMaterialRenderer MI_Rack01_1, compiling. 
[2019.12.03-23.43.46:946][417]LogMaterial: Display: Missing cached shader map for material FLightmassMaterialRenderer MI_Rack01_1, compiling. 
[2019.12.03-23.43.46:954][417]LogMaterial: Display: Missing cached shader map for material FLightmassMaterialRenderer MI_Rack01_1, compiling. 
[2019.12.03-23.43.46:968][418]LogMaterial: Display: Missing cached shader map for material FLightmassMaterialRenderer MI_Cartonbox01_1, compiling. 
[2019.12.03-23.43.46:979][418]LogMaterial: Display: Missing cached shader map for material FLightmassMaterialRenderer MI_Cartonbox01_1, compiling. 
[2019.12.03-23.43.46:989][418]LogMaterial: Display: Missing cached shader map for material FLightmassMaterialRenderer MI_Cartonbox01_1, compiling. 
