Log file open, 12/04/19 10:32:48
LogWindows: Failed to load 'aqProf.dll' (GetLastError=126)
LogWindows: File 'aqProf.dll' does not exist
LogWindows: Failed to load 'VtuneApi.dll' (GetLastError=126)
LogWindows: File 'VtuneApi.dll' does not exist
LogWindows: Failed to load 'VtuneApi32e.dll' (GetLastError=126)
LogWindows: File 'VtuneApi32e.dll' does not exist
LogConsoleResponse: Display: Failed to find resolution value strings in scalability ini. Falling back to default.
LogInit: Display: Running engine for game: MonsterComing
LogPakFile: Registered encryption key '00000000000000000000000000000000': 0 pak files mounted, 0 remain pending
LogPlatformFile: Not using cached read wrapper
LogTaskGraph: Started task graph with 5 named threads and 23 total threads with 3 sets of task threads.
LogStats: Stats thread started at 0.300424
LogD3D11RHI: Loaded GFSDK_Aftermath_Lib.x64.dll
LogICUInternationalization: ICU TimeZone Detection - Raw Offset: +10:00, Platform Override: ''
LogPluginManager: Mounting plugin Paper2D
LogPluginManager: Mounting plugin AISupport
LogPluginManager: Mounting plugin LightPropagationVolume
LogPluginManager: Mounting plugin ActorLayerUtilities
LogPluginManager: Mounting plugin AnimationSharing
LogPluginManager: Mounting plugin CLionSourceCodeAccess
LogPluginManager: Mounting plugin CodeLiteSourceCodeAccess
LogPluginManager: Mounting plugin GitSourceControl
LogPluginManager: Mounting plugin KDevelopSourceCodeAccess
LogPluginManager: Mounting plugin NullSourceCodeAccess
LogPluginManager: Mounting plugin PerforceSourceControl
LogPluginManager: Mounting plugin SubversionSourceControl
LogPluginManager: Mounting plugin UObjectPlugin
LogPluginManager: Mounting plugin VisualStudioCodeSourceCodeAccess
LogPluginManager: Mounting plugin VisualStudioSourceCodeAccess
LogPluginManager: Mounting plugin XCodeSourceCodeAccess
LogPluginManager: Mounting plugin AssetManagerEditor
LogPluginManager: Mounting plugin CryptoKeys
LogPluginManager: Mounting plugin DataValidation
LogPluginManager: Mounting plugin FacialAnimation
LogPluginManager: Mounting plugin GameplayTagsEditor
LogPluginManager: Mounting plugin MacGraphicsSwitching
LogPluginManager: Mounting plugin MaterialAnalyzer
LogPluginManager: Mounting plugin MobileLauncherProfileWizard
LogPluginManager: Mounting plugin PluginBrowser
LogPluginManager: Mounting plugin SpeedTreeImporter
LogPluginManager: Mounting plugin DatasmithContent
LogPluginManager: Mounting plugin VariantManagerContent
LogPluginManager: Mounting plugin AlembicImporter
LogPluginManager: Mounting plugin AppleImageUtils
LogPluginManager: Mounting plugin AppleVision
LogPluginManager: Mounting plugin BackChannel
LogPluginManager: Mounting plugin CharacterAI
LogPluginManager: Mounting plugin GeometryCache
LogPluginManager: Mounting plugin HTML5Networking
LogPluginManager: Mounting plugin ProxyLODPlugin
LogPluginManager: Mounting plugin SkeletalReduction
LogPluginManager: Mounting plugin MagicLeap
LogPluginManager: Mounting plugin MagicLeapMedia
LogPluginManager: Mounting plugin AndroidMedia
LogPluginManager: Mounting plugin AvfMedia
LogPluginManager: Mounting plugin ImgMedia
LogPluginManager: Mounting plugin LinearTimecode
LogPluginManager: Mounting plugin MediaCompositing
LogPluginManager: Mounting plugin MediaPlayerEditor
LogPluginManager: Mounting plugin WebMMedia
LogPluginManager: Mounting plugin WmfMedia
LogPluginManager: Mounting plugin TcpMessaging
LogPluginManager: Mounting plugin UdpMessaging
LogPluginManager: Mounting plugin ActorSequence
LogPluginManager: Mounting plugin LevelSequenceEditor
LogPluginManager: Mounting plugin MatineeToLevelSequence
LogPluginManager: Mounting plugin NetcodeUnitTest
LogPluginManager: Mounting plugin NUTUnrealEngine4
LogPluginManager: Mounting plugin OnlineSubsystemGooglePlay
LogPluginManager: Mounting plugin OnlineSubsystemIOS
LogPluginManager: Mounting plugin OnlineSubsystem
LogPluginManager: Mounting plugin OnlineSubsystemNull
LogPluginManager: Mounting plugin OnlineSubsystemUtils
LogPluginManager: Mounting plugin LauncherChunkInstaller
LogPluginManager: Mounting plugin AndroidDeviceProfileSelector
LogPluginManager: Mounting plugin AndroidMoviePlayer
LogPluginManager: Mounting plugin AndroidPermission
LogPluginManager: Mounting plugin ApexDestruction
LogPluginManager: Mounting plugin AppleMoviePlayer
LogPluginManager: Mounting plugin ArchVisCharacter
LogPluginManager: Mounting plugin AudioCapture
LogPluginManager: Mounting plugin CableComponent
LogPluginManager: Mounting plugin CustomMeshComponent
LogPluginManager: Mounting plugin EditableMesh
LogPluginManager: Mounting plugin ExampleDeviceProfileSelector
LogPluginManager: Mounting plugin Firebase
LogPluginManager: Mounting plugin GoogleCloudMessaging
LogPluginManager: Mounting plugin IOSDeviceProfileSelector
LogPluginManager: Mounting plugin LinuxDeviceProfileSelector
LogPluginManager: Mounting plugin LocationServicesBPLibrary
LogPluginManager: Mounting plugin MobilePatchingUtils
LogPluginManager: Mounting plugin OculusVR
LogPluginManager: Mounting plugin PhysXVehicles
LogPluginManager: Mounting plugin ProceduralMeshComponent
LogPluginManager: Mounting plugin RuntimePhysXCooking
LogPluginManager: Mounting plugin SignificanceManager
LogPluginManager: Mounting plugin SteamVR
LogPluginManager: Mounting plugin WebMMoviePlayer
LogPluginManager: Mounting plugin WindowsMoviePlayer
LogInit: Warning: Incompatible or missing module: MonsterComing
Running C:/Program Files/Epic Games/UE_4.22/Engine/Binaries/DotNET/UnrealBuildTool.exe Development Win64 -Project="D:/Good stuff/git/Studio1_Team3/MonsterComing/MonsterComing.uproject" -TargetType=Editor -Progress -NoHotReloadFromIDE
Using 'git status' to determine working set for adaptive non-unity build (D:\Good stuff\git\Studio1_Team3).
Creating makefile for MonsterComingEditor (game project files are newer)
@progress push 5%
Parsing headers for MonsterComingEditor
  Running UnrealHeaderTool "D:\Good stuff\git\Studio1_Team3\MonsterComing\MonsterComing.uproject" "D:\Good stuff\git\Studio1_Team3\MonsterComing\Intermediate\Build\Win64\MonsterComingEditor\Development\MonsterComingEditor.uhtmanifest" -LogCmds="loginit warning, logexit warning, logdatabase error" -Unattended -WarningsAsErrors -installed
Reflection code generated for MonsterComingEditor in 6.4752546 seconds
@progress pop
Using Visual Studio 2017 14.16.27023 toolchain (C:\Program Files (x86)\Microsoft Visual Studio\2017\Community\VC\Tools\MSVC\14.16.27023) and Windows 10.0.18362.0 SDK (C:\Program Files (x86)\Windows Kits\10).
Distributing 11 actions to XGE
--------------------Build System Warning---------------------------------------
License is invalid:
    License information is invalid. Please try reloading your license file using the Coordinator Monitor application on the Coordinator machine, or reinstall IncrediBuild.
    This build will run in standalone mode.

-------------------------------------------------------------------------------
--------------------Project: Default-------------------------------------------
SharedPCH.Engine.cpp
Barrier.cpp
HealingStation.cpp
MonsterComing.cpp
Barrier.gen.cpp
HealingStation.gen.cpp
MonsterComing.init.gen.cpp
Default.rc2 (0:00.28 at +0:23)
UE4Editor-MonsterComing.dll (0:00.95 at +0:23)
   Creating library D:\Good stuff\git\Studio1_Team3\MonsterComing\Intermediate\Build\Win64\UE4Editor\Development\MonsterComing\UE4Editor-MonsterComing.suppressed.lib and object D:\Good stuff\git\Studio1_Team3\MonsterComing\Intermediate\Build\Win64\UE4Editor\Development\MonsterComing\UE4Editor-MonsterComing.suppressed.exp
UE4Editor-MonsterComing.lib (0:00.20 at +0:24)
   Creating library D:\Good stuff\git\Studio1_Team3\MonsterComing\Intermediate\Build\Win64\UE4Editor\Development\MonsterComing\UE4Editor-MonsterComing.lib and object D:\Good stuff\git\Studio1_Team3\MonsterComing\Intermediate\Build\Win64\UE4Editor\Development\MonsterComing\UE4Editor-MonsterComing.exp
MonsterComingEditor.target (0:00.21 at +0:24)
---------------------- Done ----------------------

    Rebuild All: 1 succeeded, 0 failed, 0 skipped

1 build system warning(s):
   - License is invalid

Total time in XGE executor: 24.98 seconds
Total execution time: 33.63 seconds
LogInit: Using libcurl 7.55.1-DEV
LogInit:  - built for x86_64-pc-win32
LogInit:  - supports SSL with OpenSSL/1.1.1
LogInit:  - supports HTTP deflate (compression) using libz 1.2.8
LogInit:  - other features:
LogInit:      CURL_VERSION_SSL
LogInit:      CURL_VERSION_LIBZ
LogInit:      CURL_VERSION_IPV6
LogInit:      CURL_VERSION_ASYNCHDNS
LogInit:      CURL_VERSION_LARGEFILE
LogInit:      CURL_VERSION_IDN
LogInit:  CurlRequestOptions (configurable via config and command line):
LogInit:  - bVerifyPeer = true  - Libcurl will verify peer certificate
LogInit:  - bUseHttpProxy = false  - Libcurl will NOT use HTTP proxy
LogInit:  - bDontReuseConnections = false  - Libcurl will reuse connections
LogInit:  - MaxHostConnections = 16  - Libcurl will limit the number of connections to a host
LogInit:  - LocalHostAddr = Default
LogInit:  - BufferSize = 65536
LogInit: WinSock: version 1.1 (2.2), MaxSocks=32767, MaxUdp=65467
LogHMD: Failed initializing OVRPlugin 1.32.0
LogInit: Build: ++UE4+Release-4.22-CL-7053642
LogInit: Engine Version: 4.22.3-7053642+++UE4+Release-4.22
LogInit: Compatible Engine Version: 4.22.0-5660361+++UE4+Release-4.22
LogInit: Net CL: 5660361
LogInit: OS: Windows 10 (Release 1903) (), CPU: Intel(R) Core(TM) i7-6700 CPU @ 3.40GHz, GPU: NVIDIA GeForce GTX 980
LogInit: Compiled (64-bit): Jun 18 2019 03:09:11
LogInit: Compiled with Visual C++: 19.16.27025.01
LogInit: Build Configuration: Development
LogInit: Branch Name: ++UE4+Release-4.22
LogInit: Command Line: 
LogInit: Base Directory: C:/Program Files/Epic Games/UE_4.22/Engine/Binaries/Win64/
LogInit: Installed Engine Build: 1
LogDevObjectVersion: Number of dev versions registered: 23
LogDevObjectVersion:   Dev-Blueprints (B0D832E4-1F89-4F0D-ACCF-7EB736FD4AA2): 10
LogDevObjectVersion:   Dev-Build (E1C64328-A22C-4D53-A36C-8E866417BD8C): 0
LogDevObjectVersion:   Dev-Core (375EC13C-06E4-48FB-B500-84F0262A717E): 3
LogDevObjectVersion:   Dev-Editor (E4B068ED-F494-42E9-A231-DA0B2E46BB41): 30
LogDevObjectVersion:   Dev-Framework (CFFC743F-43B0-4480-9391-14DF171D2073): 35
LogDevObjectVersion:   Dev-Mobile (B02B49B5-BB20-44E9-A304-32B752E40360): 2
LogDevObjectVersion:   Dev-Networking (A4E4105C-59A1-49B5-A7C5-40C4547EDFEE): 0
LogDevObjectVersion:   Dev-Online (39C831C9-5AE6-47DC-9A44-9C173E1C8E7C): 0
LogDevObjectVersion:   Dev-Physics (78F01B33-EBEA-4F98-B9B4-84EACCB95AA2): 0
LogDevObjectVersion:   Dev-Platform (6631380F-2D4D-43E0-8009-CF276956A95A): 0
LogDevObjectVersion:   Dev-Rendering (12F88B9F-8875-4AFC-A67C-D90C383ABD29): 28
LogDevObjectVersion:   Dev-Sequencer (7B5AE74C-D270-4C10-A958-57980B212A5A): 11
LogDevObjectVersion:   Dev-VR (D7296918-1DD6-4BDD-9DE2-64A83CC13884): 2
LogDevObjectVersion:   Dev-LoadTimes (C2A15278-BFE7-4AFE-6C17-90FF531DF755): 1
LogDevObjectVersion:   Private-Geometry (6EACA3D4-40EC-4CC1-B786-8BED09428FC5): 3
LogDevObjectVersion:   Dev-AnimPhys (29E575DD-E0A3-4627-9D10-D276232CDCEA): 17
LogDevObjectVersion:   Dev-Anim (AF43A65D-7FD3-4947-9873-3E8ED9C1BB05): 2
LogDevObjectVersion:   Dev-ReflectionCapture (6B266CEC-1EC7-4B8F-A30B-E4D90942FC07): 1
LogDevObjectVersion:   Dev-Automation (0DF73D61-A23F-47EA-B727-89E90C41499A): 1
LogDevObjectVersion:   FortniteMain (601D1886-AC64-4F84-AA16-D3DE0DEAC7D6): 25
LogDevObjectVersion:   Dev-Enterprise (9DFFBCD6-494F-0158-E221-12823C92A888): 6
LogDevObjectVersion:   Dev-Niagara (F2AED0AC-9AFE-416F-8664-AA7FFA26D6FC): 1
LogDevObjectVersion:   Dev-Destruction (174F1F0B-B4C6-45A5-B13F-2EE8D0FB917D): 2
LogInit: Presizing for max 16777216 objects, including 0 objects not considered by GC, pre-allocating 0 bytes for permanent pool.
LogInit: Object subsystem initialized
LogConfig: Setting CVar [[con.DebugEarlyDefault:1]]
LogConfig: Setting CVar [[r.setres:1280x720]]
[2019.12.03-23.33.25:808][  0]LogConfig: Setting CVar [[r.VSync:0]]
[2019.12.03-23.33.25:808][  0]LogConfig: Setting CVar [[r.RHICmdBypass:0]]
[2019.12.03-23.33.25:808][  0]LogConfig: Applying CVar settings from Section [/Script/Engine.RendererSettings] File [D:/Good stuff/git/Studio1_Team3/MonsterComing/Saved/Config/Windows/Engine.ini]
[2019.12.03-23.33.25:808][  0]LogConfig: Setting CVar [[r.GPUCrashDebugging:0]]
[2019.12.03-23.33.25:808][  0]LogConfig: Applying CVar settings from Section [/Script/Engine.RendererOverrideSettings] File [D:/Good stuff/git/Studio1_Team3/MonsterComing/Saved/Config/Windows/Engine.ini]
[2019.12.03-23.33.25:808][  0]LogConfig: Applying CVar settings from Section [/Script/Engine.StreamingSettings] File [D:/Good stuff/git/Studio1_Team3/MonsterComing/Saved/Config/Windows/Engine.ini]
[2019.12.03-23.33.25:808][  0]LogConfig: Setting CVar [[s.MinBulkDataSizeForAsyncLoading:131072]]
[2019.12.03-23.33.25:808][  0]LogConfig: Setting CVar [[s.AsyncLoadingThreadEnabled:0]]
[2019.12.03-23.33.25:808][  0]LogConfig: Setting CVar [[s.EventDrivenLoaderEnabled:1]]
[2019.12.03-23.33.25:808][  0]LogConfig: Setting CVar [[s.WarnIfTimeLimitExceeded:0]]
[2019.12.03-23.33.25:808][  0]LogConfig: Setting CVar [[s.TimeLimitExceededMultiplier:1.5]]
[2019.12.03-23.33.25:808][  0]LogConfig: Setting CVar [[s.TimeLimitExceededMinTime:0.005]]
[2019.12.03-23.33.25:808][  0]LogConfig: Setting CVar [[s.UseBackgroundLevelStreaming:1]]
[2019.12.03-23.33.25:808][  0]LogConfig: Setting CVar [[s.PriorityAsyncLoadingExtraTime:15.0]]
[2019.12.03-23.33.25:808][  0]LogConfig: Setting CVar [[s.LevelStreamingActorsUpdateTimeLimit:5.0]]
[2019.12.03-23.33.25:808][  0]LogConfig: Setting CVar [[s.PriorityLevelStreamingActorsUpdateExtraTime:5.0]]
[2019.12.03-23.33.25:808][  0]LogConfig: Setting CVar [[s.LevelStreamingComponentsRegistrationGranularity:10]]
[2019.12.03-23.33.25:809][  0]LogConfig: Setting CVar [[s.UnregisterComponentsTimeLimit:1.0]]
[2019.12.03-23.33.25:809][  0]LogConfig: Setting CVar [[s.LevelStreamingComponentsUnregistrationGranularity:5]]
[2019.12.03-23.33.25:809][  0]LogConfig: Applying CVar settings from Section [/Script/Engine.GarbageCollectionSettings] File [D:/Good stuff/git/Studio1_Team3/MonsterComing/Saved/Config/Windows/Engine.ini]
[2019.12.03-23.33.25:809][  0]LogConfig: Setting CVar [[gc.MaxObjectsNotConsideredByGC:1]]
[2019.12.03-23.33.25:809][  0]LogConfig: Setting CVar [[gc.SizeOfPermanentObjectPool:0]]
[2019.12.03-23.33.25:809][  0]LogConfig: Setting CVar [[gc.FlushStreamingOnGC:0]]
[2019.12.03-23.33.25:809][  0]LogConfig: Setting CVar [[gc.NumRetriesBeforeForcingGC:10]]
[2019.12.03-23.33.25:809][  0]LogConfig: Setting CVar [[gc.AllowParallelGC:1]]
[2019.12.03-23.33.25:809][  0]LogConfig: Setting CVar [[gc.TimeBetweenPurgingPendingKillObjects:61.1]]
[2019.12.03-23.33.25:809][  0]LogConfig: Setting CVar [[gc.MaxObjectsInEditor:16777216]]
[2019.12.03-23.33.25:809][  0]LogConfig: Setting CVar [[gc.IncrementalBeginDestroyEnabled:1]]
[2019.12.03-23.33.25:809][  0]LogConfig: Setting CVar [[gc.CreateGCClusters:1]]
[2019.12.03-23.33.25:809][  0]LogConfig: Setting CVar [[gc.MinGCClusterSize:5]]
[2019.12.03-23.33.25:809][  0]LogConfig: Setting CVar [[gc.ActorClusteringEnabled:0]]
[2019.12.03-23.33.25:809][  0]LogConfig: Setting CVar [[gc.BlueprintClusteringEnabled:0]]
[2019.12.03-23.33.25:809][  0]LogConfig: Setting CVar [[gc.UseDisregardForGCOnDedicatedServers:0]]
[2019.12.03-23.33.25:809][  0]LogConfig: Applying CVar settings from Section [/Script/Engine.NetworkSettings] File [D:/Good stuff/git/Studio1_Team3/MonsterComing/Saved/Config/Windows/Engine.ini]
[2019.12.03-23.33.25:809][  0]LogConfig: Applying CVar settings from Section [/Script/UnrealEd.CookerSettings] File [D:/Good stuff/git/Studio1_Team3/MonsterComing/Saved/Config/Windows/Engine.ini]
[2019.12.03-23.33.25:816][  0]LogConfig: Applying CVar settings from Section [ViewDistanceQuality@3] File [D:/Good stuff/git/Studio1_Team3/MonsterComing/Saved/Config/Windows/Scalability.ini]
[2019.12.03-23.33.25:816][  0]LogConfig: Setting CVar [[r.SkeletalMeshLODBias:0]]
[2019.12.03-23.33.25:816][  0]LogConfig: Setting CVar [[r.ViewDistanceScale:1.0]]
[2019.12.03-23.33.25:816][  0]LogConfig: Applying CVar settings from Section [AntiAliasingQuality@3] File [D:/Good stuff/git/Studio1_Team3/MonsterComing/Saved/Config/Windows/Scalability.ini]
[2019.12.03-23.33.25:816][  0]LogConfig: Setting CVar [[r.PostProcessAAQuality:4]]
[2019.12.03-23.33.25:816][  0]LogConfig: Applying CVar settings from Section [ShadowQuality@3] File [D:/Good stuff/git/Studio1_Team3/MonsterComing/Saved/Config/Windows/Scalability.ini]
[2019.12.03-23.33.25:817][  0]LogConfig: Setting CVar [[r.LightFunctionQuality:1]]
[2019.12.03-23.33.25:817][  0]LogConfig: Setting CVar [[r.ShadowQuality:5]]
[2019.12.03-23.33.25:817][  0]LogConfig: Setting CVar [[r.Shadow.CSM.MaxCascades:10]]
[2019.12.03-23.33.25:817][  0]LogConfig: Setting CVar [[r.Shadow.MaxResolution:2048]]
[2019.12.03-23.33.25:817][  0]LogConfig: Setting CVar [[r.Shadow.MaxCSMResolution:2048]]
[2019.12.03-23.33.25:817][  0]LogConfig: Setting CVar [[r.Shadow.RadiusThreshold:0.01]]
[2019.12.03-23.33.25:817][  0]LogConfig: Setting CVar [[r.Shadow.DistanceScale:1.0]]
[2019.12.03-23.33.25:817][  0]LogConfig: Setting CVar [[r.Shadow.CSM.TransitionScale:1.0]]
[2019.12.03-23.33.25:817][  0]LogConfig: Setting CVar [[r.Shadow.PreShadowResolutionFactor:1.0]]
[2019.12.03-23.33.25:817][  0]LogConfig: Setting CVar [[r.DistanceFieldShadowing:1]]
[2019.12.03-23.33.25:817][  0]LogConfig: Setting CVar [[r.DistanceFieldAO:1]]
[2019.12.03-23.33.25:817][  0]LogConfig: Setting CVar [[r.AOQuality:2]]
[2019.12.03-23.33.25:817][  0]LogConfig: Setting CVar [[r.VolumetricFog:1]]
[2019.12.03-23.33.25:817][  0]LogConfig: Setting CVar [[r.VolumetricFog.GridPixelSize:8]]
[2019.12.03-23.33.25:817][  0]LogConfig: Setting CVar [[r.VolumetricFog.GridSizeZ:128]]
[2019.12.03-23.33.25:817][  0]LogConfig: Setting CVar [[r.VolumetricFog.HistoryMissSupersampleCount:4]]
[2019.12.03-23.33.25:817][  0]LogConfig: Setting CVar [[r.LightMaxDrawDistanceScale:1]]
[2019.12.03-23.33.25:817][  0]LogConfig: Setting CVar [[r.CapsuleShadows:1]]
[2019.12.03-23.33.25:817][  0]LogConfig: Applying CVar settings from Section [PostProcessQuality@3] File [D:/Good stuff/git/Studio1_Team3/MonsterComing/Saved/Config/Windows/Scalability.ini]
[2019.12.03-23.33.25:817][  0]LogConfig: Setting CVar [[r.MotionBlurQuality:4]]
[2019.12.03-23.33.25:817][  0]LogConfig: Setting CVar [[r.AmbientOcclusionMipLevelFactor:0.4]]
[2019.12.03-23.33.25:817][  0]LogConfig: Setting CVar [[r.AmbientOcclusionMaxQuality:100]]
[2019.12.03-23.33.25:818][  0]LogConfig: Setting CVar [[r.AmbientOcclusionLevels:-1]]
[2019.12.03-23.33.25:818][  0]LogConfig: Setting CVar [[r.AmbientOcclusionRadiusScale:1.0]]
[2019.12.03-23.33.25:818][  0]LogConfig: Setting CVar [[r.DepthOfFieldQuality:2]]
[2019.12.03-23.33.25:818][  0]LogConfig: Setting CVar [[r.RenderTargetPoolMin:400]]
[2019.12.03-23.33.25:818][  0]LogConfig: Setting CVar [[r.LensFlareQuality:2]]
[2019.12.03-23.33.25:818][  0]LogConfig: Setting CVar [[r.SceneColorFringeQuality:1]]
[2019.12.03-23.33.25:818][  0]LogConfig: Setting CVar [[r.EyeAdaptationQuality:2]]
[2019.12.03-23.33.25:818][  0]LogConfig: Setting CVar [[r.BloomQuality:5]]
[2019.12.03-23.33.25:818][  0]LogConfig: Setting CVar [[r.FastBlurThreshold:100]]
[2019.12.03-23.33.25:818][  0]LogConfig: Setting CVar [[r.Upscale.Quality:3]]
[2019.12.03-23.33.25:818][  0]LogConfig: Setting CVar [[r.Tonemapper.GrainQuantization:1]]
[2019.12.03-23.33.25:818][  0]LogConfig: Setting CVar [[r.LightShaftQuality:1]]
[2019.12.03-23.33.25:818][  0]LogConfig: Setting CVar [[r.Filter.SizeScale:1]]
[2019.12.03-23.33.25:818][  0]LogConfig: Setting CVar [[r.Tonemapper.Quality:5]]
[2019.12.03-23.33.25:818][  0]LogConfig: Setting CVar [[r.DOF.Gather.AccumulatorQuality:1        ; higher gathering accumulator quality]]
[2019.12.03-23.33.25:818][  0]LogConfig: Setting CVar [[r.DOF.Gather.PostfilterMethod:1          ; Median3x3 postfilering method]]
[2019.12.03-23.33.25:818][  0]LogConfig: Setting CVar [[r.DOF.Gather.EnableBokehSettings:0       ; no bokeh simulation when gathering]]
[2019.12.03-23.33.25:818][  0]LogConfig: Setting CVar [[r.DOF.Gather.RingCount:4                 ; medium number of samples when gathering]]
[2019.12.03-23.33.25:818][  0]LogConfig: Setting CVar [[r.DOF.Scatter.ForegroundCompositing:1    ; additive foreground scattering]]
[2019.12.03-23.33.25:818][  0]LogConfig: Setting CVar [[r.DOF.Scatter.BackgroundCompositing:2    ; additive background scattering]]
[2019.12.03-23.33.25:818][  0]LogConfig: Setting CVar [[r.DOF.Scatter.EnableBokehSettings:1      ; bokeh simulation when scattering]]
[2019.12.03-23.33.25:818][  0]LogConfig: Setting CVar [[r.DOF.Scatter.MaxSpriteRatio:0.1         ; only a maximum of 10% of scattered bokeh]]
[2019.12.03-23.33.25:818][  0]LogConfig: Setting CVar [[r.DOF.Recombine.Quality:1                ; cheap slight out of focus]]
[2019.12.03-23.33.25:818][  0]LogConfig: Setting CVar [[r.DOF.Recombine.EnableBokehSettings:0    ; no bokeh simulation on slight out of focus]]
[2019.12.03-23.33.25:818][  0]LogConfig: Setting CVar [[r.DOF.TemporalAAQuality:1                ; more stable temporal accumulation]]
[2019.12.03-23.33.25:818][  0]LogConfig: Setting CVar [[r.DOF.Kernel.MaxForegroundRadius:0.025]]
[2019.12.03-23.33.25:819][  0]LogConfig: Setting CVar [[r.DOF.Kernel.MaxBackgroundRadius:0.025]]
[2019.12.03-23.33.25:819][  0]LogConfig: Applying CVar settings from Section [TextureQuality@3] File [D:/Good stuff/git/Studio1_Team3/MonsterComing/Saved/Config/Windows/Scalability.ini]
[2019.12.03-23.33.25:819][  0]LogConfig: Setting CVar [[r.Streaming.MipBias:0]]
[2019.12.03-23.33.25:819][  0]LogConfig: Setting CVar [[r.Streaming.AmortizeCPUToGPUCopy:0]]
[2019.12.03-23.33.25:819][  0]LogConfig: Setting CVar [[r.Streaming.MaxNumTexturesToStreamPerFrame:0]]
[2019.12.03-23.33.25:819][  0]LogConfig: Setting CVar [[r.Streaming.Boost:1]]
[2019.12.03-23.33.25:819][  0]LogConfig: Setting CVar [[r.MaxAnisotropy:8]]
[2019.12.03-23.33.25:819][  0]LogConfig: Setting CVar [[r.Streaming.LimitPoolSizeToVRAM:0]]
[2019.12.03-23.33.25:819][  0]LogConfig: Setting CVar [[r.Streaming.PoolSize:1000]]
[2019.12.03-23.33.25:819][  0]LogConfig: Setting CVar [[r.Streaming.MaxEffectiveScreenSize:0]]
[2019.12.03-23.33.25:819][  0]LogConfig: Applying CVar settings from Section [EffectsQuality@3] File [D:/Good stuff/git/Studio1_Team3/MonsterComing/Saved/Config/Windows/Scalability.ini]
[2019.12.03-23.33.25:819][  0]LogConfig: Setting CVar [[r.TranslucencyLightingVolumeDim:64]]
[2019.12.03-23.33.25:819][  0]LogConfig: Setting CVar [[r.RefractionQuality:2]]
[2019.12.03-23.33.25:819][  0]LogConfig: Setting CVar [[r.SSR.Quality:3]]
[2019.12.03-23.33.25:819][  0]LogConfig: Setting CVar [[r.SceneColorFormat:4]]
[2019.12.03-23.33.25:819][  0]LogConfig: Setting CVar [[r.DetailMode:2]]
[2019.12.03-23.33.25:819][  0]LogConfig: Setting CVar [[r.TranslucencyVolumeBlur:1]]
[2019.12.03-23.33.25:819][  0]LogConfig: Setting CVar [[r.MaterialQualityLevel:1 ; High quality]]
[2019.12.03-23.33.25:819][  0]LogConfig: Setting CVar [[r.SSS.Scale:1]]
[2019.12.03-23.33.25:819][  0]LogConfig: Setting CVar [[r.SSS.SampleSet:2]]
[2019.12.03-23.33.25:819][  0]LogConfig: Setting CVar [[r.SSS.Quality:1]]
[2019.12.03-23.33.25:819][  0]LogConfig: Setting CVar [[r.SSS.HalfRes:1]]
[2019.12.03-23.33.25:819][  0]LogConfig: Setting CVar [[r.EmitterSpawnRateScale:1.0]]
[2019.12.03-23.33.25:819][  0]LogConfig: Setting CVar [[r.ParticleLightQuality:2]]
[2019.12.03-23.33.25:820][  0]LogConfig: Applying CVar settings from Section [FoliageQuality@3] File [D:/Good stuff/git/Studio1_Team3/MonsterComing/Saved/Config/Windows/Scalability.ini]
[2019.12.03-23.33.25:820][  0]LogConfig: Setting CVar [[foliage.DensityScale:1.0]]
[2019.12.03-23.33.25:820][  0]LogConfig: Setting CVar [[grass.DensityScale:1.0]]
[2019.12.03-23.33.25:820][  0]LogInit: Selected Device Profile: [Windows]
[2019.12.03-23.33.25:820][  0]LogInit: Applying CVar settings loaded from the selected device profile: [Windows]
[2019.12.03-23.33.25:841][  0]LogHAL: Display: Platform has ~ 32 GB [34270715904 / 34359738368 / 32], which maps to Largest [LargestMinGB=32, LargerMinGB=12, DefaultMinGB=8, SmallerMinGB=6, SmallestMinGB=0)
[2019.12.03-23.33.25:841][  0]LogConfig: Setting CVar [[r.Vulkan.UseRealUBs:0		; Required until we fix HLR fall-out]]
[2019.12.03-23.33.25:841][  0]LogInit: Going up to parent DeviceProfile []
[2019.12.03-23.33.25:841][  0]LogConfig: Applying CVar settings from Section [ViewDistanceQuality@3] File [D:/Good stuff/git/Studio1_Team3/MonsterComing/Saved/Config/Windows/Scalability.ini]
[2019.12.03-23.33.25:841][  0]LogConfig: Setting CVar [[r.SkeletalMeshLODBias:0]]
[2019.12.03-23.33.25:841][  0]LogConfig: Setting CVar [[r.ViewDistanceScale:1.0]]
[2019.12.03-23.33.25:841][  0]LogConfig: Applying CVar settings from Section [AntiAliasingQuality@3] File [D:/Good stuff/git/Studio1_Team3/MonsterComing/Saved/Config/Windows/Scalability.ini]
[2019.12.03-23.33.25:841][  0]LogConfig: Setting CVar [[r.PostProcessAAQuality:4]]
[2019.12.03-23.33.25:841][  0]LogConfig: Applying CVar settings from Section [ShadowQuality@3] File [D:/Good stuff/git/Studio1_Team3/MonsterComing/Saved/Config/Windows/Scalability.ini]
[2019.12.03-23.33.25:841][  0]LogConfig: Setting CVar [[r.LightFunctionQuality:1]]
[2019.12.03-23.33.25:841][  0]LogConfig: Setting CVar [[r.ShadowQuality:5]]
[2019.12.03-23.33.25:841][  0]LogConfig: Setting CVar [[r.Shadow.CSM.MaxCascades:10]]
[2019.12.03-23.33.25:841][  0]LogConfig: Setting CVar [[r.Shadow.MaxResolution:2048]]
[2019.12.03-23.33.25:841][  0]LogConfig: Setting CVar [[r.Shadow.MaxCSMResolution:2048]]
[2019.12.03-23.33.25:841][  0]LogConfig: Setting CVar [[r.Shadow.RadiusThreshold:0.01]]
[2019.12.03-23.33.25:841][  0]LogConfig: Setting CVar [[r.Shadow.DistanceScale:1.0]]
[2019.12.03-23.33.25:841][  0]LogConfig: Setting CVar [[r.Shadow.CSM.TransitionScale:1.0]]
[2019.12.03-23.33.25:841][  0]LogConfig: Setting CVar [[r.Shadow.PreShadowResolutionFactor:1.0]]
[2019.12.03-23.33.25:841][  0]LogConfig: Setting CVar [[r.DistanceFieldShadowing:1]]
[2019.12.03-23.33.25:841][  0]LogConfig: Setting CVar [[r.DistanceFieldAO:1]]
[2019.12.03-23.33.25:841][  0]LogConfig: Setting CVar [[r.AOQuality:2]]
[2019.12.03-23.33.25:841][  0]LogConfig: Setting CVar [[r.VolumetricFog:1]]
[2019.12.03-23.33.25:841][  0]LogConfig: Setting CVar [[r.VolumetricFog.GridPixelSize:8]]
[2019.12.03-23.33.25:841][  0]LogConfig: Setting CVar [[r.VolumetricFog.GridSizeZ:128]]
[2019.12.03-23.33.25:842][  0]LogConfig: Setting CVar [[r.VolumetricFog.HistoryMissSupersampleCount:4]]
[2019.12.03-23.33.25:842][  0]LogConfig: Setting CVar [[r.LightMaxDrawDistanceScale:1]]
[2019.12.03-23.33.25:842][  0]LogConfig: Setting CVar [[r.CapsuleShadows:1]]
[2019.12.03-23.33.25:842][  0]LogConfig: Applying CVar settings from Section [PostProcessQuality@3] File [D:/Good stuff/git/Studio1_Team3/MonsterComing/Saved/Config/Windows/Scalability.ini]
[2019.12.03-23.33.25:842][  0]LogConfig: Setting CVar [[r.MotionBlurQuality:4]]
[2019.12.03-23.33.25:842][  0]LogConfig: Setting CVar [[r.AmbientOcclusionMipLevelFactor:0.4]]
[2019.12.03-23.33.25:842][  0]LogConfig: Setting CVar [[r.AmbientOcclusionMaxQuality:100]]
[2019.12.03-23.33.25:842][  0]LogConfig: Setting CVar [[r.AmbientOcclusionLevels:-1]]
[2019.12.03-23.33.25:842][  0]LogConfig: Setting CVar [[r.AmbientOcclusionRadiusScale:1.0]]
[2019.12.03-23.33.25:842][  0]LogConfig: Setting CVar [[r.DepthOfFieldQuality:2]]
[2019.12.03-23.33.25:842][  0]LogConfig: Setting CVar [[r.RenderTargetPoolMin:400]]
[2019.12.03-23.33.25:842][  0]LogConfig: Setting CVar [[r.LensFlareQuality:2]]
[2019.12.03-23.33.25:842][  0]LogConfig: Setting CVar [[r.SceneColorFringeQuality:1]]
[2019.12.03-23.33.25:842][  0]LogConfig: Setting CVar [[r.EyeAdaptationQuality:2]]
[2019.12.03-23.33.25:842][  0]LogConfig: Setting CVar [[r.BloomQuality:5]]
[2019.12.03-23.33.25:842][  0]LogConfig: Setting CVar [[r.FastBlurThreshold:100]]
[2019.12.03-23.33.25:842][  0]LogConfig: Setting CVar [[r.Upscale.Quality:3]]
[2019.12.03-23.33.25:842][  0]LogConfig: Setting CVar [[r.Tonemapper.GrainQuantization:1]]
[2019.12.03-23.33.25:842][  0]LogConfig: Setting CVar [[r.LightShaftQuality:1]]
[2019.12.03-23.33.25:842][  0]LogConfig: Setting CVar [[r.Filter.SizeScale:1]]
[2019.12.03-23.33.25:842][  0]LogConfig: Setting CVar [[r.Tonemapper.Quality:5]]
[2019.12.03-23.33.25:842][  0]LogConfig: Setting CVar [[r.DOF.Gather.AccumulatorQuality:1        ; higher gathering accumulator quality]]
[2019.12.03-23.33.25:842][  0]LogConfig: Setting CVar [[r.DOF.Gather.PostfilterMethod:1          ; Median3x3 postfilering method]]
[2019.12.03-23.33.25:842][  0]LogConfig: Setting CVar [[r.DOF.Gather.EnableBokehSettings:0       ; no bokeh simulation when gathering]]
[2019.12.03-23.33.25:842][  0]LogConfig: Setting CVar [[r.DOF.Gather.RingCount:4                 ; medium number of samples when gathering]]
[2019.12.03-23.33.25:842][  0]LogConfig: Setting CVar [[r.DOF.Scatter.ForegroundCompositing:1    ; additive foreground scattering]]
[2019.12.03-23.33.25:842][  0]LogConfig: Setting CVar [[r.DOF.Scatter.BackgroundCompositing:2    ; additive background scattering]]
[2019.12.03-23.33.25:842][  0]LogConfig: Setting CVar [[r.DOF.Scatter.EnableBokehSettings:1      ; bokeh simulation when scattering]]
[2019.12.03-23.33.25:842][  0]LogConfig: Setting CVar [[r.DOF.Scatter.MaxSpriteRatio:0.1         ; only a maximum of 10% of scattered bokeh]]
[2019.12.03-23.33.25:842][  0]LogConfig: Setting CVar [[r.DOF.Recombine.Quality:1                ; cheap slight out of focus]]
[2019.12.03-23.33.25:842][  0]LogConfig: Setting CVar [[r.DOF.Recombine.EnableBokehSettings:0    ; no bokeh simulation on slight out of focus]]
[2019.12.03-23.33.25:842][  0]LogConfig: Setting CVar [[r.DOF.TemporalAAQuality:1                ; more stable temporal accumulation]]
[2019.12.03-23.33.25:842][  0]LogConfig: Setting CVar [[r.DOF.Kernel.MaxForegroundRadius:0.025]]
[2019.12.03-23.33.25:842][  0]LogConfig: Setting CVar [[r.DOF.Kernel.MaxBackgroundRadius:0.025]]
[2019.12.03-23.33.25:842][  0]LogConfig: Applying CVar settings from Section [TextureQuality@3] File [D:/Good stuff/git/Studio1_Team3/MonsterComing/Saved/Config/Windows/Scalability.ini]
[2019.12.03-23.33.25:842][  0]LogConfig: Setting CVar [[r.Streaming.MipBias:0]]
[2019.12.03-23.33.25:842][  0]LogConfig: Setting CVar [[r.Streaming.AmortizeCPUToGPUCopy:0]]
[2019.12.03-23.33.25:842][  0]LogConfig: Setting CVar [[r.Streaming.MaxNumTexturesToStreamPerFrame:0]]
[2019.12.03-23.33.25:842][  0]LogConfig: Setting CVar [[r.Streaming.Boost:1]]
[2019.12.03-23.33.25:842][  0]LogConfig: Setting CVar [[r.MaxAnisotropy:8]]
[2019.12.03-23.33.25:842][  0]LogConfig: Setting CVar [[r.Streaming.LimitPoolSizeToVRAM:0]]
[2019.12.03-23.33.25:842][  0]LogConfig: Setting CVar [[r.Streaming.PoolSize:1000]]
[2019.12.03-23.33.25:842][  0]LogConfig: Setting CVar [[r.Streaming.MaxEffectiveScreenSize:0]]
[2019.12.03-23.33.25:843][  0]LogConfig: Applying CVar settings from Section [EffectsQuality@3] File [D:/Good stuff/git/Studio1_Team3/MonsterComing/Saved/Config/Windows/Scalability.ini]
[2019.12.03-23.33.25:843][  0]LogConfig: Setting CVar [[r.TranslucencyLightingVolumeDim:64]]
[2019.12.03-23.33.25:843][  0]LogConfig: Setting CVar [[r.RefractionQuality:2]]
[2019.12.03-23.33.25:843][  0]LogConfig: Setting CVar [[r.SSR.Quality:3]]
[2019.12.03-23.33.25:843][  0]LogConfig: Setting CVar [[r.SceneColorFormat:4]]
[2019.12.03-23.33.25:843][  0]LogConfig: Setting CVar [[r.DetailMode:2]]
[2019.12.03-23.33.25:843][  0]LogConfig: Setting CVar [[r.TranslucencyVolumeBlur:1]]
[2019.12.03-23.33.25:843][  0]LogConfig: Setting CVar [[r.MaterialQualityLevel:1 ; High quality]]
[2019.12.03-23.33.25:843][  0]LogConfig: Setting CVar [[r.SSS.Scale:1]]
[2019.12.03-23.33.25:843][  0]LogConfig: Setting CVar [[r.SSS.SampleSet:2]]
[2019.12.03-23.33.25:843][  0]LogConfig: Setting CVar [[r.SSS.Quality:1]]
[2019.12.03-23.33.25:843][  0]LogConfig: Setting CVar [[r.SSS.HalfRes:1]]
[2019.12.03-23.33.25:843][  0]LogConfig: Setting CVar [[r.EmitterSpawnRateScale:1.0]]
[2019.12.03-23.33.25:843][  0]LogConfig: Setting CVar [[r.ParticleLightQuality:2]]
[2019.12.03-23.33.25:843][  0]LogConfig: Applying CVar settings from Section [FoliageQuality@3] File [D:/Good stuff/git/Studio1_Team3/MonsterComing/Saved/Config/Windows/Scalability.ini]
[2019.12.03-23.33.25:843][  0]LogConfig: Setting CVar [[foliage.DensityScale:1.0]]
[2019.12.03-23.33.25:843][  0]LogConfig: Setting CVar [[grass.DensityScale:1.0]]
[2019.12.03-23.33.25:843][  0]LogConfig: Applying CVar settings from Section [Startup] File [../../../Engine/Config/ConsoleVariables.ini]
[2019.12.03-23.33.25:843][  0]LogConfig: Setting CVar [[net.UseAdaptiveNetUpdateFrequency:0]]
[2019.12.03-23.33.25:843][  0]LogConfig: Setting CVar [[p.chaos.AllowCreatePhysxBodies:1]]
[2019.12.03-23.33.25:843][  0]LogConfig: Applying CVar settings from Section [ConsoleVariables] File [D:/Good stuff/git/Studio1_Team3/MonsterComing/Saved/Config/Windows/Engine.ini]
[2019.12.03-23.33.25:843][  0]LogInit: Computer: SYD-R102-PC11
[2019.12.03-23.33.25:843][  0]LogInit: User: aradford
[2019.12.03-23.33.25:843][  0]LogInit: CPU Page size=4096, Cores=4
[2019.12.03-23.33.25:843][  0]LogInit: High frequency timer resolution =10.000000 MHz
[2019.12.03-23.33.25:844][  0]LogMemory: Memory total: Physical=31.9GB (32GB approx)
[2019.12.03-23.33.25:844][  0]LogMemory: Platform Memory Stats for Windows
[2019.12.03-23.33.25:844][  0]LogMemory: Process Physical Memory: 104.69 MB used, 104.70 MB peak
[2019.12.03-23.33.25:844][  0]LogMemory: Process Virtual Memory: 93.35 MB used, 93.35 MB peak
[2019.12.03-23.33.25:844][  0]LogMemory: Physical Memory: 9281.22 MB used,  23401.88 MB free, 32683.10 MB total
[2019.12.03-23.33.25:844][  0]LogMemory: Virtual Memory: 4700.68 MB used,  134213024.00 MB free, 134217728.00 MB total
[2019.12.03-23.33.25:877][  0]LogInit: Using OS detected language (en-US).
[2019.12.03-23.33.25:877][  0]LogInit: Using OS detected locale (en-AU).
[2019.12.03-23.33.25:878][  0]LogTextLocalizationManager: No specific localization for 'en-US' exists, so the 'en' localization will be used.
[2019.12.03-23.33.26:032][  0]LogInit: Setting process to per monitor DPI aware
[2019.12.03-23.33.26:073][  0]LogSlate: New Slate User Created.  User Index 0, Is Virtual User: 0
[2019.12.03-23.33.26:073][  0]LogSlate: Slate User Registered.  User Index 0, Is Virtual User: 0
[2019.12.03-23.33.26:239][  0]LogHMD: Failed to initialize OpenVR with code 110
[2019.12.03-23.33.26:240][  0]LogD3D11RHI: D3D11 adapters:
[2019.12.03-23.33.26:306][  0]LogD3D11RHI:    0. 'NVIDIA GeForce GTX 980' (Feature Level 11_0)
[2019.12.03-23.33.26:306][  0]LogD3D11RHI:       4053/0/16341 MB DedicatedVideo/DedicatedSystem/SharedSystem, Outputs:1, VendorId:0x10de
[2019.12.03-23.33.26:309][  0]LogD3D11RHI:    1. 'Microsoft Basic Render Driver' (Feature Level 11_0)
[2019.12.03-23.33.26:309][  0]LogD3D11RHI:       0/0/16341 MB DedicatedVideo/DedicatedSystem/SharedSystem, Outputs:0, VendorId:0x1414
[2019.12.03-23.33.26:309][  0]LogD3D11RHI: Chosen D3D11 Adapter: 0
[2019.12.03-23.33.26:315][  0]LogD3D11RHI: Creating new Direct3DDevice
[2019.12.03-23.33.26:315][  0]LogD3D11RHI:     GPU DeviceId: 0x13c0 (for the marketing name, search the web for "GPU Device Id")
[2019.12.03-23.33.26:315][  0]LogWindows: EnumDisplayDevices:
[2019.12.03-23.33.26:316][  0]LogWindows:    0. 'NVIDIA GeForce GTX 980' (P:1 D:1)
[2019.12.03-23.33.26:316][  0]LogWindows:    1. 'NVIDIA GeForce GTX 980' (P:0 D:0)
[2019.12.03-23.33.26:317][  0]LogWindows:    2. 'NVIDIA GeForce GTX 980' (P:0 D:0)
[2019.12.03-23.33.26:317][  0]LogWindows:    3. 'NVIDIA GeForce GTX 980' (P:0 D:0)
[2019.12.03-23.33.26:317][  0]LogWindows: DebugString: FoundDriverCount:4 
[2019.12.03-23.33.26:317][  0]LogD3D11RHI:     Adapter Name: NVIDIA GeForce GTX 980
[2019.12.03-23.33.26:317][  0]LogD3D11RHI:   Driver Version: 436.15 (internal:26.21.14.3615, unified:436.15)
[2019.12.03-23.33.26:317][  0]LogD3D11RHI:      Driver Date: 8-24-2019
[2019.12.03-23.33.26:317][  0]LogRHI: Texture pool is 2837 MB (70% of 4053 MB)
[2019.12.03-23.33.26:359][  0]LogD3D11RHI: Async texture creation enabled
[2019.12.03-23.33.26:362][  0]LogRendererCore: FGlobalReadBuffer::InitRHI
[2019.12.03-23.33.26:362][  0]LogRendererCore: FGlobalReadBuffer::InitRHI
[2019.12.03-23.33.26:362][  0]LogRendererCore: FGlobalReadBuffer::InitRHI
[2019.12.03-23.33.26:370][  0]LogD3D11RHI: GPU Timing Frequency: 1000.000000 (Debug: 2 1)
[2019.12.03-23.33.26:766][  0]LogTemp: Display: Module 'AllDesktopTargetPlatform' loaded TargetPlatform 'AllDesktop'
[2019.12.03-23.33.26:780][  0]LogTemp: Display: Module 'MacClientTargetPlatform' loaded TargetPlatform 'MacClient'
[2019.12.03-23.33.26:795][  0]LogTemp: Display: Module 'MacNoEditorTargetPlatform' loaded TargetPlatform 'MacNoEditor'
[2019.12.03-23.33.26:808][  0]LogTemp: Display: Module 'MacServerTargetPlatform' loaded TargetPlatform 'MacServer'
[2019.12.03-23.33.26:822][  0]LogTemp: Display: Module 'MacTargetPlatform' loaded TargetPlatform 'Mac'
[2019.12.03-23.33.26:836][  0]LogTemp: Display: Module 'WindowsClientTargetPlatform' loaded TargetPlatform 'WindowsClient'
[2019.12.03-23.33.26:849][  0]LogTemp: Display: Module 'WindowsNoEditorTargetPlatform' loaded TargetPlatform 'WindowsNoEditor'
[2019.12.03-23.33.26:863][  0]LogTemp: Display: Module 'WindowsServerTargetPlatform' loaded TargetPlatform 'WindowsServer'
[2019.12.03-23.33.26:871][  0]LogTemp: Display: Module 'WindowsTargetPlatform' loaded TargetPlatform 'Windows'
[2019.12.03-23.33.26:945][  0]LogTemp: Display: Module 'AndroidTargetPlatform' loaded TargetPlatform 'Android'
[2019.12.03-23.33.26:945][  0]LogTemp: Display: Module 'AndroidTargetPlatform' loaded TargetPlatform 'Android_ASTC'
[2019.12.03-23.33.26:945][  0]LogTemp: Display: Module 'AndroidTargetPlatform' loaded TargetPlatform 'Android_ATC'
[2019.12.03-23.33.26:945][  0]LogTemp: Display: Module 'AndroidTargetPlatform' loaded TargetPlatform 'Android_DXT'
[2019.12.03-23.33.26:945][  0]LogTemp: Display: Module 'AndroidTargetPlatform' loaded TargetPlatform 'Android_ETC1'
[2019.12.03-23.33.26:945][  0]LogTemp: Display: Module 'AndroidTargetPlatform' loaded TargetPlatform 'Android_ETC1a'
[2019.12.03-23.33.26:945][  0]LogTemp: Display: Module 'AndroidTargetPlatform' loaded TargetPlatform 'Android_ETC2'
[2019.12.03-23.33.26:945][  0]LogTemp: Display: Module 'AndroidTargetPlatform' loaded TargetPlatform 'Android_PVRTC'
[2019.12.03-23.33.26:945][  0]LogTemp: Display: Module 'AndroidTargetPlatform' loaded TargetPlatform 'AndroidClient'
[2019.12.03-23.33.26:945][  0]LogTemp: Display: Module 'AndroidTargetPlatform' loaded TargetPlatform 'Android_ASTCClient'
[2019.12.03-23.33.26:945][  0]LogTemp: Display: Module 'AndroidTargetPlatform' loaded TargetPlatform 'Android_ATCClient'
[2019.12.03-23.33.26:945][  0]LogTemp: Display: Module 'AndroidTargetPlatform' loaded TargetPlatform 'Android_DXTClient'
[2019.12.03-23.33.26:945][  0]LogTemp: Display: Module 'AndroidTargetPlatform' loaded TargetPlatform 'Android_ETC1Client'
[2019.12.03-23.33.26:945][  0]LogTemp: Display: Module 'AndroidTargetPlatform' loaded TargetPlatform 'Android_ETC1aClient'
[2019.12.03-23.33.26:945][  0]LogTemp: Display: Module 'AndroidTargetPlatform' loaded TargetPlatform 'Android_ETC2Client'
[2019.12.03-23.33.26:945][  0]LogTemp: Display: Module 'AndroidTargetPlatform' loaded TargetPlatform 'Android_PVRTCClient'
[2019.12.03-23.33.26:945][  0]LogTemp: Display: Module 'AndroidTargetPlatform' loaded TargetPlatform 'Android_Multi'
[2019.12.03-23.33.26:945][  0]LogTemp: Display: Module 'AndroidTargetPlatform' loaded TargetPlatform 'Android_MultiClient'
[2019.12.03-23.33.26:947][  0]LogTemp: Display: Module 'HTML5TargetPlatform' loaded TargetPlatform 'HTML5'
[2019.12.03-23.33.26:995][  0]LogTemp: Display: Module 'IOSTargetPlatform' loaded TargetPlatform 'IOSClient'
[2019.12.03-23.33.26:995][  0]LogTemp: Display: Module 'IOSTargetPlatform' loaded TargetPlatform 'IOS'
[2019.12.03-23.33.27:016][  0]LogTemp: Display: Module 'TVOSTargetPlatform' loaded TargetPlatform 'TVOSClient'
[2019.12.03-23.33.27:016][  0]LogTemp: Display: Module 'TVOSTargetPlatform' loaded TargetPlatform 'TVOS'
[2019.12.03-23.33.27:028][  0]LogTemp: Display: Module 'LinuxClientTargetPlatform' loaded TargetPlatform 'LinuxClient'
[2019.12.03-23.33.27:040][  0]LogTemp: Display: Module 'LinuxNoEditorTargetPlatform' loaded TargetPlatform 'LinuxNoEditor'
[2019.12.03-23.33.27:051][  0]LogTemp: Display: Module 'LinuxServerTargetPlatform' loaded TargetPlatform 'LinuxServer'
[2019.12.03-23.33.27:063][  0]LogTemp: Display: Module 'LinuxTargetPlatform' loaded TargetPlatform 'Linux'
[2019.12.03-23.33.27:104][  0]LogTemp: Display: Module 'LuminTargetPlatform' loaded TargetPlatform 'Lumin'
[2019.12.03-23.33.27:104][  0]LogTemp: Display: Module 'LuminTargetPlatform' loaded TargetPlatform 'LuminClient'
[2019.12.03-23.33.27:104][  0]LogTargetPlatformManager: Display: Building Assets For Windows
[2019.12.03-23.33.27:115][  0]LogAudioDebug: Display: Lib vorbis DLL was dynamically loaded.
[2019.12.03-23.33.27:177][  0]LogShaderCompilers: Guid format shader working directory is 4 characters bigger than the processId version (D:/Good stuff/git/Studio1_Team3/MonsterComing/Intermediate/Shaders/WorkingDirectory/1548/).
[2019.12.03-23.33.27:178][  0]LogShaderCompilers: Cleaned the shader compiler working directory 'C:/Users/aradford/AppData/Local/Temp/UnrealShaderWorkingDir/3861CBDC49BA98E68A4976A6434DBBC1/'.
[2019.12.03-23.33.27:181][  0]LogXGEController: Cleaning working directory: C:/Users/aradford/AppData/Local/Temp/UnrealXGEWorkingDir/
[2019.12.03-23.33.27:193][  0]LogShaderCompilers: Display: Using XGE Shader Compiler (Interception Interface).
[2019.12.03-23.33.27:727][  0]LogDerivedDataCache: Display: Max Cache Size: 512 MB
[2019.12.03-23.33.27:771][  0]LogDerivedDataCache: Loaded boot cache 0.04s 71MB C:/Users/aradford/AppData/Local/UnrealEngine/4.22/DerivedDataCache/Boot.ddc.
[2019.12.03-23.33.27:771][  0]LogDerivedDataCache: Display: Loaded Boot cache: C:/Users/aradford/AppData/Local/UnrealEngine/4.22/DerivedDataCache/Boot.ddc
[2019.12.03-23.33.27:771][  0]LogDerivedDataCache: FDerivedDataBackendGraph:  Pak pak cache file D:/Good stuff/git/Studio1_Team3/MonsterComing/DerivedDataCache/DDC.ddp not found, will not use a pak cache.
[2019.12.03-23.33.27:771][  0]LogDerivedDataCache: Unable to find inner node Pak for hierarchical cache Hierarchy.
[2019.12.03-23.33.27:771][  0]LogDerivedDataCache: FDerivedDataBackendGraph:  CompressedPak pak cache file D:/Good stuff/git/Studio1_Team3/MonsterComing/DerivedDataCache/Compressed.ddp not found, will not use a pak cache.
[2019.12.03-23.33.27:771][  0]LogDerivedDataCache: Unable to find inner node CompressedPak for hierarchical cache Hierarchy.
[2019.12.03-23.33.27:783][  0]LogDerivedDataCache: Display: Pak cache opened for reading ../../../Engine/DerivedDataCache/Compressed.ddp.
[2019.12.03-23.33.27:783][  0]LogDerivedDataCache: FDerivedDataBackendGraph:  EnterprisePak pak cache file ../../../Enterprise/DerivedDataCache/Compressed.ddp not found, will not use a pak cache.
[2019.12.03-23.33.27:783][  0]LogDerivedDataCache: Unable to find inner node EnterprisePak for hierarchical cache Hierarchy.
[2019.12.03-23.33.27:795][  0]LogDerivedDataCache: Using Local data cache path C:/Users/aradford/AppData/Local/UnrealEngine/Common/DerivedDataCache: Writable
[2019.12.03-23.33.27:795][  0]LogDerivedDataCache: Shared data cache path not found in *engine.ini, will not use an Shared cache.
[2019.12.03-23.33.27:795][  0]LogDerivedDataCache: Unable to find inner node Shared for hierarchical cache Hierarchy.
[2019.12.03-23.33.27:816][  0]LogMaterial: Verifying Global Shaders for PCD3D_SM5
[2019.12.03-23.33.27:817][  0]LogSlate: Using FreeType 2.6.0
[2019.12.03-23.33.27:818][  0]LogSlate: SlateFontServices - WITH_FREETYPE: 1, WITH_HARFBUZZ: 1
[2019.12.03-23.33.27:905][  0]LogAssetRegistry: FAssetRegistry took 0.0327 seconds to start up
[2019.12.03-23.33.28:229][  0]LogInit: Selected Device Profile: [Windows]
[2019.12.03-23.33.28:362][  0]LogMeshReduction: Using QuadricMeshReduction for automatic static mesh reduction
[2019.12.03-23.33.28:362][  0]LogMeshReduction: Using SimplygonMeshReduction for automatic skeletal mesh reduction
[2019.12.03-23.33.28:362][  0]LogMeshReduction: Using ProxyLODMeshReduction for automatic mesh merging
[2019.12.03-23.33.28:362][  0]LogMeshReduction: No distributed automatic mesh merging module available
[2019.12.03-23.33.28:362][  0]LogMeshMerging: No distributed automatic mesh merging module available
[2019.12.03-23.33.28:372][  0]LogNetVersion: MonsterComing 1.0.0, NetCL: 5660361, EngineNetVer: 10, GameNetVer: 0 (Checksum: 1620694314)
[2019.12.03-23.33.28:764][  0]LogPackageLocalizationCache: Processed 10 localized package path(s) for 1 prioritized culture(s) in 0.040724 seconds
[2019.12.03-23.33.28:770][  0]LogUObjectArray: 42205 objects as part of root set at end of initial load.
[2019.12.03-23.33.28:770][  0]LogUObjectAllocator: 7325032 out of 0 bytes used by permanent object pool.
[2019.12.03-23.33.28:770][  0]LogUObjectArray: CloseDisregardForGC: 0/0 objects in disregard for GC pool
[2019.12.03-23.33.29:733][  0]LogTcpMessaging: Initializing TcpMessaging bridge
[2019.12.03-23.33.29:747][  0]LogUdpMessaging: Initializing bridge on interface 0.0.0.0:0 to multicast group 230.0.0.1:6666.
[2019.12.03-23.33.29:879][  0]SourceControl: Source control is disabled
[2019.12.03-23.33.29:879][  0]SourceControl: Source control is disabled
[2019.12.03-23.33.29:881][  0]SourceControl: Source control is disabled
[2019.12.03-23.33.29:882][  0]SourceControl: Source control is disabled
[2019.12.03-23.33.29:964][  0]LogAndroidPermission: UAndroidPermissionCallbackProxy::GetInstance
[2019.12.03-23.33.30:114][  0]LogOcInput: OculusInput pre-init called
[2019.12.03-23.33.30:876][  0]LogEngine: Initializing Engine...
[2019.12.03-23.33.30:877][  0]LogHMD: Failed to initialize OpenVR with code 110
[2019.12.03-23.33.30:877][  0]LogStats: UGameplayTagsManager::InitializeManager -  0.000 s
[2019.12.03-23.33.31:069][  0]LogInit: Initializing FReadOnlyCVARCache
[2019.12.03-23.33.31:085][  0]LogAIModule: Creating AISystem for world Untitled
[2019.12.03-23.33.31:135][  0]LogInit: XAudio2 using 'Speakers (Realtek High Definition Audio)' : 2 channels at 48 kHz using 32 bits per sample (channel mask 0x3)
[2019.12.03-23.33.31:252][  0]LogInit: FAudioDevice initialized.
[2019.12.03-23.33.31:252][  0]LogNetVersion: Set ProjectVersion to 1.0.0.0. Version Checksum will be recalculated on next use.
[2019.12.03-23.33.31:323][  0]LogDerivedDataCache: Saved boot cache 0.07s 71MB C:/Users/aradford/AppData/Local/UnrealEngine/4.22/DerivedDataCache/Boot.ddc.
[2019.12.03-23.33.31:334][  0]LogInit: Texture streaming: Enabled
[2019.12.03-23.33.31:361][  0]LogEngineSessionManager: EngineSessionManager initialized
[2019.12.03-23.33.31:402][  0]LogInit: Transaction tracking system initialized
[2019.12.03-23.33.31:437][  0]BlueprintLog: New page: Editor Load
[2019.12.03-23.33.31:549][  0]LocalizationService: Localization service is disabled
[2019.12.03-23.33.31:867][  0]LogCook: Display: Max memory allowance for cook 16384mb min free memory 0mb
[2019.12.03-23.33.31:867][  0]LogCook: Display: Mobile HDR setting 1
[2019.12.03-23.33.32:074][  0]LogFileCache: Scanning file cache for directory 'D:/Good stuff/git/Studio1_Team3/MonsterComing/Content/' took 0.06s
[2019.12.03-23.33.32:075][  0]SourceControl: Source control is disabled
[2019.12.03-23.33.32:075][  0]Cmd: MAP LOAD FILE="D:/Good stuff/git/Studio1_Team3/MonsterComing/Content/ThirdPersonBP/Maps/ThirdPersonExampleMap.umap" TEMPLATE=0 SHOWPROGRESS=1 FEATURELEVEL=3
[2019.12.03-23.33.32:075][  0]LogEditorServer: Warning: Can't find file 'D:/Good stuff/git/Studio1_Team3/MonsterComing/Content/ThirdPersonBP/Maps/ThirdPersonExampleMap.umap'
[2019.12.03-23.33.32:075][  0]Cmd: MAP CHECKDEP NOCLEARLOG
[2019.12.03-23.33.32:075][  0]MapCheck: Map check complete: 0 Error(s), 0 Warning(s), took 0.091ms to complete.
[2019.12.03-23.33.32:075][  0]LogFileHelpers: Loading map 'ThirdPersonExampleMap' took 0.000
[2019.12.03-23.33.32:190][  0]LogSlate: Updating window title bar state: overlay mode, drag disabled, window buttons hidden, title bar hidden
[2019.12.03-23.33.32:198][  0]LogSlate: Updating window title bar state: overlay mode, drag disabled, window buttons hidden, title bar hidden
[2019.12.03-23.33.32:205][  0]LogSlate: Updating window title bar state: overlay mode, drag disabled, window buttons hidden, title bar hidden
[2019.12.03-23.33.32:213][  0]LogSlate: Updating window title bar state: overlay mode, drag disabled, window buttons hidden, title bar hidden
[2019.12.03-23.33.32:220][  0]LogCollectionManager: Loaded 0 collections in 0.003283 seconds
[2019.12.03-23.33.32:238][  0]LogFileCache: Scanning file cache for directory 'D:/Good stuff/git/Studio1_Team3/MonsterComing/Saved/Collections/' took 0.01s
[2019.12.03-23.33.32:238][  0]LogFileCache: Scanning file cache for directory 'D:/Good stuff/git/Studio1_Team3/MonsterComing/Content/Developers/aradford/Collections/' took 0.00s
[2019.12.03-23.33.32:238][  0]LogFileCache: Scanning file cache for directory 'D:/Good stuff/git/Studio1_Team3/MonsterComing/Content/Collections/' took 0.00s
[2019.12.03-23.33.32:238][  0]LogCollectionManager: Rebuilt the GUID cache for 0 collections in 0.000000 seconds
[2019.12.03-23.33.32:246][  0]LogContentBrowser: Native class hierarchy populated in 0.0082 seconds. Added 2743 classes and 666 folders.
[2019.12.03-23.33.32:255][  0]LogContentBrowser: Native class hierarchy updated for 'WidgetCarousel' in 0.0004 seconds. Added 0 classes and 0 folders.
[2019.12.03-23.33.32:256][  0]LogPakFile: Registered encryption key '00000000000000000000000000000000': 0 pak files mounted, 0 remain pending
[2019.12.03-23.33.32:257][  0]LogPakFile: Registered encryption key '00000000000000000000000000000000': 0 pak files mounted, 0 remain pending
[2019.12.03-23.33.32:258][  0]LogPakFile: Registered encryption key '00000000000000000000000000000000': 0 pak files mounted, 0 remain pending
[2019.12.03-23.33.32:258][  0]LogPakFile: Registered encryption key '00000000000000000000000000000000': 0 pak files mounted, 0 remain pending
[2019.12.03-23.33.32:258][  0]LogPakFile: Registered encryption key '00000000000000000000000000000000': 0 pak files mounted, 0 remain pending
[2019.12.03-23.33.32:259][  0]LogPakFile: Registered encryption key '00000000000000000000000000000000': 0 pak files mounted, 0 remain pending
[2019.12.03-23.33.32:259][  0]LogPakFile: Registered encryption key '00000000000000000000000000000000': 0 pak files mounted, 0 remain pending
[2019.12.03-23.33.32:260][  0]LogPakFile: Registered encryption key '00000000000000000000000000000000': 0 pak files mounted, 0 remain pending
[2019.12.03-23.33.32:260][  0]LogPakFile: Registered encryption key '00000000000000000000000000000000': 0 pak files mounted, 0 remain pending
[2019.12.03-23.33.32:261][  0]LogPakFile: Registered encryption key '00000000000000000000000000000000': 0 pak files mounted, 0 remain pending
[2019.12.03-23.33.32:261][  0]LogPakFile: Registered encryption key '00000000000000000000000000000000': 0 pak files mounted, 0 remain pending
[2019.12.03-23.33.32:262][  0]LogPakFile: Registered encryption key '00000000000000000000000000000000': 0 pak files mounted, 0 remain pending
[2019.12.03-23.33.32:262][  0]LogPakFile: Registered encryption key '00000000000000000000000000000000': 0 pak files mounted, 0 remain pending
[2019.12.03-23.33.32:262][  0]LogPakFile: Registered encryption key '00000000000000000000000000000000': 0 pak files mounted, 0 remain pending
[2019.12.03-23.33.32:263][  0]LogPakFile: Registered encryption key '00000000000000000000000000000000': 0 pak files mounted, 0 remain pending
[2019.12.03-23.33.32:263][  0]LogPakFile: Registered encryption key '00000000000000000000000000000000': 0 pak files mounted, 0 remain pending
[2019.12.03-23.33.32:264][  0]LogPakFile: Registered encryption key '00000000000000000000000000000000': 0 pak files mounted, 0 remain pending
[2019.12.03-23.33.32:265][  0]LogPakFile: Registered encryption key '00000000000000000000000000000000': 0 pak files mounted, 0 remain pending
[2019.12.03-23.33.32:265][  0]LogPakFile: Registered encryption key '00000000000000000000000000000000': 0 pak files mounted, 0 remain pending
[2019.12.03-23.33.32:265][  0]LogPakFile: Registered encryption key '00000000000000000000000000000000': 0 pak files mounted, 0 remain pending
[2019.12.03-23.33.32:266][  0]LogPakFile: Registered encryption key '00000000000000000000000000000000': 0 pak files mounted, 0 remain pending
[2019.12.03-23.33.32:266][  0]LogPakFile: Registered encryption key '00000000000000000000000000000000': 0 pak files mounted, 0 remain pending
[2019.12.03-23.33.32:267][  0]LogPakFile: Registered encryption key '00000000000000000000000000000000': 0 pak files mounted, 0 remain pending
[2019.12.03-23.33.32:267][  0]LogPakFile: Registered encryption key '00000000000000000000000000000000': 0 pak files mounted, 0 remain pending
[2019.12.03-23.33.32:268][  0]LogPakFile: Registered encryption key '00000000000000000000000000000000': 0 pak files mounted, 0 remain pending
[2019.12.03-23.33.32:268][  0]LogPakFile: Registered encryption key '00000000000000000000000000000000': 0 pak files mounted, 0 remain pending
[2019.12.03-23.33.32:321][  0]LogContentBrowser: Native class hierarchy updated for 'AddContentDialog' in 0.0005 seconds. Added 0 classes and 0 folders.
[2019.12.03-23.33.32:327][  0]LogContentBrowser: Native class hierarchy updated for 'SceneOutliner' in 0.0004 seconds. Added 1 classes and 2 folders.
[2019.12.03-23.33.32:352][  0]LogSlate: Took 0.000161 seconds to synchronously load lazily loaded font '../../../Engine/Content/Slate/Fonts/Roboto-Regular.ttf' (155K)
[2019.12.03-23.33.32:354][  0]LogSlate: Took 0.000179 seconds to synchronously load lazily loaded font '../../../Engine/Content/Slate/Fonts/Roboto-Bold.ttf' (160K)
[2019.12.03-23.33.32:359][  0]LogSlate: Took 0.000188 seconds to synchronously load lazily loaded font '../../../Engine/Content/Editor/Slate/Fonts/FontAwesome.ttf' (139K)
[2019.12.03-23.33.32:422][  0]LogRenderer: Reallocating scene render targets to support 1436x808 Format 10 NumSamples 1 (Frame:1).
[2019.12.03-23.33.32:566][  0]LogContentBrowser: Native class hierarchy updated for 'HierarchicalLODOutliner' in 0.0005 seconds. Added 0 classes and 0 folders.
[2019.12.03-23.33.32:566][  0]LogLoad: (Engine Initialization) Total time: 46.06 seconds
[2019.12.03-23.33.32:566][  0]LogLoad: (Engine Initialization) Total Blueprint compile time: 0.00 seconds
[2019.12.03-23.33.32:616][  0]LogPackageName: Warning: Asset path "JW_FlameDungeon.FX.SM_FX_Embers" is in short form, which is unsupported and -- even if valid -- resolving it will be really slow.
[2019.12.03-23.33.32:616][  0]LogPackageName: Warning: Please consider resaving package in order to speed-up loading.
[2019.12.03-23.33.32:616][  0]LogContentStreaming: Texture pool size now 1000 MB
[2019.12.03-23.33.32:652][  1]LogFileCache: Retrieving MD5 hashes for directory 'D:/Good stuff/git/Studio1_Team3/MonsterComing/Content/' took 0.06s
[2019.12.03-23.33.32:876][ 27]LogPackageName: SearchForPackageOnDisk took   0.273s, but failed to resolve JW_FlameDungeon.
[2019.12.03-23.33.32:877][ 27]LogPackageName: Warning: Asset path "JW_FlameDungeon.FX.SM_FX_Embers" could not be resolved.
[2019.12.03-23.33.32:885][ 28]LogPackageName: Warning: Asset path "JW_FlameDungeon.FX.SM_FogPlane02" is in short form, which is unsupported and -- even if valid -- resolving it will be really slow.
[2019.12.03-23.33.32:885][ 28]LogPackageName: Warning: Please consider resaving package in order to speed-up loading.
[2019.12.03-23.33.33:143][ 59]LogPackageName: SearchForPackageOnDisk took   0.258s, but failed to resolve JW_FlameDungeon.
[2019.12.03-23.33.33:143][ 59]LogPackageName: Warning: Asset path "JW_FlameDungeon.FX.SM_FogPlane02" could not be resolved.
[2019.12.03-23.33.33:687][123]LogCollectionManager: Rebuilt the object cache for 0 collections in 0.000000 seconds (found 0 objects)
[2019.12.03-23.33.34:135][176]LogSlate: FSceneViewport::OnFocusLost() reason 0
[2019.12.03-23.33.35:070][281]LogPackageName: Warning: Asset path "StaticMesh'FX_Meshes_IB.SM_Debris_Box_RadialFull'" is in short form, which is unsupported and -- even if valid -- resolving it will be really slow.
[2019.12.03-23.33.35:070][281]LogPackageName: Warning: Please consider resaving package in order to speed-up loading.
[2019.12.03-23.33.35:337][313]LogPackageName: SearchForPackageOnDisk took   0.265s, but failed to resolve StaticMesh'FX_Meshes_IB.
[2019.12.03-23.33.35:337][313]LogPackageName: Warning: Asset path "StaticMesh'FX_Meshes_IB.SM_Debris_Box_RadialFull'" could not be resolved.
[2019.12.03-23.33.35:604][345]LogPackageName: Warning: Asset path "JW_Ice_Mountain.Mesh.SM_SnowBoulder" is in short form, which is unsupported and -- even if valid -- resolving it will be really slow.
[2019.12.03-23.33.35:604][345]LogPackageName: Warning: Please consider resaving package in order to speed-up loading.
[2019.12.03-23.33.35:863][376]LogPackageName: SearchForPackageOnDisk took   0.258s, but failed to resolve JW_Ice_Mountain.
[2019.12.03-23.33.35:864][376]LogPackageName: Warning: Asset path "JW_Ice_Mountain.Mesh.SM_SnowBoulder" could not be resolved.
[2019.12.03-23.33.36:037][397]LogPackageName: Warning: Asset path "FX_Meshes.UI.SM_SelectionMesh_01" is in short form, which is unsupported and -- even if valid -- resolving it will be really slow.
[2019.12.03-23.33.36:037][397]LogPackageName: Warning: Please consider resaving package in order to speed-up loading.
[2019.12.03-23.33.36:289][427]LogPackageName: SearchForPackageOnDisk took   0.252s, but failed to resolve FX_Meshes.
[2019.12.03-23.33.36:289][427]LogPackageName: Warning: Asset path "FX_Meshes.UI.SM_SelectionMesh_01" could not be resolved.
[2019.12.03-23.33.36:363][436]LogPackageName: Warning: Asset path "FX_Meshes.UI.SM_SelectionMesh_01" is in short form, which is unsupported and -- even if valid -- resolving it will be really slow.
[2019.12.03-23.33.36:363][436]LogPackageName: Warning: Please consider resaving package in order to speed-up loading.
[2019.12.03-23.33.36:613][465]LogPackageName: SearchForPackageOnDisk took   0.245s, but failed to resolve FX_Meshes.
[2019.12.03-23.33.36:613][465]LogPackageName: Warning: Asset path "FX_Meshes.UI.SM_SelectionMesh_01" could not be resolved.
[2019.12.03-23.33.36:695][475]LogPackageName: Warning: Asset path "'FX_Ambient.Meshes.SM_Bats'" is in short form, which is unsupported and -- even if valid -- resolving it will be really slow.
[2019.12.03-23.33.36:695][475]LogPackageName: Warning: Please consider resaving package in order to speed-up loading.
[2019.12.03-23.33.36:947][505]LogPackageName: SearchForPackageOnDisk took   0.255s, but failed to resolve 'FX_Ambient.
[2019.12.03-23.33.36:947][505]LogPackageName: Warning: Asset path "'FX_Ambient.Meshes.SM_Bats'" could not be resolved.
[2019.12.03-23.33.36:989][510]LogPackageName: Warning: Asset path "CastleEffects.TouchToMoveArrow" is in short form, which is unsupported and -- even if valid -- resolving it will be really slow.
[2019.12.03-23.33.36:989][510]LogPackageName: Warning: Please consider resaving package in order to speed-up loading.
[2019.12.03-23.33.37:258][542]LogPackageName: SearchForPackageOnDisk took   0.270s, but failed to resolve CastleEffects.
[2019.12.03-23.33.37:258][542]LogPackageName: Warning: Asset path "CastleEffects.TouchToMoveArrow" could not be resolved.
[2019.12.03-23.33.37:330][550]LogSlate: Took 0.000208 seconds to synchronously load lazily loaded font '../../../Engine/Content/Slate/Fonts/Roboto-Light.ttf' (167K)
[2019.12.03-23.33.38:001][550]LogPackageName: Warning: Asset path "StaticMesh'FX_Meshes.Fire.SM_Dungeon_Pipes_Lava01_Cool'" is in short form, which is unsupported and -- even if valid -- resolving it will be really slow.
[2019.12.03-23.33.38:001][550]LogPackageName: Warning: Please consider resaving package in order to speed-up loading.
[2019.12.03-23.33.38:213][550]LogPackageName: SearchForPackageOnDisk took   0.248s, but failed to resolve StaticMesh'FX_Meshes.
[2019.12.03-23.33.38:213][550]LogPackageName: Warning: Asset path "StaticMesh'FX_Meshes.Fire.SM_Dungeon_Pipes_Lava01_Cool'" could not be resolved.
[2019.12.03-23.33.38:213][550]LogPackageName: Warning: Asset path "m_FogSheet_02" is in short form, which is unsupported and -- even if valid -- resolving it will be really slow.
[2019.12.03-23.33.38:213][550]LogPackageName: Warning: Please consider resaving package in order to speed-up loading.
[2019.12.03-23.33.38:423][550]LogPackageName: SearchForPackageOnDisk took   0.232s to resolve m_FogSheet_02.
[2019.12.03-23.33.38:840][550]LogPackageName: Warning: Asset path "FX_Test_LAN.Meshes.SM_IceWall01" is in short form, which is unsupported and -- even if valid -- resolving it will be really slow.
[2019.12.03-23.33.38:840][550]LogPackageName: Warning: Please consider resaving package in order to speed-up loading.
[2019.12.03-23.33.39:124][550]LogPackageName: SearchForPackageOnDisk took   0.244s, but failed to resolve FX_Test_LAN.
[2019.12.03-23.33.39:124][550]LogPackageName: Warning: Asset path "FX_Test_LAN.Meshes.SM_IceWall01" could not be resolved.
[2019.12.03-23.33.39:901][550]LogPackageName: Warning: Asset path "m_FogSheet_02" is in short form, which is unsupported and -- even if valid -- resolving it will be really slow.
[2019.12.03-23.33.39:901][550]LogPackageName: Warning: Please consider resaving package in order to speed-up loading.
[2019.12.03-23.33.40:959][550]LogPackageName: SearchForPackageOnDisk took   0.252s to resolve m_FogSheet_02.
[2019.12.03-23.33.40:959][550]LogPackageName: Warning: Asset path "m_FogSheet_02" is in short form, which is unsupported and -- even if valid -- resolving it will be really slow.
[2019.12.03-23.33.40:959][550]LogPackageName: Warning: Please consider resaving package in order to speed-up loading.
[2019.12.03-23.33.40:959][550]LogPackageName: SearchForPackageOnDisk took   0.228s to resolve m_FogSheet_02.
[2019.12.03-23.33.40:959][550]LogPackageName: Warning: Asset path "m_FogSheet_02" is in short form, which is unsupported and -- even if valid -- resolving it will be really slow.
[2019.12.03-23.33.40:959][550]LogPackageName: Warning: Please consider resaving package in order to speed-up loading.
[2019.12.03-23.33.40:959][550]LogTexture: Display: Building textures: T_Tarp01_SRM (AutoDXT, 2048X2048)
[2019.12.03-23.33.40:960][550]LogTexture: Display: Building textures: T_Box01_D (AutoDXT, 2048X2048)
[2019.12.03-23.33.40:960][550]LogTexture: Display: Building textures: T_Box01_N (BC5, 2048X2048)
[2019.12.03-23.33.40:960][550]LogTexture: Display: Building textures: T_Cartonbox01_D (AutoDXT, 2048X2048)
[2019.12.03-23.33.40:960][550]LogTexture: Display: Building textures: T_Cartonbox01_N (BC5, 2048X2048)
[2019.12.03-23.33.40:960][550]LogTexture: Display: Building textures: T_Cartonbox01_SRM (AutoDXT, 2048X2048)
[2019.12.03-23.33.40:960][550]LogPackageName: SearchForPackageOnDisk took   0.597s to resolve m_FogSheet_02.
[2019.12.03-23.33.40:960][550]LogTexture: Display: Building textures: banned-red-ne_7e77 (BGRA8, 210X210)
[2019.12.03-23.33.40:966][550]LogMaterial: Display: Missing cached shader map for material MT_Barrier1, compiling. 
[2019.12.03-23.33.41:130][550]LogMaterial: Display: Missing cached shader map for material MT_Barrier, compiling. 
[2019.12.03-23.33.41:240][550]LogStaticMesh: Building static mesh SM_CartonGarbage09...
[2019.12.03-23.33.41:456][550]LogStaticMesh: Built static mesh [0.21s] /Game/IndustryPropsPack6/Meshes/SM_CartonGarbage09.SM_CartonGarbage09
[2019.12.03-23.33.49:893][550]LogTexture: Display: Building textures: T_Box01_SRM (AutoDXT, 2048X2048)
[2019.12.03-23.33.49:893][550]LogTexture: Display: Building textures: T_Barrel01_SRM (AutoDXT, 2048X2048)
[2019.12.03-23.33.49:893][550]LogTexture: Display: Building textures: T_Barrel01_N (BC5, 2048X2048)
[2019.12.03-23.33.49:893][550]LogTexture: Display: Building textures: BG_D (AutoDXT, 8X8)
[2019.12.03-23.33.49:896][550]LogTexture: Display: Building textures: BB_D (AutoDXT, 8X8)
[2019.12.03-23.33.49:896][550]LogTexture: Display: Building textures: B_N (BC5, 8X8)
[2019.12.03-23.33.49:903][550]LogTexture: Display: Building textures: T_MASK1 (AutoDXT, 256X256)
[2019.12.03-23.33.50:431][550]LogTexture: Display: Building textures: T_Barrel01_D (AutoDXT, 2048X2048)
[2019.12.03-23.33.50:431][550]LogTexture: Display: Building textures: T_Tarp01_N (BC5, 2048X2048)
[2019.12.03-23.33.50:431][550]LogTexture: Display: Building textures: T_Tarp01_D (AutoDXT, 2048X2048)
[2019.12.03-23.33.50:431][550]LogTexture: Display: Building textures: T_MASK2 (AutoDXT, 2048X2048)
[2019.12.03-23.34.01:690][550]LogTexture: Display: Building textures: TX_ConstructionFence_01a_ALB (AutoDXT, 2048X2048)
[2019.12.03-23.34.01:690][550]LogTexture: Display: Building textures: TX_ConcretePipe_Set_RMA (AutoDXT, 2048X2048)
[2019.12.03-23.34.01:690][550]LogTexture: Display: Building textures: TX_ConcretePipe_Set_NRM (BC5, 2048X2048)
[2019.12.03-23.34.01:690][550]LogTexture: Display: Building textures: TX_ConstructionFence_01a_RMA (AutoDXT, 2048X2048)
[2019.12.03-23.34.01:691][550]LogTexture: Display: Building textures: TX_ConstructionFence_01a_NRM (BC5, 2048X2048)
[2019.12.03-23.34.01:691][550]LogPackageName: Warning: Asset path "JW_Ice_Mountain.Mesh.SM_SnowBoulder" is in short form, which is unsupported and -- even if valid -- resolving it will be really slow.
[2019.12.03-23.34.01:691][550]LogPackageName: Warning: Please consider resaving package in order to speed-up loading.
[2019.12.03-23.34.01:691][550]LogTexture: Display: Building textures: T_Rack_D (AutoDXT, 1024X1024)
[2019.12.03-23.34.01:691][550]LogPackageName: SearchForPackageOnDisk took   0.373s, but failed to resolve JW_Ice_Mountain.
[2019.12.03-23.34.01:691][550]LogPackageName: Warning: Asset path "JW_Ice_Mountain.Mesh.SM_SnowBoulder" could not be resolved.
[2019.12.03-23.34.01:691][550]LogPackageName: Warning: Asset path "S_Survival_CA_Chicken_02.SM.S_Survival_CA_Chicken_02" is in short form, which is unsupported and -- even if valid -- resolving it will be really slow.
[2019.12.03-23.34.01:691][550]LogPackageName: Warning: Please consider resaving package in order to speed-up loading.
[2019.12.03-23.34.01:691][550]LogPackageName: SearchForPackageOnDisk took   0.308s to resolve S_Survival_CA_Chicken_02.
[2019.12.03-23.34.01:691][550]LogPackageName: Warning: Asset path "JW_Ice_Mountain.Mesh.SM_SnowBoulder" is in short form, which is unsupported and -- even if valid -- resolving it will be really slow.
[2019.12.03-23.34.01:691][550]LogPackageName: Warning: Please consider resaving package in order to speed-up loading.
[2019.12.03-23.34.01:691][550]LogPackageName: SearchForPackageOnDisk took   0.386s, but failed to resolve JW_Ice_Mountain.
[2019.12.03-23.34.01:691][550]LogPackageName: Warning: Asset path "JW_Ice_Mountain.Mesh.SM_SnowBoulder" could not be resolved.
[2019.12.03-23.34.01:691][550]LogTexture: Display: Building textures: T_Rack_SRM (AutoDXT, 1024X1024)
[2019.12.03-23.34.01:691][550]LogPackageName: Warning: Asset path "Env_ALL_Artifacts.Mesh.Env_ALL_Terminus001" is in short form, which is unsupported and -- even if valid -- resolving it will be really slow.
[2019.12.03-23.34.01:691][550]LogPackageName: Warning: Please consider resaving package in order to speed-up loading.
[2019.12.03-23.34.01:691][550]LogTexture: Display: Building textures: T_Rack_N (BC5, 1024X1024)
[2019.12.03-23.34.01:691][550]LogPackageName: SearchForPackageOnDisk took   0.347s, but failed to resolve Env_ALL_Artifacts.
[2019.12.03-23.34.01:691][550]LogPackageName: Warning: Asset path "Env_ALL_Artifacts.Mesh.Env_ALL_Terminus001" could not be resolved.
[2019.12.03-23.34.01:691][550]LogTexture: Display: Building textures: TX_ConstructionPylons_01_RMA (AutoDXT, 2048X2048)
[2019.12.03-23.34.01:691][550]LogTexture: Display: Building textures: TX_ConstructionPylons_01_NRM (BC5, 2048X2048)
[2019.12.03-23.34.01:691][550]LogTexture: Display: Building textures: TX_ConstructionPylons_01_ALB (AutoDXT, 2048X2048)
[2019.12.03-23.34.01:691][550]LogTexture: Display: Building textures: TX_FreightContainer_01b_NRM (BC5, 2048X2048)
[2019.12.03-23.34.01:691][550]LogTexture: Display: Building textures: TX_FreightContainer_01b_ALB (AutoDXT, 2048X2048)
[2019.12.03-23.34.01:691][550]LogTexture: Display: Building textures: TX_FreightContainer_01a_RMA (AutoDXT, 2048X2048)
[2019.12.03-23.34.01:691][550]LogTexture: Display: Building textures: TX_FreightContainer_01a_NRM (BC5, 2048X2048)
[2019.12.03-23.34.01:691][550]LogTexture: Display: Building textures: TX_FreightContainer_01a_ALB (AutoDXT, 2048X2048)
[2019.12.03-23.34.01:697][550]LogMaterial: Display: Missing cached shader map for material M_base, compiling. 
[2019.12.03-23.34.01:946][550]LogMaterial: Display: Missing cached shader map for material M_base, compiling. 
[2019.12.03-23.34.02:167][550]LogMaterial: Display: Missing cached shader map for material M_base, compiling. 
[2019.12.03-23.34.02:444][550]LogTexture: Display: Building textures: T_WaterTank01_SRM (AutoDXT, 2048X2048)
[2019.12.03-23.34.02:444][550]LogStaticMesh: Building static mesh SM_Box01...
[2019.12.03-23.34.03:044][550]LogStaticMesh: Built static mesh [0.60s] /Game/IndustryPropsPack6/Meshes/SM_Box01.SM_Box01
[2019.12.03-23.34.03:061][550]LogStaticMesh: Building static mesh SM_CartonGarbage08...
[2019.12.03-23.34.03:132][550]LogStaticMesh: Built static mesh [0.07s] /Game/IndustryPropsPack6/Meshes/SM_CartonGarbage08.SM_CartonGarbage08
[2019.12.03-23.34.03:349][550]LogStaticMesh: Building static mesh SM_Box03...
[2019.12.03-23.34.04:451][550]LogStaticMesh: Built static mesh [1.10s] /Game/IndustryPropsPack6/Meshes/SM_Box03.SM_Box03
[2019.12.03-23.34.04:523][550]LogStaticMesh: Building static mesh SM_Box02...
[2019.12.03-23.34.05:009][550]LogTexture: Display: Building textures: T_WaterTank01_N (BC5, 2048X2048)
[2019.12.03-23.34.05:009][550]LogStaticMesh: Built static mesh [0.49s] /Game/IndustryPropsPack6/Meshes/SM_Box02.SM_Box02
[2019.12.03-23.34.05:055][550]LogStaticMesh: Building static mesh SM_Barrel02...
[2019.12.03-23.34.05:296][550]LogStaticMesh: Built static mesh [0.24s] /Game/IndustryPropsPack6/Meshes/SM_Barrel02.SM_Barrel02
[2019.12.03-23.34.05:305][550]LogMaterial: Display: Missing cached shader map for material M_base, compiling. 
[2019.12.03-23.34.05:626][550]LogStaticMesh: Building static mesh SM_Barrel04...
[2019.12.03-23.34.07:239][550]LogTexture: Display: Building textures: T_WaterTank01_D (AutoDXT, 2048X2048)
[2019.12.03-23.34.07:239][550]LogTexture: Display: Building textures: TX_DebrisTile_RMA (AutoDXT, 2048X2048)
[2019.12.03-23.34.07:239][550]LogTexture: Display: Building textures: TX_DebrisTile_NRM (BC5, 2048X2048)
[2019.12.03-23.34.07:239][550]LogStaticMesh: Built static mesh [1.61s] /Game/IndustryPropsPack6/Meshes/SM_Barrel04.SM_Barrel04
[2019.12.03-23.34.07:317][550]LogStaticMesh: Building static mesh SM_Barrel03...
[2019.12.03-23.34.07:595][550]LogTexture: Display: Building textures: TX_DebrisTile_ALB (AutoDXT, 2048X2048)
[2019.12.03-23.34.07:595][550]LogStaticMesh: Built static mesh [0.28s] /Game/IndustryPropsPack6/Meshes/SM_Barrel03.SM_Barrel03
[2019.12.03-23.34.07:610][550]LogMaterial: Display: Missing cached shader map for material Machine_5_Machine_5, compiling. 
[2019.12.03-23.34.07:611][550]LogMaterial: Warning: D:\Good stuff\git\Studio1_Team3\MonsterComing\Content\Assets\Machine_5_Machine_5.uasset: Failed to compile Material for platform PCD3D_SM5, Default Material will be used in game.
[2019.12.03-23.34.07:611][550]LogMaterial: 	(Node TextureSample) TextureSample> Sampler type is Color, should be Linear Color for /Game/Assets/Machine_5_Machine_5_MainTex.Machine_5_Machine_5_MainTex
[2019.12.03-23.34.07:665][550]LogMaterial: Display: Missing cached shader map for material M_Chair, compiling. 
[2019.12.03-23.34.07:725][550]LogMaterial: Display: Missing cached shader map for material M_TableRound, compiling. 
[2019.12.03-23.34.07:880][550]LogMaterial: Display: Missing cached shader map for material M_Trail, compiling. 
[2019.12.03-23.34.07:899][550]LogMaterial: Display: Missing cached shader map for material MM_MasterMaterial_01, compiling. 
[2019.12.03-23.34.07:957][550]LogMaterial: Display: Missing cached shader map for material MM_MasterMaterial_01, compiling. 
[2019.12.03-23.34.08:034][550]LogStaticMesh: Building static mesh SM_construction_fence_01a...
[2019.12.03-23.34.08:048][550]LogStaticMesh: Built static mesh [0.01s] /Game/Construction_VOL1/Meshes/SM_construction_fence_01a.SM_construction_fence_01a
[2019.12.03-23.34.08:086][550]LogStaticMesh: Building static mesh SM_ConstructionPylons_01d...
[2019.12.03-23.34.08:143][550]LogStaticMesh: Built static mesh [0.06s] /Game/Construction_VOL1/Meshes/SM_ConstructionPylons_01d.SM_ConstructionPylons_01d
[2019.12.03-23.34.08:152][550]LogStaticMesh: Building static mesh SM_construction_fence_connectors_01a...
[2019.12.03-23.34.08:160][550]LogStaticMesh: Built static mesh [0.01s] /Game/Construction_VOL1/Meshes/SM_construction_fence_connectors_01a.SM_construction_fence_connectors_01a
[2019.12.03-23.34.08:169][550]LogMaterial: Display: Missing cached shader map for material M_base, compiling. 
[2019.12.03-23.34.08:364][550]LogStaticMesh: Building static mesh SM_Rack01...
[2019.12.03-23.34.08:495][550]LogStaticMesh: Built static mesh [0.13s] /Game/IndustryPropsPack6/Meshes/SM_Rack01.SM_Rack01
[2019.12.03-23.34.08:518][550]LogStaticMesh: Building static mesh SM_Pallet01...
[2019.12.03-23.34.08:704][550]LogTexture: Display: Building textures: TX_Dumpster_RMA (AutoDXT, 2048X2048)
[2019.12.03-23.34.08:705][550]LogStaticMesh: Built static mesh [0.19s] /Game/IndustryPropsPack6/Meshes/SM_Pallet01.SM_Pallet01
[2019.12.03-23.34.08:728][550]LogStaticMesh: Building static mesh SM_TrafficBarrel01...
[2019.12.03-23.34.08:943][550]LogStaticMesh: Built static mesh [0.21s] /Game/IndustryPropsPack6/Meshes/SM_TrafficBarrel01.SM_TrafficBarrel01
[2019.12.03-23.34.08:950][550]LogStaticMesh: Building static mesh SM_Rack02...
[2019.12.03-23.34.08:991][550]LogStaticMesh: Built static mesh [0.04s] /Game/IndustryPropsPack6/Meshes/SM_Rack02.SM_Rack02
[2019.12.03-23.34.08:996][550]LogStaticMesh: Building static mesh SM_ConstructionPylons_01e...
[2019.12.03-23.34.09:005][550]LogStaticMesh: Built static mesh [0.01s] /Game/Construction_VOL1/Meshes/SM_ConstructionPylons_01e.SM_ConstructionPylons_01e
[2019.12.03-23.34.09:248][550]LogTexture: Display: Building textures: TX_FreightContainer_01b_RMA (AutoDXT, 2048X2048)
[2019.12.03-23.34.17:872][550]LogTexture: Display: Building textures: TX_Dumpster_NRM (BC5, 2048X2048)
[2019.12.03-23.34.17:872][550]LogTexture: Display: Building textures: TX_Dumpster_ALB (AutoDXT, 2048X2048)
[2019.12.03-23.34.17:872][550]LogTexture: Display: Building textures: T_TrafficBarrel01_SRM (AutoDXT, 2048X2048)
[2019.12.03-23.34.17:872][550]LogTexture: Display: Building textures: T_TrafficBarrel01_N (BC5, 2048X2048)
[2019.12.03-23.34.17:872][550]LogTexture: Display: Building textures: T_TrafficBarrel01_D (AutoDXT, 2048X2048)
[2019.12.03-23.34.17:872][550]LogTexture: Display: Building textures: TX_Portapotty_02_RMA (AutoDXT, 2048X2048)
[2019.12.03-23.34.17:872][550]LogTexture: Display: Building textures: TX_Portapotty_02_NRM (BC5, 2048X2048)
[2019.12.03-23.34.17:872][550]LogTexture: Display: Building textures: TX_Portapotty_02_ALB (AutoDXT, 2048X2048)
[2019.12.03-23.34.17:872][550]LogTexture: Display: Building textures: TX_Portapotty_01_RMA (AutoDXT, 2048X2048)
[2019.12.03-23.34.17:879][550]LogMaterial: Display: Missing cached shader map for material MM_MasterMaterial_01, compiling. 
[2019.12.03-23.34.17:937][550]LogMaterial: Display: Missing cached shader map for material M_base, compiling. 
[2019.12.03-23.34.19:603][550]LogTexture: Display: Building textures: TX_Portapotty_01_NRM (BC5, 2048X2048)
[2019.12.03-23.34.19:603][550]LogTexture: Display: Building textures: TX_Portapotty_01_ALB (AutoDXT, 2048X2048)
[2019.12.03-23.34.19:603][550]LogTexture: Display: Building textures: TX_Trafficbarrier_RMA (AutoDXT, 2048X2048)
[2019.12.03-23.34.19:603][550]LogMaterial: Display: Missing cached shader map for material MM_MasterMaterial_01, compiling. 
[2019.12.03-23.34.19:663][550]LogMaterial: Display: Missing cached shader map for material MM_MasterMaterial_01, compiling. 
[2019.12.03-23.34.19:783][550]LogTexture: Display: Building textures: TX_Trafficbarrier_NRM (BC5, 2048X2048)
[2019.12.03-23.34.19:783][550]LogStaticMesh: Building static mesh SM_Dumpster...
[2019.12.03-23.34.20:082][550]LogStaticMesh: Built static mesh [0.30s] /Game/Construction_VOL1/Meshes/SM_Dumpster.SM_Dumpster
[2019.12.03-23.34.20:102][550]LogMaterial: Display: Missing cached shader map for material MM_MasterMaterial_01, compiling. 
[2019.12.03-23.34.20:215][550]LogStaticMesh: Building static mesh SM_FreightContainer_01...
[2019.12.03-23.34.20:823][550]LogTexture: Display: Building textures: TX_Trafficbarrier_ALB (AutoDXT, 2048X2048)
[2019.12.03-23.34.20:823][550]LogStaticMesh: Built static mesh [0.61s] /Game/Construction_VOL1/Meshes/SM_FreightContainer_01.SM_FreightContainer_01
[2019.12.03-23.34.20:896][550]LogStaticMesh: Building static mesh SM_WaterTank01...
[2019.12.03-23.34.21:562][550]LogStaticMesh: Built static mesh [0.67s] /Game/IndustryPropsPack6/Meshes/SM_WaterTank01.SM_WaterTank01
[2019.12.03-23.34.21:615][550]LogStaticMesh: Building static mesh SM_Roadblock_03b...
[2019.12.03-23.34.21:676][550]LogStaticMesh: Built static mesh [0.06s] /Game/Construction_VOL1/Meshes/SM_Roadblock_03b.SM_Roadblock_03b
[2019.12.03-23.34.21:690][550]LogStaticMesh: Building static mesh SM_Portapotty_03...
[2019.12.03-23.34.21:702][550]LogStaticMesh: Built static mesh [0.01s] /Game/Construction_VOL1/Meshes/SM_Portapotty_03.SM_Portapotty_03
[2019.12.03-23.34.26:166][550]LogTexture: Display: Building textures: TX_Roadblock_RMA (AutoDXT, 2048X2048)
[2019.12.03-23.34.26:166][550]LogTexture: Display: Building textures: TX_Roadblock_NRM (BC5, 2048X2048)
[2019.12.03-23.34.26:166][550]LogTexture: Display: Building textures: TX_Roadblock_ALB (AutoDXT, 2048X2048)
[2019.12.03-23.34.26:166][550]LogStaticMesh: Building static mesh SM_Portapotty_02...
[2019.12.03-23.34.26:290][550]LogStaticMesh: Built static mesh [0.12s] /Game/Construction_VOL1/Meshes/SM_Portapotty_02.SM_Portapotty_02
[2019.12.03-23.34.28:216][550]LogTexture: Display: Building textures: TX_LightGenerator_01a_RMA (AutoDXT, 2048X2048)
[2019.12.03-23.34.28:216][550]LogTexture: Display: Building textures: TX_LightGenerator_01a_NRM (BC5, 2048X2048)
[2019.12.03-23.34.28:216][550]LogTexture: Display: Building textures: TX_LightGenerator_01a_ALB (AutoDXT, 2048X2048)
[2019.12.03-23.34.28:216][550]LogMaterial: Display: Missing cached shader map for material MM_MasterMaterial_01, compiling. 
[2019.12.03-23.34.28:306][550]LogStaticMesh: Building static mesh SM_Barrel01...
[2019.12.03-23.34.28:620][550]LogTexture: Display: Building textures: TX_LightGenerator_01b_RMA (AutoDXT, 2048X2048)
[2019.12.03-23.34.28:620][550]LogStaticMesh: Built static mesh [0.31s] /Game/IndustryPropsPack6/Meshes/SM_Barrel01.SM_Barrel01
[2019.12.03-23.34.30:919][550]LogTexture: Display: Building textures: TX_LightGenerator_01b_NRM (BC5, 2048X2048)
[2019.12.03-23.34.30:919][550]LogTexture: Display: Building textures: TX_LightGenerator_01b_ALB (AutoDXT, 2048X2048)
[2019.12.03-23.34.30:919][550]LogStaticMesh: Building static mesh SM_Trafficbarrier_01...
[2019.12.03-23.34.30:945][550]LogStaticMesh: Built static mesh [0.03s] /Game/Construction_VOL1/Meshes/SM_Trafficbarrier_01.SM_Trafficbarrier_01
[2019.12.03-23.34.30:968][550]LogStaticMesh: Building static mesh SM_Roadblock_04a...
[2019.12.03-23.34.31:014][550]LogStaticMesh: Built static mesh [0.05s] /Game/Construction_VOL1/Meshes/SM_Roadblock_04a.SM_Roadblock_04a
[2019.12.03-23.34.34:488][550]LogTexture: Display: Building textures: TX_CinderStack_ALB (AutoDXT, 2048X2048)
[2019.12.03-23.34.34:488][550]LogTexture: Display: Building textures: TX_ConcretePipe_Set_ALB (AutoDXT, 2048X2048)
[2019.12.03-23.34.34:488][550]LogMaterial: Display: Missing cached shader map for material MM_MasterMaterial_01, compiling. 
[2019.12.03-23.34.35:701][550]LogTexture: Display: Building textures: TX_CinderStack_NRM (BC5, 2048X2048)
[2019.12.03-23.34.35:701][550]LogTexture: Display: Building textures: TX_CinderStack_RMA (AutoDXT, 2048X2048)
[2019.12.03-23.34.35:701][550]LogStaticMesh: Building static mesh SM_LightGenerator_01a...
[2019.12.03-23.34.39:500][550]LogStaticMesh: Built static mesh [3.80s] /Game/Construction_VOL1/Meshes/SM_LightGenerator_01a.SM_LightGenerator_01a
[2019.12.03-23.34.39:582][550]LogStaticMesh: Building static mesh SM_Portapotty_01...
[2019.12.03-23.34.39:643][550]LogStaticMesh: Built static mesh [0.06s] /Game/Construction_VOL1/Meshes/SM_Portapotty_01.SM_Portapotty_01
[2019.12.03-23.34.39:746][550]LogStaticMesh: Building static mesh SM_LightGenerator_Base_01a...
[2019.12.03-23.34.41:671][550]LogStaticMesh: Built static mesh [1.93s] /Game/Construction_VOL1/Meshes/SM_LightGenerator_Base_01a.SM_LightGenerator_Base_01a
[2019.12.03-23.34.41:710][550]LogMaterial: Display: Missing cached shader map for material M_base, compiling. 
[2019.12.03-23.34.41:890][550]LogMaterial: Display: Missing cached shader map for material M_Tech_Hex_Tile_Pulse, compiling. 
[2019.12.03-23.34.42:088][550]LogStaticMesh: Building static mesh SM_CinderStack_01a...
[2019.12.03-23.34.50:272][550]LogStaticMesh: Built static mesh [8.18s] /Game/Construction_VOL1/Meshes/SM_CinderStack_01a.SM_CinderStack_01a
[2019.12.03-23.34.50:342][550]LogStaticMesh: Building static mesh SM_ConcretePipe_03...
[2019.12.03-23.34.50:353][550]LogStaticMesh: Built static mesh [0.01s] /Game/Construction_VOL1/Meshes/SM_ConcretePipe_03.SM_ConcretePipe_03
[2019.12.03-23.34.50:508][550]LogAIModule: Creating AISystem for world Level01
[2019.12.03-23.34.50:513][550]LogMaterial: Warning: Material /Game/StarterContent/Materials/M_Basic_Wall.M_Basic_Wall needed to have new flag set bUsedWithSkeletalMesh !
[2019.12.03-23.34.50:518][550]LogMaterial: Display: Missing cached shader map for material M_Basic_Wall, compiling. 
[2019.12.03-23.34.50:555][550]MapCheck: Warning: M_Basic_Wall Material /Game/StarterContent/Materials/M_Basic_Wall.M_Basic_Wall was missing the usage flag bUsedWithSkeletalMesh. If the material asset is not re-saved, it may not render correctly when run outside the editor. Fix
[2019.12.03-23.34.50:563][550]LogMaterial: Warning: Material /Game/StarterContent/Props/Materials/M_Door.M_Door needed to have new flag set bUsedWithSkeletalMesh !
[2019.12.03-23.34.50:576][550]LogMaterial: Display: Missing cached shader map for material M_Door, compiling. 
[2019.12.03-23.34.50:615][550]MapCheck: Warning: M_Door Material /Game/StarterContent/Props/Materials/M_Door.M_Door was missing the usage flag bUsedWithSkeletalMesh. If the material asset is not re-saved, it may not render correctly when run outside the editor. Fix
[2019.12.03-23.34.50:656][550]LogAssetEditorManager: Opening Asset editor for World /Game/Assets/Maps/Level01.Level01
[2019.12.03-23.34.50:695][550]LogUObjectHash: Compacting FUObjectHashTables data took   3.46ms
[2019.12.03-23.34.50:697][550]Cmd: MAP LOAD FILE="D:/Good stuff/git/Studio1_Team3/MonsterComing/Content/Assets/Maps/Level01.umap" TEMPLATE=0 SHOWPROGRESS=1 FEATURELEVEL=3
[2019.12.03-23.34.50:697][550]LightingResults: New page: Lighting Build
[2019.12.03-23.34.50:701][550]LogContentBrowser: Native class hierarchy updated for 'StatsViewer' in 0.0006 seconds. Added 5 classes and 0 folders.
[2019.12.03-23.34.50:702][550]LoadErrors: New page: Loading map: Level01.umap
[2019.12.03-23.34.50:708][550]MapCheck: New page: Map Check
[2019.12.03-23.34.50:708][550]LightingResults: New page: Lighting Build
[2019.12.03-23.34.50:732][550]LogUObjectHash: Compacting FUObjectHashTables data took   2.53ms
[2019.12.03-23.34.50:819][550]LogEditorServer: Finished looking for orphan Actors (0.000 secs)
[2019.12.03-23.34.50:851][550]LogUObjectHash: Compacting FUObjectHashTables data took   2.80ms
[2019.12.03-23.34.50:878][550]Cmd: MAP CHECKDEP NOCLEARLOG
[2019.12.03-23.34.50:879][550]MapCheck: Map check complete: 0 Error(s), 0 Warning(s), took 1.17ms to complete.
[2019.12.03-23.34.50:879][550]LogFileHelpers: Loading map 'Level01' took 0.183
[2019.12.03-23.34.50:940][550]LogAssetRegistry: Asset discovery search completed in 83.0586 seconds
[2019.12.03-23.34.50:943][550]LogCollectionManager: Fixed up redirectors for 0 collections in 0.000001 seconds (updated 0 objects)
[2019.12.03-23.34.54:943][972]LogTemp: Repeating last play command: New Editor Window (PIE)
[2019.12.03-23.34.54:956][972]LogBlueprintUserMessages: Early PlayInEditor Detection: Level '/Game/Assets/Maps/Level01.Level01:PersistentLevel' has LevelScriptBlueprint '/Game/Assets/Maps/Level01.Level01:PersistentLevel.Level01' with GeneratedClass '/Game/Assets/Maps/Level01.Level01_C' with ClassGeneratedBy '/Game/Assets/Maps/Level01.Level01:PersistentLevel.Level01'
[2019.12.03-23.34.54:956][972]LogPlayLevel: PlayLevel: No blueprints needed recompiling
[2019.12.03-23.34.54:956][972]PIE: New page: PIE session: Level01 (4 Dec 2019 9:34:54 pm)
[2019.12.03-23.34.54:969][972]LogPlayLevel: Creating play world package: /Game/Assets/Maps/UEDPIE_0_Level01
[2019.12.03-23.34.55:009][972]LogPlayLevel: PIE: StaticDuplicateObject took: (0.040140s)
[2019.12.03-23.34.55:010][972]LogAIModule: Creating AISystem for world Level01
[2019.12.03-23.34.55:010][972]LogPlayLevel: PIE: World Init took: (0.000901s)
[2019.12.03-23.34.55:011][972]LogPlayLevel: PIE: Created PIE world by copying editor world from /Game/Assets/Maps/Level01.Level01 to /Game/Assets/Maps/UEDPIE_0_Level01.Level01 (0.041439s)
[2019.12.03-23.34.55:037][972]LogUObjectHash: Compacting FUObjectHashTables data took   1.91ms
[2019.12.03-23.34.55:082][972]LogInit: XAudio2 using 'Speakers (Realtek High Definition Audio)' : 2 channels at 48 kHz using 32 bits per sample (channel mask 0x3)
[2019.12.03-23.34.55:105][972]LogInit: FAudioDevice initialized.
[2019.12.03-23.34.55:116][972]LogSlate: Updating window title bar state: overlay mode, drag disabled, window buttons hidden, title bar hidden
[2019.12.03-23.34.55:166][972]LogLoad: Game class is 'ThirdPersonGameMode_C'
[2019.12.03-23.34.55:178][972]LogWorld: Bringing World /Game/Assets/Maps/UEDPIE_0_Level01.Level01 up for play (max tick rate 0) at 2019.12.04-10.34.55
[2019.12.03-23.34.55:181][972]LogWorld: Bringing up level for play took: 0.013687
[2019.12.03-23.34.55:201][972]LogContentBrowser: Native class hierarchy updated for 'MovieSceneCapture' in 0.0005 seconds. Added 20 classes and 0 folders.
[2019.12.03-23.34.55:205][972]PIE: Play in editor start time for /Game/Assets/Maps/UEDPIE_0_Level01 -0.674
[2019.12.03-23.34.55:205][972]LogBlueprintUserMessages: Late PlayInEditor Detection: Level '/Game/Assets/Maps/Level01.Level01:PersistentLevel' has LevelScriptBlueprint '/Game/Assets/Maps/Level01.Level01:PersistentLevel.Level01' with GeneratedClass '/Game/Assets/Maps/Level01.Level01_C' with ClassGeneratedBy '/Game/Assets/Maps/Level01.Level01:PersistentLevel.Level01'
[2019.12.03-23.34.55:216][972]LogScript: Warning: Script Msg: Divide by zero detected: 0.000000 / 0
Script call stack:
	Function /Game/Assets/Widgets/IngameUI.IngameUI_C:GetText_0

[2019.12.03-23.34.58:130][281]LogSlate: FSceneViewport::OnFocusLost() reason 0
[2019.12.03-23.34.58:242][290]LogRenderer: Reallocating scene render targets to support 2560x1376 Format 10 NumSamples 1 (Frame:319).
[2019.12.03-23.35.00:289][442]LogBlueprintUserMessages: [ThirdPersonCharacter_167] 330.0
[2019.12.03-23.35.00:312][444]LogBlueprintUserMessages: [ThirdPersonCharacter_167] 363.0
[2019.12.03-23.35.00:339][446]LogBlueprintUserMessages: [ThirdPersonCharacter_167] 399.300018
[2019.12.03-23.35.00:351][447]LogBlueprintUserMessages: [ThirdPersonCharacter_167] 439.230042
[2019.12.03-23.35.00:403][451]LogBlueprintUserMessages: [ThirdPersonCharacter_167] 483.153046
[2019.12.03-23.35.11:387][283]LogSlate: FSceneViewport::OnFocusLost() reason 2
[2019.12.03-23.35.15:510][607]LogBlueprintUserMessages: [Barrier2] Hello
[2019.12.03-23.35.15:523][608]LogBlueprintUserMessages: [Barrier2] Hello
[2019.12.03-23.35.15:536][609]LogBlueprintUserMessages: [Barrier2] Hello
[2019.12.03-23.35.15:548][610]LogBlueprintUserMessages: [Barrier2] Hello
[2019.12.03-23.35.15:561][611]LogBlueprintUserMessages: [Barrier2] Hello
[2019.12.03-23.35.15:573][612]LogBlueprintUserMessages: [Barrier2] Hello
[2019.12.03-23.35.15:586][613]LogBlueprintUserMessages: [Barrier2] Hello
[2019.12.03-23.35.15:598][614]LogBlueprintUserMessages: [Barrier2] Hello
[2019.12.03-23.35.15:611][615]LogBlueprintUserMessages: [Barrier2] Hello
[2019.12.03-23.35.15:624][616]LogBlueprintUserMessages: [Barrier2] Hello
[2019.12.03-23.35.15:636][617]LogBlueprintUserMessages: [Barrier2] Hello
[2019.12.03-23.35.15:648][618]LogBlueprintUserMessages: [Barrier2] Hello
[2019.12.03-23.35.15:661][619]LogBlueprintUserMessages: [Barrier2] Hello
[2019.12.03-23.35.32:575][971]LogUnrealEdMisc: Warning: Heartbeat event firing too frequently (41.588 sec). This should never happen. Something is wrong with the timer delegate!
[2019.12.03-23.35.38:658][455]LogBlueprintUserMessages: [ThirdPersonCharacter_167] set attack true
[2019.12.03-23.36.15:711][362]LogSlate: FSceneViewport::OnFocusLost() reason 2
[2019.12.03-23.36.18:368][572]LogSlate: FSceneViewport::OnFocusLost() reason 0
[2019.12.03-23.36.18:486][580]LogSlate: Window 'MonsterComing Game Preview Standalone (64-bit/PCD3D_SM5)' being destroyed
[2019.12.03-23.36.18:490][580]LogBlueprintUserMessages: Early EndPlayMap Detection: Level '/Game/Assets/Maps/Level01.Level01:PersistentLevel' has LevelScriptBlueprint '/Game/Assets/Maps/Level01.Level01:PersistentLevel.Level01' with GeneratedClass '/Game/Assets/Maps/Level01.Level01_C' with ClassGeneratedBy '/Game/Assets/Maps/Level01.Level01:PersistentLevel.Level01'
[2019.12.03-23.36.18:523][580]LogPlayLevel: Display: Shutting down PIE online subsystems
[2019.12.03-23.36.18:523][580]LogBlueprintUserMessages: Late EndPlayMap Detection: Level '/Game/Assets/Maps/Level01.Level01:PersistentLevel' has LevelScriptBlueprint '/Game/Assets/Maps/Level01.Level01:PersistentLevel.Level01' with GeneratedClass '/Game/Assets/Maps/Level01.Level01_C' with ClassGeneratedBy '/Game/Assets/Maps/Level01.Level01:PersistentLevel.Level01'
[2019.12.03-23.36.18:557][580]LogUObjectHash: Compacting FUObjectHashTables data took   1.44ms
[2019.12.03-23.36.18:576][581]LogPlayLevel: Display: Destroying online subsystem :Context_1
[2019.12.03-23.36.22:270][ 19]MapCheck: New page: Map Check
[2019.12.03-23.36.22:287][ 19]LightingResults: New page: Lighting Build - 4 Dec 2019 9:36:22 pm
[2019.12.03-23.36.22:344][ 19]LogSwarmInterface: [OpenConnection] Registering TCP channel ...
[2019.12.03-23.36.22:451][ 19]LogSwarmInterface: [OpenConnection] Connecting to agent ...
[2019.12.03-23.36.22:465][ 19]LogSwarmInterface: [TryOpenConnection] Testing the Agent
[2019.12.03-23.36.22:984][ 19]LogSwarmInterface: [TryOpenConnection] Opening Connection to Agent
[2019.12.03-23.36.22:984][ 19]LogSwarmInterface: [TryOpenConnection] Local Process ID is 1548
[2019.12.03-23.36.25:960][ 19]LogStaticLightingSystem: Running Lightmass w/ ImmediateImport mode ENABLED
[2019.12.03-23.36.25:960][ 19]LogStaticLightingSystem: Running Lightmass w/ ImmediateProcess mode ENABLED
[2019.12.03-23.36.25:960][ 19]LogStaticLightingSystem: Running Lightmass w/ Sorting mode ENABLED
[2019.12.03-23.36.25:960][ 19]LogStaticLightingSystem: Running Lightmass w/ Mapping paddings ENABLED
[2019.12.03-23.36.25:960][ 19]LogStaticLightingSystem: Running Lightmass w/ Mapping debug paddings DISABLED
[2019.12.03-23.36.27:106][ 19]LogEditorBuildUtils: Build time 0:04
[2019.12.03-23.36.27:160][ 20]LogMaterial: Display: Missing cached shader map for material FLightmassMaterialRenderer CubeMaterial, compiling. 
[2019.12.03-23.36.27:168][ 20]LogMaterial: Display: Missing cached shader map for material FLightmassMaterialRenderer CubeMaterial, compiling. 
[2019.12.03-23.36.27:207][ 21]LogMaterial: Display: Missing cached shader map for material FLightmassMaterialRenderer MTI_Tower, compiling. 
[2019.12.03-23.36.27:215][ 21]LogMaterial: Display: Missing cached shader map for material FLightmassMaterialRenderer MTI_Tower, compiling. 
[2019.12.03-23.36.27:255][ 23]LogMaterial: Display: Missing cached shader map for material FLightmassMaterialRenderer MI_WaterTank01, compiling. 
[2019.12.03-23.36.27:265][ 23]LogMaterial: Display: Missing cached shader map for material FLightmassMaterialRenderer MI_WaterTank01, compiling. 
[2019.12.03-23.36.27:274][ 23]LogMaterial: Display: Missing cached shader map for material FLightmassMaterialRenderer MI_WaterTank01, compiling. 
[2019.12.03-23.36.27:299][ 24]LogMaterial: Display: Missing cached shader map for material FLightmassMaterialRenderer MI_Barrel01_1, compiling. 
[2019.12.03-23.36.27:311][ 24]LogMaterial: Display: Missing cached shader map for material FLightmassMaterialRenderer MI_Barrel01_1, compiling. 
[2019.12.03-23.36.27:319][ 24]LogMaterial: Display: Missing cached shader map for material FLightmassMaterialRenderer MI_Barrel01_1, compiling. 
[2019.12.03-23.36.27:335][ 25]LogMaterial: Display: Missing cached shader map for material FLightmassMaterialRenderer MI_Tarp01_1, compiling. 
[2019.12.03-23.36.27:348][ 25]LogMaterial: Display: Missing cached shader map for material FLightmassMaterialRenderer MI_Tarp01_1, compiling. 
[2019.12.03-23.36.27:357][ 25]LogMaterial: Display: Missing cached shader map for material FLightmassMaterialRenderer MI_Tarp01_1, compiling. 
[2019.12.03-23.36.27:373][ 26]LogMaterial: Display: Missing cached shader map for material FLightmassMaterialRenderer MI_Box01_2, compiling. 
[2019.12.03-23.36.27:384][ 26]LogMaterial: Display: Missing cached shader map for material FLightmassMaterialRenderer MI_Box01_2, compiling. 
[2019.12.03-23.36.27:394][ 26]LogMaterial: Display: Missing cached shader map for material FLightmassMaterialRenderer MI_Box01_2, compiling. 
[2019.12.03-23.36.27:411][ 27]LogMaterial: Display: Missing cached shader map for material FLightmassMaterialRenderer MI_ConcretePipe_01a, compiling. 
[2019.12.03-23.36.27:420][ 27]LogMaterial: Display: Missing cached shader map for material FLightmassMaterialRenderer MI_ConcretePipe_01a, compiling. 
[2019.12.03-23.36.27:461][ 29]LogMaterial: Display: Missing cached shader map for material FLightmassMaterialRenderer MI_FreightContainer_01a, compiling. 
[2019.12.03-23.36.27:470][ 29]LogMaterial: Display: Missing cached shader map for material FLightmassMaterialRenderer MI_FreightContainer_01a, compiling. 
[2019.12.03-23.36.27:487][ 30]LogMaterial: Display: Missing cached shader map for material FLightmassMaterialRenderer MI_Lightgenerator_01b, compiling. 
[2019.12.03-23.36.27:495][ 30]LogMaterial: Display: Missing cached shader map for material FLightmassMaterialRenderer MI_Lightgenerator_01b, compiling. 
[2019.12.03-23.36.27:521][ 31]LogMaterial: Display: Missing cached shader map for material FLightmassMaterialRenderer MI_Portapotty_01a, compiling. 
[2019.12.03-23.36.27:531][ 31]LogMaterial: Display: Missing cached shader map for material FLightmassMaterialRenderer MI_Portapotty_01a, compiling. 
[2019.12.03-23.36.27:540][ 31]LogMaterial: Display: Missing cached shader map for material FLightmassMaterialRenderer MI_Portapotty_01a, compiling. 
[2019.12.03-23.36.27:564][ 32]LogMaterial: Display: Missing cached shader map for material FLightmassMaterialRenderer MI_Fence_01a, compiling. 
[2019.12.03-23.36.27:574][ 32]LogMaterial: Display: Missing cached shader map for material FLightmassMaterialRenderer MI_Fence_01a, compiling. 
[2019.12.03-23.36.27:582][ 32]LogMaterial: Display: Missing cached shader map for material FLightmassMaterialRenderer MI_Fence_01a, compiling. 
[2019.12.03-23.36.27:603][ 33]LogMaterial: Display: Missing cached shader map for material FLightmassMaterialRenderer MI_Dumpster_01a, compiling. 
[2019.12.03-23.36.27:615][ 33]LogMaterial: Display: Missing cached shader map for material FLightmassMaterialRenderer MI_Dumpster_01a, compiling. 
[2019.12.03-23.36.27:629][ 34]LogMaterial: Display: Missing cached shader map for material FLightmassMaterialRenderer MI_DebrisTile_01a, compiling. 
[2019.12.03-23.36.27:641][ 34]LogMaterial: Display: Missing cached shader map for material FLightmassMaterialRenderer MI_DebrisTile_01a, compiling. 
[2019.12.03-23.36.27:656][ 35]LogMaterial: Display: Missing cached shader map for material FLightmassMaterialRenderer MI_Roadblock_01a, compiling. 
[2019.12.03-23.36.27:665][ 35]LogMaterial: Display: Missing cached shader map for material FLightmassMaterialRenderer MI_Roadblock_01a, compiling. 
[2019.12.03-23.36.27:675][ 35]LogMaterial: Display: Missing cached shader map for material FLightmassMaterialRenderer MI_Roadblock_01a, compiling. 
[2019.12.03-23.36.27:730][ 38]LogMaterial: Display: Missing cached shader map for material FLightmassMaterialRenderer MI_Rack01_1, compiling. 
[2019.12.03-23.36.27:739][ 38]LogMaterial: Display: Missing cached shader map for material FLightmassMaterialRenderer MI_Rack01_1, compiling. 
[2019.12.03-23.36.27:747][ 38]LogMaterial: Display: Missing cached shader map for material FLightmassMaterialRenderer MI_Rack01_1, compiling. 
[2019.12.03-23.36.27:761][ 39]LogMaterial: Display: Missing cached shader map for material FLightmassMaterialRenderer MI_Cartonbox01_1, compiling. 
[2019.12.03-23.36.27:774][ 39]LogMaterial: Display: Missing cached shader map for material FLightmassMaterialRenderer MI_Cartonbox01_1, compiling. 
[2019.12.03-23.36.27:782][ 39]LogMaterial: Display: Missing cached shader map for material FLightmassMaterialRenderer MI_Cartonbox01_1, compiling. 
