  Using 'git status' to determine working set for adaptive non-unity build (C:\Users\ktsekaiwai\Documents\Studio1_Team3).
  Parsing headers for MonsterComingEditor
    Running UnrealHeaderTool "C:\Users\ktsekaiwai\Documents\Studio1_Team3\MonsterComing\MonsterComing.uproject" "C:\Users\ktsekaiwai\Documents\Studio1_Team3\MonsterComing\Intermediate\Build\Win64\MonsterComingEditor\Development\MonsterComingEditor.uhtmanifest" -LogCmds="loginit warning, logexit warning, logdatabase error" -Unattended -WarningsAsErrors -installed
  Reflection code generated for MonsterComingEditor in 7.5585189 seconds
  Using Visual Studio 2017 14.16.27023 toolchain (C:\Program Files (x86)\Microsoft Visual Studio\2017\Community\VC\Tools\MSVC\14.16.27023) and Windows 10.0.18362.0 SDK (C:\Program Files (x86)\Windows Kits\10).
  Distributing 6 actions to XGE
  --------------------Build System Warning---------------------------------------
  License is invalid:
      License information is invalid. Please try reloading your license file using the Coordinator Monitor application on the Coordinator machine, or reinstall IncrediBuild.
      This build will run in standalone mode.
  
  -------------------------------------------------------------------------------
  --------------------Project: Default-------------------------------------------
  MyTriggerBox.cpp (0:04.20 at +0:00)
  MonsterComing.init.gen.cpp (0:00.89 at +0:04)
  MyTriggerBox.gen.cpp (0:01.59 at +0:05)
  UE4Editor-MonsterComing-0008.dll (0:01.32 at +0:06)
     Creating library C:\Users\ktsekaiwai\Documents\Studio1_Team3\MonsterComing\Intermediate\Build\Win64\UE4Editor\Development\MonsterComing\UE4Editor-MonsterComing-0008.suppressed.lib and object C:\Users\ktsekaiwai\Documents\Studio1_Team3\MonsterComing\Intermediate\Build\Win64\UE4Editor\Development\MonsterComing\UE4Editor-MonsterComing-0008.suppressed.exp
  UE4Editor-MonsterComing-0008.lib (0:00.18 at +0:08)
     Creating library C:\Users\ktsekaiwai\Documents\Studio1_Team3\MonsterComing\Intermediate\Build\Win64\UE4Editor\Development\MonsterComing\UE4Editor-MonsterComing-0008.lib and object C:\Users\ktsekaiwai\Documents\Studio1_Team3\MonsterComing\Intermediate\Build\Win64\UE4Editor\Development\MonsterComing\UE4Editor-MonsterComing-0008.exp
  MonsterComingEditor.target (0:00.23 at +0:08)
  ---------------------- Done ----------------------
  
      Rebuild All: 1 succeeded, 0 failed, 0 skipped
  
  1 build system warning(s):
     - License is invalid
  
  Total time in XGE executor: 8.77 seconds
  Total execution time: 18.07 seconds
